2024-09-12 20:05:18.691@LM_INFO@(16856|11592) INFO: set_DCPS_debug_level: set to 4
2024-09-12 20:05:18.693@LM_INFO@(16856|11592) INFO: ConfigStoreImpl::set_string: COMMON_DCPS_TRANSPORT_DEBUG_LEVEL=2
2024-09-12 20:05:18.694@LM_INFO@(16856|11592) Service_Participant::get_domain_participant_factory: This is OpenDDS 3.29.1 using ACE 6.5.21
2024-09-12 20:05:18.694@LM_INFO@(16856|11592) Service_Participant::get_domain_participant_factory: log_level: debug DCPS_debug_level: 4
2024-09-12 20:05:18.704@LM_INFO@(16856|11592) Service_Participant::get_domain_participant_factory: machine: LAPTOP-NQKUMCC4, x64 6 platform: Win32, Windows NT 6.2, Build 9200 
2024-09-12 20:05:18.704@LM_INFO@(16856|11592) Service_Participant::get_domain_participant_factory: compiler: Visual C++ version 13.40.0
2024-09-12 20:05:18.704@LM_NOTICE@(16856|11592) NOTICE: Service_Participant::intializeScheduling() - no scheduling policy specified, not setting policy.
2024-09-12 20:05:18.713@LM_DEBUG@(16856|11592) Service_Participant::get_domain_participant_factory: Creating DefaultNetworkConfigMonitor
2024-09-12 20:05:18.714@LM_DEBUG@(16856|11592) Config::Config() - processing argument: model\.\publisher1.EXE.
2024-09-12 20:05:18.714@LM_DEBUG@(16856|11592) Config::Config() - processing argument: model\.\publisher1.EXE.
2024-09-12 20:05:18.715@LM_INFO@(16856|11592) INFO: ConfigStoreImpl::set: REPOSITORY_DEFAULT_REPO=@DEFAULT_REPO
2024-09-12 20:05:18.716@LM_DEBUG@(16856|11592) Service_Participant::set_repo_ior: Repo[DEFAULT_REPO] == file://repo.ior
2024-09-12 20:05:18.742@LM_DEBUG@TAO (16856|11592) - Default_Resource_Factory - codeset manager=000002CFA1F8DE90
2024-09-12 20:05:18.742@LM_DEBUG@TAO (16856|11592) - Loaded default protocol <IIOP_Factory>
2024-09-12 20:05:18.744@LM_DEBUG@TAO (16856|11592) - IIOP_Connection_Handler::open, IIOP connection to peer <192.168.1.110:60973> on [744]
2024-09-12 20:05:18.773@LM_DEBUG@(16856|11592) DomainParticipantImpl::enable: enabled participant 01030000.00005339.00000003.000001c1(31c742c8) in domain 0
2024-09-12 20:05:18.780@LM_INFO@(16856|11592) INFO: ConfigStoreImpl::set: TRANSPORT_OPENDDS_BITTCP_TRANSPORT_INST_DEFAULT_REPO_DATALINK_RELEASE_DELAY=0
2024-09-12 20:05:18.783@LM_INFO@(16856|11592) INFO: ConfigStoreImpl::set: TRANSPORT_OPENDDS_BITTCP_TRANSPORT_INST_DEFAULT_REPO_LOCAL_ADDRESS=:0
2024-09-12 20:05:18.783@LM_INFO@(16856|11592) InfoRepoDiscovery::bit_config - BIT tcp transport :0
2024-09-12 20:05:18.785@LM_DEBUG@(16856|11592) DDS::ParticipantBuiltinTopicDataDataReaderImpl::enable_specific-data Cached_Allocator_With_Overflow a1fda340 with 20 chunks
2024-09-12 20:05:18.785@LM_DEBUG@(16856|11592) DataReaderImpl::enable Cached_Allocator_With_Overflow a1fd8ef0 with 20 chunks
2024-09-12 20:05:18.797@LM_WARNING@(16856|11592) WARNING: get_fully_qualified_hostname: Could not find FQDN. Using "LAPTOP-NQKUMCC4" as fully qualified hostname, please correct system configuration.
2024-09-12 20:05:18.801@LM_DEBUG@(16856|11592) TransportImpl::open()
   transport_type:               tcp
   name:                         _OPENDDS__BITTCPTransportInst_DEFAULT_REPO
   config_prefix:                TRANSPORT_OPENDDS_BITTCP_TRANSPORT_INST_DEFAULT_REPO
   max_packet_size:              2147481599
   max_samples_per_packet:       10
   optimum_packet_size:          4096
   thread_per_connection:        false
   datalink_release_delay:       0
   datalink_control_chunks:      32
   fragment_reassembly_timeout:  5:00.000
   receive_preallocated_message_blocks:0
   receive_preallocated_data_blocks:0
   local_address:                :0
   pub_address:                  
   enable_nagle_algorithm:       false
   conn_retry_initial_delay:     500
   conn_retry_backoff_multiplier:2
   conn_retry_attempts:          3
   passive_reconnect_duration:   2000
   max_output_pause_period:      -1
   active_conn_timeout_period:   5000
2024-09-12 20:05:18.801@LM_DEBUG@(16856|11592) DataReaderImpl::setup_deserialization: Setup successfully with the following data representations: CDR/XCDR1, XCDR2, Unaligned CDR
2024-09-12 20:05:18.823@LM_DEBUG@(16856|9528) DataReaderImpl::add_association - bit 1 local 01030000.00005339.00000003.000001c7(d8a4e7fd) remote 01030000.00005339.00000001.000001c2(d20e4012)
2024-09-12 20:05:18.823@LM_DEBUG@(16856|11592) DataReaderImpl::enable: got GUID 01030000.00005339.00000003.000001c7(d8a4e7fd), subscribed to topic name "DCPSParticipant" type "PARTICIPANT_BUILT_IN_TOPIC_TYPE"
2024-09-12 20:05:18.823@LM_DEBUG@(16856|11592) SubscriberImpl::reader_enabled, datareader(topic_name=DCPSParticipant) enabled
2024-09-12 20:05:18.824@LM_DEBUG@(16856|9528) TransportClient::associate added PendingAssoc between 01030000.00005339.00000003.000001c7(d8a4e7fd) and remote 01030000.00005339.00000001.000001c2(d20e4012)
2024-09-12 20:05:18.824@LM_DEBUG@(16856|11592) DDS::TopicBuiltinTopicDataDataReaderImpl::enable_specific-data Cached_Allocator_With_Overflow a1fd8530 with 20 chunks
2024-09-12 20:05:18.824@LM_DEBUG@(16856|11592) DataReaderImpl::enable Cached_Allocator_With_Overflow a1fd9d90 with 20 chunks
2024-09-12 20:05:18.824@LM_DEBUG@(16856|9528) TcpTransport::accept_datalink create new link[000002CFA41F8560]
2024-09-12 20:05:18.824@LM_DEBUG@(16856|11592) DataReaderImpl::setup_deserialization: Setup successfully with the following data representations: CDR/XCDR1, XCDR2, Unaligned CDR
2024-09-12 20:05:18.827@LM_DEBUG@(16856|9528) TransportReceiveStrategy-mb Cached_Allocator_With_Overflow 000002CFA41FD8C0 with 1000 chunks
2024-09-12 20:05:18.827@LM_DEBUG@(16856|9528) TransportReceiveStrategy-db Cached_Allocator_With_Overflow 000002CFA41FD948 with 100 chunks
2024-09-12 20:05:18.827@LM_DEBUG@(16856|9528) TransportReceiveStrategy-data Cached_Allocator_With_Overflow 000002CFA41FD9D0 with 32 chunks
2024-09-12 20:05:18.829@LM_DEBUG@(16856|9528) TransportClient::use_datalink_i TransportClient(000002CFA3FEF030) using datalink[000002CFA41F8560] from 01030000.00005339.00000001.000001c2(d20e4012)
2024-09-12 20:05:18.829@LM_DEBUG@(16856|9528) TransportClient::use_datalink_i TransportClient(000002CFA3FEF030) about to add_link[000002CFA41F8560] to remote: 01030000.00005339.00000001.000001c2(d20e4012)
2024-09-12 20:05:18.829@LM_INFO@(16856|4464) EndHistoricSamplesMissedSweeper::ScheduleCommand::execute() - sweeper 000002CFA41D9CB0 is now scheduled
2024-09-12 20:05:18.832@LM_INFO@(16856|4464) EndHistoricSamplesMissedSweeper::CancelCommand::execute() - sweeper 000002CFA41D9CB0 is no longer scheduled
2024-09-12 20:05:18.833@LM_DEBUG@(16856|9528) DataReaderImpl::add_association - bit 1 local 01030000.00005339.00000003.000002c7(f389b43e) remote 01030000.00005339.00000001.000002c2(f92313d1)
2024-09-12 20:05:18.833@LM_DEBUG@(16856|11592) DataReaderImpl::enable: got GUID 01030000.00005339.00000003.000002c7(f389b43e), subscribed to topic name "DCPSTopic" type "TOPIC_BUILT_IN_TOPIC_TYPE"
2024-09-12 20:05:18.833@LM_DEBUG@(16856|11592) SubscriberImpl::reader_enabled, datareader(topic_name=DCPSTopic) enabled
2024-09-12 20:05:18.833@LM_DEBUG@(16856|9528) TransportClient::associate added PendingAssoc between 01030000.00005339.00000003.000002c7(f389b43e) and remote 01030000.00005339.00000001.000002c2(f92313d1)
2024-09-12 20:05:18.833@LM_DEBUG@(16856|11592) DDS::PublicationBuiltinTopicDataDataReaderImpl::enable_specific-data Cached_Allocator_With_Overflow a1fd8e20 with 20 chunks
2024-09-12 20:05:18.833@LM_DEBUG@(16856|11592) DataReaderImpl::enable Cached_Allocator_With_Overflow a1fd8fc0 with 20 chunks
2024-09-12 20:05:18.833@LM_DEBUG@(16856|9528) TcpTransport::accept_datalink found datalink[000002CFA41F8560]
2024-09-12 20:05:18.839@LM_DEBUG@(16856|9528) TransportClient::use_datalink_i TransportClient(000002CFA41ECCC0) using datalink[000002CFA41F8560] from 01030000.00005339.00000001.000002c2(f92313d1)
2024-09-12 20:05:18.839@LM_DEBUG@(16856|9528) TransportClient::use_datalink_i TransportClient(000002CFA41ECCC0) about to add_link[000002CFA41F8560] to remote: 01030000.00005339.00000001.000002c2(f92313d1)
2024-09-12 20:05:18.839@LM_DEBUG@(16856|11592) DataReaderImpl::setup_deserialization: Setup successfully with the following data representations: CDR/XCDR1, XCDR2, Unaligned CDR
2024-09-12 20:05:18.839@LM_INFO@(16856|4464) EndHistoricSamplesMissedSweeper::ScheduleCommand::execute() - sweeper 000002CFA41FDD50 is now scheduled
2024-09-12 20:05:18.840@LM_INFO@(16856|4464) EndHistoricSamplesMissedSweeper::CancelCommand::execute() - sweeper 000002CFA41FDD50 is no longer scheduled
2024-09-12 20:05:18.843@LM_DEBUG@(16856|9528) DataReaderImpl::add_association - bit 1 local 01030000.00005339.00000003.000003c7(ea92857f) remote 01030000.00005339.00000001.000004c2(af79b457)
2024-09-12 20:05:18.843@LM_DEBUG@(16856|9528) TransportClient::associate added PendingAssoc between 01030000.00005339.00000003.000003c7(ea92857f) and remote 01030000.00005339.00000001.000004c2(af79b457)
2024-09-12 20:05:18.843@LM_DEBUG@(16856|11592) DataReaderImpl::enable: got GUID 01030000.00005339.00000003.000003c7(ea92857f), subscribed to topic name "DCPSPublication" type "PUBLICATION_BUILT_IN_TOPIC_TYPE"
2024-09-12 20:05:18.843@LM_DEBUG@(16856|11592) SubscriberImpl::reader_enabled, datareader(topic_name=DCPSPublication) enabled
2024-09-12 20:05:18.847@LM_DEBUG@(16856|9528) TcpTransport::accept_datalink found datalink[000002CFA41F8560]
2024-09-12 20:05:18.847@LM_DEBUG@(16856|11592) DDS::SubscriptionBuiltinTopicDataDataReaderImpl::enable_specific-data Cached_Allocator_With_Overflow a1fd93d0 with 20 chunks
2024-09-12 20:05:18.847@LM_DEBUG@(16856|11592) DataReaderImpl::enable Cached_Allocator_With_Overflow a1fd9300 with 20 chunks
2024-09-12 20:05:18.847@LM_DEBUG@(16856|9528) TransportClient::use_datalink_i TransportClient(000002CFA42156A0) using datalink[000002CFA41F8560] from 01030000.00005339.00000001.000004c2(af79b457)
2024-09-12 20:05:18.847@LM_DEBUG@(16856|9528) TransportClient::use_datalink_i TransportClient(000002CFA42156A0) about to add_link[000002CFA41F8560] to remote: 01030000.00005339.00000001.000004c2(af79b457)
2024-09-12 20:05:18.847@LM_INFO@(16856|4464) EndHistoricSamplesMissedSweeper::ScheduleCommand::execute() - sweeper 000002CFA4216180 is now scheduled
2024-09-12 20:05:18.847@LM_DEBUG@(16856|11592) DataReaderImpl::setup_deserialization: Setup successfully with the following data representations: CDR/XCDR1, XCDR2, Unaligned CDR
2024-09-12 20:05:18.849@LM_INFO@(16856|4464) EndHistoricSamplesMissedSweeper::CancelCommand::execute() - sweeper 000002CFA4216180 is no longer scheduled
2024-09-12 20:05:18.862@LM_DEBUG@(16856|9528) DataReaderImpl::add_association - bit 1 local 01030000.00005339.00000003.000004c7(a5d313b8) remote 01030000.00005339.00000001.000003c2(e0382290)
2024-09-12 20:05:18.862@LM_DEBUG@(16856|11592) DataReaderImpl::enable: got GUID 01030000.00005339.00000003.000004c7(a5d313b8), subscribed to topic name "DCPSSubscription" type "SUBSCRIPTION_BUILT_IN_TOPIC_TYPE"
2024-09-12 20:05:18.862@LM_DEBUG@(16856|11592) SubscriberImpl::reader_enabled, datareader(topic_name=DCPSSubscription) enabled
2024-09-12 20:05:18.862@LM_DEBUG@(16856|9528) TransportClient::associate added PendingAssoc between 01030000.00005339.00000003.000004c7(a5d313b8) and remote 01030000.00005339.00000001.000003c2(e0382290)
2024-09-12 20:05:18.863@LM_DEBUG@(16856|9528) TcpTransport::accept_datalink found datalink[000002CFA41F8560]
2024-09-12 20:05:18.863@LM_DEBUG@(16856|9528) TransportClient::use_datalink_i TransportClient(000002CFA42256F0) using datalink[000002CFA41F8560] from 01030000.00005339.00000001.000003c2(e0382290)
2024-09-12 20:05:18.863@LM_DEBUG@(16856|9528) TransportClient::use_datalink_i TransportClient(000002CFA42256F0) about to add_link[000002CFA41F8560] to remote: 01030000.00005339.00000001.000003c2(e0382290)
2024-09-12 20:05:18.863@LM_INFO@(16856|4464) EndHistoricSamplesMissedSweeper::ScheduleCommand::execute() - sweeper 000002CFA42261D0 is now scheduled
2024-09-12 20:05:18.865@LM_INFO@(16856|4464) EndHistoricSamplesMissedSweeper::CancelCommand::execute() - sweeper 000002CFA42261D0 is no longer scheduled
2024-09-12 20:05:18.871@LM_DEBUG@(16856|11592) WriteDataContainer sample_list_element_allocator a4278fd0 with 20 chunks
2024-09-12 20:05:18.871@LM_DEBUG@(16856|11592) DataWriterImpl::enable-mb Cached_Allocator_With_Overflow a1fd94a0 with 20 chunks
2024-09-12 20:05:18.871@LM_DEBUG@(16856|11592) DataWriterImpl::enable-db Cached_Allocator_With_Overflow a1fd98b0 with 20 chunks
2024-09-12 20:05:18.871@LM_DEBUG@(16856|11592) DataWriterImpl::enable-header Cached_Allocator_With_Overflow a2021930 with 20 chunks
2024-09-12 20:05:18.885@LM_DEBUG@(16856|11592) TransportImpl::open()
   transport_type:               tcp
   name:                         _OPENDDS_0500_TCP
   config_prefix:                TRANSPORT_OPENDDS_0500_TCP
   max_packet_size:              2147481599
   max_samples_per_packet:       10
   optimum_packet_size:          4096
   thread_per_connection:        false
   datalink_release_delay:       10000
   datalink_control_chunks:      32
   fragment_reassembly_timeout:  5:00.000
   receive_preallocated_message_blocks:0
   receive_preallocated_data_blocks:0
   local_address:                
   pub_address:                  
   enable_nagle_algorithm:       false
   conn_retry_initial_delay:     500
   conn_retry_backoff_multiplier:2
   conn_retry_attempts:          3
   passive_reconnect_duration:   2000
   max_output_pause_period:      -1
   active_conn_timeout_period:   5000
2024-09-12 20:05:18.885@LM_DEBUG@(16856|11592) WriterImpl::setup_serialization: Setup successfully with Unaligned CDR data representation.
2024-09-12 20:05:18.885@LM_DEBUG@(16856|11592) DataWriterImpl::setup_serialization: using data allocator at a40d2ad0 with 20 87 byte chunks
2024-09-12 20:05:18.896@LM_DEBUG@(16856|11592) DataWriterImpl::enable: got GUID 01030000.00005339.00000003.00000102(33aad1c2), publishing to topic name "flightAuthorization" type "UATM::flightAuthorization"
2024-09-12 20:05:18.896@LM_DEBUG@(16856|11592) DataWriterImpl::create_control_message: from publication 01030000.00005339.00000003.00000102(33aad1c2) sending control sample: INSTANCE_REGISTRATION (0x02), Length: 45, Byte order: Little Endian, Key Fields Only, Sequence: 0x00000001, Timestamp: 1726175887.986887000, Publication: 01030000.00005339.00000003.00000102(33aad1c2) .
2024-09-12 20:05:18.896@LM_DEBUG@(16856|11592) WriteDataContainer::data_delivered 000002CFA427DE00
2024-09-12 20:05:18.896@LM_DEBUG@(16856|11592) DataWriterImpl::create_sample_data_message: from publication 01030000.00005339.00000003.00000102(33aad1c2) sending data sample: SAMPLE_DATA (0x00), Length: 45, Byte order: Little Endian, Sequence: 0x00000002, Timestamp: 1726175887.986887000, Publication: 01030000.00005339.00000003.00000102(33aad1c2) .
2024-09-12 20:05:18.897@LM_DEBUG@(16856|11592) WriteDataContainer::data_delivered 000002CFA427DE00
2024-09-12 20:05:18.924@LM_DEBUG@(16856|9528) DataWriterImpl::add_association - bit 0 local 01030000.00005339.00000003.00000102(33aad1c2) remote 01030000.00005339.00000004.00000607(bea16f9a)
2024-09-12 20:05:18.924@LM_DEBUG@(16856|9528) TransportClient::associate added PendingAssoc between 01030000.00005339.00000003.00000102(33aad1c2) and remote 01030000.00005339.00000004.00000607(bea16f9a)
2024-09-12 20:05:18.924@LM_DEBUG@(16856|9528) PendingAssoc::initiate_connect - between 01030000.00005339.00000003.00000102(33aad1c2) and remote 01030000.00005339.00000004.00000607(bea16f9a)
2024-09-12 20:05:18.924@LM_DEBUG@(16856|9528) TransportClient::initiate_connect_i - attempt to connect_datalink between local 01030000.00005339.00000003.00000102(33aad1c2) and remote 01030000.00005339.00000004.00000607(bea16f9a)
2024-09-12 20:05:18.924@LM_DEBUG@(16856|9528) TcpTransport::connect_datalink PriorityKey prio=0, addr=192.168.1.110:61017, is_loopback=0, is_active=1
2024-09-12 20:05:18.929@LM_DEBUG@(16856|9528) TcpTransport::connect_datalink create new link[000002CFA453C920]
2024-09-12 20:05:18.931@LM_DEBUG@(16856|9528) TcpConnection::on_active_connection_established: Sending public address <LAPTOP-NQKUMCC4:61014> to remote side
2024-09-12 20:05:18.933@LM_DEBUG@(16856|9528) TransportReceiveStrategy-mb Cached_Allocator_With_Overflow 000002CFA4540230 with 1000 chunks
2024-09-12 20:05:18.933@LM_DEBUG@(16856|9528) TransportReceiveStrategy-db Cached_Allocator_With_Overflow 000002CFA45402B8 with 100 chunks
2024-09-12 20:05:18.933@LM_DEBUG@(16856|9528) TransportReceiveStrategy-data Cached_Allocator_With_Overflow 000002CFA4540340 with 32 chunks
2024-09-12 20:05:18.933@LM_DEBUG@(16856|9528) TcpTransport::connect_datalink completed synchronously.
2024-09-12 20:05:18.933@LM_DEBUG@(16856|9528) TransportClient::initiate_connect_i - connection between local 01030000.00005339.00000003.00000102(33aad1c2) and remote 01030000.00005339.00000004.00000607(bea16f9a) initiation successful
2024-09-12 20:05:18.933@LM_DEBUG@(16856|9528) PendingAssoc::intiate_connect - resulting link from initiate_connect_i (local: 01030000.00005339.00000003.00000102(33aad1c2) to remote: 01030000.00005339.00000004.00000607(bea16f9a)) was nil
2024-09-12 20:05:18.935@LM_DEBUG@(16856|19740) TransportClient::use_datalink_i TransportClient(000002CFA4256C18) using datalink[000002CFA453C920] from 01030000.00005339.00000004.00000607(bea16f9a)
2024-09-12 20:05:18.935@LM_DEBUG@(16856|19740) TransportClient::use_datalink_i TransportClient(000002CFA4256C18) about to add_link[000002CFA453C920] to remote: 01030000.00005339.00000004.00000607(bea16f9a)
2024-09-12 20:05:18.935@LM_INFO@(16856|19740) DataWriterImpl::transport_assoc_done: writer 01030000.00005339.00000003.00000102(33aad1c2) succeeded in associating with reader 01030000.00005339.00000004.00000607(bea16f9a)
2024-09-12 20:05:18.935@LM_DEBUG@(16856|19740) DataWriterImpl::transport_assoc_done: writer 01030000.00005339.00000003.00000102(33aad1c2) reader 01030000.00005339.00000004.00000607(bea16f9a) calling association_complete_i
2024-09-12 20:05:18.935@LM_DEBUG@(16856|19740) DataWriterImpl::association_complete_i - bit 0 local 01030000.00005339.00000003.00000102(33aad1c2) remote 01030000.00005339.00000004.00000607(bea16f9a)
2024-09-12 20:05:18.935@LM_INFO@(16856|19740) Sending historic samples
2024-09-12 20:05:18.935@LM_DEBUG@(16856|19740) DataWriterImpl::create_control_message: from publication 01030000.00005339.00000003.00000102(33aad1c2) sending control sample: END_HISTORIC_SAMPLES (0x0b), Length: 16, Byte order: Little Endian, Sequence: 0x00000000, Timestamp: 1726182318.935695000, Publication: 01030000.00005339.00000003.00000102(33aad1c2) .
2024-09-12 20:05:18.937@LM_DEBUG@(16856|11592) DataWriterImpl::create_control_message: from publication 01030000.00005339.00000003.00000102(33aad1c2) sending control sample: INSTANCE_REGISTRATION (0x02), Length: 4, Byte order: Little Endian, Key Fields Only, Sequence: 0x00000003, Timestamp: 1726182318.937779000, Publication: 01030000.00005339.00000003.00000102(33aad1c2) .
2024-09-12 20:05:18.937@LM_DEBUG@(16856|19740) WriteDataContainer::data_delivered 000002CFA427DCC0
2024-09-12 20:05:18.938@LM_DEBUG@(16856|11592) WriteDataContainer::data_delivered 000002CFA427DB80
2024-09-12 20:05:18.938@LM_DEBUG@(16856|11592) DataWriterImpl::create_sample_data_message: from publication 01030000.00005339.00000003.00000102(33aad1c2) sending data sample: SAMPLE_DATA (0x00), Length: 45, Byte order: Little Endian, Sequence: 0x00000004, Timestamp: 1726182318.937779000, Publication: 01030000.00005339.00000003.00000102(33aad1c2) .
2024-09-12 20:05:18.938@LM_DEBUG@(16856|11592) WriteDataContainer::data_delivered 000002CFA427DB80
2024-09-12 20:05:18.944@LM_DEBUG@(16856|11592) DomainParticipantImpl::enable: enabled participant 01030000.00005339.00000006.000001c1(f927cdb8) in domain 0
2024-09-12 20:05:18.949@LM_DEBUG@(16856|9528) DataWriterImpl::add_association - bit 0 local 01030000.00005339.00000003.00000102(33aad1c2) remote 01030000.00005339.00000005.00000507(a8ec15e9)
2024-09-12 20:05:18.949@LM_DEBUG@(16856|9528) TransportClient::associate added PendingAssoc between 01030000.00005339.00000003.00000102(33aad1c2) and remote 01030000.00005339.00000005.00000507(a8ec15e9)
2024-09-12 20:05:18.949@LM_DEBUG@(16856|9528) PendingAssoc::initiate_connect - between 01030000.00005339.00000003.00000102(33aad1c2) and remote 01030000.00005339.00000005.00000507(a8ec15e9)
2024-09-12 20:05:18.949@LM_DEBUG@(16856|9528) TransportClient::initiate_connect_i - attempt to connect_datalink between local 01030000.00005339.00000003.00000102(33aad1c2) and remote 01030000.00005339.00000005.00000507(a8ec15e9)
2024-09-12 20:05:18.950@LM_DEBUG@(16856|9528) TcpTransport::connect_datalink PriorityKey prio=0, addr=192.168.1.110:61011, is_loopback=0, is_active=1
2024-09-12 20:05:18.951@LM_DEBUG@(16856|9528) TcpTransport::connect_datalink create new link[000002CFA455CDF0]
2024-09-12 20:05:18.951@LM_DEBUG@(16856|9528) TcpConnection::on_active_connection_established: Sending public address <LAPTOP-NQKUMCC4:61014> to remote side
2024-09-12 20:05:18.955@LM_DEBUG@(16856|9528) TransportReceiveStrategy-mb Cached_Allocator_With_Overflow 000002CFA455D340 with 1000 chunks
2024-09-12 20:05:18.955@LM_DEBUG@(16856|9528) TransportReceiveStrategy-db Cached_Allocator_With_Overflow 000002CFA455D3C8 with 100 chunks
2024-09-12 20:05:18.955@LM_DEBUG@(16856|9528) TransportReceiveStrategy-data Cached_Allocator_With_Overflow 000002CFA455D450 with 32 chunks
2024-09-12 20:05:18.955@LM_DEBUG@(16856|11592) DDS::ParticipantBuiltinTopicDataDataReaderImpl::enable_specific-data Cached_Allocator_With_Overflow a4276d20 with 20 chunks
2024-09-12 20:05:18.955@LM_DEBUG@(16856|11592) DataReaderImpl::enable Cached_Allocator_With_Overflow a42761c0 with 20 chunks
2024-09-12 20:05:18.955@LM_DEBUG@(16856|9528) TcpTransport::connect_datalink completed synchronously.
2024-09-12 20:05:18.955@LM_DEBUG@(16856|9528) TransportClient::initiate_connect_i - connection between local 01030000.00005339.00000003.00000102(33aad1c2) and remote 01030000.00005339.00000005.00000507(a8ec15e9) initiation successful
2024-09-12 20:05:18.955@LM_DEBUG@(16856|11592) DataReaderImpl::setup_deserialization: Setup successfully with the following data representations: CDR/XCDR1, XCDR2, Unaligned CDR
2024-09-12 20:05:18.955@LM_DEBUG@(16856|9528) PendingAssoc::intiate_connect - resulting link from initiate_connect_i (local: 01030000.00005339.00000003.00000102(33aad1c2) to remote: 01030000.00005339.00000005.00000507(a8ec15e9)) was nil
2024-09-12 20:05:18.955@LM_DEBUG@(16856|19740) TransportClient::use_datalink_i TransportClient(000002CFA4256C18) using datalink[000002CFA455CDF0] from 01030000.00005339.00000005.00000507(a8ec15e9)
2024-09-12 20:05:18.955@LM_DEBUG@(16856|19740) TransportClient::use_datalink_i TransportClient(000002CFA4256C18) about to add_link[000002CFA455CDF0] to remote: 01030000.00005339.00000005.00000507(a8ec15e9)
2024-09-12 20:05:18.955@LM_INFO@(16856|19740) DataWriterImpl::transport_assoc_done: writer 01030000.00005339.00000003.00000102(33aad1c2) succeeded in associating with reader 01030000.00005339.00000005.00000507(a8ec15e9)
2024-09-12 20:05:18.955@LM_DEBUG@(16856|19740) DataWriterImpl::transport_assoc_done: writer 01030000.00005339.00000003.00000102(33aad1c2) reader 01030000.00005339.00000005.00000507(a8ec15e9) calling association_complete_i
2024-09-12 20:05:18.955@LM_DEBUG@(16856|19740) DataWriterImpl::association_complete_i - bit 0 local 01030000.00005339.00000003.00000102(33aad1c2) remote 01030000.00005339.00000005.00000507(a8ec15e9)
2024-09-12 20:05:18.959@LM_INFO@(16856|19740) Sending historic samples
2024-09-12 20:05:18.959@LM_DEBUG@(16856|19740) DataWriterImpl::create_control_message: from publication 01030000.00005339.00000003.00000102(33aad1c2) sending control sample: END_HISTORIC_SAMPLES (0x0b), Length: 16, Byte order: Little Endian, Sequence: 0x00000000, Timestamp: 1726182318.959177000, Publication: 01030000.00005339.00000003.00000102(33aad1c2) .
2024-09-12 20:05:18.959@LM_DEBUG@(16856|19740) WriteDataContainer::data_delivered 000002CFA427DA40
2024-09-12 20:05:18.959@LM_DEBUG@(16856|19740) WriteDataContainer::data_delivered 000002CFA427DCC0
2024-09-12 20:05:18.963@LM_DEBUG@(16856|9528) DataReaderImpl::add_association - bit 1 local 01030000.00005339.00000006.000001c7(1044688d) remote 01030000.00005339.00000001.000001c2(d20e4012)
2024-09-12 20:05:18.963@LM_DEBUG@(16856|11592) DataReaderImpl::enable: got GUID 01030000.00005339.00000006.000001c7(1044688d), subscribed to topic name "DCPSParticipant" type "PARTICIPANT_BUILT_IN_TOPIC_TYPE"
2024-09-12 20:05:18.963@LM_DEBUG@(16856|11592) SubscriberImpl::reader_enabled, datareader(topic_name=DCPSParticipant) enabled
2024-09-12 20:05:18.963@LM_DEBUG@(16856|9528) TransportClient::associate added PendingAssoc between 01030000.00005339.00000006.000001c7(1044688d) and remote 01030000.00005339.00000001.000001c2(d20e4012)
2024-09-12 20:05:18.963@LM_DEBUG@(16856|11592) DDS::TopicBuiltinTopicDataDataReaderImpl::enable_specific-data Cached_Allocator_With_Overflow a42772d0 with 20 chunks
2024-09-12 20:05:18.963@LM_DEBUG@(16856|11592) DataReaderImpl::enable Cached_Allocator_With_Overflow a4277540 with 20 chunks
2024-09-12 20:05:18.963@LM_DEBUG@(16856|9528) TcpTransport::accept_datalink found datalink[000002CFA41F8560]
2024-09-12 20:05:18.963@LM_DEBUG@(16856|9528) TransportClient::use_datalink_i TransportClient(000002CFA4569C90) using datalink[000002CFA41F8560] from 01030000.00005339.00000001.000001c2(d20e4012)
2024-09-12 20:05:18.963@LM_DEBUG@(16856|9528) TransportClient::use_datalink_i TransportClient(000002CFA4569C90) about to add_link[000002CFA41F8560] to remote: 01030000.00005339.00000001.000001c2(d20e4012)
2024-09-12 20:05:18.963@LM_DEBUG@(16856|11592) DataReaderImpl::setup_deserialization: Setup successfully with the following data representations: CDR/XCDR1, XCDR2, Unaligned CDR
2024-09-12 20:05:18.963@LM_INFO@(16856|4464) EndHistoricSamplesMissedSweeper::ScheduleCommand::execute() - sweeper 000002CFA4536BF0 is now scheduled
2024-09-12 20:05:18.970@LM_INFO@(16856|4464) EndHistoricSamplesMissedSweeper::CancelCommand::execute() - sweeper 000002CFA4536BF0 is no longer scheduled
2024-09-12 20:05:18.970@LM_DEBUG@(16856|9528) DataReaderImpl::add_association - bit 1 local 01030000.00005339.00000006.000002c7(3b693b4e) remote 01030000.00005339.00000001.000002c2(f92313d1)
2024-09-12 20:05:18.970@LM_DEBUG@(16856|11592) DataReaderImpl::enable: got GUID 01030000.00005339.00000006.000002c7(3b693b4e), subscribed to topic name "DCPSTopic" type "TOPIC_BUILT_IN_TOPIC_TYPE"
2024-09-12 20:05:18.970@LM_DEBUG@(16856|11592) SubscriberImpl::reader_enabled, datareader(topic_name=DCPSTopic) enabled
2024-09-12 20:05:18.970@LM_DEBUG@(16856|9528) TransportClient::associate added PendingAssoc between 01030000.00005339.00000006.000002c7(3b693b4e) and remote 01030000.00005339.00000001.000002c2(f92313d1)
2024-09-12 20:05:18.972@LM_DEBUG@(16856|11592) DDS::PublicationBuiltinTopicDataDataReaderImpl::enable_specific-data Cached_Allocator_With_Overflow a4276290 with 20 chunks
2024-09-12 20:05:18.972@LM_DEBUG@(16856|11592) DataReaderImpl::enable Cached_Allocator_With_Overflow a4275e80 with 20 chunks
2024-09-12 20:05:18.972@LM_DEBUG@(16856|9528) TcpTransport::accept_datalink found datalink[000002CFA41F8560]
2024-09-12 20:05:18.972@LM_DEBUG@(16856|9528) TransportClient::use_datalink_i TransportClient(000002CFA45AA0C0) using datalink[000002CFA41F8560] from 01030000.00005339.00000001.000002c2(f92313d1)
2024-09-12 20:05:18.972@LM_DEBUG@(16856|9528) TransportClient::use_datalink_i TransportClient(000002CFA45AA0C0) about to add_link[000002CFA41F8560] to remote: 01030000.00005339.00000001.000002c2(f92313d1)
2024-09-12 20:05:18.974@LM_DEBUG@(16856|11592) DataReaderImpl::setup_deserialization: Setup successfully with the following data representations: CDR/XCDR1, XCDR2, Unaligned CDR
2024-09-12 20:05:18.974@LM_INFO@(16856|4464) EndHistoricSamplesMissedSweeper::ScheduleCommand::execute() - sweeper 000002CFA4537400 is now scheduled
2024-09-12 20:05:18.979@LM_DEBUG@(16856|9528) DataReaderImpl::add_association - bit 1 local 01030000.00005339.00000006.000003c7(22720a0f) remote 01030000.00005339.00000001.000004c2(af79b457)
2024-09-12 20:05:18.979@LM_INFO@(16856|4464) EndHistoricSamplesMissedSweeper::CancelCommand::execute() - sweeper 000002CFA4537400 is no longer scheduled
2024-09-12 20:05:18.979@LM_DEBUG@(16856|9528) TransportClient::associate added PendingAssoc between 01030000.00005339.00000006.000003c7(22720a0f) and remote 01030000.00005339.00000001.000004c2(af79b457)
2024-09-12 20:05:18.979@LM_DEBUG@(16856|11592) DataReaderImpl::enable: got GUID 01030000.00005339.00000006.000003c7(22720a0f), subscribed to topic name "DCPSPublication" type "PUBLICATION_BUILT_IN_TOPIC_TYPE"
2024-09-12 20:05:18.979@LM_DEBUG@(16856|11592) SubscriberImpl::reader_enabled, datareader(topic_name=DCPSPublication) enabled
2024-09-12 20:05:18.980@LM_DEBUG@(16856|11592) DDS::SubscriptionBuiltinTopicDataDataReaderImpl::enable_specific-data Cached_Allocator_With_Overflow a4275f50 with 20 chunks
2024-09-12 20:05:18.980@LM_DEBUG@(16856|11592) DataReaderImpl::enable Cached_Allocator_With_Overflow a4276b80 with 20 chunks
2024-09-12 20:05:18.980@LM_DEBUG@(16856|9528) TcpTransport::accept_datalink found datalink[000002CFA41F8560]
2024-09-12 20:05:18.980@LM_DEBUG@(16856|9528) TransportClient::use_datalink_i TransportClient(000002CFA463BBB0) using datalink[000002CFA41F8560] from 01030000.00005339.00000001.000004c2(af79b457)
2024-09-12 20:05:18.980@LM_DEBUG@(16856|9528) TransportClient::use_datalink_i TransportClient(000002CFA463BBB0) about to add_link[000002CFA41F8560] to remote: 01030000.00005339.00000001.000004c2(af79b457)
2024-09-12 20:05:18.980@LM_DEBUG@(16856|11592) DataReaderImpl::setup_deserialization: Setup successfully with the following data representations: CDR/XCDR1, XCDR2, Unaligned CDR
2024-09-12 20:05:18.980@LM_INFO@(16856|4464) EndHistoricSamplesMissedSweeper::ScheduleCommand::execute() - sweeper 000002CFA4538170 is now scheduled
2024-09-12 20:05:18.980@LM_INFO@(16856|4464) EndHistoricSamplesMissedSweeper::CancelCommand::execute() - sweeper 000002CFA4538170 is no longer scheduled
2024-09-12 20:05:18.986@LM_DEBUG@(16856|9528) DataReaderImpl::add_association - bit 1 local 01030000.00005339.00000006.000004c7(6d339cc8) remote 01030000.00005339.00000001.000003c2(e0382290)
2024-09-12 20:05:18.986@LM_DEBUG@(16856|11592) DataReaderImpl::enable: got GUID 01030000.00005339.00000006.000004c7(6d339cc8), subscribed to topic name "DCPSSubscription" type "SUBSCRIPTION_BUILT_IN_TOPIC_TYPE"
2024-09-12 20:05:18.986@LM_DEBUG@(16856|11592) SubscriberImpl::reader_enabled, datareader(topic_name=DCPSSubscription) enabled
2024-09-12 20:05:18.986@LM_DEBUG@(16856|9528) TransportClient::associate added PendingAssoc between 01030000.00005339.00000006.000004c7(6d339cc8) and remote 01030000.00005339.00000001.000003c2(e0382290)
2024-09-12 20:05:18.986@LM_DEBUG@(16856|9528) TcpTransport::accept_datalink found datalink[000002CFA41F8560]
2024-09-12 20:05:18.986@LM_DEBUG@(16856|9528) TransportClient::use_datalink_i TransportClient(000002CFA463AAF0) using datalink[000002CFA41F8560] from 01030000.00005339.00000001.000003c2(e0382290)
2024-09-12 20:05:18.986@LM_DEBUG@(16856|9528) TransportClient::use_datalink_i TransportClient(000002CFA463AAF0) about to add_link[000002CFA41F8560] to remote: 01030000.00005339.00000001.000003c2(e0382290)
2024-09-12 20:05:18.988@LM_INFO@(16856|4464) EndHistoricSamplesMissedSweeper::ScheduleCommand::execute() - sweeper 000002CFA4536940 is now scheduled
2024-09-12 20:05:18.989@LM_DEBUG@(16856|11592) WriteDataContainer sample_list_element_allocator a4654d10 with 20 chunks
2024-09-12 20:05:18.989@LM_DEBUG@(16856|11592) DataWriterImpl::enable-mb Cached_Allocator_With_Overflow a4276df0 with 20 chunks
2024-09-12 20:05:18.989@LM_DEBUG@(16856|11592) DataWriterImpl::enable-db Cached_Allocator_With_Overflow a4276f90 with 20 chunks
2024-09-12 20:05:18.989@LM_DEBUG@(16856|11592) DataWriterImpl::enable-header Cached_Allocator_With_Overflow a428e380 with 20 chunks
2024-09-12 20:05:18.994@LM_INFO@(16856|4464) EndHistoricSamplesMissedSweeper::CancelCommand::execute() - sweeper 000002CFA4536940 is no longer scheduled
2024-09-12 20:05:18.994@LM_DEBUG@(16856|11592) WriterImpl::setup_serialization: Setup successfully with Unaligned CDR data representation.
2024-09-12 20:05:18.994@LM_DEBUG@(16856|11592) DataWriterImpl::setup_serialization: using data allocator at a4586310 with 20 109 byte chunks
2024-09-12 20:05:18.999@LM_DEBUG@(16856|9528) DataWriterImpl::add_association - bit 0 local 01030000.00005339.00000006.00000102(fb4a5eb2) remote 01030000.00005339.00000002.00000507(1accc9f9)
2024-09-12 20:05:18.999@LM_DEBUG@(16856|9528) TransportClient::associate added PendingAssoc between 01030000.00005339.00000006.00000102(fb4a5eb2) and remote 01030000.00005339.00000002.00000507(1accc9f9)
2024-09-12 20:05:18.999@LM_DEBUG@(16856|9528) PendingAssoc::initiate_connect - between 01030000.00005339.00000006.00000102(fb4a5eb2) and remote 01030000.00005339.00000002.00000507(1accc9f9)
2024-09-12 20:05:18.999@LM_DEBUG@(16856|9528) TransportClient::initiate_connect_i - attempt to connect_datalink between local 01030000.00005339.00000006.00000102(fb4a5eb2) and remote 01030000.00005339.00000002.00000507(1accc9f9)
2024-09-12 20:05:18.999@LM_DEBUG@(16856|11592) DataWriterImpl::add_association - bit 0 local 01030000.00005339.00000006.00000102(fb4a5eb2) remote 01030000.00005339.00000004.00000507(958c3c59)
2024-09-12 20:05:19.002@LM_DEBUG@(16856|11592) TransportClient::associate added PendingAssoc between 01030000.00005339.00000006.00000102(fb4a5eb2) and remote 01030000.00005339.00000004.00000507(958c3c59)
2024-09-12 20:05:19.002@LM_DEBUG@(16856|11592) PendingAssoc::initiate_connect - between 01030000.00005339.00000006.00000102(fb4a5eb2) and remote 01030000.00005339.00000004.00000507(958c3c59)
2024-09-12 20:05:19.003@LM_DEBUG@(16856|11592) TransportClient::initiate_connect_i - attempt to connect_datalink between local 01030000.00005339.00000006.00000102(fb4a5eb2) and remote 01030000.00005339.00000004.00000507(958c3c59)
2024-09-12 20:05:19.003@LM_DEBUG@(16856|9528) TcpTransport::connect_datalink PriorityKey prio=0, addr=192.168.1.110:61011, is_loopback=0, is_active=1
2024-09-12 20:05:19.003@LM_DEBUG@(16856|9528) TcpTransport::connect_datalink found datalink[000002CFA455CDF0]
2024-09-12 20:05:19.003@LM_DEBUG@(16856|9528) TransportClient::initiate_connect_i - connection between local 01030000.00005339.00000006.00000102(fb4a5eb2) and remote 01030000.00005339.00000002.00000507(1accc9f9) initiation successful
2024-09-12 20:05:19.003@LM_DEBUG@(16856|9528) PendingAssoc::intiate_connect - resulting link from initiate_connect_i (local: 01030000.00005339.00000006.00000102(fb4a5eb2) to remote: 01030000.00005339.00000002.00000507(1accc9f9)) was nil
2024-09-12 20:05:19.003@LM_DEBUG@(16856|11592) TcpTransport::connect_datalink PriorityKey prio=0, addr=192.168.1.110:61017, is_loopback=0, is_active=1
2024-09-12 20:05:19.004@LM_DEBUG@(16856|11592) TcpTransport::connect_datalink found datalink[000002CFA453C920]
2024-09-12 20:05:19.004@LM_DEBUG@(16856|11592) TransportClient::initiate_connect_i - connection between local 01030000.00005339.00000006.00000102(fb4a5eb2) and remote 01030000.00005339.00000004.00000507(958c3c59) initiation successful
2024-09-12 20:05:19.004@LM_DEBUG@(16856|11592) PendingAssoc::intiate_connect - resulting link from initiate_connect_i (local: 01030000.00005339.00000006.00000102(fb4a5eb2) to remote: 01030000.00005339.00000004.00000507(958c3c59)) was nil
2024-09-12 20:05:19.004@LM_DEBUG@(16856|19740) TransportClient::use_datalink_i TransportClient(000002CFA465B1C8) using datalink[000002CFA455CDF0] from 01030000.00005339.00000002.00000507(1accc9f9)
2024-09-12 20:05:19.004@LM_DEBUG@(16856|19740) TransportClient::use_datalink_i TransportClient(000002CFA465B1C8) about to add_link[000002CFA455CDF0] to remote: 01030000.00005339.00000002.00000507(1accc9f9)
2024-09-12 20:05:19.004@LM_DEBUG@(16856|11592) DataWriterImpl::enable: got GUID 01030000.00005339.00000006.00000102(fb4a5eb2), publishing to topic name "flightChanceRec" type "UATM::flightChangeRec"
2024-09-12 20:05:19.004@LM_INFO@(16856|19740) DataWriterImpl::transport_assoc_done: writer 01030000.00005339.00000006.00000102(fb4a5eb2) succeeded in associating with reader 01030000.00005339.00000002.00000507(1accc9f9)
2024-09-12 20:05:19.006@LM_DEBUG@(16856|19740) DataWriterImpl::transport_assoc_done: writer 01030000.00005339.00000006.00000102(fb4a5eb2) reader 01030000.00005339.00000002.00000507(1accc9f9) calling association_complete_i
2024-09-12 20:05:19.006@LM_DEBUG@(16856|19740) DataWriterImpl::association_complete_i - bit 0 local 01030000.00005339.00000006.00000102(fb4a5eb2) remote 01030000.00005339.00000002.00000507(1accc9f9)
2024-09-12 20:05:19.007@LM_INFO@(16856|19740) Sending historic samples
2024-09-12 20:05:19.007@LM_DEBUG@(16856|19740) DataWriterImpl::create_control_message: from publication 01030000.00005339.00000006.00000102(fb4a5eb2) sending control sample: END_HISTORIC_SAMPLES (0x0b), Length: 16, Byte order: Little Endian, Sequence: 0x00000000, Timestamp: 1726182319.7380000, Publication: 01030000.00005339.00000006.00000102(fb4a5eb2) .
2024-09-12 20:05:19.007@LM_DEBUG@(16856|11592) DataWriterImpl::create_control_message: from publication 01030000.00005339.00000006.00000102(fb4a5eb2) sending control sample: INSTANCE_REGISTRATION (0x02), Length: 4, Byte order: Little Endian, Key Fields Only, Sequence: 0x00000001, Timestamp: 1726182319.7380000, Publication: 01030000.00005339.00000006.00000102(fb4a5eb2) .
2024-09-12 20:05:19.008@LM_DEBUG@(16856|19740) TransportClient::use_datalink_i TransportClient(000002CFA465B1C8) using datalink[000002CFA453C920] from 01030000.00005339.00000004.00000507(958c3c59)
2024-09-12 20:05:19.008@LM_DEBUG@(16856|19740) TransportClient::use_datalink_i TransportClient(000002CFA465B1C8) about to add_link[000002CFA453C920] to remote: 01030000.00005339.00000004.00000507(958c3c59)
2024-09-12 20:05:19.009@LM_DEBUG@(16856|11592) WriteDataContainer::data_delivered 000002CFA467CC40
2024-09-12 20:05:19.009@LM_DEBUG@(16856|11592) DataWriterImpl::create_sample_data_message: from publication 01030000.00005339.00000006.00000102(fb4a5eb2) sending data sample: SAMPLE_DATA (0x00), Length: 53, Byte order: Little Endian, Sequence: 0x00000002, Timestamp: 1726182319.7380000, Publication: 01030000.00005339.00000006.00000102(fb4a5eb2) .
2024-09-12 20:05:19.009@LM_INFO@(16856|19740) DataWriterImpl::transport_assoc_done: writer 01030000.00005339.00000006.00000102(fb4a5eb2) succeeded in associating with reader 01030000.00005339.00000004.00000507(958c3c59)
2024-09-12 20:05:19.009@LM_DEBUG@(16856|19740) DataWriterImpl::transport_assoc_done: writer 01030000.00005339.00000006.00000102(fb4a5eb2) reader 01030000.00005339.00000004.00000507(958c3c59) calling association_complete_i
2024-09-12 20:05:19.010@LM_DEBUG@(16856|19740) DataWriterImpl::association_complete_i - bit 0 local 01030000.00005339.00000006.00000102(fb4a5eb2) remote 01030000.00005339.00000004.00000507(958c3c59)
2024-09-12 20:05:19.010@LM_DEBUG@(16856|11592) WriteDataContainer::data_delivered 000002CFA467CC40
2024-09-12 20:05:19.010@LM_INFO@(16856|19740) Sending historic samples
2024-09-12 20:05:19.010@LM_DEBUG@(16856|19740) DataWriterImpl::create_control_message: from publication 01030000.00005339.00000006.00000102(fb4a5eb2) sending control sample: END_HISTORIC_SAMPLES (0x0b), Length: 16, Byte order: Little Endian, Sequence: 0x00000000, Timestamp: 1726182319.10606000, Publication: 01030000.00005339.00000006.00000102(fb4a5eb2) .
2024-09-12 20:05:19.010@LM_DEBUG@(16856|11592) DataWriterImpl::create_control_message: from publication 01030000.00005339.00000006.00000102(fb4a5eb2) sending control sample: REQUEST_ACK (0x06), Length: 0, Byte order: Little Endian, Key Fields Only, Sequence: 0x00000003, Timestamp: 1726182319.10606000, Publication: 01030000.00005339.00000006.00000102(fb4a5eb2) .
2024-09-12 20:05:19.010@LM_DEBUG@(16856|19740) WriteDataContainer::data_delivered 000002CFA467CB00
2024-09-12 20:05:19.010@LM_DEBUG@(16856|11592) TcpDataLink::handle_send_request_ack(000002CFA45863F0) sequence number 3, publication_id=01030000.00005339.00000006.00000102(fb4a5eb2)
2024-09-12 20:05:19.010@LM_DEBUG@(16856|11592) TcpDataLink::handle_send_request_ack(000002CFA45863F0) sequence number 3, publication_id=01030000.00005339.00000006.00000102(fb4a5eb2)
2024-09-12 20:05:19.010@LM_DEBUG@(16856|11592) DataWriterImpl::create_ack_token() - for sequence 3
2024-09-12 20:05:19.010@LM_DEBUG@(16856|11592) DataWriterImpl::wait_for_acknowledgments waiting for acknowledgment of sequence 3 at 20:05:19.010606
2024-09-12 20:05:19.014@LM_DEBUG@(16856|19740) TcpDataLink::ack_received() received sequence number 3, publiction_id=01030000.00005339.00000006.00000102(fb4a5eb2)
2024-09-12 20:05:19.014@LM_DEBUG@(16856|19740) TcpDataLink::ack_received() found matching element 000002CFA45863F0
2024-09-12 20:05:19.019@LM_DEBUG@(16856|19740) TcpDataLink::ack_received() received sequence number 3, publiction_id=01030000.00005339.00000006.00000102(fb4a5eb2)
2024-09-12 20:05:19.019@LM_DEBUG@(16856|19740) TcpDataLink::ack_received() found matching element 000002CFA45863F0
2024-09-12 20:05:19.019@LM_DEBUG@(16856|19740) WriteDataContainer::data_delivered 000002CFA467C9C0
2024-09-12 20:05:19.019@LM_DEBUG@(16856|11592) DataWriterImpl::create_control_message: from publication 01030000.00005339.00000003.00000102(33aad1c2) sending control sample: REQUEST_ACK (0x06), Length: 0, Byte order: Little Endian, Key Fields Only, Sequence: 0x00000005, Timestamp: 1726182319.19458000, Publication: 01030000.00005339.00000003.00000102(33aad1c2) .
2024-09-12 20:05:19.019@LM_DEBUG@(16856|11592) TcpDataLink::handle_send_request_ack(000002CFA4585DD0) sequence number 5, publication_id=01030000.00005339.00000003.00000102(33aad1c2)
2024-09-12 20:05:19.019@LM_DEBUG@(16856|11592) TcpDataLink::handle_send_request_ack(000002CFA4585DD0) sequence number 5, publication_id=01030000.00005339.00000003.00000102(33aad1c2)
2024-09-12 20:05:19.021@LM_DEBUG@(16856|11592) DataWriterImpl::create_ack_token() - for sequence 5
2024-09-12 20:05:19.021@LM_DEBUG@(16856|19740) TcpDataLink::ack_received() received sequence number 5, publiction_id=01030000.00005339.00000003.00000102(33aad1c2)
2024-09-12 20:05:19.021@LM_DEBUG@(16856|19740) TcpDataLink::ack_received() found matching element 000002CFA4585DD0
2024-09-12 20:05:19.021@LM_DEBUG@(16856|11592) DataWriterImpl::wait_for_acknowledgments waiting for acknowledgment of sequence 5 at 20:05:19.021341
2024-09-12 20:05:19.021@LM_DEBUG@(16856|19740) TcpDataLink::ack_received() received sequence number 5, publiction_id=01030000.00005339.00000003.00000102(33aad1c2)
2024-09-12 20:05:19.021@LM_DEBUG@(16856|19740) TcpDataLink::ack_received() found matching element 000002CFA4585DD0
2024-09-12 20:05:19.021@LM_DEBUG@(16856|19740) WriteDataContainer::data_delivered 000002CFA427DCC0
2024-09-12 20:05:19.021@LM_DEBUG@(16856|11592) DataWriterImpl::create_control_message: from publication 01030000.00005339.00000006.00000102(fb4a5eb2) sending control sample: DISPOSE_UNREGISTER_INSTANCE (0x0a), Length: 4, Byte order: Little Endian, Key Fields Only, Sequence: 0x00000004, Timestamp: 1726182319.21858000, Publication: 01030000.00005339.00000006.00000102(fb4a5eb2) .
2024-09-12 20:05:19.021@LM_DEBUG@(16856|11592) WriteDataContainer::data_delivered 000002CFA467CC40
2024-09-12 20:05:19.021@LM_DEBUG@(16856|4464) DataWriterImpl::remove_associations: bit 0 local 01030000.00005339.00000006.00000102(fb4a5eb2) remote 01030000.00005339.00000002.00000507(1accc9f9) num remotes 2
2024-09-12 20:05:19.029@LM_DEBUG@(16856|4464) DataReaderImpl::remove_associations: bit 1 local 01030000.00005339.00000006.000001c7(1044688d) remote 01030000.00005339.00000001.000001c2(d20e4012) num remotes 1
2024-09-12 20:05:19.029@LM_DEBUG@(16856|4464) DataReaderImpl::remove_associations_i: bit 1 local 01030000.00005339.00000006.000001c7(1044688d) remote 01030000.00005339.00000001.000001c2(d20e4012) num remotes 1
2024-09-12 20:05:19.029@LM_DEBUG@(16856|4464) InstanceState::unregister_was_received on 01030000.00005339.00000001.000001c2(d20e4012)
2024-09-12 20:05:19.029@LM_DEBUG@(16856|4464) InstanceState::unregister_was_received on 01030000.00005339.00000001.000001c2(d20e4012)
2024-09-12 20:05:19.033@LM_DEBUG@(16856|4464) InstanceState::unregister_was_received on 01030000.00005339.00000001.000001c2(d20e4012)
2024-09-12 20:05:19.033@LM_DEBUG@(16856|4464) InstanceState::unregister_was_received on 01030000.00005339.00000001.000001c2(d20e4012)
2024-09-12 20:05:19.033@LM_DEBUG@(16856|4464) InstanceState::unregister_was_received on 01030000.00005339.00000001.000001c2(d20e4012)
2024-09-12 20:05:19.036@LM_DEBUG@(16856|4464) DataReaderImpl::remove_associations: bit 1 local 01030000.00005339.00000006.000003c7(22720a0f) remote 01030000.00005339.00000001.000004c2(af79b457) num remotes 1
2024-09-12 20:05:19.036@LM_DEBUG@(16856|4464) DataReaderImpl::remove_associations_i: bit 1 local 01030000.00005339.00000006.000003c7(22720a0f) remote 01030000.00005339.00000001.000004c2(af79b457) num remotes 1
2024-09-12 20:05:19.037@LM_DEBUG@(16856|4464) InstanceState::unregister_was_received on 01030000.00005339.00000001.000004c2(af79b457)
2024-09-12 20:05:19.040@LM_DEBUG@(16856|4464) DataReaderImpl::remove_associations: bit 1 local 01030000.00005339.00000006.000004c7(6d339cc8) remote 01030000.00005339.00000001.000003c2(e0382290) num remotes 1
2024-09-12 20:05:19.040@LM_DEBUG@(16856|4464) DataReaderImpl::remove_associations_i: bit 1 local 01030000.00005339.00000006.000004c7(6d339cc8) remote 01030000.00005339.00000001.000003c2(e0382290) num remotes 1
2024-09-12 20:05:19.040@LM_DEBUG@(16856|4464) InstanceState::unregister_was_received on 01030000.00005339.00000001.000003c2(e0382290)
2024-09-12 20:05:19.042@LM_DEBUG@(16856|4464) InstanceState::unregister_was_received on 01030000.00005339.00000001.000003c2(e0382290)
2024-09-12 20:05:19.042@LM_DEBUG@(16856|4464) InstanceState::unregister_was_received on 01030000.00005339.00000001.000003c2(e0382290)
2024-09-12 20:05:19.042@LM_DEBUG@(16856|4464) InstanceState::unregister_was_received on 01030000.00005339.00000001.000003c2(e0382290)
2024-09-12 20:05:19.044@LM_DEBUG@(16856|4464) DataReaderImpl::remove_associations: bit 1 local 01030000.00005339.00000006.000002c7(3b693b4e) remote 01030000.00005339.00000001.000002c2(f92313d1) num remotes 1
2024-09-12 20:05:19.044@LM_DEBUG@(16856|4464) DataReaderImpl::remove_associations_i: bit 1 local 01030000.00005339.00000006.000002c7(3b693b4e) remote 01030000.00005339.00000001.000002c2(f92313d1) num remotes 1
2024-09-12 20:05:19.044@LM_DEBUG@(16856|4464) InstanceState::unregister_was_received on 01030000.00005339.00000001.000002c2(f92313d1)
2024-09-12 20:05:19.044@LM_DEBUG@(16856|4464) InstanceState::unregister_was_received on 01030000.00005339.00000001.000002c2(f92313d1)
2024-09-12 20:05:19.044@LM_DEBUG@(16856|4464) InstanceState::unregister_was_received on 01030000.00005339.00000001.000002c2(f92313d1)
2024-09-12 20:05:19.044@LM_DEBUG@(16856|4464) InstanceState::unregister_was_received on 01030000.00005339.00000001.000002c2(f92313d1)
2024-09-12 20:05:19.044@LM_DEBUG@(16856|4464) InstanceState::unregister_was_received on 01030000.00005339.00000001.000002c2(f92313d1)
2024-09-12 20:05:19.049@LM_DEBUG@(16856|4464) InstanceState::unregister_was_received on 01030000.00005339.00000001.000002c2(f92313d1)
2024-09-12 20:05:19.082@LM_DEBUG@(16856|11592) DataWriterImpl::create_control_message: from publication 01030000.00005339.00000003.00000102(33aad1c2) sending control sample: DISPOSE_UNREGISTER_INSTANCE (0x0a), Length: 45, Byte order: Little Endian, Key Fields Only, Sequence: 0x00000006, Timestamp: 1726182319.82810000, Publication: 01030000.00005339.00000003.00000102(33aad1c2) .
2024-09-12 20:05:19.082@LM_DEBUG@(16856|11592) WriteDataContainer::data_delivered 000002CFA427DE00
2024-09-12 20:05:19.082@LM_DEBUG@(16856|11592) DataWriterImpl::create_control_message: from publication 01030000.00005339.00000003.00000102(33aad1c2) sending control sample: DISPOSE_UNREGISTER_INSTANCE (0x0a), Length: 4, Byte order: Little Endian, Key Fields Only, Sequence: 0x00000007, Timestamp: 1726182319.82810000, Publication: 01030000.00005339.00000003.00000102(33aad1c2) .
2024-09-12 20:05:19.082@LM_DEBUG@(16856|11592) WriteDataContainer::data_delivered 000002CFA427DB80
2024-09-12 20:05:19.085@LM_DEBUG@(16856|4464) DataWriterImpl::remove_associations: bit 0 local 01030000.00005339.00000003.00000102(33aad1c2) remote 01030000.00005339.00000004.00000607(bea16f9a) num remotes 2
2024-09-12 20:05:19.086@LM_DEBUG@(16856|19740) DataLink::handle_exception() - (delay) scheduling timer for future release
2024-09-12 20:05:19.087@LM_DEBUG@(16856|19740) DataLink::handle_exception() - (delay) scheduling timer for future release
2024-09-12 20:05:19.094@LM_DEBUG@(16856|4464) DataReaderImpl::remove_associations: bit 1 local 01030000.00005339.00000003.000001c7(d8a4e7fd) remote 01030000.00005339.00000001.000001c2(d20e4012) num remotes 1
2024-09-12 20:05:19.094@LM_DEBUG@(16856|4464) DataReaderImpl::remove_associations_i: bit 1 local 01030000.00005339.00000003.000001c7(d8a4e7fd) remote 01030000.00005339.00000001.000001c2(d20e4012) num remotes 1
2024-09-12 20:05:19.094@LM_DEBUG@(16856|4464) InstanceState::unregister_was_received on 01030000.00005339.00000001.000001c2(d20e4012)
2024-09-12 20:05:19.094@LM_DEBUG@(16856|4464) InstanceState::unregister_was_received on 01030000.00005339.00000001.000001c2(d20e4012)
2024-09-12 20:05:19.094@LM_DEBUG@(16856|4464) InstanceState::unregister_was_received on 01030000.00005339.00000001.000001c2(d20e4012)
2024-09-12 20:05:19.094@LM_DEBUG@(16856|4464) InstanceState::unregister_was_received on 01030000.00005339.00000001.000001c2(d20e4012)
2024-09-12 20:05:19.099@LM_DEBUG@(16856|4464) DataReaderImpl::remove_associations: bit 1 local 01030000.00005339.00000003.000003c7(ea92857f) remote 01030000.00005339.00000001.000004c2(af79b457) num remotes 1
2024-09-12 20:05:19.099@LM_DEBUG@(16856|4464) DataReaderImpl::remove_associations_i: bit 1 local 01030000.00005339.00000003.000003c7(ea92857f) remote 01030000.00005339.00000001.000004c2(af79b457) num remotes 1
2024-09-12 20:05:19.099@LM_DEBUG@(16856|4464) DataReaderImpl::remove_associations: bit 1 local 01030000.00005339.00000003.000004c7(a5d313b8) remote 01030000.00005339.00000001.000003c2(e0382290) num remotes 1
2024-09-12 20:05:19.099@LM_DEBUG@(16856|4464) DataReaderImpl::remove_associations_i: bit 1 local 01030000.00005339.00000003.000004c7(a5d313b8) remote 01030000.00005339.00000001.000003c2(e0382290) num remotes 1
2024-09-12 20:05:19.102@LM_DEBUG@(16856|4464) InstanceState::unregister_was_received on 01030000.00005339.00000001.000003c2(e0382290)
2024-09-12 20:05:19.102@LM_DEBUG@(16856|4464) InstanceState::unregister_was_received on 01030000.00005339.00000001.000003c2(e0382290)
2024-09-12 20:05:19.102@LM_DEBUG@(16856|4464) InstanceState::unregister_was_received on 01030000.00005339.00000001.000003c2(e0382290)
2024-09-12 20:05:19.102@LM_DEBUG@(16856|4464) InstanceState::unregister_was_received on 01030000.00005339.00000001.000003c2(e0382290)
2024-09-12 20:05:19.102@LM_DEBUG@(16856|9244) Peer has gracefully disconnected.
2024-09-12 20:05:19.102@LM_DEBUG@(16856|4464) DataReaderImpl::remove_associations: bit 1 local 01030000.00005339.00000003.000002c7(f389b43e) remote 01030000.00005339.00000001.000002c2(f92313d1) num remotes 1
2024-09-12 20:05:19.102@LM_DEBUG@(16856|9244) TcpConnection::handle_close() called on transport: _OPENDDS__BITTCPTransportInst_DEFAULT_REPO to 192.168.1.110:60986 , reconnect_state = INIT_STATE.
2024-09-12 20:05:19.102@LM_DEBUG@(16856|4464) DataReaderImpl::remove_associations_i: bit 1 local 01030000.00005339.00000003.000002c7(f389b43e) remote 01030000.00005339.00000001.000002c2(f92313d1) num remotes 1
2024-09-12 20:05:19.102@LM_DEBUG@(16856|9244) DataLink::notify: notify sub 01030000.00005339.00000003.000002c7(f389b43e) DISCONNECTED.
2024-09-12 20:05:19.102@LM_DEBUG@(16856|4464) InstanceState::unregister_was_received on 01030000.00005339.00000001.000002c2(f92313d1)
2024-09-12 20:05:19.108@LM_DEBUG@(16856|4464) InstanceState::unregister_was_received on 01030000.00005339.00000001.000002c2(f92313d1)
2024-09-12 20:05:19.108@LM_DEBUG@(16856|4464) InstanceState::unregister_was_received on 01030000.00005339.00000001.000002c2(f92313d1)
2024-09-12 20:05:19.108@LM_DEBUG@(16856|4464) InstanceState::unregister_was_received on 01030000.00005339.00000001.000002c2(f92313d1)
2024-09-12 20:05:19.108@LM_DEBUG@(16856|4464) InstanceState::unregister_was_received on 01030000.00005339.00000001.000002c2(f92313d1)
2024-09-12 20:05:19.111@LM_DEBUG@(16856|9244) DataLink::handle_exception() - delay already elapsed so handle_timeout now
2024-09-12 20:05:19.120@LM_DEBUG@(16856|11592) Service_Participant::shutdown
2024-09-12 20:05:19.132@LM_DEBUG@(16856|11592) DomainParticipantFactoryImpl::~DomainParticipantFactoryImpl()
2024-09-12 20:05:19.134@LM_DEBUG@TAO (16856|11592) - Connection_Handler[744]::close_connection_eh, purging entry from cache
2024-09-12 20:05:19.134@LM_DEBUG@TAO (16856|11592) - Connection_Handler[744]::close_connection_eh, removing from the reactor
2024-09-12 20:05:19.134@LM_DEBUG@TAO (16856|11592) - Connection_Handler[744]::close_connection_eh, cancel all timers
2024-09-12 20:05:19.134@LM_DEBUG@TAO (16856|11592) - Connection_Handler[744]::close_connection_eh end
2024-09-12 20:05:19.135@LM_DEBUG@(16856|11592) Service_Participant::~Service_Participant
2024-09-12 20:05:19.135@LM_DEBUG@(16856|11592) Service_Participant::shutdown
