2024-09-11 10:08:20.390@LM_INFO@(7580|19572) INFO: set_DCPS_debug_level: set to 4
2024-09-11 10:08:20.396@LM_INFO@(7580|19572) INFO: ConfigStoreImpl::set_string: COMMON_DCPS_TRANSPORT_DEBUG_LEVEL=2
2024-09-11 10:08:20.396@LM_INFO@(7580|19572) INFO: ConfigStoreImpl::set_string: COMMON_DCPS_PENDING_TIMEOUT=3
2024-09-11 10:08:20.400@LM_INFO@(7580|19572) Service_Participant::get_domain_participant_factory: This is OpenDDS 3.29.1 using ACE 6.5.21
2024-09-11 10:08:20.400@LM_INFO@(7580|19572) Service_Participant::get_domain_participant_factory: log_level: debug DCPS_debug_level: 4
2024-09-11 10:08:20.405@LM_INFO@(7580|19572) Service_Participant::get_domain_participant_factory: machine: LAPTOP-NQKUMCC4, x64 6 platform: Win32, Windows NT 6.2, Build 9200 
2024-09-11 10:08:20.405@LM_INFO@(7580|19572) Service_Participant::get_domain_participant_factory: compiler: Visual C++ version 13.40.0
2024-09-11 10:08:20.405@LM_NOTICE@(7580|19572) NOTICE: Service_Participant::intializeScheduling() - no scheduling policy specified, not setting policy.
2024-09-11 10:08:20.416@LM_DEBUG@(7580|19572) Service_Participant::get_domain_participant_factory: Creating DefaultNetworkConfigMonitor
2024-09-11 10:08:20.417@LM_DEBUG@(7580|19572) Config::Config() - processing argument: model\.\publisher3.EXE.
2024-09-11 10:08:20.417@LM_INFO@(7580|19572) INFO: ConfigStoreImpl::set: REPOSITORY_DEFAULT_REPO=@DEFAULT_REPO
2024-09-11 10:08:20.417@LM_DEBUG@(7580|19572) Service_Participant::set_repo_ior: Repo[DEFAULT_REPO] == file://repo.ior
2024-09-11 10:08:20.439@LM_DEBUG@TAO (7580|19572) - Default_Resource_Factory - codeset manager=000001432B132520
2024-09-11 10:08:20.439@LM_DEBUG@TAO (7580|19572) - Loaded default protocol <IIOP_Factory>
2024-09-11 10:08:20.445@LM_DEBUG@TAO (7580|19572) - IIOP_Connection_Handler::open, IIOP connection to peer <192.168.1.110:61457> on [732]
2024-09-11 10:08:20.445@LM_DEBUG@(7580|19572) DomainParticipantImpl::enable: enabled participant 01030000.00004497.00000006.000001c1(10330e57) in domain 0
2024-09-11 10:08:20.454@LM_INFO@(7580|19572) INFO: ConfigStoreImpl::set: TRANSPORT_OPENDDS_BITTCP_TRANSPORT_INST_DEFAULT_REPO_DATALINK_RELEASE_DELAY=0
2024-09-11 10:08:20.454@LM_INFO@(7580|19572) INFO: ConfigStoreImpl::set: TRANSPORT_OPENDDS_BITTCP_TRANSPORT_INST_DEFAULT_REPO_LOCAL_ADDRESS=:0
2024-09-11 10:08:20.454@LM_INFO@(7580|19572) InfoRepoDiscovery::bit_config - BIT tcp transport :0
2024-09-11 10:08:20.454@LM_DEBUG@(7580|19572) DDS::ParticipantBuiltinTopicDataDataReaderImpl::enable_specific-data Cached_Allocator_With_Overflow 2b1ce400 with 20 chunks
2024-09-11 10:08:20.454@LM_DEBUG@(7580|19572) DataReaderImpl::enable Cached_Allocator_With_Overflow 2b1ccd40 with 20 chunks
2024-09-11 10:08:20.467@LM_WARNING@(7580|19572) WARNING: get_fully_qualified_hostname: Could not find FQDN. Using "LAPTOP-NQKUMCC4" as fully qualified hostname, please correct system configuration.
2024-09-11 10:08:20.467@LM_DEBUG@(7580|19572) TransportImpl::open()
   transport_type:               tcp
   name:                         _OPENDDS__BITTCPTransportInst_DEFAULT_REPO
   config_prefix:                TRANSPORT_OPENDDS_BITTCP_TRANSPORT_INST_DEFAULT_REPO
   max_packet_size:              2147481599
   max_samples_per_packet:       10
   optimum_packet_size:          4096
   thread_per_connection:        false
   datalink_release_delay:       0
   datalink_control_chunks:      32
   fragment_reassembly_timeout:  5:00.000
   receive_preallocated_message_blocks:0
   receive_preallocated_data_blocks:0
   local_address:                :0
   pub_address:                  
   enable_nagle_algorithm:       false
   conn_retry_initial_delay:     500
   conn_retry_backoff_multiplier:2
   conn_retry_attempts:          3
   passive_reconnect_duration:   2000
   max_output_pause_period:      -1
   active_conn_timeout_period:   5000
2024-09-11 10:08:20.467@LM_DEBUG@(7580|19572) DataReaderImpl::setup_deserialization: Setup successfully with the following data representations: CDR/XCDR1, XCDR2, Unaligned CDR
2024-09-11 10:08:20.501@LM_DEBUG@(7580|2396) DataReaderImpl::add_association - bit 1 local 01030000.00004497.00000006.000001c7(f950ab62) remote 01030000.00004497.00000001.000001c2(3b1a83fd)
2024-09-11 10:08:20.501@LM_DEBUG@(7580|19572) DataReaderImpl::enable: got GUID 01030000.00004497.00000006.000001c7(f950ab62), subscribed to topic name "DCPSParticipant" type "PARTICIPANT_BUILT_IN_TOPIC_TYPE"
2024-09-11 10:08:20.501@LM_DEBUG@(7580|19572) SubscriberImpl::reader_enabled, datareader(topic_name=DCPSParticipant) enabled
2024-09-11 10:08:20.501@LM_DEBUG@(7580|2396) TransportClient::associate added PendingAssoc between 01030000.00004497.00000006.000001c7(f950ab62) and remote 01030000.00004497.00000001.000001c2(3b1a83fd)
2024-09-11 10:08:20.501@LM_DEBUG@(7580|19572) DDS::TopicBuiltinTopicDataDataReaderImpl::enable_specific-data Cached_Allocator_With_Overflow 2b1cd8a0 with 20 chunks
2024-09-11 10:08:20.501@LM_DEBUG@(7580|19572) DataReaderImpl::enable Cached_Allocator_With_Overflow 2b1ce4d0 with 20 chunks
2024-09-11 10:08:20.501@LM_DEBUG@(7580|19572) DataReaderImpl::setup_deserialization: Setup successfully with the following data representations: CDR/XCDR1, XCDR2, Unaligned CDR
2024-09-11 10:08:20.501@LM_DEBUG@(7580|2396) TcpTransport::accept_datalink create new link[000001432D353980]
2024-09-11 10:08:20.501@LM_DEBUG@(7580|2396) TransportReceiveStrategy-mb Cached_Allocator_With_Overflow 000001432D3578D0 with 1000 chunks
2024-09-11 10:08:20.501@LM_DEBUG@(7580|2396) TransportReceiveStrategy-db Cached_Allocator_With_Overflow 000001432D357958 with 100 chunks
2024-09-11 10:08:20.501@LM_DEBUG@(7580|2396) TransportReceiveStrategy-data Cached_Allocator_With_Overflow 000001432D3579E0 with 32 chunks
2024-09-11 10:08:20.501@LM_DEBUG@(7580|2396) TransportClient::use_datalink_i TransportClient(000001432D13F480) using datalink[000001432D353980] from 01030000.00004497.00000001.000001c2(3b1a83fd)
2024-09-11 10:08:20.501@LM_DEBUG@(7580|2396) TransportClient::use_datalink_i TransportClient(000001432D13F480) about to add_link[000001432D353980] to remote: 01030000.00004497.00000001.000001c2(3b1a83fd)
2024-09-11 10:08:20.501@LM_DEBUG@(7580|19572) DataReaderImpl::add_association - bit 1 local 01030000.00004497.00000006.000002c7(d27df8a1) remote 01030000.00004497.00000001.000002c2(1037d03e)
2024-09-11 10:08:20.508@LM_INFO@(7580|19192) EndHistoricSamplesMissedSweeper::ScheduleCommand::execute() - sweeper 000001432D3389E0 is now scheduled
2024-09-11 10:08:20.508@LM_DEBUG@(7580|19572) TransportClient::associate added PendingAssoc between 01030000.00004497.00000006.000002c7(d27df8a1) and remote 01030000.00004497.00000001.000002c2(1037d03e)
2024-09-11 10:08:20.508@LM_DEBUG@(7580|19572) TcpTransport::accept_datalink found datalink[000001432D353980]
2024-09-11 10:08:20.508@LM_DEBUG@(7580|19572) TransportClient::use_datalink_i TransportClient(000001432D34B920) using datalink[000001432D353980] from 01030000.00004497.00000001.000002c2(1037d03e)
2024-09-11 10:08:20.508@LM_DEBUG@(7580|19572) TransportClient::use_datalink_i TransportClient(000001432D34B920) about to add_link[000001432D353980] to remote: 01030000.00004497.00000001.000002c2(1037d03e)
2024-09-11 10:08:20.508@LM_INFO@(7580|19192) EndHistoricSamplesMissedSweeper::ScheduleCommand::execute() - sweeper 000001432D373430 is now scheduled
2024-09-11 10:08:20.508@LM_INFO@(7580|19192) EndHistoricSamplesMissedSweeper::CancelCommand::execute() - sweeper 000001432D3389E0 is no longer scheduled
2024-09-11 10:08:20.508@LM_DEBUG@(7580|19572) DataReaderImpl::enable: got GUID 01030000.00004497.00000006.000002c7(d27df8a1), subscribed to topic name "DCPSTopic" type "TOPIC_BUILT_IN_TOPIC_TYPE"
2024-09-11 10:08:20.508@LM_DEBUG@(7580|19572) SubscriberImpl::reader_enabled, datareader(topic_name=DCPSTopic) enabled
2024-09-11 10:08:20.508@LM_DEBUG@(7580|19572) DDS::PublicationBuiltinTopicDataDataReaderImpl::enable_specific-data Cached_Allocator_With_Overflow 2b1ccfb0 with 20 chunks
2024-09-11 10:08:20.508@LM_DEBUG@(7580|19572) DataReaderImpl::enable Cached_Allocator_With_Overflow 2b1cd7d0 with 20 chunks
2024-09-11 10:08:20.508@LM_DEBUG@(7580|19572) DataReaderImpl::setup_deserialization: Setup successfully with the following data representations: CDR/XCDR1, XCDR2, Unaligned CDR
2024-09-11 10:08:20.508@LM_INFO@(7580|19192) EndHistoricSamplesMissedSweeper::CancelCommand::execute() - sweeper 000001432D373430 is no longer scheduled
2024-09-11 10:08:20.517@LM_DEBUG@(7580|2396) DataReaderImpl::add_association - bit 1 local 01030000.00004497.00000006.000003c7(cb66c9e0) remote 01030000.00004497.00000001.000004c2(466d77b8)
2024-09-11 10:08:20.517@LM_DEBUG@(7580|19572) DataReaderImpl::enable: got GUID 01030000.00004497.00000006.000003c7(cb66c9e0), subscribed to topic name "DCPSPublication" type "PUBLICATION_BUILT_IN_TOPIC_TYPE"
2024-09-11 10:08:20.517@LM_DEBUG@(7580|19572) SubscriberImpl::reader_enabled, datareader(topic_name=DCPSPublication) enabled
2024-09-11 10:08:20.517@LM_DEBUG@(7580|2396) TransportClient::associate added PendingAssoc between 01030000.00004497.00000006.000003c7(cb66c9e0) and remote 01030000.00004497.00000001.000004c2(466d77b8)
2024-09-11 10:08:20.518@LM_DEBUG@(7580|19572) DDS::SubscriptionBuiltinTopicDataDataReaderImpl::enable_specific-data Cached_Allocator_With_Overflow 2b1cc930 with 20 chunks
2024-09-11 10:08:20.518@LM_DEBUG@(7580|19572) DataReaderImpl::enable Cached_Allocator_With_Overflow 2b1cd150 with 20 chunks
2024-09-11 10:08:20.518@LM_DEBUG@(7580|2396) TcpTransport::accept_datalink found datalink[000001432D353980]
2024-09-11 10:08:20.518@LM_DEBUG@(7580|2396) TransportClient::use_datalink_i TransportClient(000001432D375930) using datalink[000001432D353980] from 01030000.00004497.00000001.000004c2(466d77b8)
2024-09-11 10:08:20.518@LM_DEBUG@(7580|2396) TransportClient::use_datalink_i TransportClient(000001432D375930) about to add_link[000001432D353980] to remote: 01030000.00004497.00000001.000004c2(466d77b8)
2024-09-11 10:08:20.519@LM_DEBUG@(7580|19572) DataReaderImpl::setup_deserialization: Setup successfully with the following data representations: CDR/XCDR1, XCDR2, Unaligned CDR
2024-09-11 10:08:20.519@LM_INFO@(7580|19192) EndHistoricSamplesMissedSweeper::ScheduleCommand::execute() - sweeper 000001432D3817A0 is now scheduled
2024-09-11 10:08:20.520@LM_INFO@(7580|19192) EndHistoricSamplesMissedSweeper::CancelCommand::execute() - sweeper 000001432D3817A0 is no longer scheduled
2024-09-11 10:08:20.522@LM_DEBUG@(7580|2396) DataReaderImpl::add_association - bit 1 local 01030000.00004497.00000006.000004c7(84275f27) remote 01030000.00004497.00000001.000003c2(092ce17f)
2024-09-11 10:08:20.522@LM_DEBUG@(7580|19572) DataReaderImpl::enable: got GUID 01030000.00004497.00000006.000004c7(84275f27), subscribed to topic name "DCPSSubscription" type "SUBSCRIPTION_BUILT_IN_TOPIC_TYPE"
2024-09-11 10:08:20.522@LM_DEBUG@(7580|19572) SubscriberImpl::reader_enabled, datareader(topic_name=DCPSSubscription) enabled
2024-09-11 10:08:20.522@LM_DEBUG@(7580|2396) TransportClient::associate added PendingAssoc between 01030000.00004497.00000006.000004c7(84275f27) and remote 01030000.00004497.00000001.000003c2(092ce17f)
2024-09-11 10:08:20.522@LM_DEBUG@(7580|2396) TcpTransport::accept_datalink found datalink[000001432D353980]
2024-09-11 10:08:20.522@LM_DEBUG@(7580|2396) TransportClient::use_datalink_i TransportClient(000001432D37F3E0) using datalink[000001432D353980] from 01030000.00004497.00000001.000003c2(092ce17f)
2024-09-11 10:08:20.522@LM_DEBUG@(7580|2396) TransportClient::use_datalink_i TransportClient(000001432D37F3E0) about to add_link[000001432D353980] to remote: 01030000.00004497.00000001.000003c2(092ce17f)
2024-09-11 10:08:20.522@LM_INFO@(7580|19192) EndHistoricSamplesMissedSweeper::ScheduleCommand::execute() - sweeper 000001432D386460 is now scheduled
2024-09-11 10:08:20.526@LM_DEBUG@(7580|19572) WriteDataContainer sample_list_element_allocator 2d3b7070 with 20 chunks
2024-09-11 10:08:20.526@LM_DEBUG@(7580|19572) DataWriterImpl::enable-mb Cached_Allocator_With_Overflow 2b1cd970 with 20 chunks
2024-09-11 10:08:20.526@LM_DEBUG@(7580|19572) DataWriterImpl::enable-db Cached_Allocator_With_Overflow 2b1cda40 with 20 chunks
2024-09-11 10:08:20.526@LM_DEBUG@(7580|19572) DataWriterImpl::enable-header Cached_Allocator_With_Overflow 2d337420 with 20 chunks
2024-09-11 10:08:20.526@LM_INFO@(7580|19192) EndHistoricSamplesMissedSweeper::CancelCommand::execute() - sweeper 000001432D386460 is no longer scheduled
2024-09-11 10:08:20.537@LM_DEBUG@(7580|19572) TransportImpl::open()
   transport_type:               tcp
   name:                         _OPENDDS_0500_TCP
   config_prefix:                TRANSPORT_OPENDDS_0500_TCP
   max_packet_size:              2147481599
   max_samples_per_packet:       10
   optimum_packet_size:          4096
   thread_per_connection:        false
   datalink_release_delay:       10000
   datalink_control_chunks:      32
   fragment_reassembly_timeout:  5:00.000
   receive_preallocated_message_blocks:0
   receive_preallocated_data_blocks:0
   local_address:                
   pub_address:                  
   enable_nagle_algorithm:       false
   conn_retry_initial_delay:     500
   conn_retry_backoff_multiplier:2
   conn_retry_attempts:          3
   passive_reconnect_duration:   2000
   max_output_pause_period:      -1
   active_conn_timeout_period:   5000
2024-09-11 10:08:20.537@LM_DEBUG@(7580|19572) WriterImpl::setup_serialization: Setup successfully with Unaligned CDR data representation.
2024-09-11 10:08:20.537@LM_DEBUG@(7580|19572) DataWriterImpl::setup_serialization: using data allocator at 2d1412f0 with 20 80 byte chunks
2024-09-11 10:08:20.537@LM_DEBUG@(7580|2396) DataWriterImpl::add_association - bit 0 local 01030000.00004497.00000006.00000102(125e9d5d) remote 01030000.00004497.00000002.00000507(f3d80a16)
2024-09-11 10:08:20.541@LM_DEBUG@(7580|2396) TransportClient::associate added PendingAssoc between 01030000.00004497.00000006.00000102(125e9d5d) and remote 01030000.00004497.00000002.00000507(f3d80a16)
2024-09-11 10:08:20.541@LM_DEBUG@(7580|19572) DataWriterImpl::enable: got GUID 01030000.00004497.00000006.00000102(125e9d5d), publishing to topic name "AvailabilityInfo" type "UATM::availabilityInfo"
2024-09-11 10:08:20.541@LM_DEBUG@(7580|2396) PendingAssoc::initiate_connect - between 01030000.00004497.00000006.00000102(125e9d5d) and remote 01030000.00004497.00000002.00000507(f3d80a16)
2024-09-11 10:08:20.541@LM_DEBUG@(7580|2396) TransportClient::initiate_connect_i - attempt to connect_datalink between local 01030000.00004497.00000006.00000102(125e9d5d) and remote 01030000.00004497.00000002.00000507(f3d80a16)
2024-09-11 10:08:20.542@LM_DEBUG@(7580|2396) TcpTransport::connect_datalink PriorityKey prio=0, addr=192.168.1.110:61489, is_loopback=0, is_active=1
2024-09-11 10:08:20.543@LM_DEBUG@(7580|2396) TcpTransport::connect_datalink create new link[000001432D67E540]
2024-09-11 10:08:20.543@LM_DEBUG@(7580|2396) TcpConnection::on_active_connection_established: Sending public address <LAPTOP-NQKUMCC4:61517> to remote side
2024-09-11 10:08:20.545@LM_DEBUG@(7580|2396) TransportReceiveStrategy-mb Cached_Allocator_With_Overflow 000001432D681890 with 1000 chunks
2024-09-11 10:08:20.545@LM_DEBUG@(7580|2396) TransportReceiveStrategy-db Cached_Allocator_With_Overflow 000001432D681918 with 100 chunks
2024-09-11 10:08:20.545@LM_DEBUG@(7580|2396) TransportReceiveStrategy-data Cached_Allocator_With_Overflow 000001432D6819A0 with 32 chunks
2024-09-11 10:08:20.545@LM_DEBUG@(7580|2396) TcpTransport::connect_datalink completed synchronously.
2024-09-11 10:08:20.545@LM_DEBUG@(7580|2396) TransportClient::initiate_connect_i - connection between local 01030000.00004497.00000006.00000102(125e9d5d) and remote 01030000.00004497.00000002.00000507(f3d80a16) initiation successful
2024-09-11 10:08:20.545@LM_DEBUG@(7580|2396) PendingAssoc::intiate_connect - resulting link from initiate_connect_i (local: 01030000.00004497.00000006.00000102(125e9d5d) to remote: 01030000.00004497.00000002.00000507(f3d80a16)) was nil
2024-09-11 10:08:20.548@LM_DEBUG@(7580|19496) TransportClient::use_datalink_i TransportClient(000001432D3B6458) using datalink[000001432D67E540] from 01030000.00004497.00000002.00000507(f3d80a16)
2024-09-11 10:08:20.548@LM_DEBUG@(7580|19496) TransportClient::use_datalink_i TransportClient(000001432D3B6458) about to add_link[000001432D67E540] to remote: 01030000.00004497.00000002.00000507(f3d80a16)
2024-09-11 10:08:20.549@LM_INFO@(7580|19496) DataWriterImpl::transport_assoc_done: writer 01030000.00004497.00000006.00000102(125e9d5d) succeeded in associating with reader 01030000.00004497.00000002.00000507(f3d80a16)
2024-09-11 10:08:20.549@LM_DEBUG@(7580|19496) DataWriterImpl::transport_assoc_done: writer 01030000.00004497.00000006.00000102(125e9d5d) reader 01030000.00004497.00000002.00000507(f3d80a16) calling association_complete_i
2024-09-11 10:08:20.549@LM_DEBUG@(7580|19496) DataWriterImpl::association_complete_i - bit 0 local 01030000.00004497.00000006.00000102(125e9d5d) remote 01030000.00004497.00000002.00000507(f3d80a16)
2024-09-11 10:08:20.550@LM_INFO@(7580|19496) Sending historic samples
2024-09-11 10:08:20.550@LM_DEBUG@(7580|19496) DataWriterImpl::create_control_message: from publication 01030000.00004497.00000006.00000102(125e9d5d) sending control sample: END_HISTORIC_SAMPLES (0x0b), Length: 16, Byte order: Little Endian, Sequence: 0x00000000, Timestamp: 1726060100.550235000, Publication: 01030000.00004497.00000006.00000102(125e9d5d) .
2024-09-11 10:08:20.550@LM_DEBUG@(7580|19572) DataWriterImpl::create_control_message: from publication 01030000.00004497.00000006.00000102(125e9d5d) sending control sample: INSTANCE_REGISTRATION (0x02), Length: 4, Byte order: Little Endian, Key Fields Only, Sequence: 0x00000001, Timestamp: 1726060100.550235000, Publication: 01030000.00004497.00000006.00000102(125e9d5d) .
2024-09-11 10:08:20.550@LM_DEBUG@(7580|19572) WriteDataContainer::data_delivered 000001432D3BA270
2024-09-11 10:08:20.550@LM_DEBUG@(7580|19572) DataWriterImpl::create_sample_data_message: from publication 01030000.00004497.00000006.00000102(125e9d5d) sending data sample: SAMPLE_DATA (0x00), Length: 43, Byte order: Little Endian, Content-Filtered, Sequence: 0x00000002, Timestamp: 1726060100.550235000, Publication: 01030000.00004497.00000006.00000102(125e9d5d), Content-Filter Entries (0): [] .
2024-09-11 10:08:20.550@LM_DEBUG@(7580|19572) WriteDataContainer::data_delivered 000001432D3BA270
2024-09-11 10:08:20.550@LM_DEBUG@(7580|19572) DataWriterImpl::create_control_message: from publication 01030000.00004497.00000006.00000102(125e9d5d) sending control sample: DISPOSE_UNREGISTER_INSTANCE (0x0a), Length: 4, Byte order: Little Endian, Key Fields Only, Sequence: 0x00000003, Timestamp: 1726060100.550235000, Publication: 01030000.00004497.00000006.00000102(125e9d5d) .
2024-09-11 10:08:20.553@LM_DEBUG@(7580|19572) WriteDataContainer::data_delivered 000001432D3BA270
2024-09-11 10:08:20.553@LM_DEBUG@(7580|19192) DataWriterImpl::remove_associations: bit 0 local 01030000.00004497.00000006.00000102(125e9d5d) remote 01030000.00004497.00000002.00000507(f3d80a16) num remotes 1
2024-09-11 10:08:20.554@LM_DEBUG@(7580|19496) DataLink::handle_exception() - (delay) scheduling timer for future release
2024-09-11 10:08:20.557@LM_DEBUG@(7580|19192) DataReaderImpl::remove_associations: bit 1 local 01030000.00004497.00000006.000001c7(f950ab62) remote 01030000.00004497.00000001.000001c2(3b1a83fd) num remotes 1
2024-09-11 10:08:20.557@LM_DEBUG@(7580|19192) DataReaderImpl::remove_associations_i: bit 1 local 01030000.00004497.00000006.000001c7(f950ab62) remote 01030000.00004497.00000001.000001c2(3b1a83fd) num remotes 1
2024-09-11 10:08:20.558@LM_DEBUG@(7580|19192) InstanceState::unregister_was_received on 01030000.00004497.00000001.000001c2(3b1a83fd)
2024-09-11 10:08:20.558@LM_DEBUG@(7580|19192) InstanceState::unregister_was_received on 01030000.00004497.00000001.000001c2(3b1a83fd)
2024-09-11 10:08:20.558@LM_DEBUG@(7580|19192) InstanceState::unregister_was_received on 01030000.00004497.00000001.000001c2(3b1a83fd)
2024-09-11 10:08:20.559@LM_DEBUG@(7580|19192) DataReaderImpl::remove_associations: bit 1 local 01030000.00004497.00000006.000003c7(cb66c9e0) remote 01030000.00004497.00000001.000004c2(466d77b8) num remotes 1
2024-09-11 10:08:20.561@LM_DEBUG@(7580|19192) DataReaderImpl::remove_associations_i: bit 1 local 01030000.00004497.00000006.000003c7(cb66c9e0) remote 01030000.00004497.00000001.000004c2(466d77b8) num remotes 1
2024-09-11 10:08:20.562@LM_DEBUG@(7580|19192) DataReaderImpl::remove_associations: bit 1 local 01030000.00004497.00000006.000004c7(84275f27) remote 01030000.00004497.00000001.000003c2(092ce17f) num remotes 1
2024-09-11 10:08:20.562@LM_DEBUG@(7580|19192) DataReaderImpl::remove_associations_i: bit 1 local 01030000.00004497.00000006.000004c7(84275f27) remote 01030000.00004497.00000001.000003c2(092ce17f) num remotes 1
2024-09-11 10:08:20.562@LM_DEBUG@(7580|19192) InstanceState::unregister_was_received on 01030000.00004497.00000001.000003c2(092ce17f)
2024-09-11 10:08:20.564@LM_DEBUG@(7580|19192) InstanceState::unregister_was_received on 01030000.00004497.00000001.000003c2(092ce17f)
2024-09-11 10:08:20.567@LM_DEBUG@(7580|17252) Peer has gracefully disconnected.
2024-09-11 10:08:20.567@LM_DEBUG@(7580|19192) DataReaderImpl::remove_associations: bit 1 local 01030000.00004497.00000006.000002c7(d27df8a1) remote 01030000.00004497.00000001.000002c2(1037d03e) num remotes 1
2024-09-11 10:08:20.567@LM_DEBUG@(7580|17252) TcpConnection::handle_close() called on transport: _OPENDDS__BITTCPTransportInst_DEFAULT_REPO to 192.168.1.110:61475 , reconnect_state = INIT_STATE.
2024-09-11 10:08:20.567@LM_DEBUG@(7580|19192) DataReaderImpl::remove_associations_i: bit 1 local 01030000.00004497.00000006.000002c7(d27df8a1) remote 01030000.00004497.00000001.000002c2(1037d03e) num remotes 1
2024-09-11 10:08:20.567@LM_DEBUG@(7580|17252) DataLink::notify: notify sub 01030000.00004497.00000006.000002c7(d27df8a1) DISCONNECTED.
2024-09-11 10:08:20.567@LM_DEBUG@(7580|19192) InstanceState::unregister_was_received on 01030000.00004497.00000001.000002c2(1037d03e)
2024-09-11 10:08:20.567@LM_DEBUG@(7580|19192) InstanceState::unregister_was_received on 01030000.00004497.00000001.000002c2(1037d03e)
2024-09-11 10:08:20.567@LM_DEBUG@(7580|19192) InstanceState::unregister_was_received on 01030000.00004497.00000001.000002c2(1037d03e)
2024-09-11 10:08:20.568@LM_DEBUG@(7580|17252) DataLink::handle_exception() - delay already elapsed so handle_timeout now
2024-09-11 10:08:20.580@LM_DEBUG@(7580|19572) Service_Participant::shutdown
2024-09-11 10:08:20.587@LM_DEBUG@(7580|19572) DomainParticipantFactoryImpl::~DomainParticipantFactoryImpl()
2024-09-11 10:08:20.587@LM_DEBUG@TAO (7580|19572) - Connection_Handler[732]::close_connection_eh, purging entry from cache
2024-09-11 10:08:20.587@LM_DEBUG@TAO (7580|19572) - Connection_Handler[732]::close_connection_eh, removing from the reactor
2024-09-11 10:08:20.587@LM_DEBUG@TAO (7580|19572) - Connection_Handler[732]::close_connection_eh, cancel all timers
2024-09-11 10:08:20.587@LM_DEBUG@TAO (7580|19572) - Connection_Handler[732]::close_connection_eh end
2024-09-11 10:08:20.587@LM_DEBUG@(7580|19572) Service_Participant::~Service_Participant
2024-09-11 10:08:20.587@LM_DEBUG@(7580|19572) Service_Participant::shutdown
