2024-09-11 10:08:19.091@LM_INFO@(20304|18784) INFO: set_DCPS_debug_level: set to 4
2024-09-11 10:08:19.091@LM_INFO@(20304|18784) INFO: ConfigStoreImpl::set_string: COMMON_DCPS_TRANSPORT_DEBUG_LEVEL=2
2024-09-11 10:08:19.108@LM_INFO@(20304|18784) INFO: ConfigStoreImpl::set_string: COMMON_DCPS_PENDING_TIMEOUT=3
2024-09-11 10:08:19.123@LM_INFO@(20304|18784) Service_Participant::get_domain_participant_factory: This is OpenDDS 3.29.1 using ACE 6.5.21
2024-09-11 10:08:19.123@LM_INFO@(20304|18784) Service_Participant::get_domain_participant_factory: log_level: debug DCPS_debug_level: 4
2024-09-11 10:08:19.135@LM_INFO@(20304|18784) Service_Participant::get_domain_participant_factory: machine: LAPTOP-NQKUMCC4, x64 6 platform: Win32, Windows NT 6.2, Build 9200 
2024-09-11 10:08:19.135@LM_INFO@(20304|18784) Service_Participant::get_domain_participant_factory: compiler: Visual C++ version 13.40.0
2024-09-11 10:08:19.135@LM_NOTICE@(20304|18784) NOTICE: Service_Participant::intializeScheduling() - no scheduling policy specified, not setting policy.
2024-09-11 10:08:19.174@LM_DEBUG@(20304|18784) Service_Participant::get_domain_participant_factory: Creating DefaultNetworkConfigMonitor
2024-09-11 10:08:19.174@LM_DEBUG@(20304|18784) Config::Config() - processing argument: model\.\publisher1.EXE.
2024-09-11 10:08:19.176@LM_INFO@(20304|18784) INFO: ConfigStoreImpl::set: REPOSITORY_DEFAULT_REPO=@DEFAULT_REPO
2024-09-11 10:08:19.176@LM_DEBUG@(20304|18784) Service_Participant::set_repo_ior: Repo[DEFAULT_REPO] == file://repo.ior
2024-09-11 10:08:19.206@LM_DEBUG@TAO (20304|18784) - Default_Resource_Factory - codeset manager=000001A937518400
2024-09-11 10:08:19.206@LM_DEBUG@TAO (20304|18784) - Loaded default protocol <IIOP_Factory>
2024-09-11 10:08:19.206@LM_DEBUG@TAO (20304|18784) - IIOP_Connection_Handler::open, IIOP connection to peer <192.168.1.110:61457> on [728]
2024-09-11 10:08:19.237@LM_DEBUG@(20304|18784) DomainParticipantImpl::enable: enabled participant 01030000.00004497.00000003.000001c1(d8d38127) in domain 0
2024-09-11 10:08:19.237@LM_INFO@(20304|18784) INFO: ConfigStoreImpl::set: TRANSPORT_OPENDDS_BITTCP_TRANSPORT_INST_DEFAULT_REPO_DATALINK_RELEASE_DELAY=0
2024-09-11 10:08:19.245@LM_INFO@(20304|18784) INFO: ConfigStoreImpl::set: TRANSPORT_OPENDDS_BITTCP_TRANSPORT_INST_DEFAULT_REPO_LOCAL_ADDRESS=:0
2024-09-11 10:08:19.245@LM_INFO@(20304|18784) InfoRepoDiscovery::bit_config - BIT tcp transport :0
2024-09-11 10:08:19.245@LM_DEBUG@(20304|18784) DDS::ParticipantBuiltinTopicDataDataReaderImpl::enable_specific-data Cached_Allocator_With_Overflow 375b17b0 with 20 chunks
2024-09-11 10:08:19.245@LM_DEBUG@(20304|18784) DataReaderImpl::enable Cached_Allocator_With_Overflow 375b1a20 with 20 chunks
2024-09-11 10:08:19.253@LM_WARNING@(20304|18784) WARNING: get_fully_qualified_hostname: Could not find FQDN. Using "LAPTOP-NQKUMCC4" as fully qualified hostname, please correct system configuration.
2024-09-11 10:08:19.257@LM_DEBUG@(20304|18784) TransportImpl::open()
   transport_type:               tcp
   name:                         _OPENDDS__BITTCPTransportInst_DEFAULT_REPO
   config_prefix:                TRANSPORT_OPENDDS_BITTCP_TRANSPORT_INST_DEFAULT_REPO
   max_packet_size:              2147481599
   max_samples_per_packet:       10
   optimum_packet_size:          4096
   thread_per_connection:        false
   datalink_release_delay:       0
   datalink_control_chunks:      32
   fragment_reassembly_timeout:  5:00.000
   receive_preallocated_message_blocks:0
   receive_preallocated_data_blocks:0
   local_address:                :0
   pub_address:                  
   enable_nagle_algorithm:       false
   conn_retry_initial_delay:     500
   conn_retry_backoff_multiplier:2
   conn_retry_attempts:          3
   passive_reconnect_duration:   2000
   max_output_pause_period:      -1
   active_conn_timeout_period:   5000
2024-09-11 10:08:19.257@LM_DEBUG@(20304|18784) DataReaderImpl::setup_deserialization: Setup successfully with the following data representations: CDR/XCDR1, XCDR2, Unaligned CDR
2024-09-11 10:08:19.275@LM_DEBUG@(20304|2484) DataReaderImpl::add_association - bit 1 local 01030000.00004497.00000003.000001c7(31b02412) remote 01030000.00004497.00000001.000001c2(3b1a83fd)
2024-09-11 10:08:19.275@LM_DEBUG@(20304|18784) DataReaderImpl::enable: got GUID 01030000.00004497.00000003.000001c7(31b02412), subscribed to topic name "DCPSParticipant" type "PARTICIPANT_BUILT_IN_TOPIC_TYPE"
2024-09-11 10:08:19.278@LM_DEBUG@(20304|18784) SubscriberImpl::reader_enabled, datareader(topic_name=DCPSParticipant) enabled
2024-09-11 10:08:19.278@LM_DEBUG@(20304|2484) TransportClient::associate added PendingAssoc between 01030000.00004497.00000003.000001c7(31b02412) and remote 01030000.00004497.00000001.000001c2(3b1a83fd)
2024-09-11 10:08:19.278@LM_DEBUG@(20304|18784) DDS::TopicBuiltinTopicDataDataReaderImpl::enable_specific-data Cached_Allocator_With_Overflow 375afce0 with 20 chunks
2024-09-11 10:08:19.278@LM_DEBUG@(20304|18784) DataReaderImpl::enable Cached_Allocator_With_Overflow 375b0d20 with 20 chunks
2024-09-11 10:08:19.278@LM_DEBUG@(20304|18784) DataReaderImpl::setup_deserialization: Setup successfully with the following data representations: CDR/XCDR1, XCDR2, Unaligned CDR
2024-09-11 10:08:19.278@LM_DEBUG@(20304|2484) TcpTransport::accept_datalink create new link[000001A9397F9620]
2024-09-11 10:08:19.278@LM_DEBUG@(20304|2484) TransportReceiveStrategy-mb Cached_Allocator_With_Overflow 000001A9397FF430 with 1000 chunks
2024-09-11 10:08:19.281@LM_DEBUG@(20304|2484) TransportReceiveStrategy-db Cached_Allocator_With_Overflow 000001A9397FF4B8 with 100 chunks
2024-09-11 10:08:19.281@LM_DEBUG@(20304|2484) TransportReceiveStrategy-data Cached_Allocator_With_Overflow 000001A9397FF540 with 32 chunks
2024-09-11 10:08:19.281@LM_DEBUG@(20304|2484) TransportClient::use_datalink_i TransportClient(000001A9395EFBC0) using datalink[000001A9397F9620] from 01030000.00004497.00000001.000001c2(3b1a83fd)
2024-09-11 10:08:19.281@LM_DEBUG@(20304|2484) TransportClient::use_datalink_i TransportClient(000001A9395EFBC0) about to add_link[000001A9397F9620] to remote: 01030000.00004497.00000001.000001c2(3b1a83fd)
2024-09-11 10:08:19.281@LM_INFO@(20304|5292) EndHistoricSamplesMissedSweeper::ScheduleCommand::execute() - sweeper 000001A9397DA080 is now scheduled
2024-09-11 10:08:19.284@LM_INFO@(20304|5292) EndHistoricSamplesMissedSweeper::CancelCommand::execute() - sweeper 000001A9397DA080 is no longer scheduled
2024-09-11 10:08:19.285@LM_DEBUG@(20304|2484) DataReaderImpl::add_association - bit 1 local 01030000.00004497.00000003.000002c7(1a9d77d1) remote 01030000.00004497.00000001.000002c2(1037d03e)
2024-09-11 10:08:19.285@LM_DEBUG@(20304|18784) DataReaderImpl::enable: got GUID 01030000.00004497.00000003.000002c7(1a9d77d1), subscribed to topic name "DCPSTopic" type "TOPIC_BUILT_IN_TOPIC_TYPE"
2024-09-11 10:08:19.285@LM_DEBUG@(20304|18784) SubscriberImpl::reader_enabled, datareader(topic_name=DCPSTopic) enabled
2024-09-11 10:08:19.285@LM_DEBUG@(20304|2484) TransportClient::associate added PendingAssoc between 01030000.00004497.00000003.000002c7(1a9d77d1) and remote 01030000.00004497.00000001.000002c2(1037d03e)
2024-09-11 10:08:19.286@LM_DEBUG@(20304|18784) DDS::PublicationBuiltinTopicDataDataReaderImpl::enable_specific-data Cached_Allocator_With_Overflow 375afe80 with 20 chunks
2024-09-11 10:08:19.286@LM_DEBUG@(20304|18784) DataReaderImpl::enable Cached_Allocator_With_Overflow 375aff50 with 20 chunks
2024-09-11 10:08:19.286@LM_DEBUG@(20304|2484) TcpTransport::accept_datalink found datalink[000001A9397F9620]
2024-09-11 10:08:19.286@LM_DEBUG@(20304|2484) TransportClient::use_datalink_i TransportClient(000001A9397EC8A0) using datalink[000001A9397F9620] from 01030000.00004497.00000001.000002c2(1037d03e)
2024-09-11 10:08:19.286@LM_DEBUG@(20304|2484) TransportClient::use_datalink_i TransportClient(000001A9397EC8A0) about to add_link[000001A9397F9620] to remote: 01030000.00004497.00000001.000002c2(1037d03e)
2024-09-11 10:08:19.286@LM_DEBUG@(20304|18784) DataReaderImpl::setup_deserialization: Setup successfully with the following data representations: CDR/XCDR1, XCDR2, Unaligned CDR
2024-09-11 10:08:19.286@LM_INFO@(20304|5292) EndHistoricSamplesMissedSweeper::ScheduleCommand::execute() - sweeper 000001A939813240 is now scheduled
2024-09-11 10:08:19.288@LM_INFO@(20304|5292) EndHistoricSamplesMissedSweeper::CancelCommand::execute() - sweeper 000001A939813240 is no longer scheduled
2024-09-11 10:08:19.291@LM_DEBUG@(20304|18784) DataReaderImpl::enable: got GUID 01030000.00004497.00000003.000003c7(03864690), subscribed to topic name "DCPSPublication" type "PUBLICATION_BUILT_IN_TOPIC_TYPE"
2024-09-11 10:08:19.291@LM_DEBUG@(20304|18784) SubscriberImpl::reader_enabled, datareader(topic_name=DCPSPublication) enabled
2024-09-11 10:08:19.291@LM_DEBUG@(20304|2484) DataReaderImpl::add_association - bit 1 local 01030000.00004497.00000003.000003c7(03864690) remote 01030000.00004497.00000001.000004c2(466d77b8)
2024-09-11 10:08:19.291@LM_DEBUG@(20304|2484) TransportClient::associate added PendingAssoc between 01030000.00004497.00000003.000003c7(03864690) and remote 01030000.00004497.00000001.000004c2(466d77b8)
2024-09-11 10:08:19.293@LM_DEBUG@(20304|18784) DDS::SubscriptionBuiltinTopicDataDataReaderImpl::enable_specific-data Cached_Allocator_With_Overflow 375b0df0 with 20 chunks
2024-09-11 10:08:19.293@LM_DEBUG@(20304|18784) DataReaderImpl::enable Cached_Allocator_With_Overflow 375b0f90 with 20 chunks
2024-09-11 10:08:19.293@LM_DEBUG@(20304|2484) TcpTransport::accept_datalink found datalink[000001A9397F9620]
2024-09-11 10:08:19.293@LM_DEBUG@(20304|2484) TransportClient::use_datalink_i TransportClient(000001A939816770) using datalink[000001A9397F9620] from 01030000.00004497.00000001.000004c2(466d77b8)
2024-09-11 10:08:19.293@LM_DEBUG@(20304|18784) DataReaderImpl::setup_deserialization: Setup successfully with the following data representations: CDR/XCDR1, XCDR2, Unaligned CDR
2024-09-11 10:08:19.293@LM_DEBUG@(20304|2484) TransportClient::use_datalink_i TransportClient(000001A939816770) about to add_link[000001A9397F9620] to remote: 01030000.00004497.00000001.000004c2(466d77b8)
2024-09-11 10:08:19.293@LM_INFO@(20304|5292) EndHistoricSamplesMissedSweeper::ScheduleCommand::execute() - sweeper 000001A939817250 is now scheduled
2024-09-11 10:08:19.295@LM_INFO@(20304|5292) EndHistoricSamplesMissedSweeper::CancelCommand::execute() - sweeper 000001A939817250 is no longer scheduled
2024-09-11 10:08:19.295@LM_DEBUG@(20304|2484) DataReaderImpl::add_association - bit 1 local 01030000.00004497.00000003.000004c7(4cc7d057) remote 01030000.00004497.00000001.000003c2(092ce17f)
2024-09-11 10:08:19.295@LM_DEBUG@(20304|18784) DataReaderImpl::enable: got GUID 01030000.00004497.00000003.000004c7(4cc7d057), subscribed to topic name "DCPSSubscription" type "SUBSCRIPTION_BUILT_IN_TOPIC_TYPE"
2024-09-11 10:08:19.295@LM_DEBUG@(20304|18784) SubscriberImpl::reader_enabled, datareader(topic_name=DCPSSubscription) enabled
2024-09-11 10:08:19.295@LM_DEBUG@(20304|2484) TransportClient::associate added PendingAssoc between 01030000.00004497.00000003.000004c7(4cc7d057) and remote 01030000.00004497.00000001.000003c2(092ce17f)
2024-09-11 10:08:19.300@LM_DEBUG@(20304|2484) TcpTransport::accept_datalink found datalink[000001A9397F9620]
2024-09-11 10:08:19.300@LM_DEBUG@(20304|2484) TransportClient::use_datalink_i TransportClient(000001A939823980) using datalink[000001A9397F9620] from 01030000.00004497.00000001.000003c2(092ce17f)
2024-09-11 10:08:19.300@LM_DEBUG@(20304|2484) TransportClient::use_datalink_i TransportClient(000001A939823980) about to add_link[000001A9397F9620] to remote: 01030000.00004497.00000001.000003c2(092ce17f)
2024-09-11 10:08:19.300@LM_INFO@(20304|5292) EndHistoricSamplesMissedSweeper::ScheduleCommand::execute() - sweeper 000001A9398249A0 is now scheduled
2024-09-11 10:08:19.301@LM_INFO@(20304|5292) EndHistoricSamplesMissedSweeper::CancelCommand::execute() - sweeper 000001A9398249A0 is no longer scheduled
2024-09-11 10:08:19.301@LM_DEBUG@(20304|18784) WriteDataContainer sample_list_element_allocator 39855fb0 with 20 chunks
2024-09-11 10:08:19.301@LM_DEBUG@(20304|18784) DataWriterImpl::enable-mb Cached_Allocator_With_Overflow 375b0430 with 20 chunks
2024-09-11 10:08:19.301@LM_DEBUG@(20304|18784) DataWriterImpl::enable-db Cached_Allocator_With_Overflow 375b13a0 with 20 chunks
2024-09-11 10:08:19.301@LM_DEBUG@(20304|18784) DataWriterImpl::enable-header Cached_Allocator_With_Overflow 3757ea90 with 20 chunks
2024-09-11 10:08:19.311@LM_DEBUG@(20304|18784) TransportImpl::open()
   transport_type:               tcp
   name:                         _OPENDDS_0500_TCP
   config_prefix:                TRANSPORT_OPENDDS_0500_TCP
   max_packet_size:              2147481599
   max_samples_per_packet:       10
   optimum_packet_size:          4096
   thread_per_connection:        false
   datalink_release_delay:       10000
   datalink_control_chunks:      32
   fragment_reassembly_timeout:  5:00.000
   receive_preallocated_message_blocks:0
   receive_preallocated_data_blocks:0
   local_address:                
   pub_address:                  
   enable_nagle_algorithm:       false
   conn_retry_initial_delay:     500
   conn_retry_backoff_multiplier:2
   conn_retry_attempts:          3
   passive_reconnect_duration:   2000
   max_output_pause_period:      -1
   active_conn_timeout_period:   5000
2024-09-11 10:08:19.311@LM_DEBUG@(20304|18784) WriterImpl::setup_serialization: Setup successfully with Unaligned CDR data representation.
2024-09-11 10:08:19.311@LM_DEBUG@(20304|18784) DataWriterImpl::setup_serialization: using data allocator at 395f06f0 with 20 88 byte chunks
2024-09-11 10:08:19.311@LM_DEBUG@(20304|18784) DataWriterImpl::enable: got GUID 01030000.00004497.00000003.00000102(dabe122d), publishing to topic name "BookingFlightRequest" type "UATM::bookingFlightRequest"
2024-09-11 10:08:19.359@LM_DEBUG@(20304|2484) DataWriterImpl::add_association - bit 0 local 01030000.00004497.00000003.00000102(dabe122d) remote 01030000.00004497.00000004.00000507(7c98ffb6)
2024-09-11 10:08:19.359@LM_DEBUG@(20304|2484) TransportClient::associate added PendingAssoc between 01030000.00004497.00000003.00000102(dabe122d) and remote 01030000.00004497.00000004.00000507(7c98ffb6)
2024-09-11 10:08:19.359@LM_DEBUG@(20304|2484) PendingAssoc::initiate_connect - between 01030000.00004497.00000003.00000102(dabe122d) and remote 01030000.00004497.00000004.00000507(7c98ffb6)
2024-09-11 10:08:19.359@LM_DEBUG@(20304|2484) TransportClient::initiate_connect_i - attempt to connect_datalink between local 01030000.00004497.00000003.00000102(dabe122d) and remote 01030000.00004497.00000004.00000507(7c98ffb6)
2024-09-11 10:08:19.359@LM_DEBUG@(20304|2484) TcpTransport::connect_datalink PriorityKey prio=0, addr=192.168.1.110:61489, is_loopback=0, is_active=1
2024-09-11 10:08:19.359@LM_DEBUG@(20304|2484) TcpTransport::connect_datalink create new link[000001A93988E1E0]
2024-09-11 10:08:19.359@LM_DEBUG@(20304|2484) TcpConnection::on_active_connection_established: Sending public address <LAPTOP-NQKUMCC4:61486> to remote side
2024-09-11 10:08:19.366@LM_DEBUG@(20304|2484) TransportReceiveStrategy-mb Cached_Allocator_With_Overflow 000001A93988ECF0 with 1000 chunks
2024-09-11 10:08:19.366@LM_DEBUG@(20304|2484) TransportReceiveStrategy-db Cached_Allocator_With_Overflow 000001A93988ED78 with 100 chunks
2024-09-11 10:08:19.366@LM_DEBUG@(20304|2484) TransportReceiveStrategy-data Cached_Allocator_With_Overflow 000001A93988EE00 with 32 chunks
2024-09-11 10:08:19.366@LM_DEBUG@(20304|2484) TcpTransport::connect_datalink completed synchronously.
2024-09-11 10:08:19.366@LM_DEBUG@(20304|2484) TransportClient::initiate_connect_i - connection between local 01030000.00004497.00000003.00000102(dabe122d) and remote 01030000.00004497.00000004.00000507(7c98ffb6) initiation successful
2024-09-11 10:08:19.366@LM_DEBUG@(20304|2484) PendingAssoc::intiate_connect - resulting link from initiate_connect_i (local: 01030000.00004497.00000003.00000102(dabe122d) to remote: 01030000.00004497.00000004.00000507(7c98ffb6)) was nil
2024-09-11 10:08:19.370@LM_DEBUG@(20304|19424) TransportClient::use_datalink_i TransportClient(000001A939854B88) using datalink[000001A93988E1E0] from 01030000.00004497.00000004.00000507(7c98ffb6)
2024-09-11 10:08:19.370@LM_DEBUG@(20304|19424) TransportClient::use_datalink_i TransportClient(000001A939854B88) about to add_link[000001A93988E1E0] to remote: 01030000.00004497.00000004.00000507(7c98ffb6)
2024-09-11 10:08:19.370@LM_INFO@(20304|19424) DataWriterImpl::transport_assoc_done: writer 01030000.00004497.00000003.00000102(dabe122d) succeeded in associating with reader 01030000.00004497.00000004.00000507(7c98ffb6)
2024-09-11 10:08:19.370@LM_DEBUG@(20304|19424) DataWriterImpl::transport_assoc_done: writer 01030000.00004497.00000003.00000102(dabe122d) reader 01030000.00004497.00000004.00000507(7c98ffb6) calling association_complete_i
2024-09-11 10:08:19.370@LM_DEBUG@(20304|19424) DataWriterImpl::association_complete_i - bit 0 local 01030000.00004497.00000003.00000102(dabe122d) remote 01030000.00004497.00000004.00000507(7c98ffb6)
2024-09-11 10:08:19.370@LM_INFO@(20304|19424) Sending historic samples
2024-09-11 10:08:19.370@LM_DEBUG@(20304|19424) DataWriterImpl::create_control_message: from publication 01030000.00004497.00000003.00000102(dabe122d) sending control sample: END_HISTORIC_SAMPLES (0x0b), Length: 16, Byte order: Little Endian, Sequence: 0x00000000, Timestamp: 1726060099.370644000, Publication: 01030000.00004497.00000003.00000102(dabe122d) .
2024-09-11 10:08:19.370@LM_DEBUG@(20304|18784) DataWriterImpl::create_control_message: from publication 01030000.00004497.00000003.00000102(dabe122d) sending control sample: INSTANCE_REGISTRATION (0x02), Length: 4, Byte order: Little Endian, Key Fields Only, Sequence: 0x00000001, Timestamp: 1726060099.370644000, Publication: 01030000.00004497.00000003.00000102(dabe122d) .
2024-09-11 10:08:19.375@LM_DEBUG@(20304|18784) WriteDataContainer::data_delivered 000001A9398591B0
2024-09-11 10:08:19.375@LM_DEBUG@(20304|18784) DataWriterImpl::create_sample_data_message: from publication 01030000.00004497.00000003.00000102(dabe122d) sending data sample: SAMPLE_DATA (0x00), Length: 40, Byte order: Little Endian, Sequence: 0x00000002, Timestamp: 1726060099.370644000, Publication: 01030000.00004497.00000003.00000102(dabe122d) .
2024-09-11 10:08:19.375@LM_DEBUG@(20304|18784) WriteDataContainer::data_delivered 000001A9398591B0
2024-09-11 10:08:19.375@LM_DEBUG@(20304|18784) DataWriterImpl::create_control_message: from publication 01030000.00004497.00000003.00000102(dabe122d) sending control sample: REQUEST_ACK (0x06), Length: 0, Byte order: Little Endian, Key Fields Only, Sequence: 0x00000003, Timestamp: 1726060099.375657000, Publication: 01030000.00004497.00000003.00000102(dabe122d) .
2024-09-11 10:08:19.375@LM_DEBUG@(20304|18784) TcpDataLink::handle_send_request_ack(000001A9395F0990) sequence number 3, publication_id=01030000.00004497.00000003.00000102(dabe122d)
2024-09-11 10:08:19.375@LM_DEBUG@(20304|18784) DataWriterImpl::create_ack_token() - for sequence 3
2024-09-11 10:08:19.375@LM_DEBUG@(20304|18784) DataWriterImpl::wait_for_acknowledgments waiting for acknowledgment of sequence 3 at 10:08:19.375657
2024-09-11 10:08:19.383@LM_DEBUG@(20304|19424) TcpDataLink::ack_received() received sequence number 3, publiction_id=01030000.00004497.00000003.00000102(dabe122d)
2024-09-11 10:08:19.383@LM_DEBUG@(20304|19424) TcpDataLink::ack_received() found matching element 000001A9395F0990
2024-09-11 10:08:19.383@LM_DEBUG@(20304|19424) WriteDataContainer::data_delivered 000001A939859070
2024-09-11 10:08:19.383@LM_DEBUG@(20304|18784) DataWriterImpl::create_control_message: from publication 01030000.00004497.00000003.00000102(dabe122d) sending control sample: DISPOSE_UNREGISTER_INSTANCE (0x0a), Length: 4, Byte order: Little Endian, Key Fields Only, Sequence: 0x00000004, Timestamp: 1726060099.383756000, Publication: 01030000.00004497.00000003.00000102(dabe122d) .
2024-09-11 10:08:19.386@LM_DEBUG@(20304|18784) WriteDataContainer::data_delivered 000001A9398591B0
2024-09-11 10:08:19.387@LM_DEBUG@(20304|5292) DataWriterImpl::remove_associations: bit 0 local 01030000.00004497.00000003.00000102(dabe122d) remote 01030000.00004497.00000004.00000507(7c98ffb6) num remotes 1
2024-09-11 10:08:19.387@LM_DEBUG@(20304|19424) DataLink::handle_exception() - (delay) scheduling timer for future release
2024-09-11 10:08:19.393@LM_DEBUG@(20304|5292) DataReaderImpl::remove_associations: bit 1 local 01030000.00004497.00000003.000001c7(31b02412) remote 01030000.00004497.00000001.000001c2(3b1a83fd) num remotes 1
2024-09-11 10:08:19.393@LM_DEBUG@(20304|5292) DataReaderImpl::remove_associations_i: bit 1 local 01030000.00004497.00000003.000001c7(31b02412) remote 01030000.00004497.00000001.000001c2(3b1a83fd) num remotes 1
2024-09-11 10:08:19.393@LM_DEBUG@(20304|5292) InstanceState::unregister_was_received on 01030000.00004497.00000001.000001c2(3b1a83fd)
2024-09-11 10:08:19.393@LM_DEBUG@(20304|5292) InstanceState::unregister_was_received on 01030000.00004497.00000001.000001c2(3b1a83fd)
2024-09-11 10:08:19.393@LM_DEBUG@(20304|5292) InstanceState::unregister_was_received on 01030000.00004497.00000001.000001c2(3b1a83fd)
2024-09-11 10:08:19.401@LM_DEBUG@(20304|5292) DataReaderImpl::remove_associations: bit 1 local 01030000.00004497.00000003.000003c7(03864690) remote 01030000.00004497.00000001.000004c2(466d77b8) num remotes 1
2024-09-11 10:08:19.401@LM_DEBUG@(20304|5292) DataReaderImpl::remove_associations_i: bit 1 local 01030000.00004497.00000003.000003c7(03864690) remote 01030000.00004497.00000001.000004c2(466d77b8) num remotes 1
2024-09-11 10:08:19.402@LM_DEBUG@(20304|5292) DataReaderImpl::remove_associations: bit 1 local 01030000.00004497.00000003.000004c7(4cc7d057) remote 01030000.00004497.00000001.000003c2(092ce17f) num remotes 1
2024-09-11 10:08:19.402@LM_DEBUG@(20304|5292) DataReaderImpl::remove_associations_i: bit 1 local 01030000.00004497.00000003.000004c7(4cc7d057) remote 01030000.00004497.00000001.000003c2(092ce17f) num remotes 1
2024-09-11 10:08:19.402@LM_DEBUG@(20304|5292) InstanceState::unregister_was_received on 01030000.00004497.00000001.000003c2(092ce17f)
2024-09-11 10:08:19.402@LM_DEBUG@(20304|5292) InstanceState::unregister_was_received on 01030000.00004497.00000001.000003c2(092ce17f)
2024-09-11 10:08:19.408@LM_DEBUG@(20304|15476) Peer has gracefully disconnected.
2024-09-11 10:08:19.408@LM_DEBUG@(20304|5292) DataReaderImpl::remove_associations: bit 1 local 01030000.00004497.00000003.000002c7(1a9d77d1) remote 01030000.00004497.00000001.000002c2(1037d03e) num remotes 1
2024-09-11 10:08:19.408@LM_DEBUG@(20304|15476) TcpConnection::handle_close() called on transport: _OPENDDS__BITTCPTransportInst_DEFAULT_REPO to 192.168.1.110:61475 , reconnect_state = INIT_STATE.
2024-09-11 10:08:19.408@LM_DEBUG@(20304|5292) DataReaderImpl::remove_associations_i: bit 1 local 01030000.00004497.00000003.000002c7(1a9d77d1) remote 01030000.00004497.00000001.000002c2(1037d03e) num remotes 1
2024-09-11 10:08:19.408@LM_DEBUG@(20304|15476) DataLink::notify: notify sub 01030000.00004497.00000003.000002c7(1a9d77d1) DISCONNECTED.
2024-09-11 10:08:19.408@LM_DEBUG@(20304|5292) InstanceState::unregister_was_received on 01030000.00004497.00000001.000002c2(1037d03e)
2024-09-11 10:08:19.408@LM_DEBUG@(20304|5292) InstanceState::unregister_was_received on 01030000.00004497.00000001.000002c2(1037d03e)
2024-09-11 10:08:19.408@LM_DEBUG@(20304|5292) InstanceState::unregister_was_received on 01030000.00004497.00000001.000002c2(1037d03e)
2024-09-11 10:08:19.408@LM_DEBUG@(20304|15476) DataLink::handle_exception() - delay already elapsed so handle_timeout now
2024-09-11 10:08:19.424@LM_DEBUG@(20304|18784) Service_Participant::shutdown
2024-09-11 10:08:19.439@LM_DEBUG@(20304|18784) DomainParticipantFactoryImpl::~DomainParticipantFactoryImpl()
2024-09-11 10:08:19.439@LM_DEBUG@TAO (20304|18784) - Connection_Handler[728]::close_connection_eh, purging entry from cache
2024-09-11 10:08:19.439@LM_DEBUG@TAO (20304|18784) - Connection_Handler[728]::close_connection_eh, removing from the reactor
2024-09-11 10:08:19.439@LM_DEBUG@TAO (20304|18784) - Connection_Handler[728]::close_connection_eh, cancel all timers
2024-09-11 10:08:19.439@LM_DEBUG@TAO (20304|18784) - Connection_Handler[728]::close_connection_eh end
2024-09-11 10:08:19.444@LM_DEBUG@(20304|18784) Service_Participant::~Service_Participant
2024-09-11 10:08:19.444@LM_DEBUG@(20304|18784) Service_Participant::shutdown
