2024-09-11 22:02:30.243@LM_INFO@(6392|4120) INFO: set_DCPS_debug_level: set to 4
2024-09-11 22:02:30.252@LM_INFO@(6392|4120) INFO: ConfigStoreImpl::set_string: COMMON_DCPS_TRANSPORT_DEBUG_LEVEL=2
2024-09-11 22:02:30.254@LM_INFO@(6392|4120) Service_Participant::get_domain_participant_factory: This is OpenDDS 3.29.1 using ACE 6.5.21
2024-09-11 22:02:30.254@LM_INFO@(6392|4120) Service_Participant::get_domain_participant_factory: log_level: debug DCPS_debug_level: 4
2024-09-11 22:02:30.276@LM_INFO@(6392|4120) Service_Participant::get_domain_participant_factory: machine: LAPTOP-NQKUMCC4, x64 6 platform: Win32, Windows NT 6.2, Build 9200 
2024-09-11 22:02:30.278@LM_INFO@(6392|4120) Service_Participant::get_domain_participant_factory: compiler: Visual C++ version 13.40.0
2024-09-11 22:02:30.278@LM_NOTICE@(6392|4120) NOTICE: Service_Participant::intializeScheduling() - no scheduling policy specified, not setting policy.
2024-09-11 22:02:30.294@LM_DEBUG@(6392|4120) Service_Participant::get_domain_participant_factory: Creating DefaultNetworkConfigMonitor
2024-09-11 22:02:30.294@LM_DEBUG@(6392|4120) Config::Config() - processing argument: model\.\publisher4.EXE.
2024-09-11 22:02:30.294@LM_INFO@(6392|4120) INFO: ConfigStoreImpl::set: REPOSITORY_DEFAULT_REPO=@DEFAULT_REPO
2024-09-11 22:02:30.294@LM_DEBUG@(6392|4120) Service_Participant::set_repo_ior: Repo[DEFAULT_REPO] == file://repo.ior
2024-09-11 22:02:30.351@LM_DEBUG@TAO (6392|4120) - Default_Resource_Factory - codeset manager=000001B8199F8290
2024-09-11 22:02:30.353@LM_DEBUG@TAO (6392|4120) - Loaded default protocol <IIOP_Factory>
2024-09-11 22:02:30.361@LM_DEBUG@TAO (6392|4120) - IIOP_Connection_Handler::open, IIOP connection to peer <192.168.1.110:50565> on [720]
2024-09-11 22:02:30.364@LM_DEBUG@(6392|4120) DomainParticipantImpl::enable: enabled participant 01030000.00003432.0000000a.000001c1(8db9a16d) in domain 0
2024-09-11 22:02:30.378@LM_INFO@(6392|4120) INFO: ConfigStoreImpl::set: TRANSPORT_OPENDDS_BITTCP_TRANSPORT_INST_DEFAULT_REPO_DATALINK_RELEASE_DELAY=0
2024-09-11 22:02:30.378@LM_INFO@(6392|4120) INFO: ConfigStoreImpl::set: TRANSPORT_OPENDDS_BITTCP_TRANSPORT_INST_DEFAULT_REPO_LOCAL_ADDRESS=:0
2024-09-11 22:02:30.378@LM_INFO@(6392|4120) InfoRepoDiscovery::bit_config - BIT tcp transport :0
2024-09-11 22:02:30.388@LM_DEBUG@(6392|4120) DDS::ParticipantBuiltinTopicDataDataReaderImpl::enable_specific-data Cached_Allocator_With_Overflow 19a65830 with 20 chunks
2024-09-11 22:02:30.388@LM_DEBUG@(6392|4120) DataReaderImpl::enable Cached_Allocator_With_Overflow 19a65900 with 20 chunks
2024-09-11 22:02:30.414@LM_WARNING@(6392|4120) WARNING: get_fully_qualified_hostname: Could not find FQDN. Using "LAPTOP-NQKUMCC4" as fully qualified hostname, please correct system configuration.
2024-09-11 22:02:30.421@LM_DEBUG@(6392|4120) TransportImpl::open()
   transport_type:               tcp
   name:                         _OPENDDS__BITTCPTransportInst_DEFAULT_REPO
   config_prefix:                TRANSPORT_OPENDDS_BITTCP_TRANSPORT_INST_DEFAULT_REPO
   max_packet_size:              2147481599
   max_samples_per_packet:       10
   optimum_packet_size:          4096
   thread_per_connection:        false
   datalink_release_delay:       0
   datalink_control_chunks:      32
   fragment_reassembly_timeout:  5:00.000
   receive_preallocated_message_blocks:0
   receive_preallocated_data_blocks:0
   local_address:                :0
   pub_address:                  
   enable_nagle_algorithm:       false
   conn_retry_initial_delay:     500
   conn_retry_backoff_multiplier:2
   conn_retry_attempts:          3
   passive_reconnect_duration:   2000
   max_output_pause_period:      -1
   active_conn_timeout_period:   5000
2024-09-11 22:02:30.421@LM_DEBUG@(6392|4120) DataReaderImpl::setup_deserialization: Setup successfully with the following data representations: CDR/XCDR1, XCDR2, Unaligned CDR
2024-09-11 22:02:30.464@LM_DEBUG@(6392|14248) DataReaderImpl::add_association - bit 1 local 01030000.00003432.0000000a.000001c7(64da0458) remote 01030000.00003432.00000001.000001c2(6360c1c6)
2024-09-11 22:02:30.464@LM_DEBUG@(6392|4120) DataReaderImpl::enable: got GUID 01030000.00003432.0000000a.000001c7(64da0458), subscribed to topic name "DCPSParticipant" type "PARTICIPANT_BUILT_IN_TOPIC_TYPE"
2024-09-11 22:02:30.464@LM_DEBUG@(6392|4120) SubscriberImpl::reader_enabled, datareader(topic_name=DCPSParticipant) enabled
2024-09-11 22:02:30.464@LM_DEBUG@(6392|14248) TransportClient::associate added PendingAssoc between 01030000.00003432.0000000a.000001c7(64da0458) and remote 01030000.00003432.00000001.000001c2(6360c1c6)
2024-09-11 22:02:30.469@LM_DEBUG@(6392|4120) DDS::TopicBuiltinTopicDataDataReaderImpl::enable_specific-data Cached_Allocator_With_Overflow 1b564e00 with 20 chunks
2024-09-11 22:02:30.469@LM_DEBUG@(6392|4120) DataReaderImpl::enable Cached_Allocator_With_Overflow 1b565a30 with 20 chunks
2024-09-11 22:02:30.469@LM_DEBUG@(6392|4120) DataReaderImpl::setup_deserialization: Setup successfully with the following data representations: CDR/XCDR1, XCDR2, Unaligned CDR
2024-09-11 22:02:30.469@LM_DEBUG@(6392|14248) TcpTransport::accept_datalink create new link[000001B81BBC7C20]
2024-09-11 22:02:30.477@LM_DEBUG@(6392|14248) TransportReceiveStrategy-mb Cached_Allocator_With_Overflow 000001B81BBC8E30 with 1000 chunks
2024-09-11 22:02:30.477@LM_DEBUG@(6392|14248) TransportReceiveStrategy-db Cached_Allocator_With_Overflow 000001B81BBC8EB8 with 100 chunks
2024-09-11 22:02:30.478@LM_DEBUG@(6392|14248) TransportReceiveStrategy-data Cached_Allocator_With_Overflow 000001B81BBC8F40 with 32 chunks
2024-09-11 22:02:30.478@LM_DEBUG@(6392|14248) TransportClient::use_datalink_i TransportClient(000001B81B4E8F80) using datalink[000001B81BBC7C20] from 01030000.00003432.00000001.000001c2(6360c1c6)
2024-09-11 22:02:30.478@LM_DEBUG@(6392|14248) TransportClient::use_datalink_i TransportClient(000001B81B4E8F80) about to add_link[000001B81BBC7C20] to remote: 01030000.00003432.00000001.000001c2(6360c1c6)
2024-09-11 22:02:30.478@LM_INFO@(6392|20276) EndHistoricSamplesMissedSweeper::ScheduleCommand::execute() - sweeper 000001B81BBABC10 is now scheduled
2024-09-11 22:02:30.478@LM_DEBUG@(6392|4120) DataReaderImpl::add_association - bit 1 local 01030000.00003432.0000000a.000002c7(4ff7579b) remote 01030000.00003432.00000001.000002c2(484d9205)
2024-09-11 22:02:30.483@LM_DEBUG@(6392|4120) TransportClient::associate added PendingAssoc between 01030000.00003432.0000000a.000002c7(4ff7579b) and remote 01030000.00003432.00000001.000002c2(484d9205)
2024-09-11 22:02:30.485@LM_INFO@(6392|20276) EndHistoricSamplesMissedSweeper::CancelCommand::execute() - sweeper 000001B81BBABC10 is no longer scheduled
2024-09-11 22:02:30.485@LM_DEBUG@(6392|4120) TcpTransport::accept_datalink found datalink[000001B81BBC7C20]
2024-09-11 22:02:30.486@LM_DEBUG@(6392|4120) TransportClient::use_datalink_i TransportClient(000001B81BBC0F60) using datalink[000001B81BBC7C20] from 01030000.00003432.00000001.000002c2(484d9205)
2024-09-11 22:02:30.486@LM_DEBUG@(6392|4120) TransportClient::use_datalink_i TransportClient(000001B81BBC0F60) about to add_link[000001B81BBC7C20] to remote: 01030000.00003432.00000001.000002c2(484d9205)
2024-09-11 22:02:30.487@LM_INFO@(6392|20276) EndHistoricSamplesMissedSweeper::ScheduleCommand::execute() - sweeper 000001B81BBCB4B0 is now scheduled
2024-09-11 22:02:30.489@LM_DEBUG@(6392|4120) DataReaderImpl::enable: got GUID 01030000.00003432.0000000a.000002c7(4ff7579b), subscribed to topic name "DCPSTopic" type "TOPIC_BUILT_IN_TOPIC_TYPE"
2024-09-11 22:02:30.489@LM_DEBUG@(6392|4120) SubscriberImpl::reader_enabled, datareader(topic_name=DCPSTopic) enabled
2024-09-11 22:02:30.491@LM_DEBUG@(6392|4120) DDS::PublicationBuiltinTopicDataDataReaderImpl::enable_specific-data Cached_Allocator_With_Overflow 1b565960 with 20 chunks
2024-09-11 22:02:30.491@LM_DEBUG@(6392|4120) DataReaderImpl::enable Cached_Allocator_With_Overflow 1b565070 with 20 chunks
2024-09-11 22:02:30.492@LM_DEBUG@(6392|4120) DataReaderImpl::setup_deserialization: Setup successfully with the following data representations: CDR/XCDR1, XCDR2, Unaligned CDR
2024-09-11 22:02:30.492@LM_INFO@(6392|20276) EndHistoricSamplesMissedSweeper::CancelCommand::execute() - sweeper 000001B81BBCB4B0 is no longer scheduled
2024-09-11 22:02:30.501@LM_DEBUG@(6392|14248) DataReaderImpl::add_association - bit 1 local 01030000.00003432.0000000a.000003c7(56ec66da) remote 01030000.00003432.00000001.000004c2(1e173583)
2024-09-11 22:02:30.501@LM_DEBUG@(6392|4120) DataReaderImpl::enable: got GUID 01030000.00003432.0000000a.000003c7(56ec66da), subscribed to topic name "DCPSPublication" type "PUBLICATION_BUILT_IN_TOPIC_TYPE"
2024-09-11 22:02:30.501@LM_DEBUG@(6392|4120) SubscriberImpl::reader_enabled, datareader(topic_name=DCPSPublication) enabled
2024-09-11 22:02:30.501@LM_DEBUG@(6392|14248) TransportClient::associate added PendingAssoc between 01030000.00003432.0000000a.000003c7(56ec66da) and remote 01030000.00003432.00000001.000004c2(1e173583)
2024-09-11 22:02:30.501@LM_DEBUG@(6392|4120) DDS::SubscriptionBuiltinTopicDataDataReaderImpl::enable_specific-data Cached_Allocator_With_Overflow 1b5642a0 with 20 chunks
2024-09-11 22:02:30.501@LM_DEBUG@(6392|4120) DataReaderImpl::enable Cached_Allocator_With_Overflow 1b5653b0 with 20 chunks
2024-09-11 22:02:30.501@LM_DEBUG@(6392|14248) TcpTransport::accept_datalink found datalink[000001B81BBC7C20]
2024-09-11 22:02:30.501@LM_DEBUG@(6392|4120) DataReaderImpl::setup_deserialization: Setup successfully with the following data representations: CDR/XCDR1, XCDR2, Unaligned CDR
2024-09-11 22:02:30.501@LM_DEBUG@(6392|14248) TransportClient::use_datalink_i TransportClient(000001B81BBE22F0) using datalink[000001B81BBC7C20] from 01030000.00003432.00000001.000004c2(1e173583)
2024-09-11 22:02:30.501@LM_DEBUG@(6392|14248) TransportClient::use_datalink_i TransportClient(000001B81BBE22F0) about to add_link[000001B81BBC7C20] to remote: 01030000.00003432.00000001.000004c2(1e173583)
2024-09-11 22:02:30.501@LM_INFO@(6392|20276) EndHistoricSamplesMissedSweeper::ScheduleCommand::execute() - sweeper 000001B81BBF25D0 is now scheduled
2024-09-11 22:02:30.510@LM_INFO@(6392|20276) EndHistoricSamplesMissedSweeper::CancelCommand::execute() - sweeper 000001B81BBF25D0 is no longer scheduled
2024-09-11 22:02:30.515@LM_DEBUG@(6392|14248) DataReaderImpl::add_association - bit 1 local 01030000.00003432.0000000a.000004c7(19adf01d) remote 01030000.00003432.00000001.000003c2(5156a344)
2024-09-11 22:02:30.515@LM_DEBUG@(6392|4120) DataReaderImpl::enable: got GUID 01030000.00003432.0000000a.000004c7(19adf01d), subscribed to topic name "DCPSSubscription" type "SUBSCRIPTION_BUILT_IN_TOPIC_TYPE"
2024-09-11 22:02:30.515@LM_DEBUG@(6392|4120) SubscriberImpl::reader_enabled, datareader(topic_name=DCPSSubscription) enabled
2024-09-11 22:02:30.515@LM_DEBUG@(6392|14248) TransportClient::associate added PendingAssoc between 01030000.00003432.0000000a.000004c7(19adf01d) and remote 01030000.00003432.00000001.000003c2(5156a344)
2024-09-11 22:02:30.519@LM_DEBUG@(6392|14248) TcpTransport::accept_datalink found datalink[000001B81BBC7C20]
2024-09-11 22:02:30.519@LM_DEBUG@(6392|14248) TransportClient::use_datalink_i TransportClient(000001B81BBF7180) using datalink[000001B81BBC7C20] from 01030000.00003432.00000001.000003c2(5156a344)
2024-09-11 22:02:30.519@LM_DEBUG@(6392|14248) TransportClient::use_datalink_i TransportClient(000001B81BBF7180) about to add_link[000001B81BBC7C20] to remote: 01030000.00003432.00000001.000003c2(5156a344)
2024-09-11 22:02:30.519@LM_INFO@(6392|20276) EndHistoricSamplesMissedSweeper::ScheduleCommand::execute() - sweeper 000001B81BBF6BE0 is now scheduled
2024-09-11 22:02:30.522@LM_DEBUG@(6392|4120) WriteDataContainer sample_list_element_allocator 1bc472f0 with 20 chunks
2024-09-11 22:02:30.522@LM_DEBUG@(6392|4120) DataWriterImpl::enable-mb Cached_Allocator_With_Overflow 1b5657c0 with 20 chunks
2024-09-11 22:02:30.522@LM_DEBUG@(6392|4120) DataWriterImpl::enable-db Cached_Allocator_With_Overflow 1b5656f0 with 20 chunks
2024-09-11 22:02:30.522@LM_DEBUG@(6392|4120) DataWriterImpl::enable-header Cached_Allocator_With_Overflow 1bb97e20 with 20 chunks
2024-09-11 22:02:30.522@LM_INFO@(6392|20276) EndHistoricSamplesMissedSweeper::CancelCommand::execute() - sweeper 000001B81BBF6BE0 is no longer scheduled
2024-09-11 22:02:30.542@LM_DEBUG@(6392|4120) TransportImpl::open()
   transport_type:               tcp
   name:                         _OPENDDS_0500_TCP
   config_prefix:                TRANSPORT_OPENDDS_0500_TCP
   max_packet_size:              2147481599
   max_samples_per_packet:       10
   optimum_packet_size:          4096
   thread_per_connection:        false
   datalink_release_delay:       10000
   datalink_control_chunks:      32
   fragment_reassembly_timeout:  5:00.000
   receive_preallocated_message_blocks:0
   receive_preallocated_data_blocks:0
   local_address:                
   pub_address:                  
   enable_nagle_algorithm:       false
   conn_retry_initial_delay:     500
   conn_retry_backoff_multiplier:2
   conn_retry_attempts:          3
   passive_reconnect_duration:   2000
   max_output_pause_period:      -1
   active_conn_timeout_period:   5000
2024-09-11 22:02:30.542@LM_DEBUG@(6392|4120) WriterImpl::setup_serialization: Setup successfully with Unaligned CDR data representation.
2024-09-11 22:02:30.542@LM_DEBUG@(6392|4120) DataWriterImpl::setup_serialization: using data allocator at 1b4eca20 with 20 64 byte chunks
2024-09-11 22:02:30.549@LM_DEBUG@(6392|14248) DataWriterImpl::add_association - bit 0 local 01030000.00003432.0000000a.00000102(8fd43267) remote 01030000.00003432.00000004.00000507(24e2bd8d)
2024-09-11 22:02:30.549@LM_DEBUG@(6392|14248) TransportClient::associate added PendingAssoc between 01030000.00003432.0000000a.00000102(8fd43267) and remote 01030000.00003432.00000004.00000507(24e2bd8d)
2024-09-11 22:02:30.549@LM_DEBUG@(6392|14248) PendingAssoc::initiate_connect - between 01030000.00003432.0000000a.00000102(8fd43267) and remote 01030000.00003432.00000004.00000507(24e2bd8d)
2024-09-11 22:02:30.549@LM_DEBUG@(6392|14248) TransportClient::initiate_connect_i - attempt to connect_datalink between local 01030000.00003432.0000000a.00000102(8fd43267) and remote 01030000.00003432.00000004.00000507(24e2bd8d)
2024-09-11 22:02:30.549@LM_DEBUG@(6392|4120) DataWriterImpl::enable: got GUID 01030000.00003432.0000000a.00000102(8fd43267), publishing to topic name "flightRoutesInfo" type "UATM::flightRoutesInfo"
2024-09-11 22:02:30.556@LM_DEBUG@(6392|14248) TcpTransport::connect_datalink PriorityKey prio=0, addr=192.168.1.110:50597, is_loopback=0, is_active=1
2024-09-11 22:02:30.557@LM_DEBUG@(6392|14248) TcpTransport::connect_datalink create new link[000001B81BC56E60]
2024-09-11 22:02:30.560@LM_DEBUG@(6392|14248) TcpConnection::on_active_connection_established: Sending public address <LAPTOP-NQKUMCC4:50667> to remote side
2024-09-11 22:02:30.560@LM_DEBUG@(6392|14248) TransportReceiveStrategy-mb Cached_Allocator_With_Overflow 000001B81BC5A4D0 with 1000 chunks
2024-09-11 22:02:30.560@LM_DEBUG@(6392|14248) TransportReceiveStrategy-db Cached_Allocator_With_Overflow 000001B81BC5A558 with 100 chunks
2024-09-11 22:02:30.560@LM_DEBUG@(6392|14248) TransportReceiveStrategy-data Cached_Allocator_With_Overflow 000001B81BC5A5E0 with 32 chunks
2024-09-11 22:02:30.560@LM_DEBUG@(6392|14248) TcpTransport::connect_datalink completed synchronously.
2024-09-11 22:02:30.566@LM_DEBUG@(6392|14248) TransportClient::initiate_connect_i - connection between local 01030000.00003432.0000000a.00000102(8fd43267) and remote 01030000.00003432.00000004.00000507(24e2bd8d) initiation successful
2024-09-11 22:02:30.566@LM_DEBUG@(6392|14248) PendingAssoc::intiate_connect - resulting link from initiate_connect_i (local: 01030000.00003432.0000000a.00000102(8fd43267) to remote: 01030000.00003432.00000004.00000507(24e2bd8d)) was nil
2024-09-11 22:02:30.566@LM_DEBUG@(6392|3504) TransportClient::use_datalink_i TransportClient(000001B81BC26668) using datalink[000001B81BC56E60] from 01030000.00003432.00000004.00000507(24e2bd8d)
2024-09-11 22:02:30.566@LM_DEBUG@(6392|3504) TransportClient::use_datalink_i TransportClient(000001B81BC26668) about to add_link[000001B81BC56E60] to remote: 01030000.00003432.00000004.00000507(24e2bd8d)
2024-09-11 22:02:30.566@LM_INFO@(6392|3504) DataWriterImpl::transport_assoc_done: writer 01030000.00003432.0000000a.00000102(8fd43267) succeeded in associating with reader 01030000.00003432.00000004.00000507(24e2bd8d)
2024-09-11 22:02:30.566@LM_DEBUG@(6392|3504) DataWriterImpl::transport_assoc_done: writer 01030000.00003432.0000000a.00000102(8fd43267) reader 01030000.00003432.00000004.00000507(24e2bd8d) calling association_complete_i
2024-09-11 22:02:30.566@LM_DEBUG@(6392|3504) DataWriterImpl::association_complete_i - bit 0 local 01030000.00003432.0000000a.00000102(8fd43267) remote 01030000.00003432.00000004.00000507(24e2bd8d)
2024-09-11 22:02:30.566@LM_INFO@(6392|3504) Sending historic samples
2024-09-11 22:02:30.566@LM_DEBUG@(6392|3504) DataWriterImpl::create_control_message: from publication 01030000.00003432.0000000a.00000102(8fd43267) sending control sample: END_HISTORIC_SAMPLES (0x0b), Length: 16, Byte order: Little Endian, Sequence: 0x00000000, Timestamp: 1726102950.566255000, Publication: 01030000.00003432.0000000a.00000102(8fd43267) .
2024-09-11 22:02:30.566@LM_DEBUG@(6392|4120) DataWriterImpl::create_control_message: from publication 01030000.00003432.0000000a.00000102(8fd43267) sending control sample: INSTANCE_REGISTRATION (0x02), Length: 4, Byte order: Little Endian, Key Fields Only, Sequence: 0x00000001, Timestamp: 1726102950.566255000, Publication: 01030000.00003432.0000000a.00000102(8fd43267) .
2024-09-11 22:02:30.566@LM_DEBUG@(6392|4120) WriteDataContainer::data_delivered 000001B81BC4A4F0
2024-09-11 22:02:30.574@LM_DEBUG@(6392|4120) DataWriterImpl::create_sample_data_message: from publication 01030000.00003432.0000000a.00000102(8fd43267) sending data sample: SAMPLE_DATA (0x00), Length: 35, Byte order: Little Endian, Sequence: 0x00000002, Timestamp: 1726102950.566255000, Publication: 01030000.00003432.0000000a.00000102(8fd43267) .
2024-09-11 22:02:30.574@LM_DEBUG@(6392|4120) WriteDataContainer::data_delivered 000001B81BC4A4F0
2024-09-11 22:02:30.575@LM_DEBUG@(6392|4120) DataWriterImpl::create_control_message: from publication 01030000.00003432.0000000a.00000102(8fd43267) sending control sample: REQUEST_ACK (0x06), Length: 0, Byte order: Little Endian, Key Fields Only, Sequence: 0x00000003, Timestamp: 1726102950.575368000, Publication: 01030000.00003432.0000000a.00000102(8fd43267) .
2024-09-11 22:02:30.576@LM_DEBUG@(6392|4120) TcpDataLink::handle_send_request_ack(000001B81B4EE540) sequence number 3, publication_id=01030000.00003432.0000000a.00000102(8fd43267)
2024-09-11 22:02:30.576@LM_DEBUG@(6392|4120) DataWriterImpl::create_ack_token() - for sequence 3
2024-09-11 22:02:30.576@LM_DEBUG@(6392|4120) DataWriterImpl::wait_for_acknowledgments waiting for acknowledgment of sequence 3 at 22:02:30.576945
2024-09-11 22:02:30.585@LM_DEBUG@(6392|3504) TcpDataLink::ack_received() received sequence number 3, publiction_id=01030000.00003432.0000000a.00000102(8fd43267)
2024-09-11 22:02:30.585@LM_DEBUG@(6392|3504) TcpDataLink::ack_received() found matching element 000001B81B4EE540
2024-09-11 22:02:30.585@LM_DEBUG@(6392|3504) WriteDataContainer::data_delivered 000001B81BC4A3B0
2024-09-11 22:02:30.590@LM_DEBUG@(6392|4120) DataWriterImpl::create_control_message: from publication 01030000.00003432.0000000a.00000102(8fd43267) sending control sample: DISPOSE_UNREGISTER_INSTANCE (0x0a), Length: 4, Byte order: Little Endian, Key Fields Only, Sequence: 0x00000004, Timestamp: 1726102950.590971000, Publication: 01030000.00003432.0000000a.00000102(8fd43267) .
2024-09-11 22:02:30.590@LM_DEBUG@(6392|4120) WriteDataContainer::data_delivered 000001B81BC4A4F0
2024-09-11 22:02:30.592@LM_DEBUG@(6392|20276) DataWriterImpl::remove_associations: bit 0 local 01030000.00003432.0000000a.00000102(8fd43267) remote 01030000.00003432.00000004.00000507(24e2bd8d) num remotes 1
2024-09-11 22:02:30.592@LM_DEBUG@(6392|3504) DataLink::handle_exception() - (delay) scheduling timer for future release
2024-09-11 22:02:30.595@LM_DEBUG@(6392|20276) DataReaderImpl::remove_associations: bit 1 local 01030000.00003432.0000000a.000001c7(64da0458) remote 01030000.00003432.00000001.000001c2(6360c1c6) num remotes 1
2024-09-11 22:02:30.595@LM_DEBUG@(6392|20276) DataReaderImpl::remove_associations_i: bit 1 local 01030000.00003432.0000000a.000001c7(64da0458) remote 01030000.00003432.00000001.000001c2(6360c1c6) num remotes 1
2024-09-11 22:02:30.595@LM_DEBUG@(6392|20276) InstanceState::unregister_was_received on 01030000.00003432.00000001.000001c2(6360c1c6)
2024-09-11 22:02:30.595@LM_DEBUG@(6392|20276) InstanceState::unregister_was_received on 01030000.00003432.00000001.000001c2(6360c1c6)
2024-09-11 22:02:30.595@LM_DEBUG@(6392|20276) InstanceState::unregister_was_received on 01030000.00003432.00000001.000001c2(6360c1c6)
2024-09-11 22:02:30.595@LM_DEBUG@(6392|20276) InstanceState::unregister_was_received on 01030000.00003432.00000001.000001c2(6360c1c6)
2024-09-11 22:02:30.595@LM_DEBUG@(6392|20276) DataReaderImpl::remove_associations: bit 1 local 01030000.00003432.0000000a.000003c7(56ec66da) remote 01030000.00003432.00000001.000004c2(1e173583) num remotes 1
2024-09-11 22:02:30.595@LM_DEBUG@(6392|20276) DataReaderImpl::remove_associations_i: bit 1 local 01030000.00003432.0000000a.000003c7(56ec66da) remote 01030000.00003432.00000001.000004c2(1e173583) num remotes 1
2024-09-11 22:02:30.595@LM_DEBUG@(6392|20276) DataReaderImpl::remove_associations: bit 1 local 01030000.00003432.0000000a.000004c7(19adf01d) remote 01030000.00003432.00000001.000003c2(5156a344) num remotes 1
2024-09-11 22:02:30.595@LM_DEBUG@(6392|20276) DataReaderImpl::remove_associations_i: bit 1 local 01030000.00003432.0000000a.000004c7(19adf01d) remote 01030000.00003432.00000001.000003c2(5156a344) num remotes 1
2024-09-11 22:02:30.595@LM_DEBUG@(6392|20276) InstanceState::unregister_was_received on 01030000.00003432.00000001.000003c2(5156a344)
2024-09-11 22:02:30.595@LM_DEBUG@(6392|20276) InstanceState::unregister_was_received on 01030000.00003432.00000001.000003c2(5156a344)
2024-09-11 22:02:30.595@LM_DEBUG@(6392|20276) InstanceState::unregister_was_received on 01030000.00003432.00000001.000003c2(5156a344)
2024-09-11 22:02:30.608@LM_DEBUG@(6392|20320) Peer has gracefully disconnected.
2024-09-11 22:02:30.608@LM_DEBUG@(6392|20276) DataReaderImpl::remove_associations: bit 1 local 01030000.00003432.0000000a.000002c7(4ff7579b) remote 01030000.00003432.00000001.000002c2(484d9205) num remotes 1
2024-09-11 22:02:30.608@LM_DEBUG@(6392|20320) TcpConnection::handle_close() called on transport: _OPENDDS__BITTCPTransportInst_DEFAULT_REPO to 192.168.1.110:50577 , reconnect_state = INIT_STATE.
2024-09-11 22:02:30.608@LM_DEBUG@(6392|20276) DataReaderImpl::remove_associations_i: bit 1 local 01030000.00003432.0000000a.000002c7(4ff7579b) remote 01030000.00003432.00000001.000002c2(484d9205) num remotes 1
2024-09-11 22:02:30.609@LM_DEBUG@(6392|20320) DataLink::notify: notify sub 01030000.00003432.0000000a.000002c7(4ff7579b) DISCONNECTED.
2024-09-11 22:02:30.609@LM_DEBUG@(6392|20276) InstanceState::unregister_was_received on 01030000.00003432.00000001.000002c2(484d9205)
2024-09-11 22:02:30.609@LM_DEBUG@(6392|20276) InstanceState::unregister_was_received on 01030000.00003432.00000001.000002c2(484d9205)
2024-09-11 22:02:30.610@LM_DEBUG@(6392|20276) InstanceState::unregister_was_received on 01030000.00003432.00000001.000002c2(484d9205)
2024-09-11 22:02:30.610@LM_DEBUG@(6392|20276) InstanceState::unregister_was_received on 01030000.00003432.00000001.000002c2(484d9205)
2024-09-11 22:02:30.611@LM_DEBUG@(6392|20320) DataLink::handle_exception() - delay already elapsed so handle_timeout now
2024-09-11 22:02:30.619@LM_DEBUG@(6392|4120) Service_Participant::shutdown
2024-09-11 22:02:30.627@LM_DEBUG@(6392|4120) DomainParticipantFactoryImpl::~DomainParticipantFactoryImpl()
2024-09-11 22:02:30.631@LM_DEBUG@TAO (6392|4120) - Connection_Handler[720]::close_connection_eh, purging entry from cache
2024-09-11 22:02:30.631@LM_DEBUG@TAO (6392|4120) - Connection_Handler[720]::close_connection_eh, removing from the reactor
2024-09-11 22:02:30.631@LM_DEBUG@TAO (6392|4120) - Connection_Handler[720]::close_connection_eh, cancel all timers
2024-09-11 22:02:30.631@LM_DEBUG@TAO (6392|4120) - Connection_Handler[720]::close_connection_eh end
2024-09-11 22:02:30.633@LM_DEBUG@(6392|4120) Service_Participant::~Service_Participant
2024-09-11 22:02:30.633@LM_DEBUG@(6392|4120) Service_Participant::shutdown
