2024-09-11 22:02:29.604@LM_INFO@(18372|19152) INFO: set_DCPS_debug_level: set to 4
2024-09-11 22:02:29.606@LM_INFO@(18372|19152) INFO: ConfigStoreImpl::set_string: COMMON_DCPS_TRANSPORT_DEBUG_LEVEL=2
2024-09-11 22:02:29.608@LM_INFO@(18372|19152) Service_Participant::get_domain_participant_factory: This is OpenDDS 3.29.1 using ACE 6.5.21
2024-09-11 22:02:29.608@LM_INFO@(18372|19152) Service_Participant::get_domain_participant_factory: log_level: debug DCPS_debug_level: 4
2024-09-11 22:02:29.615@LM_INFO@(18372|19152) Service_Participant::get_domain_participant_factory: machine: LAPTOP-NQKUMCC4, x64 6 platform: Win32, Windows NT 6.2, Build 9200 
2024-09-11 22:02:29.616@LM_INFO@(18372|19152) Service_Participant::get_domain_participant_factory: compiler: Visual C++ version 13.40.0
2024-09-11 22:02:29.616@LM_NOTICE@(18372|19152) NOTICE: Service_Participant::intializeScheduling() - no scheduling policy specified, not setting policy.
2024-09-11 22:02:29.623@LM_DEBUG@(18372|19152) Service_Participant::get_domain_participant_factory: Creating DefaultNetworkConfigMonitor
2024-09-11 22:02:29.623@LM_DEBUG@(18372|19152) Config::Config() - processing argument: model\.\publisher3.EXE.
2024-09-11 22:02:29.624@LM_INFO@(18372|19152) INFO: ConfigStoreImpl::set: REPOSITORY_DEFAULT_REPO=@DEFAULT_REPO
2024-09-11 22:02:29.624@LM_DEBUG@(18372|19152) Service_Participant::set_repo_ior: Repo[DEFAULT_REPO] == file://repo.ior
2024-09-11 22:02:29.643@LM_DEBUG@TAO (18372|19152) - Default_Resource_Factory - codeset manager=000001D0B2DA3E20
2024-09-11 22:02:29.643@LM_DEBUG@TAO (18372|19152) - Loaded default protocol <IIOP_Factory>
2024-09-11 22:02:29.646@LM_DEBUG@TAO (18372|19152) - IIOP_Connection_Handler::open, IIOP connection to peer <192.168.1.110:50565> on [736]
2024-09-11 22:02:29.649@LM_DEBUG@(18372|19152) DomainParticipantImpl::enable: enabled participant 01030000.00003432.00000009.000001c1(ca19dbbd) in domain 0
2024-09-11 22:02:29.655@LM_INFO@(18372|19152) INFO: ConfigStoreImpl::set: TRANSPORT_OPENDDS_BITTCP_TRANSPORT_INST_DEFAULT_REPO_DATALINK_RELEASE_DELAY=0
2024-09-11 22:02:29.656@LM_INFO@(18372|19152) INFO: ConfigStoreImpl::set: TRANSPORT_OPENDDS_BITTCP_TRANSPORT_INST_DEFAULT_REPO_LOCAL_ADDRESS=:0
2024-09-11 22:02:29.656@LM_INFO@(18372|19152) InfoRepoDiscovery::bit_config - BIT tcp transport :0
2024-09-11 22:02:29.657@LM_DEBUG@(18372|19152) DDS::ParticipantBuiltinTopicDataDataReaderImpl::enable_specific-data Cached_Allocator_With_Overflow b2e42970 with 20 chunks
2024-09-11 22:02:29.657@LM_DEBUG@(18372|19152) DataReaderImpl::enable Cached_Allocator_With_Overflow b2e41520 with 20 chunks
2024-09-11 22:02:29.667@LM_WARNING@(18372|19152) WARNING: get_fully_qualified_hostname: Could not find FQDN. Using "LAPTOP-NQKUMCC4" as fully qualified hostname, please correct system configuration.
2024-09-11 22:02:29.668@LM_DEBUG@(18372|19152) TransportImpl::open()
   transport_type:               tcp
   name:                         _OPENDDS__BITTCPTransportInst_DEFAULT_REPO
   config_prefix:                TRANSPORT_OPENDDS_BITTCP_TRANSPORT_INST_DEFAULT_REPO
   max_packet_size:              2147481599
   max_samples_per_packet:       10
   optimum_packet_size:          4096
   thread_per_connection:        false
   datalink_release_delay:       0
   datalink_control_chunks:      32
   fragment_reassembly_timeout:  5:00.000
   receive_preallocated_message_blocks:0
   receive_preallocated_data_blocks:0
   local_address:                :0
   pub_address:                  
   enable_nagle_algorithm:       false
   conn_retry_initial_delay:     500
   conn_retry_backoff_multiplier:2
   conn_retry_attempts:          3
   passive_reconnect_duration:   2000
   max_output_pause_period:      -1
   active_conn_timeout_period:   5000
2024-09-11 22:02:29.671@LM_DEBUG@(18372|19152) DataReaderImpl::setup_deserialization: Setup successfully with the following data representations: CDR/XCDR1, XCDR2, Unaligned CDR
2024-09-11 22:02:29.693@LM_DEBUG@(18372|17196) DataReaderImpl::add_association - bit 1 local 01030000.00003432.00000009.000001c7(237a7e88) remote 01030000.00003432.00000001.000001c2(6360c1c6)
2024-09-11 22:02:29.693@LM_DEBUG@(18372|19152) DataReaderImpl::enable: got GUID 01030000.00003432.00000009.000001c7(237a7e88), subscribed to topic name "DCPSParticipant" type "PARTICIPANT_BUILT_IN_TOPIC_TYPE"
2024-09-11 22:02:29.693@LM_DEBUG@(18372|19152) SubscriberImpl::reader_enabled, datareader(topic_name=DCPSParticipant) enabled
2024-09-11 22:02:29.693@LM_DEBUG@(18372|17196) TransportClient::associate added PendingAssoc between 01030000.00003432.00000009.000001c7(237a7e88) and remote 01030000.00003432.00000001.000001c2(6360c1c6)
2024-09-11 22:02:29.694@LM_DEBUG@(18372|19152) DDS::TopicBuiltinTopicDataDataReaderImpl::enable_specific-data Cached_Allocator_With_Overflow b2e428a0 with 20 chunks
2024-09-11 22:02:29.694@LM_DEBUG@(18372|19152) DataReaderImpl::enable Cached_Allocator_With_Overflow b2e42a40 with 20 chunks
2024-09-11 22:02:29.694@LM_DEBUG@(18372|19152) DataReaderImpl::setup_deserialization: Setup successfully with the following data representations: CDR/XCDR1, XCDR2, Unaligned CDR
2024-09-11 22:02:29.695@LM_DEBUG@(18372|17196) TcpTransport::accept_datalink create new link[000001D0B4EAA3B0]
2024-09-11 22:02:29.696@LM_DEBUG@(18372|17196) TransportReceiveStrategy-mb Cached_Allocator_With_Overflow 000001D0B4EB01C0 with 1000 chunks
2024-09-11 22:02:29.696@LM_DEBUG@(18372|17196) TransportReceiveStrategy-db Cached_Allocator_With_Overflow 000001D0B4EB0248 with 100 chunks
2024-09-11 22:02:29.697@LM_DEBUG@(18372|17196) TransportReceiveStrategy-data Cached_Allocator_With_Overflow 000001D0B4EB02D0 with 32 chunks
2024-09-11 22:02:29.698@LM_DEBUG@(18372|17196) TransportClient::use_datalink_i TransportClient(000001D0B47A0F10) using datalink[000001D0B4EAA3B0] from 01030000.00003432.00000001.000001c2(6360c1c6)
2024-09-11 22:02:29.698@LM_DEBUG@(18372|17196) TransportClient::use_datalink_i TransportClient(000001D0B47A0F10) about to add_link[000001D0B4EAA3B0] to remote: 01030000.00003432.00000001.000001c2(6360c1c6)
2024-09-11 22:02:29.698@LM_INFO@(18372|18072) EndHistoricSamplesMissedSweeper::ScheduleCommand::execute() - sweeper 000001D0B4E912B0 is now scheduled
2024-09-11 22:02:29.698@LM_DEBUG@(18372|19152) DataReaderImpl::add_association - bit 1 local 01030000.00003432.00000009.000002c7(08572d4b) remote 01030000.00003432.00000001.000002c2(484d9205)
2024-09-11 22:02:29.698@LM_DEBUG@(18372|19152) TransportClient::associate added PendingAssoc between 01030000.00003432.00000009.000002c7(08572d4b) and remote 01030000.00003432.00000001.000002c2(484d9205)
2024-09-11 22:02:29.701@LM_INFO@(18372|18072) EndHistoricSamplesMissedSweeper::CancelCommand::execute() - sweeper 000001D0B4E912B0 is no longer scheduled
2024-09-11 22:02:29.701@LM_DEBUG@(18372|19152) TcpTransport::accept_datalink found datalink[000001D0B4EAA3B0]
2024-09-11 22:02:29.701@LM_DEBUG@(18372|19152) TransportClient::use_datalink_i TransportClient(000001D0B4EA4930) using datalink[000001D0B4EAA3B0] from 01030000.00003432.00000001.000002c2(484d9205)
2024-09-11 22:02:29.701@LM_DEBUG@(18372|19152) TransportClient::use_datalink_i TransportClient(000001D0B4EA4930) about to add_link[000001D0B4EAA3B0] to remote: 01030000.00003432.00000001.000002c2(484d9205)
2024-09-11 22:02:29.701@LM_INFO@(18372|18072) EndHistoricSamplesMissedSweeper::ScheduleCommand::execute() - sweeper 000001D0B4EC6070 is now scheduled
2024-09-11 22:02:29.701@LM_DEBUG@(18372|19152) DataReaderImpl::enable: got GUID 01030000.00003432.00000009.000002c7(08572d4b), subscribed to topic name "DCPSTopic" type "TOPIC_BUILT_IN_TOPIC_TYPE"
2024-09-11 22:02:29.701@LM_DEBUG@(18372|19152) SubscriberImpl::reader_enabled, datareader(topic_name=DCPSTopic) enabled
2024-09-11 22:02:29.701@LM_DEBUG@(18372|19152) DDS::PublicationBuiltinTopicDataDataReaderImpl::enable_specific-data Cached_Allocator_With_Overflow b2e427d0 with 20 chunks
2024-09-11 22:02:29.701@LM_DEBUG@(18372|19152) DataReaderImpl::enable Cached_Allocator_With_Overflow b2e42ff0 with 20 chunks
2024-09-11 22:02:29.701@LM_DEBUG@(18372|19152) DataReaderImpl::setup_deserialization: Setup successfully with the following data representations: CDR/XCDR1, XCDR2, Unaligned CDR
2024-09-11 22:02:29.701@LM_INFO@(18372|18072) EndHistoricSamplesMissedSweeper::CancelCommand::execute() - sweeper 000001D0B4EC6070 is no longer scheduled
2024-09-11 22:02:29.708@LM_DEBUG@(18372|17196) DataReaderImpl::add_association - bit 1 local 01030000.00003432.00000009.000003c7(114c1c0a) remote 01030000.00003432.00000001.000004c2(1e173583)
2024-09-11 22:02:29.708@LM_DEBUG@(18372|19152) DataReaderImpl::enable: got GUID 01030000.00003432.00000009.000003c7(114c1c0a), subscribed to topic name "DCPSPublication" type "PUBLICATION_BUILT_IN_TOPIC_TYPE"
2024-09-11 22:02:29.708@LM_DEBUG@(18372|19152) SubscriberImpl::reader_enabled, datareader(topic_name=DCPSPublication) enabled
2024-09-11 22:02:29.708@LM_DEBUG@(18372|17196) TransportClient::associate added PendingAssoc between 01030000.00003432.00000009.000003c7(114c1c0a) and remote 01030000.00003432.00000001.000004c2(1e173583)
2024-09-11 22:02:29.709@LM_DEBUG@(18372|19152) DDS::SubscriptionBuiltinTopicDataDataReaderImpl::enable_specific-data Cached_Allocator_With_Overflow b2e430c0 with 20 chunks
2024-09-11 22:02:29.709@LM_DEBUG@(18372|19152) DataReaderImpl::enable Cached_Allocator_With_Overflow b2e411e0 with 20 chunks
2024-09-11 22:02:29.709@LM_DEBUG@(18372|17196) TcpTransport::accept_datalink found datalink[000001D0B4EAA3B0]
2024-09-11 22:02:29.710@LM_DEBUG@(18372|17196) TransportClient::use_datalink_i TransportClient(000001D0B4ED1950) using datalink[000001D0B4EAA3B0] from 01030000.00003432.00000001.000004c2(1e173583)
2024-09-11 22:02:29.710@LM_DEBUG@(18372|17196) TransportClient::use_datalink_i TransportClient(000001D0B4ED1950) about to add_link[000001D0B4EAA3B0] to remote: 01030000.00003432.00000001.000004c2(1e173583)
2024-09-11 22:02:29.710@LM_DEBUG@(18372|19152) DataReaderImpl::setup_deserialization: Setup successfully with the following data representations: CDR/XCDR1, XCDR2, Unaligned CDR
2024-09-11 22:02:29.710@LM_INFO@(18372|18072) EndHistoricSamplesMissedSweeper::ScheduleCommand::execute() - sweeper 000001D0B4ED9030 is now scheduled
2024-09-11 22:02:29.710@LM_INFO@(18372|18072) EndHistoricSamplesMissedSweeper::CancelCommand::execute() - sweeper 000001D0B4ED9030 is no longer scheduled
2024-09-11 22:02:29.713@LM_DEBUG@(18372|17196) DataReaderImpl::add_association - bit 1 local 01030000.00003432.00000009.000004c7(5e0d8acd) remote 01030000.00003432.00000001.000003c2(5156a344)
2024-09-11 22:02:29.713@LM_DEBUG@(18372|19152) DataReaderImpl::enable: got GUID 01030000.00003432.00000009.000004c7(5e0d8acd), subscribed to topic name "DCPSSubscription" type "SUBSCRIPTION_BUILT_IN_TOPIC_TYPE"
2024-09-11 22:02:29.713@LM_DEBUG@(18372|19152) SubscriberImpl::reader_enabled, datareader(topic_name=DCPSSubscription) enabled
2024-09-11 22:02:29.713@LM_DEBUG@(18372|17196) TransportClient::associate added PendingAssoc between 01030000.00003432.00000009.000004c7(5e0d8acd) and remote 01030000.00003432.00000001.000003c2(5156a344)
2024-09-11 22:02:29.713@LM_DEBUG@(18372|17196) TcpTransport::accept_datalink found datalink[000001D0B4EAA3B0]
2024-09-11 22:02:29.713@LM_DEBUG@(18372|17196) TransportClient::use_datalink_i TransportClient(000001D0B4EDD380) using datalink[000001D0B4EAA3B0] from 01030000.00003432.00000001.000003c2(5156a344)
2024-09-11 22:02:29.713@LM_DEBUG@(18372|17196) TransportClient::use_datalink_i TransportClient(000001D0B4EDD380) about to add_link[000001D0B4EAA3B0] to remote: 01030000.00003432.00000001.000003c2(5156a344)
2024-09-11 22:02:29.713@LM_INFO@(18372|18072) EndHistoricSamplesMissedSweeper::ScheduleCommand::execute() - sweeper 000001D0B4EDC780 is now scheduled
2024-09-11 22:02:29.716@LM_DEBUG@(18372|19152) WriteDataContainer sample_list_element_allocator b4f0d060 with 20 chunks
2024-09-11 22:02:29.717@LM_DEBUG@(18372|19152) DataWriterImpl::enable-mb Cached_Allocator_With_Overflow b2e412b0 with 20 chunks
2024-09-11 22:02:29.717@LM_INFO@(18372|18072) EndHistoricSamplesMissedSweeper::CancelCommand::execute() - sweeper 000001D0B4EDC780 is no longer scheduled
2024-09-11 22:02:29.717@LM_DEBUG@(18372|19152) DataWriterImpl::enable-db Cached_Allocator_With_Overflow b2e41380 with 20 chunks
2024-09-11 22:02:29.717@LM_DEBUG@(18372|19152) DataWriterImpl::enable-header Cached_Allocator_With_Overflow b4e7d760 with 20 chunks
2024-09-11 22:02:29.726@LM_DEBUG@(18372|19152) TransportImpl::open()
   transport_type:               tcp
   name:                         _OPENDDS_0500_TCP
   config_prefix:                TRANSPORT_OPENDDS_0500_TCP
   max_packet_size:              2147481599
   max_samples_per_packet:       10
   optimum_packet_size:          4096
   thread_per_connection:        false
   datalink_release_delay:       10000
   datalink_control_chunks:      32
   fragment_reassembly_timeout:  5:00.000
   receive_preallocated_message_blocks:0
   receive_preallocated_data_blocks:0
   local_address:                
   pub_address:                  
   enable_nagle_algorithm:       false
   conn_retry_initial_delay:     500
   conn_retry_backoff_multiplier:2
   conn_retry_attempts:          3
   passive_reconnect_duration:   2000
   max_output_pause_period:      -1
   active_conn_timeout_period:   5000
2024-09-11 22:02:29.726@LM_DEBUG@(18372|19152) WriterImpl::setup_serialization: Setup successfully with Unaligned CDR data representation.
2024-09-11 22:02:29.726@LM_DEBUG@(18372|19152) DataWriterImpl::setup_serialization: using data allocator at b47a38d0 with 20 80 byte chunks
2024-09-11 22:02:29.731@LM_DEBUG@(18372|17196) DataWriterImpl::add_association - bit 0 local 01030000.00003432.00000009.00000102(c87448b7) remote 01030000.00003432.00000003.00000507(96c2619d)
2024-09-11 22:02:29.731@LM_DEBUG@(18372|19152) DataWriterImpl::enable: got GUID 01030000.00003432.00000009.00000102(c87448b7), publishing to topic name "AvailabilityInfo" type "UATM::availabilityInfo"
2024-09-11 22:02:29.731@LM_DEBUG@(18372|17196) TransportClient::associate added PendingAssoc between 01030000.00003432.00000009.00000102(c87448b7) and remote 01030000.00003432.00000003.00000507(96c2619d)
2024-09-11 22:02:29.732@LM_DEBUG@(18372|17196) PendingAssoc::initiate_connect - between 01030000.00003432.00000009.00000102(c87448b7) and remote 01030000.00003432.00000003.00000507(96c2619d)
2024-09-11 22:02:29.732@LM_DEBUG@(18372|17196) TransportClient::initiate_connect_i - attempt to connect_datalink between local 01030000.00003432.00000009.00000102(c87448b7) and remote 01030000.00003432.00000003.00000507(96c2619d)
2024-09-11 22:02:29.732@LM_DEBUG@(18372|17196) TcpTransport::connect_datalink PriorityKey prio=0, addr=192.168.1.110:50597, is_loopback=0, is_active=1
2024-09-11 22:02:29.732@LM_DEBUG@(18372|17196) TcpTransport::connect_datalink create new link[000001D0B51CEA80]
2024-09-11 22:02:29.732@LM_DEBUG@(18372|17196) TcpConnection::on_active_connection_established: Sending public address <LAPTOP-NQKUMCC4:50652> to remote side
2024-09-11 22:02:29.736@LM_DEBUG@(18372|17196) TransportReceiveStrategy-mb Cached_Allocator_With_Overflow 000001D0B4F39FC0 with 1000 chunks
2024-09-11 22:02:29.736@LM_DEBUG@(18372|17196) TransportReceiveStrategy-db Cached_Allocator_With_Overflow 000001D0B4F3A048 with 100 chunks
2024-09-11 22:02:29.736@LM_DEBUG@(18372|17196) TransportReceiveStrategy-data Cached_Allocator_With_Overflow 000001D0B4F3A0D0 with 32 chunks
2024-09-11 22:02:29.736@LM_DEBUG@(18372|17196) TcpTransport::connect_datalink completed synchronously.
2024-09-11 22:02:29.736@LM_DEBUG@(18372|17196) TransportClient::initiate_connect_i - connection between local 01030000.00003432.00000009.00000102(c87448b7) and remote 01030000.00003432.00000003.00000507(96c2619d) initiation successful
2024-09-11 22:02:29.736@LM_DEBUG@(18372|17196) PendingAssoc::intiate_connect - resulting link from initiate_connect_i (local: 01030000.00003432.00000009.00000102(c87448b7) to remote: 01030000.00003432.00000003.00000507(96c2619d)) was nil
2024-09-11 22:02:29.736@LM_DEBUG@(18372|19612) TransportClient::use_datalink_i TransportClient(000001D0B4F0A438) using datalink[000001D0B51CEA80] from 01030000.00003432.00000003.00000507(96c2619d)
2024-09-11 22:02:29.736@LM_DEBUG@(18372|19612) TransportClient::use_datalink_i TransportClient(000001D0B4F0A438) about to add_link[000001D0B51CEA80] to remote: 01030000.00003432.00000003.00000507(96c2619d)
2024-09-11 22:02:29.740@LM_INFO@(18372|19612) DataWriterImpl::transport_assoc_done: writer 01030000.00003432.00000009.00000102(c87448b7) succeeded in associating with reader 01030000.00003432.00000003.00000507(96c2619d)
2024-09-11 22:02:29.740@LM_DEBUG@(18372|19612) DataWriterImpl::transport_assoc_done: writer 01030000.00003432.00000009.00000102(c87448b7) reader 01030000.00003432.00000003.00000507(96c2619d) calling association_complete_i
2024-09-11 22:02:29.740@LM_DEBUG@(18372|19612) DataWriterImpl::association_complete_i - bit 0 local 01030000.00003432.00000009.00000102(c87448b7) remote 01030000.00003432.00000003.00000507(96c2619d)
2024-09-11 22:02:29.740@LM_INFO@(18372|19612) Sending historic samples
2024-09-11 22:02:29.740@LM_DEBUG@(18372|19612) DataWriterImpl::create_control_message: from publication 01030000.00003432.00000009.00000102(c87448b7) sending control sample: END_HISTORIC_SAMPLES (0x0b), Length: 16, Byte order: Little Endian, Sequence: 0x00000000, Timestamp: 1726102949.740930000, Publication: 01030000.00003432.00000009.00000102(c87448b7) .
2024-09-11 22:02:29.742@LM_DEBUG@(18372|19152) DataWriterImpl::create_control_message: from publication 01030000.00003432.00000009.00000102(c87448b7) sending control sample: INSTANCE_REGISTRATION (0x02), Length: 4, Byte order: Little Endian, Key Fields Only, Sequence: 0x00000001, Timestamp: 1726102949.741980000, Publication: 01030000.00003432.00000009.00000102(c87448b7) .
2024-09-11 22:02:29.742@LM_DEBUG@(18372|19152) WriteDataContainer::data_delivered 000001D0B4F11270
2024-09-11 22:02:29.743@LM_DEBUG@(18372|19152) DataWriterImpl::create_sample_data_message: from publication 01030000.00003432.00000009.00000102(c87448b7) sending data sample: SAMPLE_DATA (0x00), Length: 40, Byte order: Little Endian, Content-Filtered, Sequence: 0x00000002, Timestamp: 1726102949.741980000, Publication: 01030000.00003432.00000009.00000102(c87448b7), Content-Filter Entries (0): [] .
2024-09-11 22:02:29.743@LM_DEBUG@(18372|19152) WriteDataContainer::data_delivered 000001D0B4F11270
2024-09-11 22:02:29.743@LM_DEBUG@(18372|19152) DataWriterImpl::create_control_message: from publication 01030000.00003432.00000009.00000102(c87448b7) sending control sample: DISPOSE_UNREGISTER_INSTANCE (0x0a), Length: 4, Byte order: Little Endian, Key Fields Only, Sequence: 0x00000003, Timestamp: 1726102949.743148000, Publication: 01030000.00003432.00000009.00000102(c87448b7) .
2024-09-11 22:02:29.743@LM_DEBUG@(18372|19152) WriteDataContainer::data_delivered 000001D0B4F11270
2024-09-11 22:02:29.743@LM_DEBUG@(18372|18072) DataWriterImpl::remove_associations: bit 0 local 01030000.00003432.00000009.00000102(c87448b7) remote 01030000.00003432.00000003.00000507(96c2619d) num remotes 1
2024-09-11 22:02:29.743@LM_DEBUG@(18372|19612) DataLink::handle_exception() - (delay) scheduling timer for future release
2024-09-11 22:02:29.750@LM_DEBUG@(18372|18072) DataReaderImpl::remove_associations: bit 1 local 01030000.00003432.00000009.000001c7(237a7e88) remote 01030000.00003432.00000001.000001c2(6360c1c6) num remotes 1
2024-09-11 22:02:29.750@LM_DEBUG@(18372|18072) DataReaderImpl::remove_associations_i: bit 1 local 01030000.00003432.00000009.000001c7(237a7e88) remote 01030000.00003432.00000001.000001c2(6360c1c6) num remotes 1
2024-09-11 22:02:29.750@LM_DEBUG@(18372|18072) InstanceState::unregister_was_received on 01030000.00003432.00000001.000001c2(6360c1c6)
2024-09-11 22:02:29.752@LM_DEBUG@(18372|18072) InstanceState::unregister_was_received on 01030000.00003432.00000001.000001c2(6360c1c6)
2024-09-11 22:02:29.752@LM_DEBUG@(18372|18072) InstanceState::unregister_was_received on 01030000.00003432.00000001.000001c2(6360c1c6)
2024-09-11 22:02:29.752@LM_DEBUG@(18372|18072) InstanceState::unregister_was_received on 01030000.00003432.00000001.000001c2(6360c1c6)
2024-09-11 22:02:29.752@LM_DEBUG@(18372|18072) DataReaderImpl::remove_associations: bit 1 local 01030000.00003432.00000009.000003c7(114c1c0a) remote 01030000.00003432.00000001.000004c2(1e173583) num remotes 1
2024-09-11 22:02:29.752@LM_DEBUG@(18372|18072) DataReaderImpl::remove_associations_i: bit 1 local 01030000.00003432.00000009.000003c7(114c1c0a) remote 01030000.00003432.00000001.000004c2(1e173583) num remotes 1
2024-09-11 22:02:29.756@LM_DEBUG@(18372|18072) DataReaderImpl::remove_associations: bit 1 local 01030000.00003432.00000009.000004c7(5e0d8acd) remote 01030000.00003432.00000001.000003c2(5156a344) num remotes 1
2024-09-11 22:02:29.756@LM_DEBUG@(18372|18072) DataReaderImpl::remove_associations_i: bit 1 local 01030000.00003432.00000009.000004c7(5e0d8acd) remote 01030000.00003432.00000001.000003c2(5156a344) num remotes 1
2024-09-11 22:02:29.756@LM_DEBUG@(18372|18072) InstanceState::unregister_was_received on 01030000.00003432.00000001.000003c2(5156a344)
2024-09-11 22:02:29.759@LM_DEBUG@(18372|18072) InstanceState::unregister_was_received on 01030000.00003432.00000001.000003c2(5156a344)
2024-09-11 22:02:29.759@LM_DEBUG@(18372|18072) InstanceState::unregister_was_received on 01030000.00003432.00000001.000003c2(5156a344)
2024-09-11 22:02:29.762@LM_DEBUG@(18372|11084) Peer has gracefully disconnected.
2024-09-11 22:02:29.762@LM_DEBUG@(18372|11084) TcpConnection::handle_close() called on transport: _OPENDDS__BITTCPTransportInst_DEFAULT_REPO to 192.168.1.110:50577 , reconnect_state = INIT_STATE.
2024-09-11 22:02:29.762@LM_DEBUG@(18372|18072) DataReaderImpl::remove_associations: bit 1 local 01030000.00003432.00000009.000002c7(08572d4b) remote 01030000.00003432.00000001.000002c2(484d9205) num remotes 1
2024-09-11 22:02:29.762@LM_DEBUG@(18372|18072) DataReaderImpl::remove_associations_i: bit 1 local 01030000.00003432.00000009.000002c7(08572d4b) remote 01030000.00003432.00000001.000002c2(484d9205) num remotes 1
2024-09-11 22:02:29.762@LM_DEBUG@(18372|11084) DataLink::notify: notify sub 01030000.00003432.00000009.000002c7(08572d4b) DISCONNECTED.
2024-09-11 22:02:29.765@LM_DEBUG@(18372|18072) InstanceState::unregister_was_received on 01030000.00003432.00000001.000002c2(484d9205)
2024-09-11 22:02:29.765@LM_DEBUG@(18372|18072) InstanceState::unregister_was_received on 01030000.00003432.00000001.000002c2(484d9205)
2024-09-11 22:02:29.765@LM_DEBUG@(18372|18072) InstanceState::unregister_was_received on 01030000.00003432.00000001.000002c2(484d9205)
2024-09-11 22:02:29.765@LM_DEBUG@(18372|18072) InstanceState::unregister_was_received on 01030000.00003432.00000001.000002c2(484d9205)
2024-09-11 22:02:29.765@LM_DEBUG@(18372|11084) DataLink::handle_exception() - delay already elapsed so handle_timeout now
2024-09-11 22:02:29.782@LM_DEBUG@(18372|19152) Service_Participant::shutdown
2024-09-11 22:02:29.790@LM_DEBUG@(18372|19152) DomainParticipantFactoryImpl::~DomainParticipantFactoryImpl()
2024-09-11 22:02:29.793@LM_DEBUG@TAO (18372|19152) - Connection_Handler[736]::close_connection_eh, purging entry from cache
2024-09-11 22:02:29.793@LM_DEBUG@TAO (18372|19152) - Connection_Handler[736]::close_connection_eh, removing from the reactor
2024-09-11 22:02:29.793@LM_DEBUG@TAO (18372|19152) - Connection_Handler[736]::close_connection_eh, cancel all timers
2024-09-11 22:02:29.793@LM_DEBUG@TAO (18372|19152) - Connection_Handler[736]::close_connection_eh end
2024-09-11 22:02:29.793@LM_DEBUG@(18372|19152) Service_Participant::~Service_Participant
2024-09-11 22:02:29.793@LM_DEBUG@(18372|19152) Service_Participant::shutdown
