2024-09-11 23:49:03.927@LM_INFO@(14936|18260) INFO: set_DCPS_debug_level: set to 4
2024-09-11 23:49:03.927@LM_INFO@(14936|18260) INFO: ConfigStoreImpl::set_string: COMMON_DCPS_TRANSPORT_DEBUG_LEVEL=2
2024-09-11 23:49:03.927@LM_INFO@(14936|18260) Service_Participant::get_domain_participant_factory: This is OpenDDS 3.29.1 using ACE 6.5.21
2024-09-11 23:49:03.927@LM_INFO@(14936|18260) Service_Participant::get_domain_participant_factory: log_level: debug DCPS_debug_level: 4
2024-09-11 23:49:03.943@LM_INFO@(14936|18260) Service_Participant::get_domain_participant_factory: machine: LAPTOP-NQKUMCC4, x64 6 platform: Win32, Windows NT 6.2, Build 9200 
2024-09-11 23:49:03.943@LM_INFO@(14936|18260) Service_Participant::get_domain_participant_factory: compiler: Visual C++ version 13.40.0
2024-09-11 23:49:03.943@LM_NOTICE@(14936|18260) NOTICE: Service_Participant::intializeScheduling() - no scheduling policy specified, not setting policy.
2024-09-11 23:49:03.959@LM_DEBUG@(14936|18260) Service_Participant::get_domain_participant_factory: Creating DefaultNetworkConfigMonitor
2024-09-11 23:49:03.959@LM_DEBUG@(14936|18260) Config::Config() - processing argument: model\.\publisher1.EXE.
2024-09-11 23:49:03.959@LM_INFO@(14936|18260) INFO: ConfigStoreImpl::set: REPOSITORY_DEFAULT_REPO=@DEFAULT_REPO
2024-09-11 23:49:03.959@LM_DEBUG@(14936|18260) Service_Participant::set_repo_ior: Repo[DEFAULT_REPO] == file://repo.ior
2024-09-11 23:49:03.975@LM_DEBUG@TAO (14936|18260) - Default_Resource_Factory - codeset manager=0000018A62C213C0
2024-09-11 23:49:03.975@LM_DEBUG@TAO (14936|18260) - Loaded default protocol <IIOP_Factory>
2024-09-11 23:49:03.991@LM_DEBUG@TAO (14936|18260) - IIOP_Connection_Handler::open, IIOP connection to peer <192.168.1.110:51459> on [716]
2024-09-11 23:49:04.008@LM_DEBUG@(14936|18260) DomainParticipantImpl::enable: enabled participant 01030000.00001327.00000006.000001c1(039f53fb) in domain 0
2024-09-11 23:49:04.049@LM_INFO@(14936|18260) INFO: ConfigStoreImpl::set: TRANSPORT_OPENDDS_BITTCP_TRANSPORT_INST_DEFAULT_REPO_DATALINK_RELEASE_DELAY=0
2024-09-11 23:49:04.049@LM_INFO@(14936|18260) INFO: ConfigStoreImpl::set: TRANSPORT_OPENDDS_BITTCP_TRANSPORT_INST_DEFAULT_REPO_LOCAL_ADDRESS=:0
2024-09-11 23:49:04.049@LM_INFO@(14936|18260) InfoRepoDiscovery::bit_config - BIT tcp transport :0
2024-09-11 23:49:04.049@LM_DEBUG@(14936|18260) DDS::ParticipantBuiltinTopicDataDataReaderImpl::enable_specific-data Cached_Allocator_With_Overflow 62c1cf80 with 20 chunks
2024-09-11 23:49:04.049@LM_DEBUG@(14936|18260) DataReaderImpl::enable Cached_Allocator_With_Overflow 62c1d390 with 20 chunks
2024-09-11 23:49:04.065@LM_WARNING@(14936|18260) WARNING: get_fully_qualified_hostname: Could not find FQDN. Using "LAPTOP-NQKUMCC4" as fully qualified hostname, please correct system configuration.
2024-09-11 23:49:04.068@LM_DEBUG@(14936|18260) TransportImpl::open()
   transport_type:               tcp
   name:                         _OPENDDS__BITTCPTransportInst_DEFAULT_REPO
   config_prefix:                TRANSPORT_OPENDDS_BITTCP_TRANSPORT_INST_DEFAULT_REPO
   max_packet_size:              2147481599
   max_samples_per_packet:       10
   optimum_packet_size:          4096
   thread_per_connection:        false
   datalink_release_delay:       0
   datalink_control_chunks:      32
   fragment_reassembly_timeout:  5:00.000
   receive_preallocated_message_blocks:0
   receive_preallocated_data_blocks:0
   local_address:                :0
   pub_address:                  
   enable_nagle_algorithm:       false
   conn_retry_initial_delay:     500
   conn_retry_backoff_multiplier:2
   conn_retry_attempts:          3
   passive_reconnect_duration:   2000
   max_output_pause_period:      -1
   active_conn_timeout_period:   5000
2024-09-11 23:49:04.068@LM_DEBUG@(14936|18260) DataReaderImpl::setup_deserialization: Setup successfully with the following data representations: CDR/XCDR1, XCDR2, Unaligned CDR
2024-09-11 23:49:04.085@LM_DEBUG@(14936|14480) DataReaderImpl::add_association - bit 1 local 01030000.00001327.00000006.000001c7(eafcf6ce) remote 01030000.00001327.00000001.000001c2(28b6de51)
2024-09-11 23:49:04.085@LM_DEBUG@(14936|18260) DataReaderImpl::enable: got GUID 01030000.00001327.00000006.000001c7(eafcf6ce), subscribed to topic name "DCPSParticipant" type "PARTICIPANT_BUILT_IN_TOPIC_TYPE"
2024-09-11 23:49:04.085@LM_DEBUG@(14936|18260) SubscriberImpl::reader_enabled, datareader(topic_name=DCPSParticipant) enabled
2024-09-11 23:49:04.085@LM_DEBUG@(14936|14480) TransportClient::associate added PendingAssoc between 01030000.00001327.00000006.000001c7(eafcf6ce) and remote 01030000.00001327.00000001.000001c2(28b6de51)
2024-09-11 23:49:04.085@LM_DEBUG@(14936|18260) DDS::TopicBuiltinTopicDataDataReaderImpl::enable_specific-data Cached_Allocator_With_Overflow 62c1ea50 with 20 chunks
2024-09-11 23:49:04.085@LM_DEBUG@(14936|18260) DataReaderImpl::enable Cached_Allocator_With_Overflow 62c1d7a0 with 20 chunks
2024-09-11 23:49:04.085@LM_DEBUG@(14936|18260) DataReaderImpl::setup_deserialization: Setup successfully with the following data representations: CDR/XCDR1, XCDR2, Unaligned CDR
2024-09-11 23:49:04.085@LM_DEBUG@(14936|14480) TcpTransport::accept_datalink create new link[0000018A64D21E40]
2024-09-11 23:49:04.091@LM_DEBUG@(14936|14480) TransportReceiveStrategy-mb Cached_Allocator_With_Overflow 0000018A64D274C0 with 1000 chunks
2024-09-11 23:49:04.091@LM_DEBUG@(14936|14480) TransportReceiveStrategy-db Cached_Allocator_With_Overflow 0000018A64D27548 with 100 chunks
2024-09-11 23:49:04.091@LM_DEBUG@(14936|14480) TransportReceiveStrategy-data Cached_Allocator_With_Overflow 0000018A64D275D0 with 32 chunks
2024-09-11 23:49:04.091@LM_DEBUG@(14936|14480) TransportClient::use_datalink_i TransportClient(0000018A64B188A0) using datalink[0000018A64D21E40] from 01030000.00001327.00000001.000001c2(28b6de51)
2024-09-11 23:49:04.091@LM_DEBUG@(14936|14480) TransportClient::use_datalink_i TransportClient(0000018A64B188A0) about to add_link[0000018A64D21E40] to remote: 01030000.00001327.00000001.000001c2(28b6de51)
2024-09-11 23:49:04.091@LM_INFO@(14936|15444) EndHistoricSamplesMissedSweeper::ScheduleCommand::execute() - sweeper 0000018A64D05FA0 is now scheduled
2024-09-11 23:49:04.094@LM_INFO@(14936|15444) EndHistoricSamplesMissedSweeper::CancelCommand::execute() - sweeper 0000018A64D05FA0 is no longer scheduled
2024-09-11 23:49:04.099@LM_DEBUG@(14936|14480) DataReaderImpl::add_association - bit 1 local 01030000.00001327.00000006.000002c7(c1d1a50d) remote 01030000.00001327.00000001.000002c2(039b8d92)
2024-09-11 23:49:04.099@LM_DEBUG@(14936|18260) DataReaderImpl::enable: got GUID 01030000.00001327.00000006.000002c7(c1d1a50d), subscribed to topic name "DCPSTopic" type "TOPIC_BUILT_IN_TOPIC_TYPE"
2024-09-11 23:49:04.099@LM_DEBUG@(14936|18260) SubscriberImpl::reader_enabled, datareader(topic_name=DCPSTopic) enabled
2024-09-11 23:49:04.099@LM_DEBUG@(14936|14480) TransportClient::associate added PendingAssoc between 01030000.00001327.00000006.000002c7(c1d1a50d) and remote 01030000.00001327.00000001.000002c2(039b8d92)
2024-09-11 23:49:04.099@LM_DEBUG@(14936|18260) DDS::PublicationBuiltinTopicDataDataReaderImpl::enable_specific-data Cached_Allocator_With_Overflow 62c1def0 with 20 chunks
2024-09-11 23:49:04.099@LM_DEBUG@(14936|18260) DataReaderImpl::enable Cached_Allocator_With_Overflow 62c1dfc0 with 20 chunks
2024-09-11 23:49:04.099@LM_DEBUG@(14936|14480) TcpTransport::accept_datalink found datalink[0000018A64D21E40]
2024-09-11 23:49:04.099@LM_DEBUG@(14936|14480) TransportClient::use_datalink_i TransportClient(0000018A64D18550) using datalink[0000018A64D21E40] from 01030000.00001327.00000001.000002c2(039b8d92)
2024-09-11 23:49:04.099@LM_DEBUG@(14936|14480) TransportClient::use_datalink_i TransportClient(0000018A64D18550) about to add_link[0000018A64D21E40] to remote: 01030000.00001327.00000001.000002c2(039b8d92)
2024-09-11 23:49:04.099@LM_DEBUG@(14936|18260) DataReaderImpl::setup_deserialization: Setup successfully with the following data representations: CDR/XCDR1, XCDR2, Unaligned CDR
2024-09-11 23:49:04.099@LM_INFO@(14936|15444) EndHistoricSamplesMissedSweeper::ScheduleCommand::execute() - sweeper 0000018A64D277C0 is now scheduled
2024-09-11 23:49:04.101@LM_INFO@(14936|15444) EndHistoricSamplesMissedSweeper::CancelCommand::execute() - sweeper 0000018A64D277C0 is no longer scheduled
2024-09-11 23:49:04.106@LM_DEBUG@(14936|14480) DataReaderImpl::add_association - bit 1 local 01030000.00001327.00000006.000003c7(d8ca944c) remote 01030000.00001327.00000001.000004c2(55c12a14)
2024-09-11 23:49:04.106@LM_DEBUG@(14936|14480) TransportClient::associate added PendingAssoc between 01030000.00001327.00000006.000003c7(d8ca944c) and remote 01030000.00001327.00000001.000004c2(55c12a14)
2024-09-11 23:49:04.106@LM_DEBUG@(14936|18260) DataReaderImpl::enable: got GUID 01030000.00001327.00000006.000003c7(d8ca944c), subscribed to topic name "DCPSPublication" type "PUBLICATION_BUILT_IN_TOPIC_TYPE"
2024-09-11 23:49:04.106@LM_DEBUG@(14936|18260) SubscriberImpl::reader_enabled, datareader(topic_name=DCPSPublication) enabled
2024-09-11 23:49:04.106@LM_DEBUG@(14936|14480) TcpTransport::accept_datalink found datalink[0000018A64D21E40]
2024-09-11 23:49:04.106@LM_DEBUG@(14936|14480) TransportClient::use_datalink_i TransportClient(0000018A64D47FC0) using datalink[0000018A64D21E40] from 01030000.00001327.00000001.000004c2(55c12a14)
2024-09-11 23:49:04.106@LM_DEBUG@(14936|14480) TransportClient::use_datalink_i TransportClient(0000018A64D47FC0) about to add_link[0000018A64D21E40] to remote: 01030000.00001327.00000001.000004c2(55c12a14)
2024-09-11 23:49:04.106@LM_DEBUG@(14936|18260) DDS::SubscriptionBuiltinTopicDataDataReaderImpl::enable_specific-data Cached_Allocator_With_Overflow 62c1e160 with 20 chunks
2024-09-11 23:49:04.106@LM_INFO@(14936|15444) EndHistoricSamplesMissedSweeper::ScheduleCommand::execute() - sweeper 0000018A64D5A4A0 is now scheduled
2024-09-11 23:49:04.106@LM_DEBUG@(14936|18260) DataReaderImpl::enable Cached_Allocator_With_Overflow 62c1e3d0 with 20 chunks
2024-09-11 23:49:04.109@LM_DEBUG@(14936|18260) DataReaderImpl::setup_deserialization: Setup successfully with the following data representations: CDR/XCDR1, XCDR2, Unaligned CDR
2024-09-11 23:49:04.109@LM_INFO@(14936|15444) EndHistoricSamplesMissedSweeper::CancelCommand::execute() - sweeper 0000018A64D5A4A0 is no longer scheduled
2024-09-11 23:49:04.110@LM_DEBUG@(14936|14480) DataReaderImpl::add_association - bit 1 local 01030000.00001327.00000006.000004c7(978b028b) remote 01030000.00001327.00000001.000003c2(1a80bcd3)
2024-09-11 23:49:04.110@LM_DEBUG@(14936|18260) DataReaderImpl::enable: got GUID 01030000.00001327.00000006.000004c7(978b028b), subscribed to topic name "DCPSSubscription" type "SUBSCRIPTION_BUILT_IN_TOPIC_TYPE"
2024-09-11 23:49:04.110@LM_DEBUG@(14936|18260) SubscriberImpl::reader_enabled, datareader(topic_name=DCPSSubscription) enabled
2024-09-11 23:49:04.110@LM_DEBUG@(14936|14480) TransportClient::associate added PendingAssoc between 01030000.00001327.00000006.000004c7(978b028b) and remote 01030000.00001327.00000001.000003c2(1a80bcd3)
2024-09-11 23:49:04.117@LM_DEBUG@(14936|14480) TcpTransport::accept_datalink found datalink[0000018A64D21E40]
2024-09-11 23:49:04.117@LM_DEBUG@(14936|14480) TransportClient::use_datalink_i TransportClient(0000018A64D60A00) using datalink[0000018A64D21E40] from 01030000.00001327.00000001.000003c2(1a80bcd3)
2024-09-11 23:49:04.117@LM_DEBUG@(14936|14480) TransportClient::use_datalink_i TransportClient(0000018A64D60A00) about to add_link[0000018A64D21E40] to remote: 01030000.00001327.00000001.000003c2(1a80bcd3)
2024-09-11 23:49:04.117@LM_INFO@(14936|15444) EndHistoricSamplesMissedSweeper::ScheduleCommand::execute() - sweeper 0000018A64D840B0 is now scheduled
2024-09-11 23:49:04.120@LM_INFO@(14936|15444) EndHistoricSamplesMissedSweeper::CancelCommand::execute() - sweeper 0000018A64D840B0 is no longer scheduled
2024-09-11 23:49:04.122@LM_DEBUG@(14936|18260) WriteDataContainer sample_list_element_allocator 64d91480 with 20 chunks
2024-09-11 23:49:04.122@LM_DEBUG@(14936|18260) DataWriterImpl::enable-mb Cached_Allocator_With_Overflow 62c1e640 with 20 chunks
2024-09-11 23:49:04.122@LM_DEBUG@(14936|18260) DataWriterImpl::enable-db Cached_Allocator_With_Overflow 62c1eb20 with 20 chunks
2024-09-11 23:49:04.122@LM_DEBUG@(14936|18260) DataWriterImpl::enable-header Cached_Allocator_With_Overflow 64d42230 with 20 chunks
2024-09-11 23:49:04.133@LM_DEBUG@(14936|18260) TransportImpl::open()
   transport_type:               tcp
   name:                         _OPENDDS_0500_TCP
   config_prefix:                TRANSPORT_OPENDDS_0500_TCP
   max_packet_size:              2147481599
   max_samples_per_packet:       10
   optimum_packet_size:          4096
   thread_per_connection:        false
   datalink_release_delay:       10000
   datalink_control_chunks:      32
   fragment_reassembly_timeout:  5:00.000
   receive_preallocated_message_blocks:0
   receive_preallocated_data_blocks:0
   local_address:                
   pub_address:                  
   enable_nagle_algorithm:       false
   conn_retry_initial_delay:     500
   conn_retry_backoff_multiplier:2
   conn_retry_attempts:          3
   passive_reconnect_duration:   2000
   max_output_pause_period:      -1
   active_conn_timeout_period:   5000
2024-09-11 23:49:04.140@LM_DEBUG@(14936|18260) WriterImpl::setup_serialization: Setup successfully with Unaligned CDR data representation.
2024-09-11 23:49:04.140@LM_DEBUG@(14936|18260) DataWriterImpl::setup_serialization: using data allocator at 64d5ef90 with 20 64 byte chunks
2024-09-11 23:49:04.145@LM_DEBUG@(14936|14480) DataWriterImpl::add_association - bit 0 local 01030000.00001327.00000006.00000102(01f2c0f1) remote 01030000.00001327.00000002.00000507(e07457ba)
2024-09-11 23:49:04.145@LM_DEBUG@(14936|14480) TransportClient::associate added PendingAssoc between 01030000.00001327.00000006.00000102(01f2c0f1) and remote 01030000.00001327.00000002.00000507(e07457ba)
2024-09-11 23:49:04.150@LM_DEBUG@(14936|14480) PendingAssoc::initiate_connect - between 01030000.00001327.00000006.00000102(01f2c0f1) and remote 01030000.00001327.00000002.00000507(e07457ba)
2024-09-11 23:49:04.150@LM_DEBUG@(14936|14480) TransportClient::initiate_connect_i - attempt to connect_datalink between local 01030000.00001327.00000006.00000102(01f2c0f1) and remote 01030000.00001327.00000002.00000507(e07457ba)
2024-09-11 23:49:04.150@LM_DEBUG@(14936|18260) DataWriterImpl::add_association - bit 0 local 01030000.00001327.00000006.00000102(01f2c0f1) remote 01030000.00001327.00000004.00000507(6f34a21a)
2024-09-11 23:49:04.150@LM_DEBUG@(14936|18260) TransportClient::associate added PendingAssoc between 01030000.00001327.00000006.00000102(01f2c0f1) and remote 01030000.00001327.00000004.00000507(6f34a21a)
2024-09-11 23:49:04.150@LM_DEBUG@(14936|18260) PendingAssoc::initiate_connect - between 01030000.00001327.00000006.00000102(01f2c0f1) and remote 01030000.00001327.00000004.00000507(6f34a21a)
2024-09-11 23:49:04.150@LM_DEBUG@(14936|18260) TransportClient::initiate_connect_i - attempt to connect_datalink between local 01030000.00001327.00000006.00000102(01f2c0f1) and remote 01030000.00001327.00000004.00000507(6f34a21a)
2024-09-11 23:49:04.150@LM_DEBUG@(14936|14480) TcpTransport::connect_datalink PriorityKey prio=0, addr=192.168.1.110:51523, is_loopback=0, is_active=1
2024-09-11 23:49:04.152@LM_DEBUG@(14936|14480) TcpTransport::connect_datalink create new link[0000018A650494F0]
2024-09-11 23:49:04.152@LM_DEBUG@(14936|18260) TcpTransport::connect_datalink PriorityKey prio=0, addr=192.168.1.110:51525, is_loopback=0, is_active=1
2024-09-11 23:49:04.152@LM_DEBUG@(14936|18260) TcpTransport::connect_datalink create new link[0000018A6504D1A0]
2024-09-11 23:49:04.153@LM_DEBUG@(14936|14480) TcpConnection::on_active_connection_established: Sending public address <LAPTOP-NQKUMCC4:51541> to remote side
2024-09-11 23:49:04.153@LM_DEBUG@(14936|18260) TcpConnection::on_active_connection_established: Sending public address <LAPTOP-NQKUMCC4:51541> to remote side
2024-09-11 23:49:04.153@LM_DEBUG@(14936|14480) TransportReceiveStrategy-mb Cached_Allocator_With_Overflow 0000018A6504FAD0 with 1000 chunks
2024-09-11 23:49:04.153@LM_DEBUG@(14936|14480) TransportReceiveStrategy-db Cached_Allocator_With_Overflow 0000018A6504FB58 with 100 chunks
2024-09-11 23:49:04.153@LM_DEBUG@(14936|14480) TransportReceiveStrategy-data Cached_Allocator_With_Overflow 0000018A6504FBE0 with 32 chunks
2024-09-11 23:49:04.153@LM_DEBUG@(14936|18260) TransportReceiveStrategy-mb Cached_Allocator_With_Overflow 0000018A6506C3A0 with 1000 chunks
2024-09-11 23:49:04.153@LM_DEBUG@(14936|18260) TransportReceiveStrategy-db Cached_Allocator_With_Overflow 0000018A6506C428 with 100 chunks
2024-09-11 23:49:04.153@LM_DEBUG@(14936|18260) TransportReceiveStrategy-data Cached_Allocator_With_Overflow 0000018A6506C4B0 with 32 chunks
2024-09-11 23:49:04.153@LM_DEBUG@(14936|14480) TcpTransport::connect_datalink completed synchronously.
2024-09-11 23:49:04.153@LM_DEBUG@(14936|14480) TransportClient::initiate_connect_i - connection between local 01030000.00001327.00000006.00000102(01f2c0f1) and remote 01030000.00001327.00000002.00000507(e07457ba) initiation successful
2024-09-11 23:49:04.153@LM_DEBUG@(14936|18260) TcpTransport::connect_datalink completed synchronously.
2024-09-11 23:49:04.153@LM_DEBUG@(14936|14480) PendingAssoc::intiate_connect - resulting link from initiate_connect_i (local: 01030000.00001327.00000006.00000102(01f2c0f1) to remote: 01030000.00001327.00000002.00000507(e07457ba)) was nil
2024-09-11 23:49:04.158@LM_DEBUG@(14936|18260) TransportClient::initiate_connect_i - connection between local 01030000.00001327.00000006.00000102(01f2c0f1) and remote 01030000.00001327.00000004.00000507(6f34a21a) initiation successful
2024-09-11 23:49:04.158@LM_DEBUG@(14936|18260) PendingAssoc::intiate_connect - resulting link from initiate_connect_i (local: 01030000.00001327.00000006.00000102(01f2c0f1) to remote: 01030000.00001327.00000004.00000507(6f34a21a)) was nil
2024-09-11 23:49:04.158@LM_DEBUG@(14936|18260) DataWriterImpl::enable: got GUID 01030000.00001327.00000006.00000102(01f2c0f1), publishing to topic name "flightAssign" type "UATM::flightAssign"
2024-09-11 23:49:04.158@LM_DEBUG@(14936|18528) TransportClient::use_datalink_i TransportClient(0000018A64D90868) using datalink[0000018A650494F0] from 01030000.00001327.00000002.00000507(e07457ba)
2024-09-11 23:49:04.158@LM_DEBUG@(14936|18528) TransportClient::use_datalink_i TransportClient(0000018A64D90868) about to add_link[0000018A650494F0] to remote: 01030000.00001327.00000002.00000507(e07457ba)
2024-09-11 23:49:04.158@LM_INFO@(14936|18528) DataWriterImpl::transport_assoc_done: writer 01030000.00001327.00000006.00000102(01f2c0f1) succeeded in associating with reader 01030000.00001327.00000002.00000507(e07457ba)
2024-09-11 23:49:04.158@LM_DEBUG@(14936|18528) DataWriterImpl::transport_assoc_done: writer 01030000.00001327.00000006.00000102(01f2c0f1) reader 01030000.00001327.00000002.00000507(e07457ba) calling association_complete_i
2024-09-11 23:49:04.158@LM_DEBUG@(14936|18528) DataWriterImpl::association_complete_i - bit 0 local 01030000.00001327.00000006.00000102(01f2c0f1) remote 01030000.00001327.00000002.00000507(e07457ba)
2024-09-11 23:49:04.158@LM_INFO@(14936|18528) Sending historic samples
2024-09-11 23:49:04.158@LM_DEBUG@(14936|18528) DataWriterImpl::create_control_message: from publication 01030000.00001327.00000006.00000102(01f2c0f1) sending control sample: END_HISTORIC_SAMPLES (0x0b), Length: 16, Byte order: Little Endian, Sequence: 0x00000000, Timestamp: 1726109344.158801000, Publication: 01030000.00001327.00000006.00000102(01f2c0f1) .
2024-09-11 23:49:04.161@LM_DEBUG@(14936|18260) DataWriterImpl::create_control_message: from publication 01030000.00001327.00000006.00000102(01f2c0f1) sending control sample: INSTANCE_REGISTRATION (0x02), Length: 4, Byte order: Little Endian, Key Fields Only, Sequence: 0x00000001, Timestamp: 1726109344.161330000, Publication: 01030000.00001327.00000006.00000102(01f2c0f1) .
2024-09-11 23:49:04.161@LM_DEBUG@(14936|18528) TransportClient::use_datalink_i TransportClient(0000018A64D90868) using datalink[0000018A6504D1A0] from 01030000.00001327.00000004.00000507(6f34a21a)
2024-09-11 23:49:04.161@LM_DEBUG@(14936|18528) TransportClient::use_datalink_i TransportClient(0000018A64D90868) about to add_link[0000018A6504D1A0] to remote: 01030000.00001327.00000004.00000507(6f34a21a)
2024-09-11 23:49:04.161@LM_DEBUG@(14936|18260) WriteDataContainer::data_delivered 0000018A64D94680
2024-09-11 23:49:04.161@LM_DEBUG@(14936|18260) DataWriterImpl::create_sample_data_message: from publication 01030000.00001327.00000006.00000102(01f2c0f1) sending data sample: SAMPLE_DATA (0x00), Length: 41, Byte order: Little Endian, Sequence: 0x00000002, Timestamp: 1726109344.161330000, Publication: 01030000.00001327.00000006.00000102(01f2c0f1) .
2024-09-11 23:49:04.161@LM_INFO@(14936|18528) DataWriterImpl::transport_assoc_done: writer 01030000.00001327.00000006.00000102(01f2c0f1) succeeded in associating with reader 01030000.00001327.00000004.00000507(6f34a21a)
2024-09-11 23:49:04.161@LM_DEBUG@(14936|18528) DataWriterImpl::transport_assoc_done: writer 01030000.00001327.00000006.00000102(01f2c0f1) reader 01030000.00001327.00000004.00000507(6f34a21a) calling association_complete_i
2024-09-11 23:49:04.161@LM_DEBUG@(14936|18528) DataWriterImpl::association_complete_i - bit 0 local 01030000.00001327.00000006.00000102(01f2c0f1) remote 01030000.00001327.00000004.00000507(6f34a21a)
2024-09-11 23:49:04.161@LM_INFO@(14936|18528) Sending historic samples
2024-09-11 23:49:04.161@LM_DEBUG@(14936|18528) DataWriterImpl::create_control_message: from publication 01030000.00001327.00000006.00000102(01f2c0f1) sending control sample: END_HISTORIC_SAMPLES (0x0b), Length: 16, Byte order: Little Endian, Sequence: 0x00000000, Timestamp: 1726109344.161330000, Publication: 01030000.00001327.00000006.00000102(01f2c0f1) .
2024-09-11 23:49:04.161@LM_DEBUG@(14936|18260) WriteDataContainer::data_delivered 0000018A64D94680
2024-09-11 23:49:04.161@LM_DEBUG@(14936|18260) DataWriterImpl::create_control_message: from publication 01030000.00001327.00000006.00000102(01f2c0f1) sending control sample: REQUEST_ACK (0x06), Length: 0, Byte order: Little Endian, Key Fields Only, Sequence: 0x00000003, Timestamp: 1726109344.161330000, Publication: 01030000.00001327.00000006.00000102(01f2c0f1) .
2024-09-11 23:49:04.161@LM_DEBUG@(14936|18528) WriteDataContainer::data_delivered 0000018A64D94540
2024-09-11 23:49:04.161@LM_DEBUG@(14936|18260) TcpDataLink::handle_send_request_ack(0000018A64D5E7B0) sequence number 3, publication_id=01030000.00001327.00000006.00000102(01f2c0f1)
2024-09-11 23:49:04.161@LM_DEBUG@(14936|18260) TcpDataLink::handle_send_request_ack(0000018A64D5E7B0) sequence number 3, publication_id=01030000.00001327.00000006.00000102(01f2c0f1)
2024-09-11 23:49:04.161@LM_DEBUG@(14936|18260) DataWriterImpl::create_ack_token() - for sequence 3
2024-09-11 23:49:04.161@LM_DEBUG@(14936|18260) DataWriterImpl::wait_for_acknowledgments waiting for acknowledgment of sequence 3 at 23:49:04.161330
2024-09-11 23:49:04.161@LM_DEBUG@(14936|18528) TcpDataLink::ack_received() received sequence number 3, publiction_id=01030000.00001327.00000006.00000102(01f2c0f1)
2024-09-11 23:49:04.161@LM_DEBUG@(14936|18528) TcpDataLink::ack_received() found matching element 0000018A64D5E7B0
2024-09-11 23:49:04.161@LM_DEBUG@(14936|18528) TcpDataLink::ack_received() received sequence number 3, publiction_id=01030000.00001327.00000006.00000102(01f2c0f1)
2024-09-11 23:49:04.161@LM_DEBUG@(14936|18528) TcpDataLink::ack_received() found matching element 0000018A64D5E7B0
2024-09-11 23:49:04.161@LM_DEBUG@(14936|18528) WriteDataContainer::data_delivered 0000018A64D94400
2024-09-11 23:49:04.174@LM_DEBUG@(14936|18260) DataWriterImpl::create_control_message: from publication 01030000.00001327.00000006.00000102(01f2c0f1) sending control sample: DISPOSE_UNREGISTER_INSTANCE (0x0a), Length: 4, Byte order: Little Endian, Key Fields Only, Sequence: 0x00000004, Timestamp: 1726109344.174847000, Publication: 01030000.00001327.00000006.00000102(01f2c0f1) .
2024-09-11 23:49:04.174@LM_DEBUG@(14936|18260) WriteDataContainer::data_delivered 0000018A64D94680
2024-09-11 23:49:04.174@LM_DEBUG@(14936|15444) DataWriterImpl::remove_associations: bit 0 local 01030000.00001327.00000006.00000102(01f2c0f1) remote 01030000.00001327.00000002.00000507(e07457ba) num remotes 2
2024-09-11 23:49:04.174@LM_DEBUG@(14936|18528) DataLink::handle_exception() - (delay) scheduling timer for future release
2024-09-11 23:49:04.174@LM_DEBUG@(14936|18528) DataLink::handle_exception() - (delay) scheduling timer for future release
2024-09-11 23:49:04.184@LM_DEBUG@(14936|15444) DataReaderImpl::remove_associations: bit 1 local 01030000.00001327.00000006.000001c7(eafcf6ce) remote 01030000.00001327.00000001.000001c2(28b6de51) num remotes 1
2024-09-11 23:49:04.184@LM_DEBUG@(14936|15444) DataReaderImpl::remove_associations_i: bit 1 local 01030000.00001327.00000006.000001c7(eafcf6ce) remote 01030000.00001327.00000001.000001c2(28b6de51) num remotes 1
2024-09-11 23:49:04.184@LM_DEBUG@(14936|15444) InstanceState::unregister_was_received on 01030000.00001327.00000001.000001c2(28b6de51)
2024-09-11 23:49:04.184@LM_DEBUG@(14936|15444) InstanceState::unregister_was_received on 01030000.00001327.00000001.000001c2(28b6de51)
2024-09-11 23:49:04.187@LM_DEBUG@(14936|15444) InstanceState::unregister_was_received on 01030000.00001327.00000001.000001c2(28b6de51)
2024-09-11 23:49:04.187@LM_DEBUG@(14936|15444) InstanceState::unregister_was_received on 01030000.00001327.00000001.000001c2(28b6de51)
2024-09-11 23:49:04.187@LM_DEBUG@(14936|15444) InstanceState::unregister_was_received on 01030000.00001327.00000001.000001c2(28b6de51)
2024-09-11 23:49:04.187@LM_DEBUG@(14936|15444) InstanceState::unregister_was_received on 01030000.00001327.00000001.000001c2(28b6de51)
2024-09-11 23:49:04.188@LM_DEBUG@(14936|15444) InstanceState::unregister_was_received on 01030000.00001327.00000001.000001c2(28b6de51)
2024-09-11 23:49:04.188@LM_DEBUG@(14936|15444) InstanceState::unregister_was_received on 01030000.00001327.00000001.000001c2(28b6de51)
2024-09-11 23:49:04.188@LM_DEBUG@(14936|15444) DataReaderImpl::remove_associations: bit 1 local 01030000.00001327.00000006.000003c7(d8ca944c) remote 01030000.00001327.00000001.000004c2(55c12a14) num remotes 1
2024-09-11 23:49:04.193@LM_DEBUG@(14936|15444) DataReaderImpl::remove_associations_i: bit 1 local 01030000.00001327.00000006.000003c7(d8ca944c) remote 01030000.00001327.00000001.000004c2(55c12a14) num remotes 1
2024-09-11 23:49:04.193@LM_DEBUG@(14936|15444) InstanceState::unregister_was_received on 01030000.00001327.00000001.000004c2(55c12a14)
2024-09-11 23:49:04.195@LM_DEBUG@(14936|15444) DataReaderImpl::remove_associations: bit 1 local 01030000.00001327.00000006.000004c7(978b028b) remote 01030000.00001327.00000001.000003c2(1a80bcd3) num remotes 1
2024-09-11 23:49:04.195@LM_DEBUG@(14936|15444) DataReaderImpl::remove_associations_i: bit 1 local 01030000.00001327.00000006.000004c7(978b028b) remote 01030000.00001327.00000001.000003c2(1a80bcd3) num remotes 1
2024-09-11 23:49:04.195@LM_DEBUG@(14936|15444) InstanceState::unregister_was_received on 01030000.00001327.00000001.000003c2(1a80bcd3)
2024-09-11 23:49:04.195@LM_DEBUG@(14936|15444) InstanceState::unregister_was_received on 01030000.00001327.00000001.000003c2(1a80bcd3)
2024-09-11 23:49:04.195@LM_DEBUG@(14936|15444) InstanceState::unregister_was_received on 01030000.00001327.00000001.000003c2(1a80bcd3)
2024-09-11 23:49:04.195@LM_DEBUG@(14936|15444) InstanceState::unregister_was_received on 01030000.00001327.00000001.000003c2(1a80bcd3)
2024-09-11 23:49:04.206@LM_DEBUG@(14936|19604) Peer has gracefully disconnected.
2024-09-11 23:49:04.206@LM_DEBUG@(14936|19604) TcpConnection::handle_close() called on transport: _OPENDDS__BITTCPTransportInst_DEFAULT_REPO to 192.168.1.110:51472 , reconnect_state = INIT_STATE.
2024-09-11 23:49:04.206@LM_DEBUG@(14936|15444) DataReaderImpl::remove_associations: bit 1 local 01030000.00001327.00000006.000002c7(c1d1a50d) remote 01030000.00001327.00000001.000002c2(039b8d92) num remotes 1
2024-09-11 23:49:04.206@LM_DEBUG@(14936|15444) DataReaderImpl::remove_associations_i: bit 1 local 01030000.00001327.00000006.000002c7(c1d1a50d) remote 01030000.00001327.00000001.000002c2(039b8d92) num remotes 1
2024-09-11 23:49:04.206@LM_DEBUG@(14936|19604) DataLink::notify: notify sub 01030000.00001327.00000006.000002c7(c1d1a50d) DISCONNECTED.
2024-09-11 23:49:04.206@LM_DEBUG@(14936|15444) InstanceState::unregister_was_received on 01030000.00001327.00000001.000002c2(039b8d92)
2024-09-11 23:49:04.206@LM_DEBUG@(14936|15444) InstanceState::unregister_was_received on 01030000.00001327.00000001.000002c2(039b8d92)
2024-09-11 23:49:04.206@LM_DEBUG@(14936|15444) InstanceState::unregister_was_received on 01030000.00001327.00000001.000002c2(039b8d92)
2024-09-11 23:49:04.206@LM_DEBUG@(14936|15444) InstanceState::unregister_was_received on 01030000.00001327.00000001.000002c2(039b8d92)
2024-09-11 23:49:04.206@LM_DEBUG@(14936|15444) InstanceState::unregister_was_received on 01030000.00001327.00000001.000002c2(039b8d92)
2024-09-11 23:49:04.208@LM_DEBUG@(14936|15444) InstanceState::unregister_was_received on 01030000.00001327.00000001.000002c2(039b8d92)
2024-09-11 23:49:04.208@LM_DEBUG@(14936|15444) InstanceState::unregister_was_received on 01030000.00001327.00000001.000002c2(039b8d92)
2024-09-11 23:49:04.209@LM_DEBUG@(14936|19604) DataLink::handle_exception() - delay already elapsed so handle_timeout now
2024-09-11 23:49:04.238@LM_DEBUG@(14936|18260) Service_Participant::shutdown
2024-09-11 23:49:04.248@LM_DEBUG@(14936|18260) DomainParticipantFactoryImpl::~DomainParticipantFactoryImpl()
2024-09-11 23:49:04.252@LM_DEBUG@TAO (14936|18260) - Connection_Handler[716]::close_connection_eh, purging entry from cache
2024-09-11 23:49:04.252@LM_DEBUG@TAO (14936|18260) - Connection_Handler[716]::close_connection_eh, removing from the reactor
2024-09-11 23:49:04.252@LM_DEBUG@TAO (14936|18260) - Connection_Handler[716]::close_connection_eh, cancel all timers
2024-09-11 23:49:04.252@LM_DEBUG@TAO (14936|18260) - Connection_Handler[716]::close_connection_eh end
2024-09-11 23:49:04.252@LM_DEBUG@(14936|18260) Service_Participant::~Service_Participant
2024-09-11 23:49:04.252@LM_DEBUG@(14936|18260) Service_Participant::shutdown
