2024-09-29 15:09:07.653@LM_INFO@(18704|19964) INFO: set_DCPS_debug_level: set to 4
2024-09-29 15:09:07.658@LM_INFO@(18704|19964) INFO: ConfigStoreImpl::set_string: COMMON_DCPS_TRANSPORT_DEBUG_LEVEL=2
2024-09-29 15:09:07.658@LM_INFO@(18704|19964) Service_Participant::get_domain_participant_factory: This is OpenDDS 3.29.1 using ACE 6.5.21
2024-09-29 15:09:07.658@LM_INFO@(18704|19964) Service_Participant::get_domain_participant_factory: log_level: debug DCPS_debug_level: 4
2024-09-29 15:09:07.676@LM_INFO@(18704|19964) Service_Participant::get_domain_participant_factory: machine: LAPTOP-NQKUMCC4, x64 6 platform: Win32, Windows NT 6.2, Build 9200 
2024-09-29 15:09:07.681@LM_INFO@(18704|19964) Service_Participant::get_domain_participant_factory: compiler: Visual C++ version 13.40.0
2024-09-29 15:09:07.681@LM_NOTICE@(18704|19964) NOTICE: Service_Participant::intializeScheduling() - no scheduling policy specified, not setting policy.
2024-09-29 15:09:07.698@LM_DEBUG@(18704|19964) Service_Participant::get_domain_participant_factory: Creating DefaultNetworkConfigMonitor
2024-09-29 15:09:07.702@LM_DEBUG@(18704|19964) Config::Config() - processing argument: model\.\publisher3.EXE.
2024-09-29 15:09:07.703@LM_INFO@(18704|19964) INFO: ConfigStoreImpl::set: REPOSITORY_DEFAULT_REPO=@DEFAULT_REPO
2024-09-29 15:09:07.704@LM_DEBUG@(18704|19964) Service_Participant::set_repo_ior: Repo[DEFAULT_REPO] == file://repo.ior
2024-09-29 15:09:07.749@LM_DEBUG@TAO (18704|19964) - Default_Resource_Factory - codeset manager=000001ACBCAF2750
2024-09-29 15:09:07.749@LM_DEBUG@TAO (18704|19964) - Loaded default protocol <IIOP_Factory>
2024-09-29 15:09:07.756@LM_DEBUG@TAO (18704|19964) - IIOP_Connection_Handler::open, IIOP connection to peer <192.168.1.110:52911> on [752]
2024-09-29 15:09:07.766@LM_DEBUG@(18704|19964) DomainParticipantImpl::enable: enabled participant 01030000.00003341.00000006.000001c1(63bba805) in domain 0
2024-09-29 15:09:07.782@LM_INFO@(18704|19964) INFO: ConfigStoreImpl::set: TRANSPORT_OPENDDS_BITTCP_TRANSPORT_INST_DEFAULT_REPO_DATALINK_RELEASE_DELAY=0
2024-09-29 15:09:07.786@LM_INFO@(18704|19964) INFO: ConfigStoreImpl::set: TRANSPORT_OPENDDS_BITTCP_TRANSPORT_INST_DEFAULT_REPO_LOCAL_ADDRESS=:0
2024-09-29 15:09:07.786@LM_INFO@(18704|19964) InfoRepoDiscovery::bit_config - BIT tcp transport :0
2024-09-29 15:09:07.786@LM_DEBUG@(18704|19964) DDS::ParticipantBuiltinTopicDataDataReaderImpl::enable_specific-data Cached_Allocator_With_Overflow bcb7cc00 with 20 chunks
2024-09-29 15:09:07.786@LM_DEBUG@(18704|19964) DataReaderImpl::enable Cached_Allocator_With_Overflow bcb7deb0 with 20 chunks
2024-09-29 15:09:07.819@LM_DEBUG@(18704|19964) TransportImpl::open()
   transport_type:               tcp
   name:                         _OPENDDS__BITTCPTransportInst_DEFAULT_REPO
   config_prefix:                TRANSPORT_OPENDDS_BITTCP_TRANSPORT_INST_DEFAULT_REPO
   max_packet_size:              2147481599
   max_samples_per_packet:       10
   optimum_packet_size:          4096
   thread_per_connection:        false
   datalink_release_delay:       0
   datalink_control_chunks:      32
   fragment_reassembly_timeout:  5:00.000
   receive_preallocated_message_blocks:0
   receive_preallocated_data_blocks:0
   local_address:                :0
   pub_address:                  
   enable_nagle_algorithm:       false
   conn_retry_initial_delay:     500
   conn_retry_backoff_multiplier:2
   conn_retry_attempts:          3
   passive_reconnect_duration:   2000
   max_output_pause_period:      -1
   active_conn_timeout_period:   5000
2024-09-29 15:09:07.819@LM_DEBUG@(18704|19964) DataReaderImpl::setup_deserialization: Setup successfully with the following data representations: CDR/XCDR1, XCDR2, Unaligned CDR
2024-09-29 15:09:07.866@LM_DEBUG@(18704|26400) DataReaderImpl::add_association - bit 1 local 01030000.00003341.00000006.000001c7(8ad80d30) remote 01030000.00003341.00000001.000001c2(489225af)
2024-09-29 15:09:07.866@LM_DEBUG@(18704|19964) DataReaderImpl::enable: got GUID 01030000.00003341.00000006.000001c7(8ad80d30), subscribed to topic name "DCPSParticipant" type "PARTICIPANT_BUILT_IN_TOPIC_TYPE"
2024-09-29 15:09:07.866@LM_DEBUG@(18704|19964) SubscriberImpl::reader_enabled, datareader(topic_name=DCPSParticipant) enabled
2024-09-29 15:09:07.866@LM_DEBUG@(18704|26400) TransportClient::associate added PendingAssoc between 01030000.00003341.00000006.000001c7(8ad80d30) and remote 01030000.00003341.00000001.000001c2(489225af)
2024-09-29 15:09:07.869@LM_DEBUG@(18704|19964) DDS::TopicBuiltinTopicDataDataReaderImpl::enable_specific-data Cached_Allocator_With_Overflow bcb7e050 with 20 chunks
2024-09-29 15:09:07.870@LM_DEBUG@(18704|19964) DataReaderImpl::enable Cached_Allocator_With_Overflow bcb7d0e0 with 20 chunks
2024-09-29 15:09:07.871@LM_DEBUG@(18704|19964) DataReaderImpl::setup_deserialization: Setup successfully with the following data representations: CDR/XCDR1, XCDR2, Unaligned CDR
2024-09-29 15:09:07.871@LM_DEBUG@(18704|26400) TcpTransport::accept_datalink create new link[000001ACBEC500B0]
2024-09-29 15:09:07.876@LM_DEBUG@(18704|26400) TransportReceiveStrategy-mb Cached_Allocator_With_Overflow 000001ACBEC5C1D0 with 1000 chunks
2024-09-29 15:09:07.876@LM_DEBUG@(18704|26400) TransportReceiveStrategy-db Cached_Allocator_With_Overflow 000001ACBEC5C258 with 100 chunks
2024-09-29 15:09:07.876@LM_DEBUG@(18704|26400) TransportReceiveStrategy-data Cached_Allocator_With_Overflow 000001ACBEC5C2E0 with 32 chunks
2024-09-29 15:09:07.876@LM_DEBUG@(18704|26400) TransportClient::use_datalink_i TransportClient(000001ACBE575400) using datalink[000001ACBEC500B0] from 01030000.00003341.00000001.000001c2(489225af)
2024-09-29 15:09:07.876@LM_DEBUG@(18704|26400) TransportClient::use_datalink_i TransportClient(000001ACBE575400) about to add_link[000001ACBEC500B0] to remote: 01030000.00003341.00000001.000001c2(489225af)
2024-09-29 15:09:07.879@LM_INFO@(18704|6708) EndHistoricSamplesMissedSweeper::ScheduleCommand::execute() - sweeper 000001ACBEC3DF10 is now scheduled
2024-09-29 15:09:07.882@LM_DEBUG@(18704|19964) DataReaderImpl::add_association - bit 1 local 01030000.00003341.00000006.000002c7(a1f55ef3) remote 01030000.00003341.00000001.000002c2(63bf766c)
2024-09-29 15:09:07.882@LM_DEBUG@(18704|19964) TransportClient::associate added PendingAssoc between 01030000.00003341.00000006.000002c7(a1f55ef3) and remote 01030000.00003341.00000001.000002c2(63bf766c)
2024-09-29 15:09:07.886@LM_INFO@(18704|6708) EndHistoricSamplesMissedSweeper::CancelCommand::execute() - sweeper 000001ACBEC3DF10 is no longer scheduled
2024-09-29 15:09:07.886@LM_DEBUG@(18704|19964) TcpTransport::accept_datalink found datalink[000001ACBEC500B0]
2024-09-29 15:09:07.888@LM_DEBUG@(18704|19964) TransportClient::use_datalink_i TransportClient(000001ACBEC52DA0) using datalink[000001ACBEC500B0] from 01030000.00003341.00000001.000002c2(63bf766c)
2024-09-29 15:09:07.888@LM_DEBUG@(18704|19964) TransportClient::use_datalink_i TransportClient(000001ACBEC52DA0) about to add_link[000001ACBEC500B0] to remote: 01030000.00003341.00000001.000002c2(63bf766c)
2024-09-29 15:09:07.888@LM_INFO@(18704|6708) EndHistoricSamplesMissedSweeper::ScheduleCommand::execute() - sweeper 000001ACBEC73FA0 is now scheduled
2024-09-29 15:09:07.890@LM_DEBUG@(18704|19964) DataReaderImpl::enable: got GUID 01030000.00003341.00000006.000002c7(a1f55ef3), subscribed to topic name "DCPSTopic" type "TOPIC_BUILT_IN_TOPIC_TYPE"
2024-09-29 15:09:07.890@LM_DEBUG@(18704|19964) SubscriberImpl::reader_enabled, datareader(topic_name=DCPSTopic) enabled
2024-09-29 15:09:07.893@LM_DEBUG@(18704|19964) DDS::PublicationBuiltinTopicDataDataReaderImpl::enable_specific-data Cached_Allocator_With_Overflow bcb7d9d0 with 20 chunks
2024-09-29 15:09:07.893@LM_DEBUG@(18704|19964) DataReaderImpl::enable Cached_Allocator_With_Overflow bcb7d1b0 with 20 chunks
2024-09-29 15:09:07.894@LM_INFO@(18704|6708) EndHistoricSamplesMissedSweeper::CancelCommand::execute() - sweeper 000001ACBEC73FA0 is no longer scheduled
2024-09-29 15:09:07.895@LM_DEBUG@(18704|19964) DataReaderImpl::setup_deserialization: Setup successfully with the following data representations: CDR/XCDR1, XCDR2, Unaligned CDR
2024-09-29 15:09:07.903@LM_DEBUG@(18704|26400) DataReaderImpl::add_association - bit 1 local 01030000.00003341.00000006.000003c7(b8ee6fb2) remote 01030000.00003341.00000001.000004c2(35e5d1ea)
2024-09-29 15:09:07.903@LM_DEBUG@(18704|19964) DataReaderImpl::enable: got GUID 01030000.00003341.00000006.000003c7(b8ee6fb2), subscribed to topic name "DCPSPublication" type "PUBLICATION_BUILT_IN_TOPIC_TYPE"
2024-09-29 15:09:07.903@LM_DEBUG@(18704|19964) SubscriberImpl::reader_enabled, datareader(topic_name=DCPSPublication) enabled
2024-09-29 15:09:07.903@LM_DEBUG@(18704|26400) TransportClient::associate added PendingAssoc between 01030000.00003341.00000006.000003c7(b8ee6fb2) and remote 01030000.00003341.00000001.000004c2(35e5d1ea)
2024-09-29 15:09:07.906@LM_DEBUG@(18704|19964) DDS::SubscriptionBuiltinTopicDataDataReaderImpl::enable_specific-data Cached_Allocator_With_Overflow bcb7d420 with 20 chunks
2024-09-29 15:09:07.906@LM_DEBUG@(18704|19964) DataReaderImpl::enable Cached_Allocator_With_Overflow bcb7d4f0 with 20 chunks
2024-09-29 15:09:07.906@LM_DEBUG@(18704|26400) TcpTransport::accept_datalink found datalink[000001ACBEC500B0]
2024-09-29 15:09:07.906@LM_DEBUG@(18704|19964) DataReaderImpl::setup_deserialization: Setup successfully with the following data representations: CDR/XCDR1, XCDR2, Unaligned CDR
2024-09-29 15:09:07.906@LM_DEBUG@(18704|26400) TransportClient::use_datalink_i TransportClient(000001ACBEC7C630) using datalink[000001ACBEC500B0] from 01030000.00003341.00000001.000004c2(35e5d1ea)
2024-09-29 15:09:07.906@LM_DEBUG@(18704|26400) TransportClient::use_datalink_i TransportClient(000001ACBEC7C630) about to add_link[000001ACBEC500B0] to remote: 01030000.00003341.00000001.000004c2(35e5d1ea)
2024-09-29 15:09:07.910@LM_INFO@(18704|6708) EndHistoricSamplesMissedSweeper::ScheduleCommand::execute() - sweeper 000001ACBEC83D60 is now scheduled
2024-09-29 15:09:07.913@LM_INFO@(18704|6708) EndHistoricSamplesMissedSweeper::CancelCommand::execute() - sweeper 000001ACBEC83D60 is no longer scheduled
2024-09-29 15:09:07.917@LM_DEBUG@(18704|26400) DataReaderImpl::add_association - bit 1 local 01030000.00003341.00000006.000004c7(f7aff975) remote 01030000.00003341.00000001.000003c2(7aa4472d)
2024-09-29 15:09:07.918@LM_DEBUG@(18704|19964) DataReaderImpl::enable: got GUID 01030000.00003341.00000006.000004c7(f7aff975), subscribed to topic name "DCPSSubscription" type "SUBSCRIPTION_BUILT_IN_TOPIC_TYPE"
2024-09-29 15:09:07.919@LM_DEBUG@(18704|26400) TransportClient::associate added PendingAssoc between 01030000.00003341.00000006.000004c7(f7aff975) and remote 01030000.00003341.00000001.000003c2(7aa4472d)
2024-09-29 15:09:07.919@LM_DEBUG@(18704|19964) SubscriberImpl::reader_enabled, datareader(topic_name=DCPSSubscription) enabled
2024-09-29 15:09:07.920@LM_DEBUG@(18704|26400) TcpTransport::accept_datalink found datalink[000001ACBEC500B0]
2024-09-29 15:09:07.920@LM_DEBUG@(18704|26400) TransportClient::use_datalink_i TransportClient(000001ACBEC8C650) using datalink[000001ACBEC500B0] from 01030000.00003341.00000001.000003c2(7aa4472d)
2024-09-29 15:09:07.920@LM_DEBUG@(18704|26400) TransportClient::use_datalink_i TransportClient(000001ACBEC8C650) about to add_link[000001ACBEC500B0] to remote: 01030000.00003341.00000001.000003c2(7aa4472d)
2024-09-29 15:09:07.920@LM_INFO@(18704|6708) EndHistoricSamplesMissedSweeper::ScheduleCommand::execute() - sweeper 000001ACBEC84550 is now scheduled
2024-09-29 15:09:07.927@LM_DEBUG@(18704|19964) WriteDataContainer sample_list_element_allocator beca3900 with 20 chunks
2024-09-29 15:09:07.927@LM_INFO@(18704|6708) EndHistoricSamplesMissedSweeper::CancelCommand::execute() - sweeper 000001ACBEC84550 is no longer scheduled
2024-09-29 15:09:07.927@LM_DEBUG@(18704|19964) DataWriterImpl::enable-mb Cached_Allocator_With_Overflow bcb7d350 with 20 chunks
2024-09-29 15:09:07.927@LM_DEBUG@(18704|19964) DataWriterImpl::enable-db Cached_Allocator_With_Overflow bcb7d690 with 20 chunks
2024-09-29 15:09:07.927@LM_DEBUG@(18704|19964) DataWriterImpl::enable-header Cached_Allocator_With_Overflow bec59d90 with 20 chunks
2024-09-29 15:09:07.951@LM_DEBUG@(18704|19964) TransportImpl::open()
   transport_type:               tcp
   name:                         _OPENDDS_0500_TCP
   config_prefix:                TRANSPORT_OPENDDS_0500_TCP
   max_packet_size:              2147481599
   max_samples_per_packet:       10
   optimum_packet_size:          4096
   thread_per_connection:        false
   datalink_release_delay:       10000
   datalink_control_chunks:      32
   fragment_reassembly_timeout:  5:00.000
   receive_preallocated_message_blocks:0
   receive_preallocated_data_blocks:0
   local_address:                
   pub_address:                  
   enable_nagle_algorithm:       false
   conn_retry_initial_delay:     500
   conn_retry_backoff_multiplier:2
   conn_retry_attempts:          3
   passive_reconnect_duration:   2000
   max_output_pause_period:      -1
   active_conn_timeout_period:   5000
2024-09-29 15:09:07.952@LM_DEBUG@(18704|19964) WriterImpl::setup_serialization: Setup successfully with Unaligned CDR data representation.
2024-09-29 15:09:07.952@LM_DEBUG@(18704|19964) DataWriterImpl::setup_serialization: using data allocator at be578e20 with 20 71 byte chunks
2024-09-29 15:09:07.959@LM_DEBUG@(18704|26400) DataWriterImpl::add_association - bit 0 local 01030000.00003341.00000006.00000102(61d63b0f) remote 01030000.00003341.00000002.00000507(8050ac44)
2024-09-29 15:09:07.959@LM_DEBUG@(18704|26400) TransportClient::associate added PendingAssoc between 01030000.00003341.00000006.00000102(61d63b0f) and remote 01030000.00003341.00000002.00000507(8050ac44)
2024-09-29 15:09:07.959@LM_DEBUG@(18704|19964) DataWriterImpl::enable: got GUID 01030000.00003341.00000006.00000102(61d63b0f), publishing to topic name "AvailabilityInfo" type "UATM::availabilityInfo"
2024-09-29 15:09:07.959@LM_DEBUG@(18704|26400) PendingAssoc::initiate_connect - between 01030000.00003341.00000006.00000102(61d63b0f) and remote 01030000.00003341.00000002.00000507(8050ac44)
2024-09-29 15:09:07.959@LM_DEBUG@(18704|26400) TransportClient::initiate_connect_i - attempt to connect_datalink between local 01030000.00003341.00000006.00000102(61d63b0f) and remote 01030000.00003341.00000002.00000507(8050ac44)
2024-09-29 15:09:07.967@LM_DEBUG@(18704|26400) TcpTransport::connect_datalink PriorityKey prio=0, addr=172.22.128.1:52931, is_loopback=0, is_active=1
2024-09-29 15:09:07.969@LM_DEBUG@(18704|26400) TcpTransport::connect_datalink create new link[000001ACBECDBE80]
2024-09-29 15:09:07.972@LM_DEBUG@(18704|26400) TcpConnection::on_active_connection_established: Sending public address <LAPTOP-NQKUMCC4.mshome.net:52976> to remote side
2024-09-29 15:09:07.976@LM_DEBUG@(18704|26400) TransportReceiveStrategy-mb Cached_Allocator_With_Overflow 000001ACBEF599C0 with 1000 chunks
2024-09-29 15:09:07.976@LM_DEBUG@(18704|26400) TransportReceiveStrategy-db Cached_Allocator_With_Overflow 000001ACBEF59A48 with 100 chunks
2024-09-29 15:09:07.976@LM_DEBUG@(18704|26400) TransportReceiveStrategy-data Cached_Allocator_With_Overflow 000001ACBEF59AD0 with 32 chunks
2024-09-29 15:09:07.976@LM_DEBUG@(18704|26400) TcpTransport::connect_datalink completed synchronously.
2024-09-29 15:09:07.976@LM_DEBUG@(18704|26400) TransportClient::initiate_connect_i - connection between local 01030000.00003341.00000006.00000102(61d63b0f) and remote 01030000.00003341.00000002.00000507(8050ac44) initiation successful
2024-09-29 15:09:07.976@LM_DEBUG@(18704|26400) PendingAssoc::intiate_connect - resulting link from initiate_connect_i (local: 01030000.00003341.00000006.00000102(61d63b0f) to remote: 01030000.00003341.00000002.00000507(8050ac44)) was nil
2024-09-29 15:09:07.981@LM_DEBUG@(18704|4984) TransportClient::use_datalink_i TransportClient(000001ACBEC9CCC8) using datalink[000001ACBECDBE80] from 01030000.00003341.00000002.00000507(8050ac44)
2024-09-29 15:09:07.981@LM_DEBUG@(18704|4984) TransportClient::use_datalink_i TransportClient(000001ACBEC9CCC8) about to add_link[000001ACBECDBE80] to remote: 01030000.00003341.00000002.00000507(8050ac44)
2024-09-29 15:09:07.982@LM_INFO@(18704|4984) DataWriterImpl::transport_assoc_done: writer 01030000.00003341.00000006.00000102(61d63b0f) succeeded in associating with reader 01030000.00003341.00000002.00000507(8050ac44)
2024-09-29 15:09:07.982@LM_DEBUG@(18704|4984) DataWriterImpl::transport_assoc_done: writer 01030000.00003341.00000006.00000102(61d63b0f) reader 01030000.00003341.00000002.00000507(8050ac44) calling association_complete_i
2024-09-29 15:09:07.983@LM_DEBUG@(18704|4984) DataWriterImpl::association_complete_i - bit 0 local 01030000.00003341.00000006.00000102(61d63b0f) remote 01030000.00003341.00000002.00000507(8050ac44)
2024-09-29 15:09:07.983@LM_INFO@(18704|4984) Sending historic samples
2024-09-29 15:09:07.985@LM_DEBUG@(18704|4984) DataWriterImpl::create_control_message: from publication 01030000.00003341.00000006.00000102(61d63b0f) sending control sample: END_HISTORIC_SAMPLES (0x0b), Length: 16, Byte order: Little Endian, Sequence: 0x00000000, Timestamp: 1727633347.983993000, Publication: 01030000.00003341.00000006.00000102(61d63b0f) .
2024-09-29 15:09:07.986@LM_DEBUG@(18704|19964) DataWriterImpl::create_control_message: from publication 01030000.00003341.00000006.00000102(61d63b0f) sending control sample: INSTANCE_REGISTRATION (0x02), Length: 12, Byte order: Little Endian, Key Fields Only, Sequence: 0x00000001, Timestamp: 1727633347.986593000, Publication: 01030000.00003341.00000006.00000102(61d63b0f) .
2024-09-29 15:09:07.986@LM_DEBUG@(18704|19964) WriteDataContainer::data_delivered 000001ACBECA6B00
2024-09-29 15:09:07.986@LM_DEBUG@(18704|19964) DataWriterImpl::create_sample_data_message: from publication 01030000.00003341.00000006.00000102(61d63b0f) sending data sample: SAMPLE_DATA (0x00), Length: 48, Byte order: Little Endian, Content-Filtered, Sequence: 0x00000002, Timestamp: 1727633347.986593000, Publication: 01030000.00003341.00000006.00000102(61d63b0f), Content-Filter Entries (0): [] .
2024-09-29 15:09:07.986@LM_DEBUG@(18704|19964) WriteDataContainer::data_delivered 000001ACBECA6B00
