2024-09-29 15:54:27.085@LM_INFO@(21052|18600) INFO: set_DCPS_debug_level: set to 4
2024-09-29 15:54:27.091@LM_INFO@(21052|18600) INFO: ConfigStoreImpl::set_string: COMMON_DCPS_TRANSPORT_DEBUG_LEVEL=2
2024-09-29 15:54:27.094@LM_INFO@(21052|18600) Service_Participant::get_domain_participant_factory: This is OpenDDS 3.29.1 using ACE 6.5.21
2024-09-29 15:54:27.094@LM_INFO@(21052|18600) Service_Participant::get_domain_participant_factory: log_level: debug DCPS_debug_level: 4
2024-09-29 15:54:27.115@LM_INFO@(21052|18600) Service_Participant::get_domain_participant_factory: machine: LAPTOP-NQKUMCC4, x64 6 platform: Win32, Windows NT 6.2, Build 9200 
2024-09-29 15:54:27.115@LM_INFO@(21052|18600) Service_Participant::get_domain_participant_factory: compiler: Visual C++ version 13.40.0
2024-09-29 15:54:27.115@LM_NOTICE@(21052|18600) NOTICE: Service_Participant::intializeScheduling() - no scheduling policy specified, not setting policy.
2024-09-29 15:54:27.140@LM_DEBUG@(21052|18600) Service_Participant::get_domain_participant_factory: Creating DefaultNetworkConfigMonitor
2024-09-29 15:54:27.140@LM_DEBUG@(21052|18600) Config::Config() - processing argument: model\.\publisher1.EXE.
2024-09-29 15:54:27.142@LM_INFO@(21052|18600) INFO: ConfigStoreImpl::set: REPOSITORY_DEFAULT_REPO=@DEFAULT_REPO
2024-09-29 15:54:27.144@LM_DEBUG@(21052|18600) Service_Participant::set_repo_ior: Repo[DEFAULT_REPO] == file://repo.ior
2024-09-29 15:54:27.194@LM_DEBUG@TAO (21052|18600) - Default_Resource_Factory - codeset manager=000001CE40416BA0
2024-09-29 15:54:27.194@LM_DEBUG@TAO (21052|18600) - Loaded default protocol <IIOP_Factory>
2024-09-29 15:54:27.201@LM_DEBUG@TAO (21052|18600) - IIOP_Connection_Handler::open, IIOP connection to peer <192.168.1.110:54177> on [716]
2024-09-29 15:54:27.206@LM_DEBUG@(21052|18600) DomainParticipantImpl::enable: enabled participant 01030000.00004e5d.00000004.000001c1(50384428) in domain 0
2024-09-29 15:54:27.222@LM_INFO@(21052|18600) INFO: ConfigStoreImpl::set: TRANSPORT_OPENDDS_BITTCP_TRANSPORT_INST_DEFAULT_REPO_DATALINK_RELEASE_DELAY=0
2024-09-29 15:54:27.222@LM_INFO@(21052|18600) INFO: ConfigStoreImpl::set: TRANSPORT_OPENDDS_BITTCP_TRANSPORT_INST_DEFAULT_REPO_LOCAL_ADDRESS=:0
2024-09-29 15:54:27.222@LM_INFO@(21052|18600) InfoRepoDiscovery::bit_config - BIT tcp transport :0
2024-09-29 15:54:27.226@LM_DEBUG@(21052|18600) DDS::ParticipantBuiltinTopicDataDataReaderImpl::enable_specific-data Cached_Allocator_With_Overflow 404ae400 with 20 chunks
2024-09-29 15:54:27.226@LM_DEBUG@(21052|18600) DataReaderImpl::enable Cached_Allocator_With_Overflow 404ace10 with 20 chunks
2024-09-29 15:54:27.259@LM_DEBUG@(21052|18600) TransportImpl::open()
   transport_type:               tcp
   name:                         _OPENDDS__BITTCPTransportInst_DEFAULT_REPO
   config_prefix:                TRANSPORT_OPENDDS_BITTCP_TRANSPORT_INST_DEFAULT_REPO
   max_packet_size:              2147481599
   max_samples_per_packet:       10
   optimum_packet_size:          4096
   thread_per_connection:        false
   datalink_release_delay:       0
   datalink_control_chunks:      32
   fragment_reassembly_timeout:  5:00.000
   receive_preallocated_message_blocks:0
   receive_preallocated_data_blocks:0
   local_address:                :0
   pub_address:                  
   enable_nagle_algorithm:       false
   conn_retry_initial_delay:     500
   conn_retry_backoff_multiplier:2
   conn_retry_attempts:          3
   passive_reconnect_duration:   2000
   max_output_pause_period:      -1
   active_conn_timeout_period:   5000
2024-09-29 15:54:27.260@LM_DEBUG@(21052|18600) DataReaderImpl::setup_deserialization: Setup successfully with the following data representations: CDR/XCDR1, XCDR2, Unaligned CDR
2024-09-29 15:54:27.305@LM_DEBUG@(21052|10520) DataReaderImpl::add_association - bit 1 local 01030000.00004e5d.00000004.000001c7(b95be11d) remote 01030000.00004e5d.00000001.000001c2(01d19ae2)
2024-09-29 15:54:27.305@LM_DEBUG@(21052|18600) DataReaderImpl::enable: got GUID 01030000.00004e5d.00000004.000001c7(b95be11d), subscribed to topic name "DCPSParticipant" type "PARTICIPANT_BUILT_IN_TOPIC_TYPE"
2024-09-29 15:54:27.305@LM_DEBUG@(21052|18600) SubscriberImpl::reader_enabled, datareader(topic_name=DCPSParticipant) enabled
2024-09-29 15:54:27.305@LM_DEBUG@(21052|10520) TransportClient::associate added PendingAssoc between 01030000.00004e5d.00000004.000001c7(b95be11d) and remote 01030000.00004e5d.00000001.000001c2(01d19ae2)
2024-09-29 15:54:27.305@LM_DEBUG@(21052|18600) DDS::TopicBuiltinTopicDataDataReaderImpl::enable_specific-data Cached_Allocator_With_Overflow 404ad150 with 20 chunks
2024-09-29 15:54:27.305@LM_DEBUG@(21052|18600) DataReaderImpl::enable Cached_Allocator_With_Overflow 404ae330 with 20 chunks
2024-09-29 15:54:27.310@LM_DEBUG@(21052|18600) DataReaderImpl::setup_deserialization: Setup successfully with the following data representations: CDR/XCDR1, XCDR2, Unaligned CDR
2024-09-29 15:54:27.310@LM_DEBUG@(21052|10520) TcpTransport::accept_datalink create new link[000001CE42561F20]
2024-09-29 15:54:27.314@LM_DEBUG@(21052|10520) TransportReceiveStrategy-mb Cached_Allocator_With_Overflow 000001CE42567680 with 1000 chunks
2024-09-29 15:54:27.314@LM_DEBUG@(21052|10520) TransportReceiveStrategy-db Cached_Allocator_With_Overflow 000001CE42567708 with 100 chunks
2024-09-29 15:54:27.314@LM_DEBUG@(21052|10520) TransportReceiveStrategy-data Cached_Allocator_With_Overflow 000001CE42567790 with 32 chunks
2024-09-29 15:54:27.314@LM_DEBUG@(21052|10520) TransportClient::use_datalink_i TransportClient(000001CE4234F220) using datalink[000001CE42561F20] from 01030000.00004e5d.00000001.000001c2(01d19ae2)
2024-09-29 15:54:27.316@LM_DEBUG@(21052|10520) TransportClient::use_datalink_i TransportClient(000001CE4234F220) about to add_link[000001CE42561F20] to remote: 01030000.00004e5d.00000001.000001c2(01d19ae2)
2024-09-29 15:54:27.316@LM_INFO@(21052|13188) EndHistoricSamplesMissedSweeper::ScheduleCommand::execute() - sweeper 000001CE425487B0 is now scheduled
2024-09-29 15:54:27.316@LM_DEBUG@(21052|18600) DataReaderImpl::add_association - bit 1 local 01030000.00004e5d.00000004.000002c7(9276b2de) remote 01030000.00004e5d.00000001.000002c2(2afcc921)
2024-09-29 15:54:27.321@LM_DEBUG@(21052|18600) TransportClient::associate added PendingAssoc between 01030000.00004e5d.00000004.000002c7(9276b2de) and remote 01030000.00004e5d.00000001.000002c2(2afcc921)
2024-09-29 15:54:27.321@LM_INFO@(21052|13188) EndHistoricSamplesMissedSweeper::CancelCommand::execute() - sweeper 000001CE425487B0 is no longer scheduled
2024-09-29 15:54:27.321@LM_DEBUG@(21052|18600) TcpTransport::accept_datalink found datalink[000001CE42561F20]
2024-09-29 15:54:27.321@LM_DEBUG@(21052|18600) TransportClient::use_datalink_i TransportClient(000001CE42559480) using datalink[000001CE42561F20] from 01030000.00004e5d.00000001.000002c2(2afcc921)
2024-09-29 15:54:27.321@LM_DEBUG@(21052|18600) TransportClient::use_datalink_i TransportClient(000001CE42559480) about to add_link[000001CE42561F20] to remote: 01030000.00004e5d.00000001.000002c2(2afcc921)
2024-09-29 15:54:27.321@LM_INFO@(21052|13188) EndHistoricSamplesMissedSweeper::ScheduleCommand::execute() - sweeper 000001CE42568270 is now scheduled
2024-09-29 15:54:27.326@LM_DEBUG@(21052|18600) DataReaderImpl::enable: got GUID 01030000.00004e5d.00000004.000002c7(9276b2de), subscribed to topic name "DCPSTopic" type "TOPIC_BUILT_IN_TOPIC_TYPE"
2024-09-29 15:54:27.326@LM_DEBUG@(21052|18600) SubscriberImpl::reader_enabled, datareader(topic_name=DCPSTopic) enabled
2024-09-29 15:54:27.326@LM_DEBUG@(21052|18600) DDS::PublicationBuiltinTopicDataDataReaderImpl::enable_specific-data Cached_Allocator_With_Overflow 404ae670 with 20 chunks
2024-09-29 15:54:27.326@LM_DEBUG@(21052|18600) DataReaderImpl::enable Cached_Allocator_With_Overflow 404ad080 with 20 chunks
2024-09-29 15:54:27.326@LM_INFO@(21052|13188) EndHistoricSamplesMissedSweeper::CancelCommand::execute() - sweeper 000001CE42568270 is no longer scheduled
2024-09-29 15:54:27.330@LM_DEBUG@(21052|18600) DataReaderImpl::setup_deserialization: Setup successfully with the following data representations: CDR/XCDR1, XCDR2, Unaligned CDR
2024-09-29 15:54:27.340@LM_DEBUG@(21052|10520) DataReaderImpl::add_association - bit 1 local 01030000.00004e5d.00000004.000003c7(8b6d839f) remote 01030000.00004e5d.00000001.000004c2(7ca66ea7)
2024-09-29 15:54:27.340@LM_DEBUG@(21052|18600) DataReaderImpl::enable: got GUID 01030000.00004e5d.00000004.000003c7(8b6d839f), subscribed to topic name "DCPSPublication" type "PUBLICATION_BUILT_IN_TOPIC_TYPE"
2024-09-29 15:54:27.340@LM_DEBUG@(21052|18600) SubscriberImpl::reader_enabled, datareader(topic_name=DCPSPublication) enabled
2024-09-29 15:54:27.340@LM_DEBUG@(21052|10520) TransportClient::associate added PendingAssoc between 01030000.00004e5d.00000004.000003c7(8b6d839f) and remote 01030000.00004e5d.00000001.000004c2(7ca66ea7)
2024-09-29 15:54:27.345@LM_DEBUG@(21052|18600) DDS::SubscriptionBuiltinTopicDataDataReaderImpl::enable_specific-data Cached_Allocator_With_Overflow 404ad700 with 20 chunks
2024-09-29 15:54:27.345@LM_DEBUG@(21052|18600) DataReaderImpl::enable Cached_Allocator_With_Overflow 404ad630 with 20 chunks
2024-09-29 15:54:27.345@LM_DEBUG@(21052|10520) TcpTransport::accept_datalink found datalink[000001CE42561F20]
2024-09-29 15:54:27.346@LM_DEBUG@(21052|10520) TransportClient::use_datalink_i TransportClient(000001CE42585A90) using datalink[000001CE42561F20] from 01030000.00004e5d.00000001.000004c2(7ca66ea7)
2024-09-29 15:54:27.346@LM_DEBUG@(21052|10520) TransportClient::use_datalink_i TransportClient(000001CE42585A90) about to add_link[000001CE42561F20] to remote: 01030000.00004e5d.00000001.000004c2(7ca66ea7)
2024-09-29 15:54:27.346@LM_DEBUG@(21052|18600) DataReaderImpl::setup_deserialization: Setup successfully with the following data representations: CDR/XCDR1, XCDR2, Unaligned CDR
2024-09-29 15:54:27.346@LM_INFO@(21052|13188) EndHistoricSamplesMissedSweeper::ScheduleCommand::execute() - sweeper 000001CE42593190 is now scheduled
2024-09-29 15:54:27.350@LM_INFO@(21052|13188) EndHistoricSamplesMissedSweeper::CancelCommand::execute() - sweeper 000001CE42593190 is no longer scheduled
2024-09-29 15:54:27.358@LM_DEBUG@(21052|10520) DataReaderImpl::add_association - bit 1 local 01030000.00004e5d.00000004.000004c7(c42c1558) remote 01030000.00004e5d.00000001.000003c2(33e7f860)
2024-09-29 15:54:27.358@LM_DEBUG@(21052|18600) DataReaderImpl::enable: got GUID 01030000.00004e5d.00000004.000004c7(c42c1558), subscribed to topic name "DCPSSubscription" type "SUBSCRIPTION_BUILT_IN_TOPIC_TYPE"
2024-09-29 15:54:27.358@LM_DEBUG@(21052|18600) SubscriberImpl::reader_enabled, datareader(topic_name=DCPSSubscription) enabled
2024-09-29 15:54:27.358@LM_DEBUG@(21052|10520) TransportClient::associate added PendingAssoc between 01030000.00004e5d.00000004.000004c7(c42c1558) and remote 01030000.00004e5d.00000001.000003c2(33e7f860)
2024-09-29 15:54:27.362@LM_DEBUG@(21052|10520) TcpTransport::accept_datalink found datalink[000001CE42561F20]
2024-09-29 15:54:27.362@LM_DEBUG@(21052|10520) TransportClient::use_datalink_i TransportClient(000001CE425964D0) using datalink[000001CE42561F20] from 01030000.00004e5d.00000001.000003c2(33e7f860)
2024-09-29 15:54:27.362@LM_DEBUG@(21052|10520) TransportClient::use_datalink_i TransportClient(000001CE425964D0) about to add_link[000001CE42561F20] to remote: 01030000.00004e5d.00000001.000003c2(33e7f860)
2024-09-29 15:54:27.362@LM_INFO@(21052|13188) EndHistoricSamplesMissedSweeper::ScheduleCommand::execute() - sweeper 000001CE42595D60 is now scheduled
2024-09-29 15:54:27.364@LM_DEBUG@(21052|18600) WriteDataContainer sample_list_element_allocator 425caee0 with 20 chunks
2024-09-29 15:54:27.364@LM_INFO@(21052|13188) EndHistoricSamplesMissedSweeper::CancelCommand::execute() - sweeper 000001CE42595D60 is no longer scheduled
2024-09-29 15:54:27.364@LM_DEBUG@(21052|18600) DataWriterImpl::enable-mb Cached_Allocator_With_Overflow 404ad7d0 with 20 chunks
2024-09-29 15:54:27.364@LM_DEBUG@(21052|18600) DataWriterImpl::enable-db Cached_Allocator_With_Overflow 404ac790 with 20 chunks
2024-09-29 15:54:27.369@LM_DEBUG@(21052|18600) DataWriterImpl::enable-header Cached_Allocator_With_Overflow 42582790 with 20 chunks
2024-09-29 15:54:27.405@LM_DEBUG@(21052|18600) TransportImpl::open()
   transport_type:               tcp
   name:                         _OPENDDS_0500_TCP
   config_prefix:                TRANSPORT_OPENDDS_0500_TCP
   max_packet_size:              2147481599
   max_samples_per_packet:       10
   optimum_packet_size:          4096
   thread_per_connection:        false
   datalink_release_delay:       10000
   datalink_control_chunks:      32
   fragment_reassembly_timeout:  5:00.000
   receive_preallocated_message_blocks:0
   receive_preallocated_data_blocks:0
   local_address:                
   pub_address:                  
   enable_nagle_algorithm:       false
   conn_retry_initial_delay:     500
   conn_retry_backoff_multiplier:2
   conn_retry_attempts:          3
   passive_reconnect_duration:   2000
   max_output_pause_period:      -1
   active_conn_timeout_period:   5000
2024-09-29 15:54:27.405@LM_DEBUG@(21052|18600) WriterImpl::setup_serialization: Setup successfully with Unaligned CDR data representation.
2024-09-29 15:54:27.405@LM_DEBUG@(21052|18600) DataWriterImpl::setup_serialization: using data allocator at 423508b0 with 20 100 byte chunks
2024-09-29 15:54:27.426@LM_DEBUG@(21052|10520) DataWriterImpl::add_association - bit 0 local 01030000.00004e5d.00000004.00000102(5255d722) remote 01030000.00004e5d.00000003.00000507(f4733ab9)
2024-09-29 15:54:27.426@LM_DEBUG@(21052|10520) TransportClient::associate added PendingAssoc between 01030000.00004e5d.00000004.00000102(5255d722) and remote 01030000.00004e5d.00000003.00000507(f4733ab9)
2024-09-29 15:54:27.426@LM_DEBUG@(21052|10520) PendingAssoc::initiate_connect - between 01030000.00004e5d.00000004.00000102(5255d722) and remote 01030000.00004e5d.00000003.00000507(f4733ab9)
2024-09-29 15:54:27.426@LM_DEBUG@(21052|18600) DataWriterImpl::enable: got GUID 01030000.00004e5d.00000004.00000102(5255d722), publishing to topic name "BookingFlightRequest" type "UATM::bookingFlightRequest"
2024-09-29 15:54:27.426@LM_DEBUG@(21052|10520) TransportClient::initiate_connect_i - attempt to connect_datalink between local 01030000.00004e5d.00000004.00000102(5255d722) and remote 01030000.00004e5d.00000003.00000507(f4733ab9)
2024-09-29 15:54:27.430@LM_DEBUG@(21052|10520) TcpTransport::connect_datalink PriorityKey prio=0, addr=172.22.128.1:54195, is_loopback=0, is_active=1
2024-09-29 15:54:27.433@LM_DEBUG@(21052|10520) TcpTransport::connect_datalink create new link[000001CE425FA310]
2024-09-29 15:54:27.436@LM_DEBUG@(21052|10520) TcpConnection::on_active_connection_established: Sending public address <LAPTOP-NQKUMCC4.mshome.net:54208> to remote side
2024-09-29 15:54:27.446@LM_DEBUG@(21052|10520) TransportReceiveStrategy-mb Cached_Allocator_With_Overflow 000001CE42880C90 with 1000 chunks
2024-09-29 15:54:27.446@LM_DEBUG@(21052|10520) TransportReceiveStrategy-db Cached_Allocator_With_Overflow 000001CE42880D18 with 100 chunks
2024-09-29 15:54:27.446@LM_DEBUG@(21052|10520) TransportReceiveStrategy-data Cached_Allocator_With_Overflow 000001CE42880DA0 with 32 chunks
2024-09-29 15:54:27.450@LM_DEBUG@(21052|10520) TcpTransport::connect_datalink completed synchronously.
2024-09-29 15:54:27.450@LM_DEBUG@(21052|10520) TransportClient::initiate_connect_i - connection between local 01030000.00004e5d.00000004.00000102(5255d722) and remote 01030000.00004e5d.00000003.00000507(f4733ab9) initiation successful
2024-09-29 15:54:27.450@LM_DEBUG@(21052|10520) PendingAssoc::intiate_connect - resulting link from initiate_connect_i (local: 01030000.00004e5d.00000004.00000102(5255d722) to remote: 01030000.00004e5d.00000003.00000507(f4733ab9)) was nil
2024-09-29 15:54:27.452@LM_DEBUG@(21052|14632) TransportClient::use_datalink_i TransportClient(000001CE425C1E98) using datalink[000001CE425FA310] from 01030000.00004e5d.00000003.00000507(f4733ab9)
2024-09-29 15:54:27.452@LM_DEBUG@(21052|14632) TransportClient::use_datalink_i TransportClient(000001CE425C1E98) about to add_link[000001CE425FA310] to remote: 01030000.00004e5d.00000003.00000507(f4733ab9)
2024-09-29 15:54:27.455@LM_INFO@(21052|14632) DataWriterImpl::transport_assoc_done: writer 01030000.00004e5d.00000004.00000102(5255d722) succeeded in associating with reader 01030000.00004e5d.00000003.00000507(f4733ab9)
2024-09-29 15:54:27.458@LM_DEBUG@(21052|14632) DataWriterImpl::transport_assoc_done: writer 01030000.00004e5d.00000004.00000102(5255d722) reader 01030000.00004e5d.00000003.00000507(f4733ab9) calling association_complete_i
2024-09-29 15:54:27.458@LM_DEBUG@(21052|14632) DataWriterImpl::association_complete_i - bit 0 local 01030000.00004e5d.00000004.00000102(5255d722) remote 01030000.00004e5d.00000003.00000507(f4733ab9)
2024-09-29 15:54:27.458@LM_INFO@(21052|14632) Sending historic samples
2024-09-29 15:54:27.458@LM_DEBUG@(21052|14632) DataWriterImpl::create_control_message: from publication 01030000.00004e5d.00000004.00000102(5255d722) sending control sample: END_HISTORIC_SAMPLES (0x0b), Length: 16, Byte order: Little Endian, Sequence: 0x00000000, Timestamp: 1727636067.458197000, Publication: 01030000.00004e5d.00000004.00000102(5255d722) .
2024-09-29 15:54:27.462@LM_DEBUG@(21052|18600) DataWriterImpl::create_control_message: from publication 01030000.00004e5d.00000004.00000102(5255d722) sending control sample: INSTANCE_REGISTRATION (0x02), Length: 14, Byte order: Little Endian, Key Fields Only, Sequence: 0x00000001, Timestamp: 1727636067.462066000, Publication: 01030000.00004e5d.00000004.00000102(5255d722) .
2024-09-29 15:54:27.466@LM_DEBUG@(21052|18600) WriteDataContainer::data_delivered 000001CE425CE0E0
2024-09-29 15:54:27.466@LM_DEBUG@(21052|18600) DataWriterImpl::create_sample_data_message: from publication 01030000.00004e5d.00000004.00000102(5255d722) sending data sample: SAMPLE_DATA (0x00), Length: 57, Byte order: Little Endian, Sequence: 0x00000002, Timestamp: 1727636067.462066000, Publication: 01030000.00004e5d.00000004.00000102(5255d722) .
2024-09-29 15:54:27.468@LM_DEBUG@(21052|18600) WriteDataContainer::data_delivered 000001CE425CE0E0
2024-09-29 15:54:30.481@LM_DEBUG@(21052|18600) DataWriterImpl::create_control_message: from publication 01030000.00004e5d.00000004.00000102(5255d722) sending control sample: INSTANCE_REGISTRATION (0x02), Length: 14, Byte order: Little Endian, Key Fields Only, Sequence: 0x00000003, Timestamp: 1727636070.481300000, Publication: 01030000.00004e5d.00000004.00000102(5255d722) .
2024-09-29 15:54:30.481@LM_DEBUG@(21052|18600) WriteDataContainer::data_delivered 000001CE425CDFA0
2024-09-29 15:54:30.481@LM_DEBUG@(21052|18600) DataWriterImpl::create_sample_data_message: from publication 01030000.00004e5d.00000004.00000102(5255d722) sending data sample: SAMPLE_DATA (0x00), Length: 57, Byte order: Little Endian, Sequence: 0x00000004, Timestamp: 1727636070.481300000, Publication: 01030000.00004e5d.00000004.00000102(5255d722) .
2024-09-29 15:54:30.481@LM_DEBUG@(21052|18600) WriteDataContainer::data_delivered 000001CE425CDFA0
2024-09-29 15:54:33.503@LM_DEBUG@(21052|18600) DataWriterImpl::create_control_message: from publication 01030000.00004e5d.00000004.00000102(5255d722) sending control sample: INSTANCE_REGISTRATION (0x02), Length: 14, Byte order: Little Endian, Key Fields Only, Sequence: 0x00000005, Timestamp: 1727636073.502558000, Publication: 01030000.00004e5d.00000004.00000102(5255d722) .
2024-09-29 15:54:33.503@LM_DEBUG@(21052|18600) WriteDataContainer::data_delivered 000001CE425CDE60
2024-09-29 15:54:33.504@LM_DEBUG@(21052|18600) DataWriterImpl::create_sample_data_message: from publication 01030000.00004e5d.00000004.00000102(5255d722) sending data sample: SAMPLE_DATA (0x00), Length: 57, Byte order: Little Endian, Sequence: 0x00000006, Timestamp: 1727636073.502558000, Publication: 01030000.00004e5d.00000004.00000102(5255d722) .
2024-09-29 15:54:33.504@LM_DEBUG@(21052|18600) WriteDataContainer::data_delivered 000001CE425CDE60
2024-09-29 15:54:36.521@LM_DEBUG@(21052|18600) DataWriterImpl::create_control_message: from publication 01030000.00004e5d.00000004.00000102(5255d722) sending control sample: REQUEST_ACK (0x06), Length: 0, Byte order: Little Endian, Key Fields Only, Sequence: 0x00000007, Timestamp: 1727636076.521514000, Publication: 01030000.00004e5d.00000004.00000102(5255d722) .
2024-09-29 15:54:36.521@LM_DEBUG@(21052|18600) TcpDataLink::handle_send_request_ack(000001CE42351090) sequence number 7, publication_id=01030000.00004e5d.00000004.00000102(5255d722)
2024-09-29 15:54:36.521@LM_DEBUG@(21052|18600) DataWriterImpl::create_ack_token() - for sequence 7
2024-09-29 15:54:36.521@LM_DEBUG@(21052|18600) DataWriterImpl::wait_for_acknowledgments waiting for acknowledgment of sequence 7 at 15:54:36.521514
2024-09-29 15:54:36.521@LM_DEBUG@(21052|14632) TcpDataLink::ack_received() received sequence number 7, publiction_id=01030000.00004e5d.00000004.00000102(5255d722)
2024-09-29 15:54:36.521@LM_DEBUG@(21052|14632) TcpDataLink::ack_received() found matching element 000001CE42351090
2024-09-29 15:54:36.521@LM_DEBUG@(21052|14632) WriteDataContainer::data_delivered 000001CE425CDD20
2024-09-29 15:54:36.521@LM_DEBUG@(21052|18600) DataWriterImpl::create_control_message: from publication 01030000.00004e5d.00000004.00000102(5255d722) sending control sample: DISPOSE_UNREGISTER_INSTANCE (0x0a), Length: 14, Byte order: Little Endian, Key Fields Only, Sequence: 0x00000008, Timestamp: 1727636076.521514000, Publication: 01030000.00004e5d.00000004.00000102(5255d722) .
2024-09-29 15:54:36.521@LM_DEBUG@(21052|18600) WriteDataContainer::data_delivered 000001CE425CE0E0
2024-09-29 15:54:36.521@LM_DEBUG@(21052|18600) DataWriterImpl::create_control_message: from publication 01030000.00004e5d.00000004.00000102(5255d722) sending control sample: DISPOSE_UNREGISTER_INSTANCE (0x0a), Length: 14, Byte order: Little Endian, Key Fields Only, Sequence: 0x00000009, Timestamp: 1727636076.521514000, Publication: 01030000.00004e5d.00000004.00000102(5255d722) .
2024-09-29 15:54:36.521@LM_DEBUG@(21052|18600) WriteDataContainer::data_delivered 000001CE425CDFA0
2024-09-29 15:54:36.531@LM_DEBUG@(21052|18600) DataWriterImpl::create_control_message: from publication 01030000.00004e5d.00000004.00000102(5255d722) sending control sample: DISPOSE_UNREGISTER_INSTANCE (0x0a), Length: 14, Byte order: Little Endian, Key Fields Only, Sequence: 0x0000000a, Timestamp: 1727636076.521514000, Publication: 01030000.00004e5d.00000004.00000102(5255d722) .
2024-09-29 15:54:36.531@LM_DEBUG@(21052|18600) WriteDataContainer::data_delivered 000001CE425CDE60
2024-09-29 15:54:36.531@LM_DEBUG@(21052|13188) DataWriterImpl::remove_associations: bit 0 local 01030000.00004e5d.00000004.00000102(5255d722) remote 01030000.00004e5d.00000003.00000507(f4733ab9) num remotes 1
2024-09-29 15:54:36.531@LM_DEBUG@(21052|14632) DataLink::handle_exception() - (delay) scheduling timer for future release
2024-09-29 15:54:36.543@LM_DEBUG@(21052|13188) DataReaderImpl::remove_associations: bit 1 local 01030000.00004e5d.00000004.000001c7(b95be11d) remote 01030000.00004e5d.00000001.000001c2(01d19ae2) num remotes 1
2024-09-29 15:54:36.543@LM_DEBUG@(21052|13188) DataReaderImpl::remove_associations_i: bit 1 local 01030000.00004e5d.00000004.000001c7(b95be11d) remote 01030000.00004e5d.00000001.000001c2(01d19ae2) num remotes 1
2024-09-29 15:54:36.543@LM_DEBUG@(21052|13188) InstanceState::unregister_was_received on 01030000.00004e5d.00000001.000001c2(01d19ae2)
2024-09-29 15:54:36.543@LM_DEBUG@(21052|13188) InstanceState::unregister_was_received on 01030000.00004e5d.00000001.000001c2(01d19ae2)
2024-09-29 15:54:36.543@LM_DEBUG@(21052|13188) InstanceState::unregister_was_received on 01030000.00004e5d.00000001.000001c2(01d19ae2)
2024-09-29 15:54:36.551@LM_DEBUG@(21052|13188) InstanceState::unregister_was_received on 01030000.00004e5d.00000001.000001c2(01d19ae2)
2024-09-29 15:54:36.551@LM_DEBUG@(21052|13188) InstanceState::unregister_was_received on 01030000.00004e5d.00000001.000001c2(01d19ae2)
2024-09-29 15:54:36.555@LM_DEBUG@(21052|13188) DataReaderImpl::remove_associations: bit 1 local 01030000.00004e5d.00000004.000003c7(8b6d839f) remote 01030000.00004e5d.00000001.000004c2(7ca66ea7) num remotes 1
2024-09-29 15:54:36.555@LM_DEBUG@(21052|13188) DataReaderImpl::remove_associations_i: bit 1 local 01030000.00004e5d.00000004.000003c7(8b6d839f) remote 01030000.00004e5d.00000001.000004c2(7ca66ea7) num remotes 1
2024-09-29 15:54:36.555@LM_DEBUG@(21052|13188) InstanceState::unregister_was_received on 01030000.00004e5d.00000001.000004c2(7ca66ea7)
2024-09-29 15:54:36.555@LM_DEBUG@(21052|13188) InstanceState::unregister_was_received on 01030000.00004e5d.00000001.000004c2(7ca66ea7)
2024-09-29 15:54:36.560@LM_DEBUG@(21052|13188) DataReaderImpl::remove_associations: bit 1 local 01030000.00004e5d.00000004.000004c7(c42c1558) remote 01030000.00004e5d.00000001.000003c2(33e7f860) num remotes 1
2024-09-29 15:54:36.560@LM_DEBUG@(21052|13188) DataReaderImpl::remove_associations_i: bit 1 local 01030000.00004e5d.00000004.000004c7(c42c1558) remote 01030000.00004e5d.00000001.000003c2(33e7f860) num remotes 1
2024-09-29 15:54:36.560@LM_DEBUG@(21052|13188) InstanceState::unregister_was_received on 01030000.00004e5d.00000001.000003c2(33e7f860)
2024-09-29 15:54:36.560@LM_DEBUG@(21052|13188) InstanceState::unregister_was_received on 01030000.00004e5d.00000001.000003c2(33e7f860)
2024-09-29 15:54:36.571@LM_DEBUG@(21052|17628) Peer has gracefully disconnected.
2024-09-29 15:54:36.571@LM_DEBUG@(21052|13188) DataReaderImpl::remove_associations: bit 1 local 01030000.00004e5d.00000004.000002c7(9276b2de) remote 01030000.00004e5d.00000001.000002c2(2afcc921) num remotes 1
2024-09-29 15:54:36.571@LM_DEBUG@(21052|17628) TcpConnection::handle_close() called on transport: _OPENDDS__BITTCPTransportInst_DEFAULT_REPO to 172.22.128.1:54188 , reconnect_state = INIT_STATE.
2024-09-29 15:54:36.571@LM_DEBUG@(21052|13188) DataReaderImpl::remove_associations_i: bit 1 local 01030000.00004e5d.00000004.000002c7(9276b2de) remote 01030000.00004e5d.00000001.000002c2(2afcc921) num remotes 1
2024-09-29 15:54:36.571@LM_DEBUG@(21052|17628) DataLink::notify: notify sub 01030000.00004e5d.00000004.000002c7(9276b2de) DISCONNECTED.
2024-09-29 15:54:36.571@LM_DEBUG@(21052|13188) InstanceState::unregister_was_received on 01030000.00004e5d.00000001.000002c2(2afcc921)
2024-09-29 15:54:36.571@LM_DEBUG@(21052|13188) InstanceState::unregister_was_received on 01030000.00004e5d.00000001.000002c2(2afcc921)
2024-09-29 15:54:36.571@LM_DEBUG@(21052|13188) InstanceState::unregister_was_received on 01030000.00004e5d.00000001.000002c2(2afcc921)
2024-09-29 15:54:36.571@LM_DEBUG@(21052|13188) InstanceState::unregister_was_received on 01030000.00004e5d.00000001.000002c2(2afcc921)
2024-09-29 15:54:36.576@LM_DEBUG@(21052|13188) InstanceState::unregister_was_received on 01030000.00004e5d.00000001.000002c2(2afcc921)
2024-09-29 15:54:36.576@LM_DEBUG@(21052|17628) DataLink::handle_exception() - delay already elapsed so handle_timeout now
2024-09-29 15:54:36.591@LM_DEBUG@(21052|18600) Service_Participant::shutdown
2024-09-29 15:54:36.610@LM_DEBUG@(21052|18600) DomainParticipantFactoryImpl::~DomainParticipantFactoryImpl()
2024-09-29 15:54:36.610@LM_DEBUG@TAO (21052|18600) - Connection_Handler[716]::close_connection_eh, purging entry from cache
2024-09-29 15:54:36.610@LM_DEBUG@TAO (21052|18600) - Connection_Handler[716]::close_connection_eh, removing from the reactor
2024-09-29 15:54:36.616@LM_DEBUG@TAO (21052|18600) - Connection_Handler[716]::close_connection_eh, cancel all timers
2024-09-29 15:54:36.616@LM_DEBUG@TAO (21052|18600) - Connection_Handler[716]::close_connection_eh end
2024-09-29 15:54:36.621@LM_DEBUG@(21052|18600) Service_Participant::~Service_Participant
2024-09-29 15:54:36.621@LM_DEBUG@(21052|18600) Service_Participant::shutdown
