2024-09-29 15:09:07.094@LM_INFO@(19236|10672) INFO: set_DCPS_debug_level: set to 4
2024-09-29 15:09:07.096@LM_INFO@(19236|10672) INFO: ConfigStoreImpl::set_string: COMMON_DCPS_TRANSPORT_DEBUG_LEVEL=2
2024-09-29 15:09:07.104@LM_INFO@(19236|10672) Service_Participant::get_domain_participant_factory: This is OpenDDS 3.29.1 using ACE 6.5.21
2024-09-29 15:09:07.104@LM_INFO@(19236|10672) Service_Participant::get_domain_participant_factory: log_level: debug DCPS_debug_level: 4
2024-09-29 15:09:07.121@LM_INFO@(19236|10672) Service_Participant::get_domain_participant_factory: machine: LAPTOP-NQKUMCC4, x64 6 platform: Win32, Windows NT 6.2, Build 9200 
2024-09-29 15:09:07.121@LM_INFO@(19236|10672) Service_Participant::get_domain_participant_factory: compiler: Visual C++ version 13.40.0
2024-09-29 15:09:07.121@LM_NOTICE@(19236|10672) NOTICE: Service_Participant::intializeScheduling() - no scheduling policy specified, not setting policy.
2024-09-29 15:09:07.141@LM_DEBUG@(19236|10672) Service_Participant::get_domain_participant_factory: Creating DefaultNetworkConfigMonitor
2024-09-29 15:09:07.141@LM_DEBUG@(19236|10672) Config::Config() - processing argument: model\.\publisher2.EXE.
2024-09-29 15:09:07.144@LM_INFO@(19236|10672) INFO: ConfigStoreImpl::set: REPOSITORY_DEFAULT_REPO=@DEFAULT_REPO
2024-09-29 15:09:07.144@LM_DEBUG@(19236|10672) Service_Participant::set_repo_ior: Repo[DEFAULT_REPO] == file://repo.ior
2024-09-29 15:09:07.201@LM_DEBUG@TAO (19236|10672) - Default_Resource_Factory - codeset manager=000001FFFAB31550
2024-09-29 15:09:07.202@LM_DEBUG@TAO (19236|10672) - Loaded default protocol <IIOP_Factory>
2024-09-29 15:09:07.214@LM_DEBUG@TAO (19236|10672) - IIOP_Connection_Handler::open, IIOP connection to peer <192.168.1.110:52911> on [720]
2024-09-29 15:09:07.222@LM_DEBUG@(19236|10672) DomainParticipantImpl::enable: enabled participant 01030000.00003341.00000005.000001c1(241bd2d5) in domain 0
2024-09-29 15:09:07.239@LM_INFO@(19236|10672) INFO: ConfigStoreImpl::set: TRANSPORT_OPENDDS_BITTCP_TRANSPORT_INST_DEFAULT_REPO_DATALINK_RELEASE_DELAY=0
2024-09-29 15:09:07.240@LM_INFO@(19236|10672) INFO: ConfigStoreImpl::set: TRANSPORT_OPENDDS_BITTCP_TRANSPORT_INST_DEFAULT_REPO_LOCAL_ADDRESS=:0
2024-09-29 15:09:07.242@LM_INFO@(19236|10672) InfoRepoDiscovery::bit_config - BIT tcp transport :0
2024-09-29 15:09:07.243@LM_DEBUG@(19236|10672) DDS::ParticipantBuiltinTopicDataDataReaderImpl::enable_specific-data Cached_Allocator_With_Overflow fabbc6e0 with 20 chunks
2024-09-29 15:09:07.243@LM_DEBUG@(19236|10672) DataReaderImpl::enable Cached_Allocator_With_Overflow fabbdda0 with 20 chunks
2024-09-29 15:09:07.261@LM_DEBUG@(19236|10672) TransportImpl::open()
   transport_type:               tcp
   name:                         _OPENDDS__BITTCPTransportInst_DEFAULT_REPO
   config_prefix:                TRANSPORT_OPENDDS_BITTCP_TRANSPORT_INST_DEFAULT_REPO
   max_packet_size:              2147481599
   max_samples_per_packet:       10
   optimum_packet_size:          4096
   thread_per_connection:        false
   datalink_release_delay:       0
   datalink_control_chunks:      32
   fragment_reassembly_timeout:  5:00.000
   receive_preallocated_message_blocks:0
   receive_preallocated_data_blocks:0
   local_address:                :0
   pub_address:                  
   enable_nagle_algorithm:       false
   conn_retry_initial_delay:     500
   conn_retry_backoff_multiplier:2
   conn_retry_attempts:          3
   passive_reconnect_duration:   2000
   max_output_pause_period:      -1
   active_conn_timeout_period:   5000
2024-09-29 15:09:07.261@LM_DEBUG@(19236|10672) DataReaderImpl::setup_deserialization: Setup successfully with the following data representations: CDR/XCDR1, XCDR2, Unaligned CDR
2024-09-29 15:09:07.285@LM_DEBUG@(19236|22268) DataReaderImpl::add_association - bit 1 local 01030000.00003341.00000005.000001c7(cd7877e0) remote 01030000.00003341.00000001.000001c2(489225af)
2024-09-29 15:09:07.285@LM_DEBUG@(19236|10672) DataReaderImpl::enable: got GUID 01030000.00003341.00000005.000001c7(cd7877e0), subscribed to topic name "DCPSParticipant" type "PARTICIPANT_BUILT_IN_TOPIC_TYPE"
2024-09-29 15:09:07.285@LM_DEBUG@(19236|10672) SubscriberImpl::reader_enabled, datareader(topic_name=DCPSParticipant) enabled
2024-09-29 15:09:07.285@LM_DEBUG@(19236|22268) TransportClient::associate added PendingAssoc between 01030000.00003341.00000005.000001c7(cd7877e0) and remote 01030000.00003341.00000001.000001c2(489225af)
2024-09-29 15:09:07.286@LM_DEBUG@(19236|10672) DDS::TopicBuiltinTopicDataDataReaderImpl::enable_specific-data Cached_Allocator_With_Overflow fabbc130 with 20 chunks
2024-09-29 15:09:07.286@LM_DEBUG@(19236|10672) DataReaderImpl::enable Cached_Allocator_With_Overflow fabbbf90 with 20 chunks
2024-09-29 15:09:07.287@LM_DEBUG@(19236|22268) TcpTransport::accept_datalink create new link[000001FFFCCD9F10]
2024-09-29 15:09:07.287@LM_DEBUG@(19236|10672) DataReaderImpl::setup_deserialization: Setup successfully with the following data representations: CDR/XCDR1, XCDR2, Unaligned CDR
2024-09-29 15:09:07.289@LM_DEBUG@(19236|22268) TransportReceiveStrategy-mb Cached_Allocator_With_Overflow 000001FFFCCE0330 with 1000 chunks
2024-09-29 15:09:07.289@LM_DEBUG@(19236|22268) TransportReceiveStrategy-db Cached_Allocator_With_Overflow 000001FFFCCE03B8 with 100 chunks
2024-09-29 15:09:07.289@LM_DEBUG@(19236|22268) TransportReceiveStrategy-data Cached_Allocator_With_Overflow 000001FFFCCE0440 with 32 chunks
2024-09-29 15:09:07.290@LM_DEBUG@(19236|22268) TransportClient::use_datalink_i TransportClient(000001FFFCABA640) using datalink[000001FFFCCD9F10] from 01030000.00003341.00000001.000001c2(489225af)
2024-09-29 15:09:07.290@LM_DEBUG@(19236|22268) TransportClient::use_datalink_i TransportClient(000001FFFCABA640) about to add_link[000001FFFCCD9F10] to remote: 01030000.00003341.00000001.000001c2(489225af)
2024-09-29 15:09:07.290@LM_INFO@(19236|14256) EndHistoricSamplesMissedSweeper::ScheduleCommand::execute() - sweeper 000001FFFCCBBEB0 is now scheduled
2024-09-29 15:09:07.293@LM_INFO@(19236|14256) EndHistoricSamplesMissedSweeper::CancelCommand::execute() - sweeper 000001FFFCCBBEB0 is no longer scheduled
2024-09-29 15:09:07.293@LM_DEBUG@(19236|10672) DataReaderImpl::add_association - bit 1 local 01030000.00003341.00000005.000002c7(e6552423) remote 01030000.00003341.00000001.000002c2(63bf766c)
2024-09-29 15:09:07.294@LM_DEBUG@(19236|10672) TransportClient::associate added PendingAssoc between 01030000.00003341.00000005.000002c7(e6552423) and remote 01030000.00003341.00000001.000002c2(63bf766c)
2024-09-29 15:09:07.296@LM_DEBUG@(19236|10672) TcpTransport::accept_datalink found datalink[000001FFFCCD9F10]
2024-09-29 15:09:07.296@LM_DEBUG@(19236|10672) TransportClient::use_datalink_i TransportClient(000001FFFCCCFDF0) using datalink[000001FFFCCD9F10] from 01030000.00003341.00000001.000002c2(63bf766c)
2024-09-29 15:09:07.296@LM_DEBUG@(19236|10672) TransportClient::use_datalink_i TransportClient(000001FFFCCCFDF0) about to add_link[000001FFFCCD9F10] to remote: 01030000.00003341.00000001.000002c2(63bf766c)
2024-09-29 15:09:07.296@LM_INFO@(19236|14256) EndHistoricSamplesMissedSweeper::ScheduleCommand::execute() - sweeper 000001FFFCCF9D50 is now scheduled
2024-09-29 15:09:07.297@LM_DEBUG@(19236|10672) DataReaderImpl::enable: got GUID 01030000.00003341.00000005.000002c7(e6552423), subscribed to topic name "DCPSTopic" type "TOPIC_BUILT_IN_TOPIC_TYPE"
2024-09-29 15:09:07.297@LM_DEBUG@(19236|10672) SubscriberImpl::reader_enabled, datareader(topic_name=DCPSTopic) enabled
2024-09-29 15:09:07.298@LM_DEBUG@(19236|10672) DDS::PublicationBuiltinTopicDataDataReaderImpl::enable_specific-data Cached_Allocator_With_Overflow fabbd580 with 20 chunks
2024-09-29 15:09:07.299@LM_DEBUG@(19236|10672) DataReaderImpl::enable Cached_Allocator_With_Overflow fabbc470 with 20 chunks
2024-09-29 15:09:07.299@LM_INFO@(19236|14256) EndHistoricSamplesMissedSweeper::CancelCommand::execute() - sweeper 000001FFFCCF9D50 is no longer scheduled
2024-09-29 15:09:07.300@LM_DEBUG@(19236|10672) DataReaderImpl::setup_deserialization: Setup successfully with the following data representations: CDR/XCDR1, XCDR2, Unaligned CDR
2024-09-29 15:09:07.305@LM_DEBUG@(19236|22268) DataReaderImpl::add_association - bit 1 local 01030000.00003341.00000005.000003c7(ff4e1562) remote 01030000.00003341.00000001.000004c2(35e5d1ea)
2024-09-29 15:09:07.305@LM_DEBUG@(19236|10672) DataReaderImpl::enable: got GUID 01030000.00003341.00000005.000003c7(ff4e1562), subscribed to topic name "DCPSPublication" type "PUBLICATION_BUILT_IN_TOPIC_TYPE"
2024-09-29 15:09:07.305@LM_DEBUG@(19236|10672) SubscriberImpl::reader_enabled, datareader(topic_name=DCPSPublication) enabled
2024-09-29 15:09:07.305@LM_DEBUG@(19236|22268) TransportClient::associate added PendingAssoc between 01030000.00003341.00000005.000003c7(ff4e1562) and remote 01030000.00003341.00000001.000004c2(35e5d1ea)
2024-09-29 15:09:07.306@LM_DEBUG@(19236|10672) DDS::SubscriptionBuiltinTopicDataDataReaderImpl::enable_specific-data Cached_Allocator_With_Overflow fabbd650 with 20 chunks
2024-09-29 15:09:07.306@LM_DEBUG@(19236|10672) DataReaderImpl::enable Cached_Allocator_With_Overflow fabbd7f0 with 20 chunks
2024-09-29 15:09:07.306@LM_DEBUG@(19236|22268) TcpTransport::accept_datalink found datalink[000001FFFCCD9F10]
2024-09-29 15:09:07.306@LM_DEBUG@(19236|22268) TransportClient::use_datalink_i TransportClient(000001FFFCCFF680) using datalink[000001FFFCCD9F10] from 01030000.00003341.00000001.000004c2(35e5d1ea)
2024-09-29 15:09:07.306@LM_DEBUG@(19236|22268) TransportClient::use_datalink_i TransportClient(000001FFFCCFF680) about to add_link[000001FFFCCD9F10] to remote: 01030000.00003341.00000001.000004c2(35e5d1ea)
2024-09-29 15:09:07.306@LM_DEBUG@(19236|10672) DataReaderImpl::setup_deserialization: Setup successfully with the following data representations: CDR/XCDR1, XCDR2, Unaligned CDR
2024-09-29 15:09:07.306@LM_INFO@(19236|14256) EndHistoricSamplesMissedSweeper::ScheduleCommand::execute() - sweeper 000001FFFCD08320 is now scheduled
2024-09-29 15:09:07.308@LM_INFO@(19236|14256) EndHistoricSamplesMissedSweeper::CancelCommand::execute() - sweeper 000001FFFCD08320 is no longer scheduled
2024-09-29 15:09:07.311@LM_DEBUG@(19236|22268) DataReaderImpl::add_association - bit 1 local 01030000.00003341.00000005.000004c7(b00f83a5) remote 01030000.00003341.00000001.000003c2(7aa4472d)
2024-09-29 15:09:07.311@LM_DEBUG@(19236|10672) DataReaderImpl::enable: got GUID 01030000.00003341.00000005.000004c7(b00f83a5), subscribed to topic name "DCPSSubscription" type "SUBSCRIPTION_BUILT_IN_TOPIC_TYPE"
2024-09-29 15:09:07.311@LM_DEBUG@(19236|10672) SubscriberImpl::reader_enabled, datareader(topic_name=DCPSSubscription) enabled
2024-09-29 15:09:07.311@LM_DEBUG@(19236|22268) TransportClient::associate added PendingAssoc between 01030000.00003341.00000005.000004c7(b00f83a5) and remote 01030000.00003341.00000001.000003c2(7aa4472d)
2024-09-29 15:09:07.312@LM_DEBUG@(19236|22268) TcpTransport::accept_datalink found datalink[000001FFFCCD9F10]
2024-09-29 15:09:07.312@LM_DEBUG@(19236|22268) TransportClient::use_datalink_i TransportClient(000001FFFCD0AB40) using datalink[000001FFFCCD9F10] from 01030000.00003341.00000001.000003c2(7aa4472d)
2024-09-29 15:09:07.312@LM_DEBUG@(19236|22268) TransportClient::use_datalink_i TransportClient(000001FFFCD0AB40) about to add_link[000001FFFCCD9F10] to remote: 01030000.00003341.00000001.000003c2(7aa4472d)
2024-09-29 15:09:07.312@LM_INFO@(19236|14256) EndHistoricSamplesMissedSweeper::ScheduleCommand::execute() - sweeper 000001FFFCD1D070 is now scheduled
2024-09-29 15:09:07.314@LM_DEBUG@(19236|10672) WriteDataContainer sample_list_element_allocator fcd22d10 with 20 chunks
2024-09-29 15:09:07.314@LM_DEBUG@(19236|10672) DataWriterImpl::enable-mb Cached_Allocator_With_Overflow fabbc610 with 20 chunks
2024-09-29 15:09:07.316@LM_DEBUG@(19236|10672) DataWriterImpl::enable-db Cached_Allocator_With_Overflow fabbc950 with 20 chunks
2024-09-29 15:09:07.316@LM_DEBUG@(19236|10672) DataWriterImpl::enable-header Cached_Allocator_With_Overflow fccdbb90 with 20 chunks
2024-09-29 15:09:07.316@LM_INFO@(19236|14256) EndHistoricSamplesMissedSweeper::CancelCommand::execute() - sweeper 000001FFFCD1D070 is no longer scheduled
2024-09-29 15:09:07.320@LM_DEBUG@(19236|10672) TransportImpl::open()
   transport_type:               tcp
   name:                         _OPENDDS_0500_TCP
   config_prefix:                TRANSPORT_OPENDDS_0500_TCP
   max_packet_size:              2147481599
   max_samples_per_packet:       10
   optimum_packet_size:          4096
   thread_per_connection:        false
   datalink_release_delay:       10000
   datalink_control_chunks:      32
   fragment_reassembly_timeout:  5:00.000
   receive_preallocated_message_blocks:0
   receive_preallocated_data_blocks:0
   local_address:                
   pub_address:                  
   enable_nagle_algorithm:       false
   conn_retry_initial_delay:     500
   conn_retry_backoff_multiplier:2
   conn_retry_attempts:          3
   passive_reconnect_duration:   2000
   max_output_pause_period:      -1
   active_conn_timeout_period:   5000
2024-09-29 15:09:07.320@LM_DEBUG@(19236|10672) WriterImpl::setup_serialization: Setup successfully with Unaligned CDR data representation.
2024-09-29 15:09:07.320@LM_DEBUG@(19236|10672) DataWriterImpl::setup_serialization: using data allocator at fcb6a970 with 20 71 byte chunks
2024-09-29 15:09:07.329@LM_DEBUG@(19236|22268) DataWriterImpl::add_association - bit 0 local 01030000.00003341.00000005.00000102(267641df) remote 01030000.00003341.00000002.00000507(8050ac44)
2024-09-29 15:09:07.329@LM_DEBUG@(19236|22268) TransportClient::associate added PendingAssoc between 01030000.00003341.00000005.00000102(267641df) and remote 01030000.00003341.00000002.00000507(8050ac44)
2024-09-29 15:09:07.329@LM_DEBUG@(19236|10672) DataWriterImpl::enable: got GUID 01030000.00003341.00000005.00000102(267641df), publishing to topic name "AvailabilityInfo" type "UATM::availabilityInfo"
2024-09-29 15:09:07.329@LM_DEBUG@(19236|22268) PendingAssoc::initiate_connect - between 01030000.00003341.00000005.00000102(267641df) and remote 01030000.00003341.00000002.00000507(8050ac44)
2024-09-29 15:09:07.329@LM_DEBUG@(19236|22268) TransportClient::initiate_connect_i - attempt to connect_datalink between local 01030000.00003341.00000005.00000102(267641df) and remote 01030000.00003341.00000002.00000507(8050ac44)
2024-09-29 15:09:07.330@LM_DEBUG@(19236|22268) TcpTransport::connect_datalink PriorityKey prio=0, addr=172.22.128.1:52931, is_loopback=0, is_active=1
2024-09-29 15:09:07.331@LM_DEBUG@(19236|22268) TcpTransport::connect_datalink create new link[000001FFFCFD65C0]
2024-09-29 15:09:07.333@LM_DEBUG@(19236|22268) TcpConnection::on_active_connection_established: Sending public address <LAPTOP-NQKUMCC4.mshome.net:52962> to remote side
2024-09-29 15:09:07.333@LM_DEBUG@(19236|22268) TransportReceiveStrategy-mb Cached_Allocator_With_Overflow 000001FFFCFD9ED0 with 1000 chunks
2024-09-29 15:09:07.336@LM_DEBUG@(19236|22268) TransportReceiveStrategy-db Cached_Allocator_With_Overflow 000001FFFCFD9F58 with 100 chunks
2024-09-29 15:09:07.336@LM_DEBUG@(19236|22268) TransportReceiveStrategy-data Cached_Allocator_With_Overflow 000001FFFCFD9FE0 with 32 chunks
2024-09-29 15:09:07.336@LM_DEBUG@(19236|22268) TcpTransport::connect_datalink completed synchronously.
2024-09-29 15:09:07.336@LM_DEBUG@(19236|22268) TransportClient::initiate_connect_i - connection between local 01030000.00003341.00000005.00000102(267641df) and remote 01030000.00003341.00000002.00000507(8050ac44) initiation successful
2024-09-29 15:09:07.336@LM_DEBUG@(19236|22268) PendingAssoc::intiate_connect - resulting link from initiate_connect_i (local: 01030000.00003341.00000005.00000102(267641df) to remote: 01030000.00003341.00000002.00000507(8050ac44)) was nil
2024-09-29 15:09:07.337@LM_DEBUG@(19236|9860) TransportClient::use_datalink_i TransportClient(000001FFFCD220F8) using datalink[000001FFFCFD65C0] from 01030000.00003341.00000002.00000507(8050ac44)
2024-09-29 15:09:07.337@LM_DEBUG@(19236|9860) TransportClient::use_datalink_i TransportClient(000001FFFCD220F8) about to add_link[000001FFFCFD65C0] to remote: 01030000.00003341.00000002.00000507(8050ac44)
2024-09-29 15:09:07.337@LM_INFO@(19236|9860) DataWriterImpl::transport_assoc_done: writer 01030000.00003341.00000005.00000102(267641df) succeeded in associating with reader 01030000.00003341.00000002.00000507(8050ac44)
2024-09-29 15:09:07.337@LM_DEBUG@(19236|9860) DataWriterImpl::transport_assoc_done: writer 01030000.00003341.00000005.00000102(267641df) reader 01030000.00003341.00000002.00000507(8050ac44) calling association_complete_i
2024-09-29 15:09:07.337@LM_DEBUG@(19236|9860) DataWriterImpl::association_complete_i - bit 0 local 01030000.00003341.00000005.00000102(267641df) remote 01030000.00003341.00000002.00000507(8050ac44)
2024-09-29 15:09:07.337@LM_INFO@(19236|9860) Sending historic samples
2024-09-29 15:09:07.337@LM_DEBUG@(19236|9860) DataWriterImpl::create_control_message: from publication 01030000.00003341.00000005.00000102(267641df) sending control sample: END_HISTORIC_SAMPLES (0x0b), Length: 16, Byte order: Little Endian, Sequence: 0x00000000, Timestamp: 1727633347.337424000, Publication: 01030000.00003341.00000005.00000102(267641df) .
2024-09-29 15:09:07.337@LM_DEBUG@(19236|10672) DataWriterImpl::create_control_message: from publication 01030000.00003341.00000005.00000102(267641df) sending control sample: INSTANCE_REGISTRATION (0x02), Length: 12, Byte order: Little Endian, Key Fields Only, Sequence: 0x00000001, Timestamp: 1727633347.337424000, Publication: 01030000.00003341.00000005.00000102(267641df) .
2024-09-29 15:09:07.337@LM_DEBUG@(19236|10672) WriteDataContainer::data_delivered 000001FFFCD25F10
2024-09-29 15:09:07.337@LM_DEBUG@(19236|10672) DataWriterImpl::create_sample_data_message: from publication 01030000.00003341.00000005.00000102(267641df) sending data sample: SAMPLE_DATA (0x00), Length: 48, Byte order: Little Endian, Content-Filtered, Sequence: 0x00000002, Timestamp: 1727633347.337424000, Publication: 01030000.00003341.00000005.00000102(267641df), Content-Filter Entries (0): [] .
2024-09-29 15:09:07.337@LM_DEBUG@(19236|10672) WriteDataContainer::data_delivered 000001FFFCD25F10
