2024-09-12 20:04:04.939@LM_INFO@(16592|7660) INFO: set_DCPS_debug_level: set to 4
2024-09-12 20:04:04.939@LM_INFO@(16592|7660) INFO: ConfigStoreImpl::set_string: COMMON_DCPS_TRANSPORT_DEBUG_LEVEL=2
2024-09-12 20:04:04.943@LM_INFO@(16592|7660) Service_Participant::get_domain_participant_factory: This is OpenDDS 3.29.1 using ACE 6.5.21
2024-09-12 20:04:04.943@LM_INFO@(16592|7660) Service_Participant::get_domain_participant_factory: log_level: debug DCPS_debug_level: 4
2024-09-12 20:04:04.953@LM_INFO@(16592|7660) Service_Participant::get_domain_participant_factory: machine: LAPTOP-NQKUMCC4, x64 6 platform: Win32, Windows NT 6.2, Build 9200 
2024-09-12 20:04:04.953@LM_INFO@(16592|7660) Service_Participant::get_domain_participant_factory: compiler: Visual C++ version 13.40.0
2024-09-12 20:04:04.954@LM_NOTICE@(16592|7660) NOTICE: Service_Participant::intializeScheduling() - no scheduling policy specified, not setting policy.
2024-09-12 20:04:04.964@LM_DEBUG@(16592|7660) Service_Participant::get_domain_participant_factory: Creating DefaultNetworkConfigMonitor
2024-09-12 20:04:04.964@LM_DEBUG@(16592|7660) Config::Config() - processing argument: model\.\publisher1.EXE.
2024-09-12 20:04:04.965@LM_DEBUG@(16592|7660) Config::Config() - processing argument: model\.\publisher1.EXE.
2024-09-12 20:04:04.965@LM_INFO@(16592|7660) INFO: ConfigStoreImpl::set: REPOSITORY_DEFAULT_REPO=@DEFAULT_REPO
2024-09-12 20:04:04.965@LM_DEBUG@(16592|7660) Service_Participant::set_repo_ior: Repo[DEFAULT_REPO] == file://repo.ior
2024-09-12 20:04:04.989@LM_DEBUG@TAO (16592|7660) - Default_Resource_Factory - codeset manager=000002CA9EB1C580
2024-09-12 20:04:04.989@LM_DEBUG@TAO (16592|7660) - Loaded default protocol <IIOP_Factory>
2024-09-12 20:04:04.995@LM_DEBUG@TAO (16592|7660) - IIOP_Connection_Handler::open, IIOP connection to peer <192.168.1.110:60873> on [672]
2024-09-12 20:04:05.000@LM_DEBUG@(16592|7660) DomainParticipantImpl::enable: enabled participant 01030000.000076af.00000007.000001c1(d4bc1728) in domain 0
2024-09-12 20:04:05.007@LM_INFO@(16592|7660) INFO: ConfigStoreImpl::set: TRANSPORT_OPENDDS_BITTCP_TRANSPORT_INST_DEFAULT_REPO_DATALINK_RELEASE_DELAY=0
2024-09-12 20:04:05.008@LM_INFO@(16592|7660) INFO: ConfigStoreImpl::set: TRANSPORT_OPENDDS_BITTCP_TRANSPORT_INST_DEFAULT_REPO_LOCAL_ADDRESS=:0
2024-09-12 20:04:05.008@LM_INFO@(16592|7660) InfoRepoDiscovery::bit_config - BIT tcp transport :0
2024-09-12 20:04:05.009@LM_DEBUG@(16592|7660) DDS::ParticipantBuiltinTopicDataDataReaderImpl::enable_specific-data Cached_Allocator_With_Overflow 9eb77d20 with 20 chunks
2024-09-12 20:04:05.009@LM_DEBUG@(16592|7660) DataReaderImpl::enable Cached_Allocator_With_Overflow 9eb77df0 with 20 chunks
2024-09-12 20:04:05.020@LM_WARNING@(16592|7660) WARNING: get_fully_qualified_hostname: Could not find FQDN. Using "LAPTOP-NQKUMCC4" as fully qualified hostname, please correct system configuration.
2024-09-12 20:04:05.022@LM_DEBUG@(16592|7660) TransportImpl::open()
   transport_type:               tcp
   name:                         _OPENDDS__BITTCPTransportInst_DEFAULT_REPO
   config_prefix:                TRANSPORT_OPENDDS_BITTCP_TRANSPORT_INST_DEFAULT_REPO
   max_packet_size:              2147481599
   max_samples_per_packet:       10
   optimum_packet_size:          4096
   thread_per_connection:        false
   datalink_release_delay:       0
   datalink_control_chunks:      32
   fragment_reassembly_timeout:  5:00.000
   receive_preallocated_message_blocks:0
   receive_preallocated_data_blocks:0
   local_address:                :0
   pub_address:                  
   enable_nagle_algorithm:       false
   conn_retry_initial_delay:     500
   conn_retry_backoff_multiplier:2
   conn_retry_attempts:          3
   passive_reconnect_duration:   2000
   max_output_pause_period:      -1
   active_conn_timeout_period:   5000
2024-09-12 20:04:05.022@LM_DEBUG@(16592|7660) DataReaderImpl::setup_deserialization: Setup successfully with the following data representations: CDR/XCDR1, XCDR2, Unaligned CDR
2024-09-12 20:04:05.044@LM_DEBUG@(16592|15772) DataReaderImpl::add_association - bit 1 local 01030000.000076af.00000007.000001c7(3ddfb21d) remote 01030000.000076af.00000001.000001c2(c2f5b332)
2024-09-12 20:04:05.044@LM_DEBUG@(16592|7660) DataReaderImpl::enable: got GUID 01030000.000076af.00000007.000001c7(3ddfb21d), subscribed to topic name "DCPSParticipant" type "PARTICIPANT_BUILT_IN_TOPIC_TYPE"
2024-09-12 20:04:05.044@LM_DEBUG@(16592|7660) SubscriberImpl::reader_enabled, datareader(topic_name=DCPSParticipant) enabled
2024-09-12 20:04:05.044@LM_DEBUG@(16592|15772) TransportClient::associate added PendingAssoc between 01030000.000076af.00000007.000001c7(3ddfb21d) and remote 01030000.000076af.00000001.000001c2(c2f5b332)
2024-09-12 20:04:05.049@LM_DEBUG@(16592|7660) DDS::TopicBuiltinTopicDataDataReaderImpl::enable_specific-data Cached_Allocator_With_Overflow a0b07250 with 20 chunks
2024-09-12 20:04:05.049@LM_DEBUG@(16592|7660) DataReaderImpl::enable Cached_Allocator_With_Overflow a0b08430 with 20 chunks
2024-09-12 20:04:05.050@LM_DEBUG@(16592|7660) DataReaderImpl::setup_deserialization: Setup successfully with the following data representations: CDR/XCDR1, XCDR2, Unaligned CDR
2024-09-12 20:04:05.050@LM_DEBUG@(16592|15772) TcpTransport::accept_datalink create new link[000002CAA0D12F80]
2024-09-12 20:04:05.052@LM_DEBUG@(16592|15772) TransportReceiveStrategy-mb Cached_Allocator_With_Overflow 000002CAA0D1CAF0 with 1000 chunks
2024-09-12 20:04:05.052@LM_DEBUG@(16592|15772) TransportReceiveStrategy-db Cached_Allocator_With_Overflow 000002CAA0D1CB78 with 100 chunks
2024-09-12 20:04:05.052@LM_DEBUG@(16592|15772) TransportReceiveStrategy-data Cached_Allocator_With_Overflow 000002CAA0D1CC00 with 32 chunks
2024-09-12 20:04:05.053@LM_DEBUG@(16592|15772) TransportClient::use_datalink_i TransportClient(000002CAA0AF9590) using datalink[000002CAA0D12F80] from 01030000.000076af.00000001.000001c2(c2f5b332)
2024-09-12 20:04:05.053@LM_DEBUG@(16592|15772) TransportClient::use_datalink_i TransportClient(000002CAA0AF9590) about to add_link[000002CAA0D12F80] to remote: 01030000.000076af.00000001.000001c2(c2f5b332)
2024-09-12 20:04:05.053@LM_INFO@(16592|5512) EndHistoricSamplesMissedSweeper::ScheduleCommand::execute() - sweeper 000002CAA0CEDF70 is now scheduled
2024-09-12 20:04:05.053@LM_DEBUG@(16592|7660) DataReaderImpl::add_association - bit 1 local 01030000.000076af.00000007.000002c7(16f2e1de) remote 01030000.000076af.00000001.000002c2(e9d8e0f1)
2024-09-12 20:04:05.053@LM_DEBUG@(16592|7660) TransportClient::associate added PendingAssoc between 01030000.000076af.00000007.000002c7(16f2e1de) and remote 01030000.000076af.00000001.000002c2(e9d8e0f1)
2024-09-12 20:04:05.058@LM_INFO@(16592|5512) EndHistoricSamplesMissedSweeper::CancelCommand::execute() - sweeper 000002CAA0CEDF70 is no longer scheduled
2024-09-12 20:04:05.058@LM_DEBUG@(16592|7660) TcpTransport::accept_datalink found datalink[000002CAA0D12F80]
2024-09-12 20:04:05.059@LM_DEBUG@(16592|7660) TransportClient::use_datalink_i TransportClient(000002CAA0D01EB0) using datalink[000002CAA0D12F80] from 01030000.000076af.00000001.000002c2(e9d8e0f1)
2024-09-12 20:04:05.059@LM_DEBUG@(16592|7660) TransportClient::use_datalink_i TransportClient(000002CAA0D01EB0) about to add_link[000002CAA0D12F80] to remote: 01030000.000076af.00000001.000002c2(e9d8e0f1)
2024-09-12 20:04:05.059@LM_INFO@(16592|5512) EndHistoricSamplesMissedSweeper::ScheduleCommand::execute() - sweeper 000002CAA0D1D8F0 is now scheduled
2024-09-12 20:04:05.060@LM_DEBUG@(16592|7660) DataReaderImpl::enable: got GUID 01030000.000076af.00000007.000002c7(16f2e1de), subscribed to topic name "DCPSTopic" type "TOPIC_BUILT_IN_TOPIC_TYPE"
2024-09-12 20:04:05.060@LM_DEBUG@(16592|7660) SubscriberImpl::reader_enabled, datareader(topic_name=DCPSTopic) enabled
2024-09-12 20:04:05.061@LM_DEBUG@(16592|7660) DDS::PublicationBuiltinTopicDataDataReaderImpl::enable_specific-data Cached_Allocator_With_Overflow a0b073f0 with 20 chunks
2024-09-12 20:04:05.061@LM_DEBUG@(16592|7660) DataReaderImpl::enable Cached_Allocator_With_Overflow a0b08840 with 20 chunks
2024-09-12 20:04:05.061@LM_DEBUG@(16592|7660) DataReaderImpl::setup_deserialization: Setup successfully with the following data representations: CDR/XCDR1, XCDR2, Unaligned CDR
2024-09-12 20:04:05.061@LM_INFO@(16592|5512) EndHistoricSamplesMissedSweeper::CancelCommand::execute() - sweeper 000002CAA0D1D8F0 is no longer scheduled
2024-09-12 20:04:05.065@LM_DEBUG@(16592|15772) DataReaderImpl::add_association - bit 1 local 01030000.000076af.00000007.000003c7(0fe9d09f) remote 01030000.000076af.00000001.000004c2(bf824777)
2024-09-12 20:04:05.065@LM_DEBUG@(16592|7660) DataReaderImpl::enable: got GUID 01030000.000076af.00000007.000003c7(0fe9d09f), subscribed to topic name "DCPSPublication" type "PUBLICATION_BUILT_IN_TOPIC_TYPE"
2024-09-12 20:04:05.065@LM_DEBUG@(16592|7660) SubscriberImpl::reader_enabled, datareader(topic_name=DCPSPublication) enabled
2024-09-12 20:04:05.065@LM_DEBUG@(16592|15772) TransportClient::associate added PendingAssoc between 01030000.000076af.00000007.000003c7(0fe9d09f) and remote 01030000.000076af.00000001.000004c2(bf824777)
2024-09-12 20:04:05.067@LM_DEBUG@(16592|7660) DDS::SubscriptionBuiltinTopicDataDataReaderImpl::enable_specific-data Cached_Allocator_With_Overflow a0b07c10 with 20 chunks
2024-09-12 20:04:05.067@LM_DEBUG@(16592|7660) DataReaderImpl::enable Cached_Allocator_With_Overflow a0b07b40 with 20 chunks
2024-09-12 20:04:05.067@LM_DEBUG@(16592|15772) TcpTransport::accept_datalink found datalink[000002CAA0D12F80]
2024-09-12 20:04:05.067@LM_DEBUG@(16592|7660) DataReaderImpl::setup_deserialization: Setup successfully with the following data representations: CDR/XCDR1, XCDR2, Unaligned CDR
2024-09-12 20:04:05.067@LM_DEBUG@(16592|15772) TransportClient::use_datalink_i TransportClient(000002CAA0D38240) using datalink[000002CAA0D12F80] from 01030000.000076af.00000001.000004c2(bf824777)
2024-09-12 20:04:05.067@LM_DEBUG@(16592|15772) TransportClient::use_datalink_i TransportClient(000002CAA0D38240) about to add_link[000002CAA0D12F80] to remote: 01030000.000076af.00000001.000004c2(bf824777)
2024-09-12 20:04:05.067@LM_INFO@(16592|5512) EndHistoricSamplesMissedSweeper::ScheduleCommand::execute() - sweeper 000002CAA0D45160 is now scheduled
2024-09-12 20:04:05.069@LM_INFO@(16592|5512) EndHistoricSamplesMissedSweeper::CancelCommand::execute() - sweeper 000002CAA0D45160 is no longer scheduled
2024-09-12 20:04:05.070@LM_DEBUG@(16592|15772) DataReaderImpl::add_association - bit 1 local 01030000.000076af.00000007.000004c7(40a84658) remote 01030000.000076af.00000001.000003c2(f0c3d1b0)
2024-09-12 20:04:05.070@LM_DEBUG@(16592|7660) DataReaderImpl::enable: got GUID 01030000.000076af.00000007.000004c7(40a84658), subscribed to topic name "DCPSSubscription" type "SUBSCRIPTION_BUILT_IN_TOPIC_TYPE"
2024-09-12 20:04:05.070@LM_DEBUG@(16592|7660) SubscriberImpl::reader_enabled, datareader(topic_name=DCPSSubscription) enabled
2024-09-12 20:04:05.070@LM_DEBUG@(16592|15772) TransportClient::associate added PendingAssoc between 01030000.000076af.00000007.000004c7(40a84658) and remote 01030000.000076af.00000001.000003c2(f0c3d1b0)
2024-09-12 20:04:05.070@LM_DEBUG@(16592|15772) TcpTransport::accept_datalink found datalink[000002CAA0D12F80]
2024-09-12 20:04:05.070@LM_DEBUG@(16592|15772) TransportClient::use_datalink_i TransportClient(000002CAA0D4C410) using datalink[000002CAA0D12F80] from 01030000.000076af.00000001.000003c2(f0c3d1b0)
2024-09-12 20:04:05.070@LM_DEBUG@(16592|15772) TransportClient::use_datalink_i TransportClient(000002CAA0D4C410) about to add_link[000002CAA0D12F80] to remote: 01030000.000076af.00000001.000003c2(f0c3d1b0)
2024-09-12 20:04:05.070@LM_INFO@(16592|5512) EndHistoricSamplesMissedSweeper::ScheduleCommand::execute() - sweeper 000002CAA0D4CEF0 is now scheduled
2024-09-12 20:04:05.075@LM_DEBUG@(16592|7660) WriteDataContainer sample_list_element_allocator a0d624b0 with 20 chunks
2024-09-12 20:04:05.075@LM_INFO@(16592|5512) EndHistoricSamplesMissedSweeper::CancelCommand::execute() - sweeper 000002CAA0D4CEF0 is no longer scheduled
2024-09-12 20:04:05.075@LM_DEBUG@(16592|7660) DataWriterImpl::enable-mb Cached_Allocator_With_Overflow a0b06bd0 with 20 chunks
2024-09-12 20:04:05.075@LM_DEBUG@(16592|7660) DataWriterImpl::enable-db Cached_Allocator_With_Overflow a0b08910 with 20 chunks
2024-09-12 20:04:05.075@LM_DEBUG@(16592|7660) DataWriterImpl::enable-header Cached_Allocator_With_Overflow a0ced090 with 20 chunks
2024-09-12 20:04:05.079@LM_DEBUG@(16592|7660) TransportImpl::open()
   transport_type:               tcp
   name:                         _OPENDDS_0500_TCP
   config_prefix:                TRANSPORT_OPENDDS_0500_TCP
   max_packet_size:              2147481599
   max_samples_per_packet:       10
   optimum_packet_size:          4096
   thread_per_connection:        false
   datalink_release_delay:       10000
   datalink_control_chunks:      32
   fragment_reassembly_timeout:  5:00.000
   receive_preallocated_message_blocks:0
   receive_preallocated_data_blocks:0
   local_address:                
   pub_address:                  
   enable_nagle_algorithm:       false
   conn_retry_initial_delay:     500
   conn_retry_backoff_multiplier:2
   conn_retry_attempts:          3
   passive_reconnect_duration:   2000
   max_output_pause_period:      -1
   active_conn_timeout_period:   5000
2024-09-12 20:04:05.085@LM_DEBUG@(16592|7660) WriterImpl::setup_serialization: Setup successfully with Unaligned CDR data representation.
2024-09-12 20:04:05.085@LM_DEBUG@(16592|7660) DataWriterImpl::setup_serialization: using data allocator at a0c80230 with 20 94 byte chunks
2024-09-12 20:04:05.091@LM_DEBUG@(16592|15772) DataWriterImpl::add_association - bit 0 local 01030000.000076af.00000007.00000102(d6d18422) remote 01030000.000076af.00000004.00000507(8577cf79)
2024-09-12 20:04:05.092@LM_DEBUG@(16592|15772) TransportClient::associate added PendingAssoc between 01030000.000076af.00000007.00000102(d6d18422) and remote 01030000.000076af.00000004.00000507(8577cf79)
2024-09-12 20:04:05.092@LM_DEBUG@(16592|7660) DataWriterImpl::enable: got GUID 01030000.000076af.00000007.00000102(d6d18422), publishing to topic name "trafficFlowsInfo" type "UATM::trafficFlowsInfo"
2024-09-12 20:04:05.092@LM_DEBUG@(16592|15772) PendingAssoc::initiate_connect - between 01030000.000076af.00000007.00000102(d6d18422) and remote 01030000.000076af.00000004.00000507(8577cf79)
2024-09-12 20:04:05.092@LM_DEBUG@(16592|15772) TransportClient::initiate_connect_i - attempt to connect_datalink between local 01030000.000076af.00000007.00000102(d6d18422) and remote 01030000.000076af.00000004.00000507(8577cf79)
2024-09-12 20:04:05.093@LM_DEBUG@(16592|15772) TcpTransport::connect_datalink PriorityKey prio=0, addr=192.168.1.110:60919, is_loopback=0, is_active=1
2024-09-12 20:04:05.095@LM_DEBUG@(16592|15772) TcpTransport::connect_datalink create new link[000002CAA1022E60]
2024-09-12 20:04:05.095@LM_DEBUG@(16592|15772) TcpConnection::on_active_connection_established: Sending public address <LAPTOP-NQKUMCC4:60932> to remote side
2024-09-12 20:04:05.095@LM_DEBUG@(16592|15772) TransportReceiveStrategy-mb Cached_Allocator_With_Overflow 000002CAA102A780 with 1000 chunks
2024-09-12 20:04:05.095@LM_DEBUG@(16592|15772) TransportReceiveStrategy-db Cached_Allocator_With_Overflow 000002CAA102A808 with 100 chunks
2024-09-12 20:04:05.095@LM_DEBUG@(16592|15772) TransportReceiveStrategy-data Cached_Allocator_With_Overflow 000002CAA102A890 with 32 chunks
2024-09-12 20:04:05.098@LM_DEBUG@(16592|15772) TcpTransport::connect_datalink completed synchronously.
2024-09-12 20:04:05.099@LM_DEBUG@(16592|15772) TransportClient::initiate_connect_i - connection between local 01030000.000076af.00000007.00000102(d6d18422) and remote 01030000.000076af.00000004.00000507(8577cf79) initiation successful
2024-09-12 20:04:05.099@LM_DEBUG@(16592|15772) PendingAssoc::intiate_connect - resulting link from initiate_connect_i (local: 01030000.000076af.00000007.00000102(d6d18422) to remote: 01030000.000076af.00000004.00000507(8577cf79)) was nil
2024-09-12 20:04:05.099@LM_DEBUG@(16592|17524) TransportClient::use_datalink_i TransportClient(000002CAA0D5EA38) using datalink[000002CAA1022E60] from 01030000.000076af.00000004.00000507(8577cf79)
2024-09-12 20:04:05.099@LM_DEBUG@(16592|17524) TransportClient::use_datalink_i TransportClient(000002CAA0D5EA38) about to add_link[000002CAA1022E60] to remote: 01030000.000076af.00000004.00000507(8577cf79)
2024-09-12 20:04:05.100@LM_INFO@(16592|17524) DataWriterImpl::transport_assoc_done: writer 01030000.000076af.00000007.00000102(d6d18422) succeeded in associating with reader 01030000.000076af.00000004.00000507(8577cf79)
2024-09-12 20:04:05.100@LM_DEBUG@(16592|17524) DataWriterImpl::transport_assoc_done: writer 01030000.000076af.00000007.00000102(d6d18422) reader 01030000.000076af.00000004.00000507(8577cf79) calling association_complete_i
2024-09-12 20:04:05.100@LM_DEBUG@(16592|17524) DataWriterImpl::association_complete_i - bit 0 local 01030000.000076af.00000007.00000102(d6d18422) remote 01030000.000076af.00000004.00000507(8577cf79)
2024-09-12 20:04:05.100@LM_INFO@(16592|17524) Sending historic samples
2024-09-12 20:04:05.100@LM_DEBUG@(16592|17524) DataWriterImpl::create_control_message: from publication 01030000.000076af.00000007.00000102(d6d18422) sending control sample: END_HISTORIC_SAMPLES (0x0b), Length: 16, Byte order: Little Endian, Sequence: 0x00000000, Timestamp: 1726182245.100868000, Publication: 01030000.000076af.00000007.00000102(d6d18422) .
2024-09-12 20:04:05.102@LM_DEBUG@(16592|7660) DataWriterImpl::create_control_message: from publication 01030000.000076af.00000007.00000102(d6d18422) sending control sample: INSTANCE_REGISTRATION (0x02), Length: 4, Byte order: Little Endian, Key Fields Only, Sequence: 0x00000001, Timestamp: 1726182245.102260000, Publication: 01030000.000076af.00000007.00000102(d6d18422) .
2024-09-12 20:04:05.102@LM_DEBUG@(16592|7660) WriteDataContainer::data_delivered 000002CAA0D656B0
2024-09-12 20:04:05.102@LM_DEBUG@(16592|7660) DataWriterImpl::create_sample_data_message: from publication 01030000.000076af.00000007.00000102(d6d18422) sending data sample: SAMPLE_DATA (0x00), Length: 44, Byte order: Little Endian, Sequence: 0x00000002, Timestamp: 1726182245.102260000, Publication: 01030000.000076af.00000007.00000102(d6d18422) .
2024-09-12 20:04:05.102@LM_DEBUG@(16592|7660) WriteDataContainer::data_delivered 000002CAA0D656B0
2024-09-12 20:04:05.105@LM_DEBUG@(16592|7660) DomainParticipantImpl::enable: enabled participant 01030000.000076af.00000008.000001c1(56ec80f9) in domain 0
2024-09-12 20:04:05.110@LM_DEBUG@(16592|7660) DDS::ParticipantBuiltinTopicDataDataReaderImpl::enable_specific-data Cached_Allocator_With_Overflow a0b06e40 with 20 chunks
2024-09-12 20:04:05.110@LM_DEBUG@(16592|7660) DataReaderImpl::enable Cached_Allocator_With_Overflow a0b06fe0 with 20 chunks
2024-09-12 20:04:05.110@LM_DEBUG@(16592|7660) DataReaderImpl::setup_deserialization: Setup successfully with the following data representations: CDR/XCDR1, XCDR2, Unaligned CDR
2024-09-12 20:04:05.119@LM_DEBUG@(16592|15772) DataReaderImpl::add_association - bit 1 local 01030000.000076af.00000008.000001c7(bf8f25cc) remote 01030000.000076af.00000001.000001c2(c2f5b332)
2024-09-12 20:04:05.119@LM_DEBUG@(16592|7660) DataReaderImpl::enable: got GUID 01030000.000076af.00000008.000001c7(bf8f25cc), subscribed to topic name "DCPSParticipant" type "PARTICIPANT_BUILT_IN_TOPIC_TYPE"
2024-09-12 20:04:05.119@LM_DEBUG@(16592|7660) SubscriberImpl::reader_enabled, datareader(topic_name=DCPSParticipant) enabled
2024-09-12 20:04:05.119@LM_DEBUG@(16592|15772) TransportClient::associate added PendingAssoc between 01030000.000076af.00000008.000001c7(bf8f25cc) and remote 01030000.000076af.00000001.000001c2(c2f5b332)
2024-09-12 20:04:05.120@LM_DEBUG@(16592|7660) DDS::TopicBuiltinTopicDataDataReaderImpl::enable_specific-data Cached_Allocator_With_Overflow a0b080f0 with 20 chunks
2024-09-12 20:04:05.120@LM_DEBUG@(16592|7660) DataReaderImpl::enable Cached_Allocator_With_Overflow a0b07ce0 with 20 chunks
2024-09-12 20:04:05.120@LM_DEBUG@(16592|15772) TcpTransport::accept_datalink found datalink[000002CAA0D12F80]
2024-09-12 20:04:05.120@LM_DEBUG@(16592|15772) TransportClient::use_datalink_i TransportClient(000002CAA10518E0) using datalink[000002CAA0D12F80] from 01030000.000076af.00000001.000001c2(c2f5b332)
2024-09-12 20:04:05.120@LM_DEBUG@(16592|15772) TransportClient::use_datalink_i TransportClient(000002CAA10518E0) about to add_link[000002CAA0D12F80] to remote: 01030000.000076af.00000001.000001c2(c2f5b332)
2024-09-12 20:04:05.120@LM_DEBUG@(16592|7660) DataReaderImpl::setup_deserialization: Setup successfully with the following data representations: CDR/XCDR1, XCDR2, Unaligned CDR
2024-09-12 20:04:05.121@LM_INFO@(16592|5512) EndHistoricSamplesMissedSweeper::ScheduleCommand::execute() - sweeper 000002CAA1106060 is now scheduled
2024-09-12 20:04:05.125@LM_DEBUG@(16592|15772) DataReaderImpl::add_association - bit 1 local 01030000.000076af.00000008.000002c7(94a2760f) remote 01030000.000076af.00000001.000002c2(e9d8e0f1)
2024-09-12 20:04:05.125@LM_DEBUG@(16592|7660) DataReaderImpl::enable: got GUID 01030000.000076af.00000008.000002c7(94a2760f), subscribed to topic name "DCPSTopic" type "TOPIC_BUILT_IN_TOPIC_TYPE"
2024-09-12 20:04:05.125@LM_INFO@(16592|5512) EndHistoricSamplesMissedSweeper::CancelCommand::execute() - sweeper 000002CAA1106060 is no longer scheduled
2024-09-12 20:04:05.125@LM_DEBUG@(16592|7660) SubscriberImpl::reader_enabled, datareader(topic_name=DCPSTopic) enabled
2024-09-12 20:04:05.125@LM_DEBUG@(16592|15772) TransportClient::associate added PendingAssoc between 01030000.000076af.00000008.000002c7(94a2760f) and remote 01030000.000076af.00000001.000002c2(e9d8e0f1)
2024-09-12 20:04:05.127@LM_DEBUG@(16592|7660) DDS::PublicationBuiltinTopicDataDataReaderImpl::enable_specific-data Cached_Allocator_With_Overflow a0b070b0 with 20 chunks
2024-09-12 20:04:05.127@LM_DEBUG@(16592|7660) DataReaderImpl::enable Cached_Allocator_With_Overflow a0b07db0 with 20 chunks
2024-09-12 20:04:05.127@LM_DEBUG@(16592|15772) TcpTransport::accept_datalink found datalink[000002CAA0D12F80]
2024-09-12 20:04:05.127@LM_DEBUG@(16592|15772) TransportClient::use_datalink_i TransportClient(000002CAA1107600) using datalink[000002CAA0D12F80] from 01030000.000076af.00000001.000002c2(e9d8e0f1)
2024-09-12 20:04:05.127@LM_DEBUG@(16592|7660) DataReaderImpl::setup_deserialization: Setup successfully with the following data representations: CDR/XCDR1, XCDR2, Unaligned CDR
2024-09-12 20:04:05.127@LM_DEBUG@(16592|15772) TransportClient::use_datalink_i TransportClient(000002CAA1107600) about to add_link[000002CAA0D12F80] to remote: 01030000.000076af.00000001.000002c2(e9d8e0f1)
2024-09-12 20:04:05.127@LM_INFO@(16592|5512) EndHistoricSamplesMissedSweeper::ScheduleCommand::execute() - sweeper 000002CAA1108620 is now scheduled
2024-09-12 20:04:05.131@LM_DEBUG@(16592|15772) DataReaderImpl::add_association - bit 1 local 01030000.000076af.00000008.000003c7(8db9474e) remote 01030000.000076af.00000001.000004c2(bf824777)
2024-09-12 20:04:05.131@LM_DEBUG@(16592|7660) DataReaderImpl::enable: got GUID 01030000.000076af.00000008.000003c7(8db9474e), subscribed to topic name "DCPSPublication" type "PUBLICATION_BUILT_IN_TOPIC_TYPE"
2024-09-12 20:04:05.133@LM_DEBUG@(16592|7660) SubscriberImpl::reader_enabled, datareader(topic_name=DCPSPublication) enabled
2024-09-12 20:04:05.133@LM_DEBUG@(16592|15772) TransportClient::associate added PendingAssoc between 01030000.000076af.00000008.000003c7(8db9474e) and remote 01030000.000076af.00000001.000004c2(bf824777)
2024-09-12 20:04:05.133@LM_DEBUG@(16592|7660) DDS::SubscriptionBuiltinTopicDataDataReaderImpl::enable_specific-data Cached_Allocator_With_Overflow a0b07180 with 20 chunks
2024-09-12 20:04:05.133@LM_DEBUG@(16592|7660) DataReaderImpl::enable Cached_Allocator_With_Overflow a0b07a70 with 20 chunks
2024-09-12 20:04:05.134@LM_DEBUG@(16592|15772) TcpTransport::accept_datalink found datalink[000002CAA0D12F80]
2024-09-12 20:04:05.134@LM_INFO@(16592|5512) EndHistoricSamplesMissedSweeper::CancelCommand::execute() - sweeper 000002CAA1108620 is no longer scheduled
2024-09-12 20:04:05.134@LM_DEBUG@(16592|7660) DataReaderImpl::setup_deserialization: Setup successfully with the following data representations: CDR/XCDR1, XCDR2, Unaligned CDR
2024-09-12 20:04:05.134@LM_DEBUG@(16592|15772) TransportClient::use_datalink_i TransportClient(000002CAA11162B0) using datalink[000002CAA0D12F80] from 01030000.000076af.00000001.000004c2(bf824777)
2024-09-12 20:04:05.134@LM_DEBUG@(16592|15772) TransportClient::use_datalink_i TransportClient(000002CAA11162B0) about to add_link[000002CAA0D12F80] to remote: 01030000.000076af.00000001.000004c2(bf824777)
2024-09-12 20:04:05.134@LM_INFO@(16592|5512) EndHistoricSamplesMissedSweeper::ScheduleCommand::execute() - sweeper 000002CAA110B570 is now scheduled
2024-09-12 20:04:05.139@LM_DEBUG@(16592|15772) DataReaderImpl::add_association - bit 1 local 01030000.000076af.00000008.000004c7(c2f8d189) remote 01030000.000076af.00000001.000003c2(f0c3d1b0)
2024-09-12 20:04:05.140@LM_INFO@(16592|5512) EndHistoricSamplesMissedSweeper::CancelCommand::execute() - sweeper 000002CAA110B570 is no longer scheduled
2024-09-12 20:04:05.140@LM_DEBUG@(16592|7660) DataReaderImpl::enable: got GUID 01030000.000076af.00000008.000004c7(c2f8d189), subscribed to topic name "DCPSSubscription" type "SUBSCRIPTION_BUILT_IN_TOPIC_TYPE"
2024-09-12 20:04:05.140@LM_DEBUG@(16592|7660) SubscriberImpl::reader_enabled, datareader(topic_name=DCPSSubscription) enabled
2024-09-12 20:04:05.140@LM_DEBUG@(16592|15772) TransportClient::associate added PendingAssoc between 01030000.000076af.00000008.000004c7(c2f8d189) and remote 01030000.000076af.00000001.000003c2(f0c3d1b0)
2024-09-12 20:04:05.140@LM_DEBUG@(16592|15772) TcpTransport::accept_datalink found datalink[000002CAA0D12F80]
2024-09-12 20:04:05.141@LM_DEBUG@(16592|15772) TransportClient::use_datalink_i TransportClient(000002CAA1128760) using datalink[000002CAA0D12F80] from 01030000.000076af.00000001.000003c2(f0c3d1b0)
2024-09-12 20:04:05.141@LM_DEBUG@(16592|15772) TransportClient::use_datalink_i TransportClient(000002CAA1128760) about to add_link[000002CAA0D12F80] to remote: 01030000.000076af.00000001.000003c2(f0c3d1b0)
2024-09-12 20:04:05.141@LM_INFO@(16592|5512) EndHistoricSamplesMissedSweeper::ScheduleCommand::execute() - sweeper 000002CAA1129780 is now scheduled
2024-09-12 20:04:05.141@LM_DEBUG@(16592|7660) WriteDataContainer sample_list_element_allocator a112dd20 with 20 chunks
2024-09-12 20:04:05.141@LM_DEBUG@(16592|7660) DataWriterImpl::enable-mb Cached_Allocator_With_Overflow a0b07590 with 20 chunks
2024-09-12 20:04:05.141@LM_DEBUG@(16592|7660) DataWriterImpl::enable-db Cached_Allocator_With_Overflow a0b08020 with 20 chunks
2024-09-12 20:04:05.141@LM_DEBUG@(16592|7660) DataWriterImpl::enable-header Cached_Allocator_With_Overflow a0ced310 with 20 chunks
2024-09-12 20:04:05.141@LM_DEBUG@(16592|7660) WriterImpl::setup_serialization: Setup successfully with Unaligned CDR data representation.
2024-09-12 20:04:05.141@LM_DEBUG@(16592|7660) DataWriterImpl::setup_serialization: using data allocator at a1118fb0 with 20 129 byte chunks
2024-09-12 20:04:05.141@LM_INFO@(16592|5512) EndHistoricSamplesMissedSweeper::CancelCommand::execute() - sweeper 000002CAA1129780 is no longer scheduled
2024-09-12 20:04:05.149@LM_DEBUG@(16592|15772) DataWriterImpl::add_association - bit 0 local 01030000.000076af.00000008.00000102(548113f3) remote 01030000.000076af.00000005.00000507(b817e6c9)
2024-09-12 20:04:05.149@LM_DEBUG@(16592|15772) TransportClient::associate added PendingAssoc between 01030000.000076af.00000008.00000102(548113f3) and remote 01030000.000076af.00000005.00000507(b817e6c9)
2024-09-12 20:04:05.149@LM_DEBUG@(16592|15772) PendingAssoc::initiate_connect - between 01030000.000076af.00000008.00000102(548113f3) and remote 01030000.000076af.00000005.00000507(b817e6c9)
2024-09-12 20:04:05.149@LM_DEBUG@(16592|7660) DataWriterImpl::enable: got GUID 01030000.000076af.00000008.00000102(548113f3), publishing to topic name "airspaceRestrictions" type "UATM::airspaceRestrictions"
2024-09-12 20:04:05.149@LM_DEBUG@(16592|15772) TransportClient::initiate_connect_i - attempt to connect_datalink between local 01030000.000076af.00000008.00000102(548113f3) and remote 01030000.000076af.00000005.00000507(b817e6c9)
2024-09-12 20:04:05.149@LM_DEBUG@(16592|15772) TcpTransport::connect_datalink PriorityKey prio=0, addr=192.168.1.110:60919, is_loopback=0, is_active=1
2024-09-12 20:04:05.149@LM_DEBUG@(16592|15772) TcpTransport::connect_datalink found datalink[000002CAA1022E60]
2024-09-12 20:04:05.149@LM_DEBUG@(16592|15772) TransportClient::initiate_connect_i - connection between local 01030000.000076af.00000008.00000102(548113f3) and remote 01030000.000076af.00000005.00000507(b817e6c9) initiation successful
2024-09-12 20:04:05.149@LM_DEBUG@(16592|15772) PendingAssoc::intiate_connect - resulting link from initiate_connect_i (local: 01030000.000076af.00000008.00000102(548113f3) to remote: 01030000.000076af.00000005.00000507(b817e6c9)) was nil
2024-09-12 20:04:05.152@LM_DEBUG@(16592|17524) TransportClient::use_datalink_i TransportClient(000002CAA1138CD8) using datalink[000002CAA1022E60] from 01030000.000076af.00000005.00000507(b817e6c9)
2024-09-12 20:04:05.152@LM_DEBUG@(16592|17524) TransportClient::use_datalink_i TransportClient(000002CAA1138CD8) about to add_link[000002CAA1022E60] to remote: 01030000.000076af.00000005.00000507(b817e6c9)
2024-09-12 20:04:05.152@LM_INFO@(16592|17524) DataWriterImpl::transport_assoc_done: writer 01030000.000076af.00000008.00000102(548113f3) succeeded in associating with reader 01030000.000076af.00000005.00000507(b817e6c9)
2024-09-12 20:04:05.152@LM_DEBUG@(16592|17524) DataWriterImpl::transport_assoc_done: writer 01030000.000076af.00000008.00000102(548113f3) reader 01030000.000076af.00000005.00000507(b817e6c9) calling association_complete_i
2024-09-12 20:04:05.152@LM_DEBUG@(16592|17524) DataWriterImpl::association_complete_i - bit 0 local 01030000.000076af.00000008.00000102(548113f3) remote 01030000.000076af.00000005.00000507(b817e6c9)
2024-09-12 20:04:05.152@LM_INFO@(16592|17524) Sending historic samples
2024-09-12 20:04:05.152@LM_DEBUG@(16592|17524) DataWriterImpl::create_control_message: from publication 01030000.000076af.00000008.00000102(548113f3) sending control sample: END_HISTORIC_SAMPLES (0x0b), Length: 16, Byte order: Little Endian, Sequence: 0x00000000, Timestamp: 1726182245.152989000, Publication: 01030000.000076af.00000008.00000102(548113f3) .
2024-09-12 20:04:05.152@LM_DEBUG@(16592|7660) DataWriterImpl::create_control_message: from publication 01030000.000076af.00000008.00000102(548113f3) sending control sample: INSTANCE_REGISTRATION (0x02), Length: 4, Byte order: Little Endian, Key Fields Only, Sequence: 0x00000001, Timestamp: 1726182245.152989000, Publication: 01030000.000076af.00000008.00000102(548113f3) .
2024-09-12 20:04:05.154@LM_DEBUG@(16592|7660) WriteDataContainer::data_delivered 000002CAA1160750
2024-09-12 20:04:05.154@LM_DEBUG@(16592|7660) DataWriterImpl::create_sample_data_message: from publication 01030000.000076af.00000008.00000102(548113f3) sending data sample: SAMPLE_DATA (0x00), Length: 55, Byte order: Little Endian, Sequence: 0x00000002, Timestamp: 1726182245.152989000, Publication: 01030000.000076af.00000008.00000102(548113f3) .
2024-09-12 20:04:05.154@LM_DEBUG@(16592|7660) WriteDataContainer::data_delivered 000002CAA1160750
2024-09-12 20:04:05.154@LM_DEBUG@(16592|7660) DataWriterImpl::create_control_message: from publication 01030000.000076af.00000008.00000102(548113f3) sending control sample: REQUEST_ACK (0x06), Length: 0, Byte order: Little Endian, Key Fields Only, Sequence: 0x00000003, Timestamp: 1726182245.154994000, Publication: 01030000.000076af.00000008.00000102(548113f3) .
2024-09-12 20:04:05.154@LM_DEBUG@(16592|7660) TcpDataLink::handle_send_request_ack(000002CAA1119B10) sequence number 3, publication_id=01030000.000076af.00000008.00000102(548113f3)
2024-09-12 20:04:05.154@LM_DEBUG@(16592|7660) DataWriterImpl::create_ack_token() - for sequence 3
2024-09-12 20:04:05.154@LM_DEBUG@(16592|7660) DataWriterImpl::wait_for_acknowledgments waiting for acknowledgment of sequence 3 at 20:04:05.154994
2024-09-12 20:04:05.160@LM_DEBUG@(16592|17524) TcpDataLink::ack_received() received sequence number 3, publiction_id=01030000.000076af.00000008.00000102(548113f3)
2024-09-12 20:04:05.160@LM_DEBUG@(16592|17524) TcpDataLink::ack_received() found matching element 000002CAA1119B10
2024-09-12 20:04:05.160@LM_DEBUG@(16592|17524) WriteDataContainer::data_delivered 000002CAA1160610
2024-09-12 20:04:05.160@LM_DEBUG@(16592|7660) DataWriterImpl::create_control_message: from publication 01030000.000076af.00000007.00000102(d6d18422) sending control sample: REQUEST_ACK (0x06), Length: 0, Byte order: Little Endian, Key Fields Only, Sequence: 0x00000003, Timestamp: 1726182245.160844000, Publication: 01030000.000076af.00000007.00000102(d6d18422) .
2024-09-12 20:04:05.160@LM_DEBUG@(16592|7660) TcpDataLink::handle_send_request_ack(000002CAA111A830) sequence number 3, publication_id=01030000.000076af.00000007.00000102(d6d18422)
2024-09-12 20:04:05.160@LM_DEBUG@(16592|7660) DataWriterImpl::create_ack_token() - for sequence 3
2024-09-12 20:04:05.160@LM_DEBUG@(16592|7660) DataWriterImpl::wait_for_acknowledgments waiting for acknowledgment of sequence 3 at 20:04:05.160844
2024-09-12 20:04:05.160@LM_DEBUG@(16592|17524) TcpDataLink::ack_received() received sequence number 3, publiction_id=01030000.000076af.00000007.00000102(d6d18422)
2024-09-12 20:04:05.160@LM_DEBUG@(16592|17524) TcpDataLink::ack_received() found matching element 000002CAA111A830
2024-09-12 20:04:05.160@LM_DEBUG@(16592|17524) WriteDataContainer::data_delivered 000002CAA0D65570
2024-09-12 20:04:05.165@LM_DEBUG@(16592|7660) DataWriterImpl::create_control_message: from publication 01030000.000076af.00000008.00000102(548113f3) sending control sample: DISPOSE_UNREGISTER_INSTANCE (0x0a), Length: 4, Byte order: Little Endian, Key Fields Only, Sequence: 0x00000004, Timestamp: 1726182245.165861000, Publication: 01030000.000076af.00000008.00000102(548113f3) .
2024-09-12 20:04:05.165@LM_DEBUG@(16592|7660) WriteDataContainer::data_delivered 000002CAA1160750
2024-09-12 20:04:05.165@LM_DEBUG@(16592|5512) DataWriterImpl::remove_associations: bit 0 local 01030000.000076af.00000008.00000102(548113f3) remote 01030000.000076af.00000005.00000507(b817e6c9) num remotes 1
2024-09-12 20:04:05.169@LM_DEBUG@(16592|5512) DataReaderImpl::remove_associations: bit 1 local 01030000.000076af.00000008.000001c7(bf8f25cc) remote 01030000.000076af.00000001.000001c2(c2f5b332) num remotes 1
2024-09-12 20:04:05.174@LM_DEBUG@(16592|5512) DataReaderImpl::remove_associations_i: bit 1 local 01030000.000076af.00000008.000001c7(bf8f25cc) remote 01030000.000076af.00000001.000001c2(c2f5b332) num remotes 1
2024-09-12 20:04:05.174@LM_DEBUG@(16592|5512) InstanceState::unregister_was_received on 01030000.000076af.00000001.000001c2(c2f5b332)
2024-09-12 20:04:05.174@LM_DEBUG@(16592|5512) InstanceState::unregister_was_received on 01030000.000076af.00000001.000001c2(c2f5b332)
2024-09-12 20:04:05.174@LM_DEBUG@(16592|5512) InstanceState::unregister_was_received on 01030000.000076af.00000001.000001c2(c2f5b332)
2024-09-12 20:04:05.174@LM_DEBUG@(16592|5512) InstanceState::unregister_was_received on 01030000.000076af.00000001.000001c2(c2f5b332)
2024-09-12 20:04:05.174@LM_DEBUG@(16592|5512) InstanceState::unregister_was_received on 01030000.000076af.00000001.000001c2(c2f5b332)
2024-09-12 20:04:05.174@LM_DEBUG@(16592|5512) InstanceState::unregister_was_received on 01030000.000076af.00000001.000001c2(c2f5b332)
2024-09-12 20:04:05.174@LM_DEBUG@(16592|5512) InstanceState::unregister_was_received on 01030000.000076af.00000001.000001c2(c2f5b332)
2024-09-12 20:04:05.174@LM_DEBUG@(16592|5512) DataReaderImpl::remove_associations: bit 1 local 01030000.000076af.00000008.000003c7(8db9474e) remote 01030000.000076af.00000001.000004c2(bf824777) num remotes 1
2024-09-12 20:04:05.174@LM_DEBUG@(16592|5512) DataReaderImpl::remove_associations_i: bit 1 local 01030000.000076af.00000008.000003c7(8db9474e) remote 01030000.000076af.00000001.000004c2(bf824777) num remotes 1
2024-09-12 20:04:05.174@LM_DEBUG@(16592|5512) InstanceState::unregister_was_received on 01030000.000076af.00000001.000004c2(bf824777)
2024-09-12 20:04:05.179@LM_DEBUG@(16592|5512) DataReaderImpl::remove_associations: bit 1 local 01030000.000076af.00000008.000004c7(c2f8d189) remote 01030000.000076af.00000001.000003c2(f0c3d1b0) num remotes 1
2024-09-12 20:04:05.179@LM_DEBUG@(16592|5512) DataReaderImpl::remove_associations_i: bit 1 local 01030000.000076af.00000008.000004c7(c2f8d189) remote 01030000.000076af.00000001.000003c2(f0c3d1b0) num remotes 1
2024-09-12 20:04:05.179@LM_DEBUG@(16592|5512) InstanceState::unregister_was_received on 01030000.000076af.00000001.000003c2(f0c3d1b0)
2024-09-12 20:04:05.179@LM_DEBUG@(16592|5512) InstanceState::unregister_was_received on 01030000.000076af.00000001.000003c2(f0c3d1b0)
2024-09-12 20:04:05.179@LM_DEBUG@(16592|5512) InstanceState::unregister_was_received on 01030000.000076af.00000001.000003c2(f0c3d1b0)
2024-09-12 20:04:05.179@LM_DEBUG@(16592|5512) InstanceState::unregister_was_received on 01030000.000076af.00000001.000003c2(f0c3d1b0)
2024-09-12 20:04:05.182@LM_DEBUG@(16592|5512) InstanceState::unregister_was_received on 01030000.000076af.00000001.000003c2(f0c3d1b0)
2024-09-12 20:04:05.185@LM_DEBUG@(16592|5512) DataReaderImpl::remove_associations: bit 1 local 01030000.000076af.00000008.000002c7(94a2760f) remote 01030000.000076af.00000001.000002c2(e9d8e0f1) num remotes 1
2024-09-12 20:04:05.185@LM_DEBUG@(16592|5512) DataReaderImpl::remove_associations_i: bit 1 local 01030000.000076af.00000008.000002c7(94a2760f) remote 01030000.000076af.00000001.000002c2(e9d8e0f1) num remotes 1
2024-09-12 20:04:05.185@LM_DEBUG@(16592|5512) InstanceState::unregister_was_received on 01030000.000076af.00000001.000002c2(e9d8e0f1)
2024-09-12 20:04:05.185@LM_DEBUG@(16592|5512) InstanceState::unregister_was_received on 01030000.000076af.00000001.000002c2(e9d8e0f1)
2024-09-12 20:04:05.185@LM_DEBUG@(16592|5512) InstanceState::unregister_was_received on 01030000.000076af.00000001.000002c2(e9d8e0f1)
2024-09-12 20:04:05.185@LM_DEBUG@(16592|5512) InstanceState::unregister_was_received on 01030000.000076af.00000001.000002c2(e9d8e0f1)
2024-09-12 20:04:05.186@LM_DEBUG@(16592|5512) InstanceState::unregister_was_received on 01030000.000076af.00000001.000002c2(e9d8e0f1)
2024-09-12 20:04:05.186@LM_DEBUG@(16592|5512) InstanceState::unregister_was_received on 01030000.000076af.00000001.000002c2(e9d8e0f1)
2024-09-12 20:04:05.187@LM_DEBUG@(16592|5512) InstanceState::unregister_was_received on 01030000.000076af.00000001.000002c2(e9d8e0f1)
2024-09-12 20:04:05.200@LM_DEBUG@(16592|7660) DataWriterImpl::create_control_message: from publication 01030000.000076af.00000007.00000102(d6d18422) sending control sample: DISPOSE_UNREGISTER_INSTANCE (0x0a), Length: 4, Byte order: Little Endian, Key Fields Only, Sequence: 0x00000004, Timestamp: 1726182245.199726000, Publication: 01030000.000076af.00000007.00000102(d6d18422) .
2024-09-12 20:04:05.200@LM_DEBUG@(16592|7660) WriteDataContainer::data_delivered 000002CAA0D656B0
2024-09-12 20:04:05.200@LM_DEBUG@(16592|5512) DataWriterImpl::remove_associations: bit 0 local 01030000.000076af.00000007.00000102(d6d18422) remote 01030000.000076af.00000004.00000507(8577cf79) num remotes 1
2024-09-12 20:04:05.200@LM_DEBUG@(16592|17524) DataLink::handle_exception() - (delay) scheduling timer for future release
2024-09-12 20:04:05.207@LM_DEBUG@(16592|5512) DataReaderImpl::remove_associations: bit 1 local 01030000.000076af.00000007.000001c7(3ddfb21d) remote 01030000.000076af.00000001.000001c2(c2f5b332) num remotes 1
2024-09-12 20:04:05.208@LM_DEBUG@(16592|5512) DataReaderImpl::remove_associations_i: bit 1 local 01030000.000076af.00000007.000001c7(3ddfb21d) remote 01030000.000076af.00000001.000001c2(c2f5b332) num remotes 1
2024-09-12 20:04:05.208@LM_DEBUG@(16592|5512) InstanceState::unregister_was_received on 01030000.000076af.00000001.000001c2(c2f5b332)
2024-09-12 20:04:05.208@LM_DEBUG@(16592|5512) InstanceState::unregister_was_received on 01030000.000076af.00000001.000001c2(c2f5b332)
2024-09-12 20:04:05.208@LM_DEBUG@(16592|5512) InstanceState::unregister_was_received on 01030000.000076af.00000001.000001c2(c2f5b332)
2024-09-12 20:04:05.209@LM_DEBUG@(16592|5512) InstanceState::unregister_was_received on 01030000.000076af.00000001.000001c2(c2f5b332)
2024-09-12 20:04:05.209@LM_DEBUG@(16592|5512) InstanceState::unregister_was_received on 01030000.000076af.00000001.000001c2(c2f5b332)
2024-09-12 20:04:05.209@LM_DEBUG@(16592|5512) InstanceState::unregister_was_received on 01030000.000076af.00000001.000001c2(c2f5b332)
2024-09-12 20:04:05.209@LM_DEBUG@(16592|5512) DataReaderImpl::remove_associations: bit 1 local 01030000.000076af.00000007.000003c7(0fe9d09f) remote 01030000.000076af.00000001.000004c2(bf824777) num remotes 1
2024-09-12 20:04:05.209@LM_DEBUG@(16592|5512) DataReaderImpl::remove_associations_i: bit 1 local 01030000.000076af.00000007.000003c7(0fe9d09f) remote 01030000.000076af.00000001.000004c2(bf824777) num remotes 1
2024-09-12 20:04:05.209@LM_DEBUG@(16592|5512) DataReaderImpl::remove_associations: bit 1 local 01030000.000076af.00000007.000004c7(40a84658) remote 01030000.000076af.00000001.000003c2(f0c3d1b0) num remotes 1
2024-09-12 20:04:05.209@LM_DEBUG@(16592|5512) DataReaderImpl::remove_associations_i: bit 1 local 01030000.000076af.00000007.000004c7(40a84658) remote 01030000.000076af.00000001.000003c2(f0c3d1b0) num remotes 1
2024-09-12 20:04:05.209@LM_DEBUG@(16592|5512) InstanceState::unregister_was_received on 01030000.000076af.00000001.000003c2(f0c3d1b0)
2024-09-12 20:04:05.209@LM_DEBUG@(16592|5512) InstanceState::unregister_was_received on 01030000.000076af.00000001.000003c2(f0c3d1b0)
2024-09-12 20:04:05.209@LM_DEBUG@(16592|5512) InstanceState::unregister_was_received on 01030000.000076af.00000001.000003c2(f0c3d1b0)
2024-09-12 20:04:05.209@LM_DEBUG@(16592|5512) InstanceState::unregister_was_received on 01030000.000076af.00000001.000003c2(f0c3d1b0)
2024-09-12 20:04:05.216@LM_DEBUG@(16592|5512) InstanceState::unregister_was_received on 01030000.000076af.00000001.000003c2(f0c3d1b0)
2024-09-12 20:04:05.216@LM_DEBUG@(16592|12520) Peer has gracefully disconnected.
2024-09-12 20:04:05.219@LM_DEBUG@(16592|5512) DataReaderImpl::remove_associations: bit 1 local 01030000.000076af.00000007.000002c7(16f2e1de) remote 01030000.000076af.00000001.000002c2(e9d8e0f1) num remotes 1
2024-09-12 20:04:05.219@LM_DEBUG@(16592|12520) TcpConnection::handle_close() called on transport: _OPENDDS__BITTCPTransportInst_DEFAULT_REPO to 192.168.1.110:60886 , reconnect_state = INIT_STATE.
2024-09-12 20:04:05.219@LM_DEBUG@(16592|5512) DataReaderImpl::remove_associations_i: bit 1 local 01030000.000076af.00000007.000002c7(16f2e1de) remote 01030000.000076af.00000001.000002c2(e9d8e0f1) num remotes 1
2024-09-12 20:04:05.219@LM_DEBUG@(16592|12520) DataLink::notify: notify sub 01030000.000076af.00000007.000002c7(16f2e1de) DISCONNECTED.
2024-09-12 20:04:05.219@LM_DEBUG@(16592|5512) InstanceState::unregister_was_received on 01030000.000076af.00000001.000002c2(e9d8e0f1)
2024-09-12 20:04:05.220@LM_DEBUG@(16592|5512) InstanceState::unregister_was_received on 01030000.000076af.00000001.000002c2(e9d8e0f1)
2024-09-12 20:04:05.220@LM_DEBUG@(16592|5512) InstanceState::unregister_was_received on 01030000.000076af.00000001.000002c2(e9d8e0f1)
2024-09-12 20:04:05.220@LM_DEBUG@(16592|5512) InstanceState::unregister_was_received on 01030000.000076af.00000001.000002c2(e9d8e0f1)
2024-09-12 20:04:05.220@LM_DEBUG@(16592|5512) InstanceState::unregister_was_received on 01030000.000076af.00000001.000002c2(e9d8e0f1)
2024-09-12 20:04:05.220@LM_DEBUG@(16592|5512) InstanceState::unregister_was_received on 01030000.000076af.00000001.000002c2(e9d8e0f1)
2024-09-12 20:04:05.220@LM_DEBUG@(16592|12520) DataLink::handle_exception() - delay already elapsed so handle_timeout now
2024-09-12 20:04:05.232@LM_DEBUG@(16592|7660) Service_Participant::shutdown
2024-09-12 20:04:05.241@LM_DEBUG@(16592|7660) DomainParticipantFactoryImpl::~DomainParticipantFactoryImpl()
2024-09-12 20:04:05.241@LM_DEBUG@TAO (16592|7660) - Connection_Handler[672]::close_connection_eh, purging entry from cache
2024-09-12 20:04:05.241@LM_DEBUG@TAO (16592|7660) - Connection_Handler[672]::close_connection_eh, removing from the reactor
2024-09-12 20:04:05.241@LM_DEBUG@TAO (16592|7660) - Connection_Handler[672]::close_connection_eh, cancel all timers
2024-09-12 20:04:05.241@LM_DEBUG@TAO (16592|7660) - Connection_Handler[672]::close_connection_eh end
2024-09-12 20:04:05.241@LM_DEBUG@(16592|7660) Service_Participant::~Service_Participant
2024-09-12 20:04:05.241@LM_DEBUG@(16592|7660) Service_Participant::shutdown
