2024-09-12 20:04:05.924@LM_INFO@(11960|8140) INFO: set_DCPS_debug_level: set to 4
2024-09-12 20:04:05.929@LM_INFO@(11960|8140) INFO: ConfigStoreImpl::set_string: COMMON_DCPS_TRANSPORT_DEBUG_LEVEL=2
2024-09-12 20:04:05.932@LM_INFO@(11960|8140) Service_Participant::get_domain_participant_factory: This is OpenDDS 3.29.1 using ACE 6.5.21
2024-09-12 20:04:05.932@LM_INFO@(11960|8140) Service_Participant::get_domain_participant_factory: log_level: debug DCPS_debug_level: 4
2024-09-12 20:04:05.957@LM_INFO@(11960|8140) Service_Participant::get_domain_participant_factory: machine: LAPTOP-NQKUMCC4, x64 6 platform: Win32, Windows NT 6.2, Build 9200 
2024-09-12 20:04:05.958@LM_INFO@(11960|8140) Service_Participant::get_domain_participant_factory: compiler: Visual C++ version 13.40.0
2024-09-12 20:04:05.958@LM_NOTICE@(11960|8140) NOTICE: Service_Participant::intializeScheduling() - no scheduling policy specified, not setting policy.
2024-09-12 20:04:05.974@LM_DEBUG@(11960|8140) Service_Participant::get_domain_participant_factory: Creating DefaultNetworkConfigMonitor
2024-09-12 20:04:05.974@LM_DEBUG@(11960|8140) Config::Config() - processing argument: model\.\publisher2.EXE.
2024-09-12 20:04:05.979@LM_INFO@(11960|8140) INFO: ConfigStoreImpl::set: REPOSITORY_DEFAULT_REPO=@DEFAULT_REPO
2024-09-12 20:04:05.979@LM_DEBUG@(11960|8140) Service_Participant::set_repo_ior: Repo[DEFAULT_REPO] == file://repo.ior
2024-09-12 20:04:06.049@LM_DEBUG@TAO (11960|8140) - Default_Resource_Factory - codeset manager=000001A45A85D020
2024-09-12 20:04:06.049@LM_DEBUG@TAO (11960|8140) - Loaded default protocol <IIOP_Factory>
2024-09-12 20:04:06.059@LM_DEBUG@TAO (11960|8140) - IIOP_Connection_Handler::open, IIOP connection to peer <192.168.1.110:60873> on [744]
2024-09-12 20:04:06.079@LM_DEBUG@(11960|8140) DomainParticipantImpl::enable: enabled participant 01030000.000076af.00000009.000001c1(6b8ca949) in domain 0
2024-09-12 20:04:06.149@LM_INFO@(11960|8140) INFO: ConfigStoreImpl::set: TRANSPORT_OPENDDS_BITTCP_TRANSPORT_INST_DEFAULT_REPO_DATALINK_RELEASE_DELAY=0
2024-09-12 20:04:06.149@LM_INFO@(11960|8140) INFO: ConfigStoreImpl::set: TRANSPORT_OPENDDS_BITTCP_TRANSPORT_INST_DEFAULT_REPO_LOCAL_ADDRESS=:0
2024-09-12 20:04:06.149@LM_INFO@(11960|8140) InfoRepoDiscovery::bit_config - BIT tcp transport :0
2024-09-12 20:04:06.154@LM_DEBUG@(11960|8140) DDS::ParticipantBuiltinTopicDataDataReaderImpl::enable_specific-data Cached_Allocator_With_Overflow 5a88ca70 with 20 chunks
2024-09-12 20:04:06.154@LM_DEBUG@(11960|8140) DataReaderImpl::enable Cached_Allocator_With_Overflow 5a88c0b0 with 20 chunks
2024-09-12 20:04:06.199@LM_WARNING@(11960|8140) WARNING: get_fully_qualified_hostname: Could not find FQDN. Using "LAPTOP-NQKUMCC4" as fully qualified hostname, please correct system configuration.
2024-09-12 20:04:06.205@LM_DEBUG@(11960|8140) TransportImpl::open()
   transport_type:               tcp
   name:                         _OPENDDS__BITTCPTransportInst_DEFAULT_REPO
   config_prefix:                TRANSPORT_OPENDDS_BITTCP_TRANSPORT_INST_DEFAULT_REPO
   max_packet_size:              2147481599
   max_samples_per_packet:       10
   optimum_packet_size:          4096
   thread_per_connection:        false
   datalink_release_delay:       0
   datalink_control_chunks:      32
   fragment_reassembly_timeout:  5:00.000
   receive_preallocated_message_blocks:0
   receive_preallocated_data_blocks:0
   local_address:                :0
   pub_address:                  
   enable_nagle_algorithm:       false
   conn_retry_initial_delay:     500
   conn_retry_backoff_multiplier:2
   conn_retry_attempts:          3
   passive_reconnect_duration:   2000
   max_output_pause_period:      -1
   active_conn_timeout_period:   5000
2024-09-12 20:04:06.205@LM_DEBUG@(11960|8140) DataReaderImpl::setup_deserialization: Setup successfully with the following data representations: CDR/XCDR1, XCDR2, Unaligned CDR
2024-09-12 20:04:06.229@LM_DEBUG@(11960|9316) DataReaderImpl::add_association - bit 1 local 01030000.000076af.00000009.000001c7(82ef0c7c) remote 01030000.000076af.00000001.000001c2(c2f5b332)
2024-09-12 20:04:06.229@LM_DEBUG@(11960|8140) DataReaderImpl::enable: got GUID 01030000.000076af.00000009.000001c7(82ef0c7c), subscribed to topic name "DCPSParticipant" type "PARTICIPANT_BUILT_IN_TOPIC_TYPE"
2024-09-12 20:04:06.229@LM_DEBUG@(11960|8140) SubscriberImpl::reader_enabled, datareader(topic_name=DCPSParticipant) enabled
2024-09-12 20:04:06.229@LM_DEBUG@(11960|9316) TransportClient::associate added PendingAssoc between 01030000.000076af.00000009.000001c7(82ef0c7c) and remote 01030000.000076af.00000001.000001c2(c2f5b332)
2024-09-12 20:04:06.229@LM_DEBUG@(11960|8140) DDS::TopicBuiltinTopicDataDataReaderImpl::enable_specific-data Cached_Allocator_With_Overflow 5a88c800 with 20 chunks
2024-09-12 20:04:06.229@LM_DEBUG@(11960|8140) DataReaderImpl::enable Cached_Allocator_With_Overflow 5a88ae00 with 20 chunks
2024-09-12 20:04:06.229@LM_DEBUG@(11960|8140) DataReaderImpl::setup_deserialization: Setup successfully with the following data representations: CDR/XCDR1, XCDR2, Unaligned CDR
2024-09-12 20:04:06.229@LM_DEBUG@(11960|9316) TcpTransport::accept_datalink create new link[000001A45C988FD0]
2024-09-12 20:04:06.229@LM_DEBUG@(11960|9316) TransportReceiveStrategy-mb Cached_Allocator_With_Overflow 000001A45C98C570 with 1000 chunks
2024-09-12 20:04:06.229@LM_DEBUG@(11960|9316) TransportReceiveStrategy-db Cached_Allocator_With_Overflow 000001A45C98C5F8 with 100 chunks
2024-09-12 20:04:06.229@LM_DEBUG@(11960|9316) TransportReceiveStrategy-data Cached_Allocator_With_Overflow 000001A45C98C680 with 32 chunks
2024-09-12 20:04:06.229@LM_DEBUG@(11960|9316) TransportClient::use_datalink_i TransportClient(000001A45C769EA0) using datalink[000001A45C988FD0] from 01030000.000076af.00000001.000001c2(c2f5b332)
2024-09-12 20:04:06.229@LM_DEBUG@(11960|9316) TransportClient::use_datalink_i TransportClient(000001A45C769EA0) about to add_link[000001A45C988FD0] to remote: 01030000.000076af.00000001.000001c2(c2f5b332)
2024-09-12 20:04:06.229@LM_INFO@(11960|17772) EndHistoricSamplesMissedSweeper::ScheduleCommand::execute() - sweeper 000001A45C96AF70 is now scheduled
2024-09-12 20:04:06.229@LM_DEBUG@(11960|8140) DataReaderImpl::add_association - bit 1 local 01030000.000076af.00000009.000002c7(a9c25fbf) remote 01030000.000076af.00000001.000002c2(e9d8e0f1)
2024-09-12 20:04:06.237@LM_DEBUG@(11960|8140) TransportClient::associate added PendingAssoc between 01030000.000076af.00000009.000002c7(a9c25fbf) and remote 01030000.000076af.00000001.000002c2(e9d8e0f1)
2024-09-12 20:04:06.238@LM_DEBUG@(11960|8140) TcpTransport::accept_datalink found datalink[000001A45C988FD0]
2024-09-12 20:04:06.238@LM_INFO@(11960|17772) EndHistoricSamplesMissedSweeper::CancelCommand::execute() - sweeper 000001A45C96AF70 is no longer scheduled
2024-09-12 20:04:06.238@LM_DEBUG@(11960|8140) TransportClient::use_datalink_i TransportClient(000001A45C97D650) using datalink[000001A45C988FD0] from 01030000.000076af.00000001.000002c2(e9d8e0f1)
2024-09-12 20:04:06.238@LM_DEBUG@(11960|8140) TransportClient::use_datalink_i TransportClient(000001A45C97D650) about to add_link[000001A45C988FD0] to remote: 01030000.000076af.00000001.000002c2(e9d8e0f1)
2024-09-12 20:04:06.239@LM_INFO@(11960|17772) EndHistoricSamplesMissedSweeper::ScheduleCommand::execute() - sweeper 000001A45C98CD60 is now scheduled
2024-09-12 20:04:06.239@LM_DEBUG@(11960|8140) DataReaderImpl::enable: got GUID 01030000.000076af.00000009.000002c7(a9c25fbf), subscribed to topic name "DCPSTopic" type "TOPIC_BUILT_IN_TOPIC_TYPE"
2024-09-12 20:04:06.239@LM_DEBUG@(11960|8140) SubscriberImpl::reader_enabled, datareader(topic_name=DCPSTopic) enabled
2024-09-12 20:04:06.239@LM_DEBUG@(11960|8140) DDS::PublicationBuiltinTopicDataDataReaderImpl::enable_specific-data Cached_Allocator_With_Overflow 5a88afa0 with 20 chunks
2024-09-12 20:04:06.239@LM_DEBUG@(11960|8140) DataReaderImpl::enable Cached_Allocator_With_Overflow 5a88c9a0 with 20 chunks
2024-09-12 20:04:06.239@LM_DEBUG@(11960|8140) DataReaderImpl::setup_deserialization: Setup successfully with the following data representations: CDR/XCDR1, XCDR2, Unaligned CDR
2024-09-12 20:04:06.245@LM_INFO@(11960|17772) EndHistoricSamplesMissedSweeper::CancelCommand::execute() - sweeper 000001A45C98CD60 is no longer scheduled
2024-09-12 20:04:06.245@LM_DEBUG@(11960|9316) DataReaderImpl::add_association - bit 1 local 01030000.000076af.00000009.000003c7(b0d96efe) remote 01030000.000076af.00000001.000004c2(bf824777)
2024-09-12 20:04:06.245@LM_DEBUG@(11960|8140) DataReaderImpl::enable: got GUID 01030000.000076af.00000009.000003c7(b0d96efe), subscribed to topic name "DCPSPublication" type "PUBLICATION_BUILT_IN_TOPIC_TYPE"
2024-09-12 20:04:06.245@LM_DEBUG@(11960|8140) SubscriberImpl::reader_enabled, datareader(topic_name=DCPSPublication) enabled
2024-09-12 20:04:06.245@LM_DEBUG@(11960|9316) TransportClient::associate added PendingAssoc between 01030000.000076af.00000009.000003c7(b0d96efe) and remote 01030000.000076af.00000001.000004c2(bf824777)
2024-09-12 20:04:06.245@LM_DEBUG@(11960|9316) TcpTransport::accept_datalink found datalink[000001A45C988FD0]
2024-09-12 20:04:06.245@LM_DEBUG@(11960|8140) DDS::SubscriptionBuiltinTopicDataDataReaderImpl::enable_specific-data Cached_Allocator_With_Overflow 5a88b140 with 20 chunks
2024-09-12 20:04:06.245@LM_DEBUG@(11960|9316) TransportClient::use_datalink_i TransportClient(000001A45C9ACB60) using datalink[000001A45C988FD0] from 01030000.000076af.00000001.000004c2(bf824777)
2024-09-12 20:04:06.245@LM_DEBUG@(11960|8140) DataReaderImpl::enable Cached_Allocator_With_Overflow 5a88b960 with 20 chunks
2024-09-12 20:04:06.245@LM_DEBUG@(11960|9316) TransportClient::use_datalink_i TransportClient(000001A45C9ACB60) about to add_link[000001A45C988FD0] to remote: 01030000.000076af.00000001.000004c2(bf824777)
2024-09-12 20:04:06.245@LM_INFO@(11960|17772) EndHistoricSamplesMissedSweeper::ScheduleCommand::execute() - sweeper 000001A45C9B2BD0 is now scheduled
2024-09-12 20:04:06.245@LM_DEBUG@(11960|8140) DataReaderImpl::setup_deserialization: Setup successfully with the following data representations: CDR/XCDR1, XCDR2, Unaligned CDR
2024-09-12 20:04:06.249@LM_INFO@(11960|17772) EndHistoricSamplesMissedSweeper::CancelCommand::execute() - sweeper 000001A45C9B2BD0 is no longer scheduled
2024-09-12 20:04:06.253@LM_DEBUG@(11960|9316) DataReaderImpl::add_association - bit 1 local 01030000.000076af.00000009.000004c7(ff98f839) remote 01030000.000076af.00000001.000003c2(f0c3d1b0)
2024-09-12 20:04:06.253@LM_DEBUG@(11960|8140) DataReaderImpl::enable: got GUID 01030000.000076af.00000009.000004c7(ff98f839), subscribed to topic name "DCPSSubscription" type "SUBSCRIPTION_BUILT_IN_TOPIC_TYPE"
2024-09-12 20:04:06.253@LM_DEBUG@(11960|8140) SubscriberImpl::reader_enabled, datareader(topic_name=DCPSSubscription) enabled
2024-09-12 20:04:06.253@LM_DEBUG@(11960|9316) TransportClient::associate added PendingAssoc between 01030000.000076af.00000009.000004c7(ff98f839) and remote 01030000.000076af.00000001.000003c2(f0c3d1b0)
2024-09-12 20:04:06.253@LM_DEBUG@(11960|9316) TcpTransport::accept_datalink found datalink[000001A45C988FD0]
2024-09-12 20:04:06.253@LM_DEBUG@(11960|9316) TransportClient::use_datalink_i TransportClient(000001A45C9C1190) using datalink[000001A45C988FD0] from 01030000.000076af.00000001.000003c2(f0c3d1b0)
2024-09-12 20:04:06.253@LM_DEBUG@(11960|9316) TransportClient::use_datalink_i TransportClient(000001A45C9C1190) about to add_link[000001A45C988FD0] to remote: 01030000.000076af.00000001.000003c2(f0c3d1b0)
2024-09-12 20:04:06.253@LM_INFO@(11960|17772) EndHistoricSamplesMissedSweeper::ScheduleCommand::execute() - sweeper 000001A45C9C1C70 is now scheduled
2024-09-12 20:04:06.253@LM_DEBUG@(11960|8140) WriteDataContainer sample_list_element_allocator 5c9d4560 with 20 chunks
2024-09-12 20:04:06.253@LM_INFO@(11960|17772) EndHistoricSamplesMissedSweeper::CancelCommand::execute() - sweeper 000001A45C9C1C70 is no longer scheduled
2024-09-12 20:04:06.257@LM_DEBUG@(11960|8140) DataWriterImpl::enable-mb Cached_Allocator_With_Overflow 5a88b2e0 with 20 chunks
2024-09-12 20:04:06.257@LM_DEBUG@(11960|8140) DataWriterImpl::enable-db Cached_Allocator_With_Overflow 5a88bca0 with 20 chunks
2024-09-12 20:04:06.257@LM_DEBUG@(11960|8140) DataWriterImpl::enable-header Cached_Allocator_With_Overflow 5c968bb0 with 20 chunks
2024-09-12 20:04:06.261@LM_DEBUG@(11960|8140) TransportImpl::open()
   transport_type:               tcp
   name:                         _OPENDDS_0500_TCP
   config_prefix:                TRANSPORT_OPENDDS_0500_TCP
   max_packet_size:              2147481599
   max_samples_per_packet:       10
   optimum_packet_size:          4096
   thread_per_connection:        false
   datalink_release_delay:       10000
   datalink_control_chunks:      32
   fragment_reassembly_timeout:  5:00.000
   receive_preallocated_message_blocks:0
   receive_preallocated_data_blocks:0
   local_address:                
   pub_address:                  
   enable_nagle_algorithm:       false
   conn_retry_initial_delay:     500
   conn_retry_backoff_multiplier:2
   conn_retry_attempts:          3
   passive_reconnect_duration:   2000
   max_output_pause_period:      -1
   active_conn_timeout_period:   5000
2024-09-12 20:04:06.261@LM_DEBUG@(11960|8140) WriterImpl::setup_serialization: Setup successfully with Unaligned CDR data representation.
2024-09-12 20:04:06.261@LM_DEBUG@(11960|8140) DataWriterImpl::setup_serialization: using data allocator at 5c9c3d50 with 20 87 byte chunks
2024-09-12 20:04:06.269@LM_DEBUG@(11960|9316) DataWriterImpl::add_association - bit 0 local 01030000.000076af.00000009.00000102(69e13a43) remote 01030000.000076af.00000006.00000507(ffb79c19)
2024-09-12 20:04:06.269@LM_DEBUG@(11960|9316) TransportClient::associate added PendingAssoc between 01030000.000076af.00000009.00000102(69e13a43) and remote 01030000.000076af.00000006.00000507(ffb79c19)
2024-09-12 20:04:06.269@LM_DEBUG@(11960|9316) PendingAssoc::initiate_connect - between 01030000.000076af.00000009.00000102(69e13a43) and remote 01030000.000076af.00000006.00000507(ffb79c19)
2024-09-12 20:04:06.269@LM_DEBUG@(11960|8140) DataWriterImpl::enable: got GUID 01030000.000076af.00000009.00000102(69e13a43), publishing to topic name "weatherInfo" type "UATM::weatherInfo"
2024-09-12 20:04:06.269@LM_DEBUG@(11960|9316) TransportClient::initiate_connect_i - attempt to connect_datalink between local 01030000.000076af.00000009.00000102(69e13a43) and remote 01030000.000076af.00000006.00000507(ffb79c19)
2024-09-12 20:04:06.270@LM_DEBUG@(11960|9316) TcpTransport::connect_datalink PriorityKey prio=0, addr=192.168.1.110:60919, is_loopback=0, is_active=1
2024-09-12 20:04:06.270@LM_DEBUG@(11960|9316) TcpTransport::connect_datalink create new link[000001A45CC8EF60]
2024-09-12 20:04:06.270@LM_DEBUG@(11960|9316) TcpConnection::on_active_connection_established: Sending public address <LAPTOP-NQKUMCC4:60946> to remote side
2024-09-12 20:04:06.270@LM_DEBUG@(11960|9316) TransportReceiveStrategy-mb Cached_Allocator_With_Overflow 000001A45CA0C930 with 1000 chunks
2024-09-12 20:04:06.270@LM_DEBUG@(11960|9316) TransportReceiveStrategy-db Cached_Allocator_With_Overflow 000001A45CA0C9B8 with 100 chunks
2024-09-12 20:04:06.270@LM_DEBUG@(11960|9316) TransportReceiveStrategy-data Cached_Allocator_With_Overflow 000001A45CA0CA40 with 32 chunks
2024-09-12 20:04:06.276@LM_DEBUG@(11960|9316) TcpTransport::connect_datalink completed synchronously.
2024-09-12 20:04:06.277@LM_DEBUG@(11960|9316) TransportClient::initiate_connect_i - connection between local 01030000.000076af.00000009.00000102(69e13a43) and remote 01030000.000076af.00000006.00000507(ffb79c19) initiation successful
2024-09-12 20:04:06.277@LM_DEBUG@(11960|9316) PendingAssoc::intiate_connect - resulting link from initiate_connect_i (local: 01030000.000076af.00000009.00000102(69e13a43) to remote: 01030000.000076af.00000006.00000507(ffb79c19)) was nil
2024-09-12 20:04:06.278@LM_DEBUG@(11960|18368) TransportClient::use_datalink_i TransportClient(000001A45C9D3138) using datalink[000001A45CC8EF60] from 01030000.000076af.00000006.00000507(ffb79c19)
2024-09-12 20:04:06.278@LM_DEBUG@(11960|18368) TransportClient::use_datalink_i TransportClient(000001A45C9D3138) about to add_link[000001A45CC8EF60] to remote: 01030000.000076af.00000006.00000507(ffb79c19)
2024-09-12 20:04:06.278@LM_INFO@(11960|18368) DataWriterImpl::transport_assoc_done: writer 01030000.000076af.00000009.00000102(69e13a43) succeeded in associating with reader 01030000.000076af.00000006.00000507(ffb79c19)
2024-09-12 20:04:06.279@LM_DEBUG@(11960|18368) DataWriterImpl::transport_assoc_done: writer 01030000.000076af.00000009.00000102(69e13a43) reader 01030000.000076af.00000006.00000507(ffb79c19) calling association_complete_i
2024-09-12 20:04:06.279@LM_DEBUG@(11960|18368) DataWriterImpl::association_complete_i - bit 0 local 01030000.000076af.00000009.00000102(69e13a43) remote 01030000.000076af.00000006.00000507(ffb79c19)
2024-09-12 20:04:06.279@LM_INFO@(11960|18368) Sending historic samples
2024-09-12 20:04:06.279@LM_DEBUG@(11960|18368) DataWriterImpl::create_control_message: from publication 01030000.000076af.00000009.00000102(69e13a43) sending control sample: END_HISTORIC_SAMPLES (0x0b), Length: 16, Byte order: Little Endian, Sequence: 0x00000000, Timestamp: 1726182246.279247000, Publication: 01030000.000076af.00000009.00000102(69e13a43) .
2024-09-12 20:04:06.279@LM_DEBUG@(11960|8140) DataWriterImpl::create_control_message: from publication 01030000.000076af.00000009.00000102(69e13a43) sending control sample: INSTANCE_REGISTRATION (0x02), Length: 4, Byte order: Little Endian, Key Fields Only, Sequence: 0x00000001, Timestamp: 1726182246.279247000, Publication: 01030000.000076af.00000009.00000102(69e13a43) .
2024-09-12 20:04:06.279@LM_DEBUG@(11960|8140) WriteDataContainer::data_delivered 000001A45C9D7760
2024-09-12 20:04:06.279@LM_DEBUG@(11960|8140) DataWriterImpl::create_sample_data_message: from publication 01030000.000076af.00000009.00000102(69e13a43) sending data sample: SAMPLE_DATA (0x00), Length: 44, Byte order: Little Endian, Sequence: 0x00000002, Timestamp: 1726182246.279247000, Publication: 01030000.000076af.00000009.00000102(69e13a43) .
2024-09-12 20:04:06.279@LM_DEBUG@(11960|8140) WriteDataContainer::data_delivered 000001A45C9D7760
2024-09-12 20:04:06.281@LM_DEBUG@(11960|8140) DataWriterImpl::create_control_message: from publication 01030000.000076af.00000009.00000102(69e13a43) sending control sample: DISPOSE_UNREGISTER_INSTANCE (0x0a), Length: 4, Byte order: Little Endian, Key Fields Only, Sequence: 0x00000003, Timestamp: 1726182246.281327000, Publication: 01030000.000076af.00000009.00000102(69e13a43) .
2024-09-12 20:04:06.281@LM_DEBUG@(11960|8140) WriteDataContainer::data_delivered 000001A45C9D7760
2024-09-12 20:04:06.281@LM_DEBUG@(11960|17772) DataWriterImpl::remove_associations: bit 0 local 01030000.000076af.00000009.00000102(69e13a43) remote 01030000.000076af.00000006.00000507(ffb79c19) num remotes 1
2024-09-12 20:04:06.281@LM_DEBUG@(11960|18368) DataLink::handle_exception() - (delay) scheduling timer for future release
2024-09-12 20:04:06.286@LM_DEBUG@(11960|17772) DataReaderImpl::remove_associations: bit 1 local 01030000.000076af.00000009.000001c7(82ef0c7c) remote 01030000.000076af.00000001.000001c2(c2f5b332) num remotes 1
2024-09-12 20:04:06.286@LM_DEBUG@(11960|17772) DataReaderImpl::remove_associations_i: bit 1 local 01030000.000076af.00000009.000001c7(82ef0c7c) remote 01030000.000076af.00000001.000001c2(c2f5b332) num remotes 1
2024-09-12 20:04:06.286@LM_DEBUG@(11960|17772) InstanceState::unregister_was_received on 01030000.000076af.00000001.000001c2(c2f5b332)
2024-09-12 20:04:06.286@LM_DEBUG@(11960|17772) InstanceState::unregister_was_received on 01030000.000076af.00000001.000001c2(c2f5b332)
2024-09-12 20:04:06.286@LM_DEBUG@(11960|17772) InstanceState::unregister_was_received on 01030000.000076af.00000001.000001c2(c2f5b332)
2024-09-12 20:04:06.286@LM_DEBUG@(11960|17772) InstanceState::unregister_was_received on 01030000.000076af.00000001.000001c2(c2f5b332)
2024-09-12 20:04:06.286@LM_DEBUG@(11960|17772) InstanceState::unregister_was_received on 01030000.000076af.00000001.000001c2(c2f5b332)
2024-09-12 20:04:06.286@LM_DEBUG@(11960|17772) InstanceState::unregister_was_received on 01030000.000076af.00000001.000001c2(c2f5b332)
2024-09-12 20:04:06.289@LM_DEBUG@(11960|17772) DataReaderImpl::remove_associations: bit 1 local 01030000.000076af.00000009.000003c7(b0d96efe) remote 01030000.000076af.00000001.000004c2(bf824777) num remotes 1
2024-09-12 20:04:06.289@LM_DEBUG@(11960|17772) DataReaderImpl::remove_associations_i: bit 1 local 01030000.000076af.00000009.000003c7(b0d96efe) remote 01030000.000076af.00000001.000004c2(bf824777) num remotes 1
2024-09-12 20:04:06.289@LM_DEBUG@(11960|17772) DataReaderImpl::remove_associations: bit 1 local 01030000.000076af.00000009.000004c7(ff98f839) remote 01030000.000076af.00000001.000003c2(f0c3d1b0) num remotes 1
2024-09-12 20:04:06.289@LM_DEBUG@(11960|17772) DataReaderImpl::remove_associations_i: bit 1 local 01030000.000076af.00000009.000004c7(ff98f839) remote 01030000.000076af.00000001.000003c2(f0c3d1b0) num remotes 1
2024-09-12 20:04:06.289@LM_DEBUG@(11960|17772) InstanceState::unregister_was_received on 01030000.000076af.00000001.000003c2(f0c3d1b0)
2024-09-12 20:04:06.289@LM_DEBUG@(11960|17772) InstanceState::unregister_was_received on 01030000.000076af.00000001.000003c2(f0c3d1b0)
2024-09-12 20:04:06.289@LM_DEBUG@(11960|17772) InstanceState::unregister_was_received on 01030000.000076af.00000001.000003c2(f0c3d1b0)
2024-09-12 20:04:06.289@LM_DEBUG@(11960|17772) InstanceState::unregister_was_received on 01030000.000076af.00000001.000003c2(f0c3d1b0)
2024-09-12 20:04:06.289@LM_DEBUG@(11960|17772) InstanceState::unregister_was_received on 01030000.000076af.00000001.000003c2(f0c3d1b0)
2024-09-12 20:04:06.294@LM_DEBUG@(11960|2532) Peer has gracefully disconnected.
2024-09-12 20:04:06.294@LM_DEBUG@(11960|17772) DataReaderImpl::remove_associations: bit 1 local 01030000.000076af.00000009.000002c7(a9c25fbf) remote 01030000.000076af.00000001.000002c2(e9d8e0f1) num remotes 1
2024-09-12 20:04:06.294@LM_DEBUG@(11960|2532) TcpConnection::handle_close() called on transport: _OPENDDS__BITTCPTransportInst_DEFAULT_REPO to 192.168.1.110:60886 , reconnect_state = INIT_STATE.
2024-09-12 20:04:06.294@LM_DEBUG@(11960|17772) DataReaderImpl::remove_associations_i: bit 1 local 01030000.000076af.00000009.000002c7(a9c25fbf) remote 01030000.000076af.00000001.000002c2(e9d8e0f1) num remotes 1
2024-09-12 20:04:06.294@LM_DEBUG@(11960|2532) DataLink::notify: notify sub 01030000.000076af.00000009.000002c7(a9c25fbf) DISCONNECTED.
2024-09-12 20:04:06.294@LM_DEBUG@(11960|17772) InstanceState::unregister_was_received on 01030000.000076af.00000001.000002c2(e9d8e0f1)
2024-09-12 20:04:06.294@LM_DEBUG@(11960|17772) InstanceState::unregister_was_received on 01030000.000076af.00000001.000002c2(e9d8e0f1)
2024-09-12 20:04:06.294@LM_DEBUG@(11960|17772) InstanceState::unregister_was_received on 01030000.000076af.00000001.000002c2(e9d8e0f1)
2024-09-12 20:04:06.294@LM_DEBUG@(11960|17772) InstanceState::unregister_was_received on 01030000.000076af.00000001.000002c2(e9d8e0f1)
2024-09-12 20:04:06.294@LM_DEBUG@(11960|17772) InstanceState::unregister_was_received on 01030000.000076af.00000001.000002c2(e9d8e0f1)
2024-09-12 20:04:06.294@LM_DEBUG@(11960|17772) InstanceState::unregister_was_received on 01030000.000076af.00000001.000002c2(e9d8e0f1)
2024-09-12 20:04:06.294@LM_DEBUG@(11960|2532) DataLink::handle_exception() - delay already elapsed so handle_timeout now
2024-09-12 20:04:06.313@LM_DEBUG@(11960|8140) Service_Participant::shutdown
2024-09-12 20:04:06.319@LM_DEBUG@(11960|8140) DomainParticipantFactoryImpl::~DomainParticipantFactoryImpl()
2024-09-12 20:04:06.319@LM_DEBUG@TAO (11960|8140) - Connection_Handler[744]::close_connection_eh, purging entry from cache
2024-09-12 20:04:06.319@LM_DEBUG@TAO (11960|8140) - Connection_Handler[744]::close_connection_eh, removing from the reactor
2024-09-12 20:04:06.319@LM_DEBUG@TAO (11960|8140) - Connection_Handler[744]::close_connection_eh, cancel all timers
2024-09-12 20:04:06.319@LM_DEBUG@TAO (11960|8140) - Connection_Handler[744]::close_connection_eh end
2024-09-12 20:04:06.324@LM_DEBUG@(11960|8140) Service_Participant::~Service_Participant
2024-09-12 20:04:06.324@LM_DEBUG@(11960|8140) Service_Participant::shutdown
