2024-09-12 13:03:50.907@LM_INFO@(16956|12360) INFO: set_DCPS_debug_level: set to 4
2024-09-12 13:03:50.910@LM_INFO@(16956|12360) INFO: ConfigStoreImpl::set_string: COMMON_DCPS_TRANSPORT_DEBUG_LEVEL=2
2024-09-12 13:03:50.913@LM_INFO@(16956|12360) Service_Participant::get_domain_participant_factory: This is OpenDDS 3.29.1 using ACE 6.5.21
2024-09-12 13:03:50.913@LM_INFO@(16956|12360) Service_Participant::get_domain_participant_factory: log_level: debug DCPS_debug_level: 4
2024-09-12 13:03:50.918@LM_INFO@(16956|12360) Service_Participant::get_domain_participant_factory: machine: LAPTOP-NQKUMCC4, x64 6 platform: Win32, Windows NT 6.2, Build 9200 
2024-09-12 13:03:50.918@LM_INFO@(16956|12360) Service_Participant::get_domain_participant_factory: compiler: Visual C++ version 13.40.0
2024-09-12 13:03:50.918@LM_NOTICE@(16956|12360) NOTICE: Service_Participant::intializeScheduling() - no scheduling policy specified, not setting policy.
2024-09-12 13:03:50.928@LM_DEBUG@(16956|12360) Service_Participant::get_domain_participant_factory: Creating DefaultNetworkConfigMonitor
2024-09-12 13:03:50.928@LM_DEBUG@(16956|12360) Config::Config() - processing argument: model\.\publisher1.EXE.
2024-09-12 13:03:50.928@LM_INFO@(16956|12360) INFO: ConfigStoreImpl::set: REPOSITORY_DEFAULT_REPO=@DEFAULT_REPO
2024-09-12 13:03:50.928@LM_DEBUG@(16956|12360) Service_Participant::set_repo_ior: Repo[DEFAULT_REPO] == file://repo.ior
2024-09-12 13:03:50.948@LM_DEBUG@TAO (16956|12360) - Default_Resource_Factory - codeset manager=0000021BFBC52FA0
2024-09-12 13:03:50.948@LM_DEBUG@TAO (16956|12360) - Loaded default protocol <IIOP_Factory>
2024-09-12 13:03:50.952@LM_DEBUG@TAO (16956|12360) - IIOP_Connection_Handler::open, IIOP connection to peer <10.254.228.230:60171> on [760]
2024-09-12 13:03:50.981@LM_DEBUG@(16956|12360) DomainParticipantImpl::enable: enabled participant 01030000.00004242.00000004.000001c1(397d2906) in domain 0
2024-09-12 13:03:50.981@LM_INFO@(16956|12360) INFO: ConfigStoreImpl::set: TRANSPORT_OPENDDS_BITTCP_TRANSPORT_INST_DEFAULT_REPO_DATALINK_RELEASE_DELAY=0
2024-09-12 13:03:50.989@LM_INFO@(16956|12360) INFO: ConfigStoreImpl::set: TRANSPORT_OPENDDS_BITTCP_TRANSPORT_INST_DEFAULT_REPO_LOCAL_ADDRESS=:0
2024-09-12 13:03:50.989@LM_INFO@(16956|12360) InfoRepoDiscovery::bit_config - BIT tcp transport :0
2024-09-12 13:03:50.989@LM_DEBUG@(16956|12360) DDS::ParticipantBuiltinTopicDataDataReaderImpl::enable_specific-data Cached_Allocator_With_Overflow fbcbc180 with 20 chunks
2024-09-12 13:03:50.989@LM_DEBUG@(16956|12360) DataReaderImpl::enable Cached_Allocator_With_Overflow fbcbb890 with 20 chunks
2024-09-12 13:03:50.999@LM_WARNING@(16956|12360) WARNING: get_fully_qualified_hostname: Could not find FQDN. Using "10.254.228.230" as fully qualified hostname, please correct system configuration.
2024-09-12 13:03:51.000@LM_DEBUG@(16956|12360) TransportImpl::open()
   transport_type:               tcp
   name:                         _OPENDDS__BITTCPTransportInst_DEFAULT_REPO
   config_prefix:                TRANSPORT_OPENDDS_BITTCP_TRANSPORT_INST_DEFAULT_REPO
   max_packet_size:              2147481599
   max_samples_per_packet:       10
   optimum_packet_size:          4096
   thread_per_connection:        false
   datalink_release_delay:       0
   datalink_control_chunks:      32
   fragment_reassembly_timeout:  5:00.000
   receive_preallocated_message_blocks:0
   receive_preallocated_data_blocks:0
   local_address:                :0
   pub_address:                  
   enable_nagle_algorithm:       false
   conn_retry_initial_delay:     500
   conn_retry_backoff_multiplier:2
   conn_retry_attempts:          3
   passive_reconnect_duration:   2000
   max_output_pause_period:      -1
   active_conn_timeout_period:   5000
2024-09-12 13:03:51.000@LM_DEBUG@(16956|12360) DataReaderImpl::setup_deserialization: Setup successfully with the following data representations: CDR/XCDR1, XCDR2, Unaligned CDR
2024-09-12 13:03:51.029@LM_DEBUG@(16956|14892) DataReaderImpl::add_association - bit 1 local 01030000.00004242.00000004.000001c7(d01e8c33) remote 01030000.00004242.00000001.000001c2(6894f7cc)
2024-09-12 13:03:51.029@LM_DEBUG@(16956|12360) DataReaderImpl::enable: got GUID 01030000.00004242.00000004.000001c7(d01e8c33), subscribed to topic name "DCPSParticipant" type "PARTICIPANT_BUILT_IN_TOPIC_TYPE"
2024-09-12 13:03:51.029@LM_DEBUG@(16956|12360) SubscriberImpl::reader_enabled, datareader(topic_name=DCPSParticipant) enabled
2024-09-12 13:03:51.029@LM_DEBUG@(16956|14892) TransportClient::associate added PendingAssoc between 01030000.00004242.00000004.000001c7(d01e8c33) and remote 01030000.00004242.00000001.000001c2(6894f7cc)
2024-09-12 13:03:51.030@LM_DEBUG@(16956|12360) DDS::TopicBuiltinTopicDataDataReaderImpl::enable_specific-data Cached_Allocator_With_Overflow fdce61f0 with 20 chunks
2024-09-12 13:03:51.030@LM_DEBUG@(16956|14892) TcpTransport::accept_datalink create new link[0000021BFDE7D380]
2024-09-12 13:03:51.030@LM_DEBUG@(16956|12360) DataReaderImpl::enable Cached_Allocator_With_Overflow fdce6ae0 with 20 chunks
2024-09-12 13:03:51.031@LM_DEBUG@(16956|12360) DataReaderImpl::setup_deserialization: Setup successfully with the following data representations: CDR/XCDR1, XCDR2, Unaligned CDR
2024-09-12 13:03:51.031@LM_DEBUG@(16956|14892) TransportReceiveStrategy-mb Cached_Allocator_With_Overflow 0000021BFDE85520 with 1000 chunks
2024-09-12 13:03:51.031@LM_DEBUG@(16956|14892) TransportReceiveStrategy-db Cached_Allocator_With_Overflow 0000021BFDE855A8 with 100 chunks
2024-09-12 13:03:51.031@LM_DEBUG@(16956|14892) TransportReceiveStrategy-data Cached_Allocator_With_Overflow 0000021BFDE85630 with 32 chunks
2024-09-12 13:03:51.031@LM_DEBUG@(16956|14892) TransportClient::use_datalink_i TransportClient(0000021BFDC62530) using datalink[0000021BFDE7D380] from 01030000.00004242.00000001.000001c2(6894f7cc)
2024-09-12 13:03:51.031@LM_DEBUG@(16956|14892) TransportClient::use_datalink_i TransportClient(0000021BFDC62530) about to add_link[0000021BFDE7D380] to remote: 01030000.00004242.00000001.000001c2(6894f7cc)
2024-09-12 13:03:51.031@LM_INFO@(16956|8896) EndHistoricSamplesMissedSweeper::ScheduleCommand::execute() - sweeper 0000021BFDE6A940 is now scheduled
2024-09-12 13:03:51.031@LM_INFO@(16956|8896) EndHistoricSamplesMissedSweeper::CancelCommand::execute() - sweeper 0000021BFDE6A940 is no longer scheduled
2024-09-12 13:03:51.038@LM_DEBUG@(16956|14892) DataReaderImpl::add_association - bit 1 local 01030000.00004242.00000004.000002c7(fb33dff0) remote 01030000.00004242.00000001.000002c2(43b9a40f)
2024-09-12 13:03:51.038@LM_DEBUG@(16956|12360) DataReaderImpl::enable: got GUID 01030000.00004242.00000004.000002c7(fb33dff0), subscribed to topic name "DCPSTopic" type "TOPIC_BUILT_IN_TOPIC_TYPE"
2024-09-12 13:03:51.038@LM_DEBUG@(16956|12360) SubscriberImpl::reader_enabled, datareader(topic_name=DCPSTopic) enabled
2024-09-12 13:03:51.038@LM_DEBUG@(16956|14892) TransportClient::associate added PendingAssoc between 01030000.00004242.00000004.000002c7(fb33dff0) and remote 01030000.00004242.00000001.000002c2(43b9a40f)
2024-09-12 13:03:51.038@LM_DEBUG@(16956|14892) TcpTransport::accept_datalink found datalink[0000021BFDE7D380]
2024-09-12 13:03:51.038@LM_DEBUG@(16956|14892) TransportClient::use_datalink_i TransportClient(0000021BFDE7E810) using datalink[0000021BFDE7D380] from 01030000.00004242.00000001.000002c2(43b9a40f)
2024-09-12 13:03:51.038@LM_DEBUG@(16956|14892) TransportClient::use_datalink_i TransportClient(0000021BFDE7E810) about to add_link[0000021BFDE7D380] to remote: 01030000.00004242.00000001.000002c2(43b9a40f)
2024-09-12 13:03:51.038@LM_INFO@(16956|8896) EndHistoricSamplesMissedSweeper::ScheduleCommand::execute() - sweeper 0000021BFDEA1050 is now scheduled
2024-09-12 13:03:51.038@LM_DEBUG@(16956|12360) DDS::PublicationBuiltinTopicDataDataReaderImpl::enable_specific-data Cached_Allocator_With_Overflow fdce67a0 with 20 chunks
2024-09-12 13:03:51.038@LM_DEBUG@(16956|12360) DataReaderImpl::enable Cached_Allocator_With_Overflow fdce5d10 with 20 chunks
2024-09-12 13:03:51.042@LM_DEBUG@(16956|12360) DataReaderImpl::setup_deserialization: Setup successfully with the following data representations: CDR/XCDR1, XCDR2, Unaligned CDR
2024-09-12 13:03:51.042@LM_INFO@(16956|8896) EndHistoricSamplesMissedSweeper::CancelCommand::execute() - sweeper 0000021BFDEA1050 is no longer scheduled
2024-09-12 13:03:51.047@LM_DEBUG@(16956|14892) DataReaderImpl::add_association - bit 1 local 01030000.00004242.00000004.000003c7(e228eeb1) remote 01030000.00004242.00000001.000004c2(15e30389)
2024-09-12 13:03:51.047@LM_DEBUG@(16956|12360) DataReaderImpl::enable: got GUID 01030000.00004242.00000004.000003c7(e228eeb1), subscribed to topic name "DCPSPublication" type "PUBLICATION_BUILT_IN_TOPIC_TYPE"
2024-09-12 13:03:51.047@LM_DEBUG@(16956|14892) TransportClient::associate added PendingAssoc between 01030000.00004242.00000004.000003c7(e228eeb1) and remote 01030000.00004242.00000001.000004c2(15e30389)
2024-09-12 13:03:51.047@LM_DEBUG@(16956|12360) SubscriberImpl::reader_enabled, datareader(topic_name=DCPSPublication) enabled
2024-09-12 13:03:51.047@LM_DEBUG@(16956|14892) TcpTransport::accept_datalink found datalink[0000021BFDE7D380]
2024-09-12 13:03:51.047@LM_DEBUG@(16956|14892) TransportClient::use_datalink_i TransportClient(0000021BFDEA4170) using datalink[0000021BFDE7D380] from 01030000.00004242.00000001.000004c2(15e30389)
2024-09-12 13:03:51.047@LM_DEBUG@(16956|14892) TransportClient::use_datalink_i TransportClient(0000021BFDEA4170) about to add_link[0000021BFDE7D380] to remote: 01030000.00004242.00000001.000004c2(15e30389)
2024-09-12 13:03:51.047@LM_INFO@(16956|8896) EndHistoricSamplesMissedSweeper::ScheduleCommand::execute() - sweeper 0000021BFDEB51A0 is now scheduled
2024-09-12 13:03:51.047@LM_DEBUG@(16956|12360) DDS::SubscriptionBuiltinTopicDataDataReaderImpl::enable_specific-data Cached_Allocator_With_Overflow fdce6870 with 20 chunks
2024-09-12 13:03:51.047@LM_DEBUG@(16956|12360) DataReaderImpl::enable Cached_Allocator_With_Overflow fdce5760 with 20 chunks
2024-09-12 13:03:51.047@LM_DEBUG@(16956|12360) DataReaderImpl::setup_deserialization: Setup successfully with the following data representations: CDR/XCDR1, XCDR2, Unaligned CDR
2024-09-12 13:03:51.047@LM_INFO@(16956|8896) EndHistoricSamplesMissedSweeper::CancelCommand::execute() - sweeper 0000021BFDEB51A0 is no longer scheduled
2024-09-12 13:03:51.057@LM_DEBUG@(16956|14892) DataReaderImpl::add_association - bit 1 local 01030000.00004242.00000004.000004c7(ad697876) remote 01030000.00004242.00000001.000003c2(5aa2954e)
2024-09-12 13:03:51.057@LM_DEBUG@(16956|12360) DataReaderImpl::enable: got GUID 01030000.00004242.00000004.000004c7(ad697876), subscribed to topic name "DCPSSubscription" type "SUBSCRIPTION_BUILT_IN_TOPIC_TYPE"
2024-09-12 13:03:51.057@LM_DEBUG@(16956|12360) SubscriberImpl::reader_enabled, datareader(topic_name=DCPSSubscription) enabled
2024-09-12 13:03:51.057@LM_DEBUG@(16956|14892) TransportClient::associate added PendingAssoc between 01030000.00004242.00000004.000004c7(ad697876) and remote 01030000.00004242.00000001.000003c2(5aa2954e)
2024-09-12 13:03:51.057@LM_DEBUG@(16956|14892) TcpTransport::accept_datalink found datalink[0000021BFDE7D380]
2024-09-12 13:03:51.057@LM_DEBUG@(16956|14892) TransportClient::use_datalink_i TransportClient(0000021BFDEB3390) using datalink[0000021BFDE7D380] from 01030000.00004242.00000001.000003c2(5aa2954e)
2024-09-12 13:03:51.058@LM_DEBUG@(16956|14892) TransportClient::use_datalink_i TransportClient(0000021BFDEB3390) about to add_link[0000021BFDE7D380] to remote: 01030000.00004242.00000001.000003c2(5aa2954e)
2024-09-12 13:03:51.058@LM_INFO@(16956|8896) EndHistoricSamplesMissedSweeper::ScheduleCommand::execute() - sweeper 0000021BFDEB4680 is now scheduled
2024-09-12 13:03:51.059@LM_INFO@(16956|8896) EndHistoricSamplesMissedSweeper::CancelCommand::execute() - sweeper 0000021BFDEB4680 is no longer scheduled
2024-09-12 13:03:51.065@LM_DEBUG@(16956|12360) WriteDataContainer sample_list_element_allocator fdeca580 with 20 chunks
2024-09-12 13:03:51.065@LM_DEBUG@(16956|12360) DataWriterImpl::enable-mb Cached_Allocator_With_Overflow fdce5f80 with 20 chunks
2024-09-12 13:03:51.065@LM_DEBUG@(16956|12360) DataWriterImpl::enable-db Cached_Allocator_With_Overflow fdce6bb0 with 20 chunks
2024-09-12 13:03:51.065@LM_DEBUG@(16956|12360) DataWriterImpl::enable-header Cached_Allocator_With_Overflow fbd36160 with 20 chunks
2024-09-12 13:03:51.073@LM_DEBUG@(16956|12360) TransportImpl::open()
   transport_type:               tcp
   name:                         _OPENDDS_0500_TCP
   config_prefix:                TRANSPORT_OPENDDS_0500_TCP
   max_packet_size:              2147481599
   max_samples_per_packet:       10
   optimum_packet_size:          4096
   thread_per_connection:        false
   datalink_release_delay:       10000
   datalink_control_chunks:      32
   fragment_reassembly_timeout:  5:00.000
   receive_preallocated_message_blocks:0
   receive_preallocated_data_blocks:0
   local_address:                
   pub_address:                  
   enable_nagle_algorithm:       false
   conn_retry_initial_delay:     500
   conn_retry_backoff_multiplier:2
   conn_retry_attempts:          3
   passive_reconnect_duration:   2000
   max_output_pause_period:      -1
   active_conn_timeout_period:   5000
2024-09-12 13:03:51.073@LM_DEBUG@(16956|12360) WriterImpl::setup_serialization: Setup successfully with Unaligned CDR data representation.
2024-09-12 13:03:51.073@LM_DEBUG@(16956|12360) DataWriterImpl::setup_serialization: using data allocator at fdc67ab0 with 20 80 byte chunks
2024-09-12 13:03:51.081@LM_DEBUG@(16956|12360) DataWriterImpl::enable: got GUID 01030000.00004242.00000004.00000102(3b10ba0c), publishing to topic name "AvailabilityInfo" type "UATM::availabilityInfo"
