2024-09-12 13:03:50.932@LM_INFO@(9252|8824) INFO: set_DCPS_debug_level: set to 4
2024-09-12 13:03:50.933@LM_INFO@(9252|8824) INFO: ConfigStoreImpl::set_string: COMMON_DCPS_TRANSPORT_DEBUG_LEVEL=2
2024-09-12 13:03:50.933@LM_INFO@(9252|8824) Service_Participant::get_domain_participant_factory: This is OpenDDS 3.29.1 using ACE 6.5.21
2024-09-12 13:03:50.933@LM_INFO@(9252|8824) Service_Participant::get_domain_participant_factory: log_level: debug DCPS_debug_level: 4
2024-09-12 13:03:50.941@LM_INFO@(9252|8824) Service_Participant::get_domain_participant_factory: machine: LAPTOP-NQKUMCC4, x64 6 platform: Win32, Windows NT 6.2, Build 9200 
2024-09-12 13:03:50.941@LM_INFO@(9252|8824) Service_Participant::get_domain_participant_factory: compiler: Visual C++ version 13.40.0
2024-09-12 13:03:50.941@LM_NOTICE@(9252|8824) NOTICE: Service_Participant::intializeScheduling() - no scheduling policy specified, not setting policy.
2024-09-12 13:03:50.950@LM_DEBUG@(9252|8824) Service_Participant::get_domain_participant_factory: Creating DefaultNetworkConfigMonitor
2024-09-12 13:03:50.950@LM_DEBUG@(9252|8824) Config::Config() - processing argument: model\.\publisher2.EXE.
2024-09-12 13:03:50.951@LM_INFO@(9252|8824) INFO: ConfigStoreImpl::set: REPOSITORY_DEFAULT_REPO=@DEFAULT_REPO
2024-09-12 13:03:50.951@LM_DEBUG@(9252|8824) Service_Participant::set_repo_ior: Repo[DEFAULT_REPO] == file://repo.ior
2024-09-12 13:03:50.965@LM_DEBUG@TAO (9252|8824) - Default_Resource_Factory - codeset manager=0000021ABF0521D0
2024-09-12 13:03:50.965@LM_DEBUG@TAO (9252|8824) - Loaded default protocol <IIOP_Factory>
2024-09-12 13:03:50.965@LM_DEBUG@TAO (9252|8824) - IIOP_Connection_Handler::open, IIOP connection to peer <10.254.228.230:60171> on [720]
2024-09-12 13:03:50.981@LM_DEBUG@(9252|8824) DomainParticipantImpl::enable: enabled participant 01030000.00004242.00000005.000001c1(041d00b6) in domain 0
2024-09-12 13:03:50.981@LM_INFO@(9252|8824) INFO: ConfigStoreImpl::set: TRANSPORT_OPENDDS_BITTCP_TRANSPORT_INST_DEFAULT_REPO_DATALINK_RELEASE_DELAY=0
2024-09-12 13:03:50.981@LM_INFO@(9252|8824) INFO: ConfigStoreImpl::set: TRANSPORT_OPENDDS_BITTCP_TRANSPORT_INST_DEFAULT_REPO_LOCAL_ADDRESS=:0
2024-09-12 13:03:50.989@LM_INFO@(9252|8824) InfoRepoDiscovery::bit_config - BIT tcp transport :0
2024-09-12 13:03:50.989@LM_DEBUG@(9252|8824) DDS::ParticipantBuiltinTopicDataDataReaderImpl::enable_specific-data Cached_Allocator_With_Overflow bf0ba0d0 with 20 chunks
2024-09-12 13:03:50.989@LM_DEBUG@(9252|8824) DataReaderImpl::enable Cached_Allocator_With_Overflow bf0b9a50 with 20 chunks
2024-09-12 13:03:50.999@LM_WARNING@(9252|8824) WARNING: get_fully_qualified_hostname: Could not find FQDN. Using "10.254.228.230" as fully qualified hostname, please correct system configuration.
2024-09-12 13:03:51.000@LM_DEBUG@(9252|8824) TransportImpl::open()
   transport_type:               tcp
   name:                         _OPENDDS__BITTCPTransportInst_DEFAULT_REPO
   config_prefix:                TRANSPORT_OPENDDS_BITTCP_TRANSPORT_INST_DEFAULT_REPO
   max_packet_size:              2147481599
   max_samples_per_packet:       10
   optimum_packet_size:          4096
   thread_per_connection:        false
   datalink_release_delay:       0
   datalink_control_chunks:      32
   fragment_reassembly_timeout:  5:00.000
   receive_preallocated_message_blocks:0
   receive_preallocated_data_blocks:0
   local_address:                :0
   pub_address:                  
   enable_nagle_algorithm:       false
   conn_retry_initial_delay:     500
   conn_retry_backoff_multiplier:2
   conn_retry_attempts:          3
   passive_reconnect_duration:   2000
   max_output_pause_period:      -1
   active_conn_timeout_period:   5000
2024-09-12 13:03:51.000@LM_DEBUG@(9252|8824) DataReaderImpl::setup_deserialization: Setup successfully with the following data representations: CDR/XCDR1, XCDR2, Unaligned CDR
2024-09-12 13:03:51.031@LM_DEBUG@(9252|8824) DataReaderImpl::enable: got GUID 01030000.00004242.00000005.000001c7(ed7ea583), subscribed to topic name "DCPSParticipant" type "PARTICIPANT_BUILT_IN_TOPIC_TYPE"
2024-09-12 13:03:51.031@LM_DEBUG@(9252|2136) DataReaderImpl::add_association - bit 1 local 01030000.00004242.00000005.000001c7(ed7ea583) remote 01030000.00004242.00000001.000001c2(6894f7cc)
2024-09-12 13:03:51.031@LM_DEBUG@(9252|8824) SubscriberImpl::reader_enabled, datareader(topic_name=DCPSParticipant) enabled
2024-09-12 13:03:51.031@LM_DEBUG@(9252|2136) TransportClient::associate added PendingAssoc between 01030000.00004242.00000005.000001c7(ed7ea583) and remote 01030000.00004242.00000001.000001c2(6894f7cc)
2024-09-12 13:03:51.031@LM_DEBUG@(9252|2136) TcpTransport::accept_datalink create new link[0000021AC132CB10]
2024-09-12 13:03:51.031@LM_DEBUG@(9252|8824) DDS::TopicBuiltinTopicDataDataReaderImpl::enable_specific-data Cached_Allocator_With_Overflow c1199e00 with 20 chunks
2024-09-12 13:03:51.031@LM_DEBUG@(9252|8824) DataReaderImpl::enable Cached_Allocator_With_Overflow c1199fa0 with 20 chunks
2024-09-12 13:03:51.031@LM_DEBUG@(9252|8824) DataReaderImpl::setup_deserialization: Setup successfully with the following data representations: CDR/XCDR1, XCDR2, Unaligned CDR
2024-09-12 13:03:51.038@LM_DEBUG@(9252|2136) TransportReceiveStrategy-mb Cached_Allocator_With_Overflow 0000021AC1338160 with 1000 chunks
2024-09-12 13:03:51.038@LM_DEBUG@(9252|2136) TransportReceiveStrategy-db Cached_Allocator_With_Overflow 0000021AC13381E8 with 100 chunks
2024-09-12 13:03:51.038@LM_DEBUG@(9252|2136) TransportReceiveStrategy-data Cached_Allocator_With_Overflow 0000021AC1338270 with 32 chunks
2024-09-12 13:03:51.038@LM_DEBUG@(9252|2136) TransportClient::use_datalink_i TransportClient(0000021AC1114020) using datalink[0000021AC132CB10] from 01030000.00004242.00000001.000001c2(6894f7cc)
2024-09-12 13:03:51.038@LM_DEBUG@(9252|2136) TransportClient::use_datalink_i TransportClient(0000021AC1114020) about to add_link[0000021AC132CB10] to remote: 01030000.00004242.00000001.000001c2(6894f7cc)
2024-09-12 13:03:51.038@LM_INFO@(9252|3140) EndHistoricSamplesMissedSweeper::ScheduleCommand::execute() - sweeper 0000021AC1318E90 is now scheduled
2024-09-12 13:03:51.042@LM_DEBUG@(9252|8824) DataReaderImpl::add_association - bit 1 local 01030000.00004242.00000005.000002c7(c653f640) remote 01030000.00004242.00000001.000002c2(43b9a40f)
2024-09-12 13:03:51.042@LM_DEBUG@(9252|8824) TransportClient::associate added PendingAssoc between 01030000.00004242.00000005.000002c7(c653f640) and remote 01030000.00004242.00000001.000002c2(43b9a40f)
2024-09-12 13:03:51.042@LM_DEBUG@(9252|8824) TcpTransport::accept_datalink found datalink[0000021AC132CB10]
2024-09-12 13:03:51.042@LM_DEBUG@(9252|8824) TransportClient::use_datalink_i TransportClient(0000021AC132B6F0) using datalink[0000021AC132CB10] from 01030000.00004242.00000001.000002c2(43b9a40f)
2024-09-12 13:03:51.042@LM_DEBUG@(9252|8824) TransportClient::use_datalink_i TransportClient(0000021AC132B6F0) about to add_link[0000021AC132CB10] to remote: 01030000.00004242.00000001.000002c2(43b9a40f)
2024-09-12 13:03:51.042@LM_INFO@(9252|3140) EndHistoricSamplesMissedSweeper::CancelCommand::execute() - sweeper 0000021AC1318E90 is no longer scheduled
2024-09-12 13:03:51.042@LM_INFO@(9252|3140) EndHistoricSamplesMissedSweeper::ScheduleCommand::execute() - sweeper 0000021AC1350020 is now scheduled
2024-09-12 13:03:51.042@LM_DEBUG@(9252|8824) DataReaderImpl::enable: got GUID 01030000.00004242.00000005.000002c7(c653f640), subscribed to topic name "DCPSTopic" type "TOPIC_BUILT_IN_TOPIC_TYPE"
2024-09-12 13:03:51.042@LM_DEBUG@(9252|8824) SubscriberImpl::reader_enabled, datareader(topic_name=DCPSTopic) enabled
2024-09-12 13:03:51.042@LM_DEBUG@(9252|8824) DDS::PublicationBuiltinTopicDataDataReaderImpl::enable_specific-data Cached_Allocator_With_Overflow c1199d30 with 20 chunks
2024-09-12 13:03:51.042@LM_DEBUG@(9252|8824) DataReaderImpl::enable Cached_Allocator_With_Overflow c1199100 with 20 chunks
2024-09-12 13:03:51.046@LM_DEBUG@(9252|8824) DataReaderImpl::setup_deserialization: Setup successfully with the following data representations: CDR/XCDR1, XCDR2, Unaligned CDR
2024-09-12 13:03:51.046@LM_INFO@(9252|3140) EndHistoricSamplesMissedSweeper::CancelCommand::execute() - sweeper 0000021AC1350020 is no longer scheduled
2024-09-12 13:03:51.047@LM_DEBUG@(9252|2136) DataReaderImpl::add_association - bit 1 local 01030000.00004242.00000005.000003c7(df48c701) remote 01030000.00004242.00000001.000004c2(15e30389)
2024-09-12 13:03:51.047@LM_DEBUG@(9252|8824) DataReaderImpl::enable: got GUID 01030000.00004242.00000005.000003c7(df48c701), subscribed to topic name "DCPSPublication" type "PUBLICATION_BUILT_IN_TOPIC_TYPE"
2024-09-12 13:03:51.047@LM_DEBUG@(9252|8824) SubscriberImpl::reader_enabled, datareader(topic_name=DCPSPublication) enabled
2024-09-12 13:03:51.047@LM_DEBUG@(9252|2136) TransportClient::associate added PendingAssoc between 01030000.00004242.00000005.000003c7(df48c701) and remote 01030000.00004242.00000001.000004c2(15e30389)
2024-09-12 13:03:51.047@LM_DEBUG@(9252|2136) TcpTransport::accept_datalink found datalink[0000021AC132CB10]
2024-09-12 13:03:51.047@LM_DEBUG@(9252|2136) TransportClient::use_datalink_i TransportClient(0000021AC1350E90) using datalink[0000021AC132CB10] from 01030000.00004242.00000001.000004c2(15e30389)
2024-09-12 13:03:51.047@LM_DEBUG@(9252|2136) TransportClient::use_datalink_i TransportClient(0000021AC1350E90) about to add_link[0000021AC132CB10] to remote: 01030000.00004242.00000001.000004c2(15e30389)
2024-09-12 13:03:51.047@LM_DEBUG@(9252|8824) DDS::SubscriptionBuiltinTopicDataDataReaderImpl::enable_specific-data Cached_Allocator_With_Overflow c1199440 with 20 chunks
2024-09-12 13:03:51.047@LM_DEBUG@(9252|8824) DataReaderImpl::enable Cached_Allocator_With_Overflow c1199510 with 20 chunks
2024-09-12 13:03:51.047@LM_INFO@(9252|3140) EndHistoricSamplesMissedSweeper::ScheduleCommand::execute() - sweeper 0000021AC134FCB0 is now scheduled
2024-09-12 13:03:51.047@LM_DEBUG@(9252|8824) DataReaderImpl::setup_deserialization: Setup successfully with the following data representations: CDR/XCDR1, XCDR2, Unaligned CDR
2024-09-12 13:03:51.047@LM_INFO@(9252|3140) EndHistoricSamplesMissedSweeper::CancelCommand::execute() - sweeper 0000021AC134FCB0 is no longer scheduled
2024-09-12 13:03:51.059@LM_DEBUG@(9252|2136) DataReaderImpl::add_association - bit 1 local 01030000.00004242.00000005.000004c7(900951c6) remote 01030000.00004242.00000001.000003c2(5aa2954e)
2024-09-12 13:03:51.059@LM_DEBUG@(9252|8824) DataReaderImpl::enable: got GUID 01030000.00004242.00000005.000004c7(900951c6), subscribed to topic name "DCPSSubscription" type "SUBSCRIPTION_BUILT_IN_TOPIC_TYPE"
2024-09-12 13:03:51.059@LM_DEBUG@(9252|8824) SubscriberImpl::reader_enabled, datareader(topic_name=DCPSSubscription) enabled
2024-09-12 13:03:51.059@LM_DEBUG@(9252|2136) TransportClient::associate added PendingAssoc between 01030000.00004242.00000005.000004c7(900951c6) and remote 01030000.00004242.00000001.000003c2(5aa2954e)
2024-09-12 13:03:51.059@LM_DEBUG@(9252|2136) TcpTransport::accept_datalink found datalink[0000021AC132CB10]
2024-09-12 13:03:51.059@LM_DEBUG@(9252|2136) TransportClient::use_datalink_i TransportClient(0000021AC13620B0) using datalink[0000021AC132CB10] from 01030000.00004242.00000001.000003c2(5aa2954e)
2024-09-12 13:03:51.059@LM_DEBUG@(9252|2136) TransportClient::use_datalink_i TransportClient(0000021AC13620B0) about to add_link[0000021AC132CB10] to remote: 01030000.00004242.00000001.000003c2(5aa2954e)
2024-09-12 13:03:51.059@LM_INFO@(9252|3140) EndHistoricSamplesMissedSweeper::ScheduleCommand::execute() - sweeper 0000021AC136DC10 is now scheduled
2024-09-12 13:03:51.064@LM_INFO@(9252|3140) EndHistoricSamplesMissedSweeper::CancelCommand::execute() - sweeper 0000021AC136DC10 is no longer scheduled
