2024-09-12 08:41:00.019@LM_INFO@(16976|10964) INFO: set_DCPS_debug_level: set to 4
2024-09-12 08:41:00.028@LM_INFO@(16976|10964) INFO: ConfigStoreImpl::set_string: COMMON_DCPS_TRANSPORT_DEBUG_LEVEL=2
2024-09-12 08:41:00.039@LM_INFO@(16976|10964) Service_Participant::get_domain_participant_factory: This is OpenDDS 3.29.1 using ACE 6.5.21
2024-09-12 08:41:00.039@LM_INFO@(16976|10964) Service_Participant::get_domain_participant_factory: log_level: debug DCPS_debug_level: 4
2024-09-12 08:41:00.060@LM_INFO@(16976|10964) Service_Participant::get_domain_participant_factory: machine: LAPTOP-NQKUMCC4, x64 6 platform: Win32, Windows NT 6.2, Build 9200 
2024-09-12 08:41:00.060@LM_INFO@(16976|10964) Service_Participant::get_domain_participant_factory: compiler: Visual C++ version 13.40.0
2024-09-12 08:41:00.060@LM_NOTICE@(16976|10964) NOTICE: Service_Participant::intializeScheduling() - no scheduling policy specified, not setting policy.
2024-09-12 08:41:00.071@LM_DEBUG@(16976|10964) Service_Participant::get_domain_participant_factory: Creating DefaultNetworkConfigMonitor
2024-09-12 08:41:00.071@LM_DEBUG@(16976|10964) Config::Config() - processing argument: model\.\publisher1.EXE.
2024-09-12 08:41:00.071@LM_DEBUG@(16976|10964) Config::Config() - processing argument: model\.\publisher1.EXE.
2024-09-12 08:41:00.077@LM_INFO@(16976|10964) INFO: ConfigStoreImpl::set: REPOSITORY_DEFAULT_REPO=@DEFAULT_REPO
2024-09-12 08:41:00.077@LM_DEBUG@(16976|10964) Service_Participant::set_repo_ior: Repo[DEFAULT_REPO] == file://repo.ior
2024-09-12 08:41:00.105@LM_DEBUG@TAO (16976|10964) - Default_Resource_Factory - codeset manager=000001C039C62520
2024-09-12 08:41:00.105@LM_DEBUG@TAO (16976|10964) - Loaded default protocol <IIOP_Factory>
2024-09-12 08:41:00.134@LM_DEBUG@TAO (16976|10964) - IIOP_Connection_Handler::open, IIOP connection to peer <192.168.1.110:59464> on [676]
2024-09-12 08:41:00.136@LM_DEBUG@(16976|10964) DomainParticipantImpl::enable: enabled participant 01030000.000053a2.00000004.000001c1(cb27423b) in domain 0
2024-09-12 08:41:00.146@LM_INFO@(16976|10964) INFO: ConfigStoreImpl::set: TRANSPORT_OPENDDS_BITTCP_TRANSPORT_INST_DEFAULT_REPO_DATALINK_RELEASE_DELAY=0
2024-09-12 08:41:00.146@LM_INFO@(16976|10964) INFO: ConfigStoreImpl::set: TRANSPORT_OPENDDS_BITTCP_TRANSPORT_INST_DEFAULT_REPO_LOCAL_ADDRESS=:0
2024-09-12 08:41:00.146@LM_INFO@(16976|10964) InfoRepoDiscovery::bit_config - BIT tcp transport :0
2024-09-12 08:41:00.146@LM_DEBUG@(16976|10964) DDS::ParticipantBuiltinTopicDataDataReaderImpl::enable_specific-data Cached_Allocator_With_Overflow 3b61a780 with 20 chunks
2024-09-12 08:41:00.146@LM_DEBUG@(16976|10964) DataReaderImpl::enable Cached_Allocator_With_Overflow 3b61a370 with 20 chunks
2024-09-12 08:41:00.156@LM_WARNING@(16976|10964) WARNING: get_fully_qualified_hostname: Could not find FQDN. Using "LAPTOP-NQKUMCC4" as fully qualified hostname, please correct system configuration.
2024-09-12 08:41:00.159@LM_DEBUG@(16976|10964) TransportImpl::open()
   transport_type:               tcp
   name:                         _OPENDDS__BITTCPTransportInst_DEFAULT_REPO
   config_prefix:                TRANSPORT_OPENDDS_BITTCP_TRANSPORT_INST_DEFAULT_REPO
   max_packet_size:              2147481599
   max_samples_per_packet:       10
   optimum_packet_size:          4096
   thread_per_connection:        false
   datalink_release_delay:       0
   datalink_control_chunks:      32
   fragment_reassembly_timeout:  5:00.000
   receive_preallocated_message_blocks:0
   receive_preallocated_data_blocks:0
   local_address:                :0
   pub_address:                  
   enable_nagle_algorithm:       false
   conn_retry_initial_delay:     500
   conn_retry_backoff_multiplier:2
   conn_retry_attempts:          3
   passive_reconnect_duration:   2000
   max_output_pause_period:      -1
   active_conn_timeout_period:   5000
2024-09-12 08:41:00.159@LM_DEBUG@(16976|10964) DataReaderImpl::setup_deserialization: Setup successfully with the following data representations: CDR/XCDR1, XCDR2, Unaligned CDR
2024-09-12 08:41:00.173@LM_DEBUG@(16976|3296) DataReaderImpl::add_association - bit 1 local 01030000.000053a2.00000004.000001c7(2244e70e) remote 01030000.000053a2.00000001.000001c2(9ace9cf1)
2024-09-12 08:41:00.173@LM_DEBUG@(16976|10964) DataReaderImpl::enable: got GUID 01030000.000053a2.00000004.000001c7(2244e70e), subscribed to topic name "DCPSParticipant" type "PARTICIPANT_BUILT_IN_TOPIC_TYPE"
2024-09-12 08:41:00.181@LM_DEBUG@(16976|10964) SubscriberImpl::reader_enabled, datareader(topic_name=DCPSParticipant) enabled
2024-09-12 08:41:00.181@LM_DEBUG@(16976|3296) TransportClient::associate added PendingAssoc between 01030000.000053a2.00000004.000001c7(2244e70e) and remote 01030000.000053a2.00000001.000001c2(9ace9cf1)
2024-09-12 08:41:00.181@LM_DEBUG@(16976|10964) DDS::TopicBuiltinTopicDataDataReaderImpl::enable_specific-data Cached_Allocator_With_Overflow 3b61a5e0 with 20 chunks
2024-09-12 08:41:00.181@LM_DEBUG@(16976|10964) DataReaderImpl::enable Cached_Allocator_With_Overflow 3b61a850 with 20 chunks
2024-09-12 08:41:00.181@LM_DEBUG@(16976|10964) DataReaderImpl::setup_deserialization: Setup successfully with the following data representations: CDR/XCDR1, XCDR2, Unaligned CDR
2024-09-12 08:41:00.181@LM_DEBUG@(16976|3296) TcpTransport::accept_datalink create new link[000001C03BD4CBD0]
2024-09-12 08:41:00.181@LM_DEBUG@(16976|3296) TransportReceiveStrategy-mb Cached_Allocator_With_Overflow 000001C03BD576C0 with 1000 chunks
2024-09-12 08:41:00.181@LM_DEBUG@(16976|3296) TransportReceiveStrategy-db Cached_Allocator_With_Overflow 000001C03BD57748 with 100 chunks
2024-09-12 08:41:00.181@LM_DEBUG@(16976|3296) TransportReceiveStrategy-data Cached_Allocator_With_Overflow 000001C03BD577D0 with 32 chunks
2024-09-12 08:41:00.185@LM_DEBUG@(16976|3296) TransportClient::use_datalink_i TransportClient(000001C03B61D660) using datalink[000001C03BD4CBD0] from 01030000.000053a2.00000001.000001c2(9ace9cf1)
2024-09-12 08:41:00.185@LM_DEBUG@(16976|3296) TransportClient::use_datalink_i TransportClient(000001C03B61D660) about to add_link[000001C03BD4CBD0] to remote: 01030000.000053a2.00000001.000001c2(9ace9cf1)
2024-09-12 08:41:00.185@LM_INFO@(16976|14700) EndHistoricSamplesMissedSweeper::ScheduleCommand::execute() - sweeper 000001C03BD40AC0 is now scheduled
2024-09-12 08:41:00.187@LM_DEBUG@(16976|10964) DataReaderImpl::add_association - bit 1 local 01030000.000053a2.00000004.000002c7(0969b4cd) remote 01030000.000053a2.00000001.000002c2(b1e3cf32)
2024-09-12 08:41:00.187@LM_DEBUG@(16976|10964) TransportClient::associate added PendingAssoc between 01030000.000053a2.00000004.000002c7(0969b4cd) and remote 01030000.000053a2.00000001.000002c2(b1e3cf32)
2024-09-12 08:41:00.188@LM_INFO@(16976|14700) EndHistoricSamplesMissedSweeper::CancelCommand::execute() - sweeper 000001C03BD40AC0 is no longer scheduled
2024-09-12 08:41:00.188@LM_DEBUG@(16976|10964) TcpTransport::accept_datalink found datalink[000001C03BD4CBD0]
2024-09-12 08:41:00.188@LM_DEBUG@(16976|10964) TransportClient::use_datalink_i TransportClient(000001C03BD44D40) using datalink[000001C03BD4CBD0] from 01030000.000053a2.00000001.000002c2(b1e3cf32)
2024-09-12 08:41:00.188@LM_DEBUG@(16976|10964) TransportClient::use_datalink_i TransportClient(000001C03BD44D40) about to add_link[000001C03BD4CBD0] to remote: 01030000.000053a2.00000001.000002c2(b1e3cf32)
2024-09-12 08:41:00.188@LM_INFO@(16976|14700) EndHistoricSamplesMissedSweeper::ScheduleCommand::execute() - sweeper 000001C03BD51F50 is now scheduled
2024-09-12 08:41:00.188@LM_DEBUG@(16976|10964) DataReaderImpl::enable: got GUID 01030000.000053a2.00000004.000002c7(0969b4cd), subscribed to topic name "DCPSTopic" type "TOPIC_BUILT_IN_TOPIC_TYPE"
2024-09-12 08:41:00.188@LM_DEBUG@(16976|10964) SubscriberImpl::reader_enabled, datareader(topic_name=DCPSTopic) enabled
2024-09-12 08:41:00.188@LM_DEBUG@(16976|10964) DDS::PublicationBuiltinTopicDataDataReaderImpl::enable_specific-data Cached_Allocator_With_Overflow 3b619e90 with 20 chunks
2024-09-12 08:41:00.188@LM_DEBUG@(16976|10964) DataReaderImpl::enable Cached_Allocator_With_Overflow 3b61a510 with 20 chunks
2024-09-12 08:41:00.188@LM_INFO@(16976|14700) EndHistoricSamplesMissedSweeper::CancelCommand::execute() - sweeper 000001C03BD51F50 is no longer scheduled
2024-09-12 08:41:00.188@LM_DEBUG@(16976|10964) DataReaderImpl::setup_deserialization: Setup successfully with the following data representations: CDR/XCDR1, XCDR2, Unaligned CDR
2024-09-12 08:41:00.194@LM_DEBUG@(16976|3296) DataReaderImpl::add_association - bit 1 local 01030000.000053a2.00000004.000003c7(1072858c) remote 01030000.000053a2.00000001.000004c2(e7b968b4)
2024-09-12 08:41:00.194@LM_DEBUG@(16976|10964) DataReaderImpl::enable: got GUID 01030000.000053a2.00000004.000003c7(1072858c), subscribed to topic name "DCPSPublication" type "PUBLICATION_BUILT_IN_TOPIC_TYPE"
2024-09-12 08:41:00.194@LM_DEBUG@(16976|10964) SubscriberImpl::reader_enabled, datareader(topic_name=DCPSPublication) enabled
2024-09-12 08:41:00.194@LM_DEBUG@(16976|3296) TransportClient::associate added PendingAssoc between 01030000.000053a2.00000004.000003c7(1072858c) and remote 01030000.000053a2.00000001.000004c2(e7b968b4)
2024-09-12 08:41:00.194@LM_DEBUG@(16976|10964) DDS::SubscriptionBuiltinTopicDataDataReaderImpl::enable_specific-data Cached_Allocator_With_Overflow 3bd8c860 with 20 chunks
2024-09-12 08:41:00.194@LM_DEBUG@(16976|10964) DataReaderImpl::enable Cached_Allocator_With_Overflow 3bd8b820 with 20 chunks
2024-09-12 08:41:00.194@LM_DEBUG@(16976|3296) TcpTransport::accept_datalink found datalink[000001C03BD4CBD0]
2024-09-12 08:41:00.194@LM_DEBUG@(16976|3296) TransportClient::use_datalink_i TransportClient(000001C03BD70830) using datalink[000001C03BD4CBD0] from 01030000.000053a2.00000001.000004c2(e7b968b4)
2024-09-12 08:41:00.194@LM_DEBUG@(16976|3296) TransportClient::use_datalink_i TransportClient(000001C03BD70830) about to add_link[000001C03BD4CBD0] to remote: 01030000.000053a2.00000001.000004c2(e7b968b4)
2024-09-12 08:41:00.194@LM_DEBUG@(16976|10964) DataReaderImpl::setup_deserialization: Setup successfully with the following data representations: CDR/XCDR1, XCDR2, Unaligned CDR
2024-09-12 08:41:00.194@LM_INFO@(16976|14700) EndHistoricSamplesMissedSweeper::ScheduleCommand::execute() - sweeper 000001C03BD7DF60 is now scheduled
2024-09-12 08:41:00.197@LM_INFO@(16976|14700) EndHistoricSamplesMissedSweeper::CancelCommand::execute() - sweeper 000001C03BD7DF60 is no longer scheduled
2024-09-12 08:41:00.197@LM_DEBUG@(16976|3296) DataReaderImpl::add_association - bit 1 local 01030000.000053a2.00000004.000004c7(5f33134b) remote 01030000.000053a2.00000001.000003c2(a8f8fe73)
2024-09-12 08:41:00.197@LM_DEBUG@(16976|10964) DataReaderImpl::enable: got GUID 01030000.000053a2.00000004.000004c7(5f33134b), subscribed to topic name "DCPSSubscription" type "SUBSCRIPTION_BUILT_IN_TOPIC_TYPE"
2024-09-12 08:41:00.197@LM_DEBUG@(16976|10964) SubscriberImpl::reader_enabled, datareader(topic_name=DCPSSubscription) enabled
2024-09-12 08:41:00.197@LM_DEBUG@(16976|3296) TransportClient::associate added PendingAssoc between 01030000.000053a2.00000004.000004c7(5f33134b) and remote 01030000.000053a2.00000001.000003c2(a8f8fe73)
2024-09-12 08:41:00.201@LM_DEBUG@(16976|3296) TcpTransport::accept_datalink found datalink[000001C03BD4CBD0]
2024-09-12 08:41:00.202@LM_DEBUG@(16976|3296) TransportClient::use_datalink_i TransportClient(000001C03BD822B0) using datalink[000001C03BD4CBD0] from 01030000.000053a2.00000001.000003c2(a8f8fe73)
2024-09-12 08:41:00.202@LM_DEBUG@(16976|3296) TransportClient::use_datalink_i TransportClient(000001C03BD822B0) about to add_link[000001C03BD4CBD0] to remote: 01030000.000053a2.00000001.000003c2(a8f8fe73)
2024-09-12 08:41:00.202@LM_INFO@(16976|14700) EndHistoricSamplesMissedSweeper::ScheduleCommand::execute() - sweeper 000001C03BD907D0 is now scheduled
2024-09-12 08:41:00.204@LM_DEBUG@(16976|10964) WriteDataContainer sample_list_element_allocator 3bdb38c0 with 20 chunks
2024-09-12 08:41:00.204@LM_INFO@(16976|14700) EndHistoricSamplesMissedSweeper::CancelCommand::execute() - sweeper 000001C03BD907D0 is no longer scheduled
2024-09-12 08:41:00.204@LM_DEBUG@(16976|10964) DataWriterImpl::enable-mb Cached_Allocator_With_Overflow 3bd8cfb0 with 20 chunks
2024-09-12 08:41:00.204@LM_DEBUG@(16976|10964) DataWriterImpl::enable-db Cached_Allocator_With_Overflow 3bd8c790 with 20 chunks
2024-09-12 08:41:00.204@LM_DEBUG@(16976|10964) DataWriterImpl::enable-header Cached_Allocator_With_Overflow 3bbe6180 with 20 chunks
2024-09-12 08:41:00.214@LM_DEBUG@(16976|10964) TransportImpl::open()
   transport_type:               tcp
   name:                         _OPENDDS_0500_TCP
   config_prefix:                TRANSPORT_OPENDDS_0500_TCP
   max_packet_size:              2147481599
   max_samples_per_packet:       10
   optimum_packet_size:          4096
   thread_per_connection:        false
   datalink_release_delay:       10000
   datalink_control_chunks:      32
   fragment_reassembly_timeout:  5:00.000
   receive_preallocated_message_blocks:0
   receive_preallocated_data_blocks:0
   local_address:                
   pub_address:                  
   enable_nagle_algorithm:       false
   conn_retry_initial_delay:     500
   conn_retry_backoff_multiplier:2
   conn_retry_attempts:          3
   passive_reconnect_duration:   2000
   max_output_pause_period:      -1
   active_conn_timeout_period:   5000
2024-09-12 08:41:00.214@LM_DEBUG@(16976|10964) WriterImpl::setup_serialization: Setup successfully with Unaligned CDR data representation.
2024-09-12 08:41:00.214@LM_DEBUG@(16976|10964) DataWriterImpl::setup_serialization: using data allocator at 3bd817f0 with 20 93 byte chunks
2024-09-12 08:41:00.221@LM_DEBUG@(16976|3296) DataWriterImpl::add_association - bit 0 local 01030000.000053a2.00000004.00000102(c94ad131) remote 01030000.000053a2.00000003.00000507(6f6c3caa)
2024-09-12 08:41:00.221@LM_DEBUG@(16976|3296) TransportClient::associate added PendingAssoc between 01030000.000053a2.00000004.00000102(c94ad131) and remote 01030000.000053a2.00000003.00000507(6f6c3caa)
2024-09-12 08:41:00.223@LM_DEBUG@(16976|10964) DataWriterImpl::enable: got GUID 01030000.000053a2.00000004.00000102(c94ad131), publishing to topic name "flightCoordination" type "UATM::flightCoordination"
2024-09-12 08:41:00.223@LM_DEBUG@(16976|3296) PendingAssoc::initiate_connect - between 01030000.000053a2.00000004.00000102(c94ad131) and remote 01030000.000053a2.00000003.00000507(6f6c3caa)
2024-09-12 08:41:00.223@LM_DEBUG@(16976|3296) TransportClient::initiate_connect_i - attempt to connect_datalink between local 01030000.000053a2.00000004.00000102(c94ad131) and remote 01030000.000053a2.00000003.00000507(6f6c3caa)
2024-09-12 08:41:00.223@LM_DEBUG@(16976|3296) TcpTransport::connect_datalink PriorityKey prio=0, addr=192.168.1.110:59505, is_loopback=0, is_active=1
2024-09-12 08:41:00.223@LM_DEBUG@(16976|3296) TcpTransport::connect_datalink create new link[000001C03C084320]
2024-09-12 08:41:00.225@LM_DEBUG@(16976|3296) TcpConnection::on_active_connection_established: Sending public address <LAPTOP-NQKUMCC4:59509> to remote side
2024-09-12 08:41:00.228@LM_DEBUG@(16976|3296) TransportReceiveStrategy-mb Cached_Allocator_With_Overflow 000001C03C08CDD0 with 1000 chunks
2024-09-12 08:41:00.228@LM_DEBUG@(16976|3296) TransportReceiveStrategy-db Cached_Allocator_With_Overflow 000001C03C08CE58 with 100 chunks
2024-09-12 08:41:00.228@LM_DEBUG@(16976|3296) TransportReceiveStrategy-data Cached_Allocator_With_Overflow 000001C03C08CEE0 with 32 chunks
2024-09-12 08:41:00.230@LM_DEBUG@(16976|3296) TcpTransport::connect_datalink completed synchronously.
2024-09-12 08:41:00.230@LM_DEBUG@(16976|3296) TransportClient::initiate_connect_i - connection between local 01030000.000053a2.00000004.00000102(c94ad131) and remote 01030000.000053a2.00000003.00000507(6f6c3caa) initiation successful
2024-09-12 08:41:00.230@LM_DEBUG@(16976|3296) PendingAssoc::intiate_connect - resulting link from initiate_connect_i (local: 01030000.000053a2.00000004.00000102(c94ad131) to remote: 01030000.000053a2.00000003.00000507(6f6c3caa)) was nil
2024-09-12 08:41:00.230@LM_DEBUG@(16976|17736) TransportClient::use_datalink_i TransportClient(000001C03BD96458) using datalink[000001C03C084320] from 01030000.000053a2.00000003.00000507(6f6c3caa)
2024-09-12 08:41:00.230@LM_DEBUG@(16976|17736) TransportClient::use_datalink_i TransportClient(000001C03BD96458) about to add_link[000001C03C084320] to remote: 01030000.000053a2.00000003.00000507(6f6c3caa)
2024-09-12 08:41:00.230@LM_INFO@(16976|17736) DataWriterImpl::transport_assoc_done: writer 01030000.000053a2.00000004.00000102(c94ad131) succeeded in associating with reader 01030000.000053a2.00000003.00000507(6f6c3caa)
2024-09-12 08:41:00.230@LM_DEBUG@(16976|17736) DataWriterImpl::transport_assoc_done: writer 01030000.000053a2.00000004.00000102(c94ad131) reader 01030000.000053a2.00000003.00000507(6f6c3caa) calling association_complete_i
2024-09-12 08:41:00.235@LM_DEBUG@(16976|17736) DataWriterImpl::association_complete_i - bit 0 local 01030000.000053a2.00000004.00000102(c94ad131) remote 01030000.000053a2.00000003.00000507(6f6c3caa)
2024-09-12 08:41:00.236@LM_INFO@(16976|17736) Sending historic samples
2024-09-12 08:41:00.236@LM_DEBUG@(16976|17736) DataWriterImpl::create_control_message: from publication 01030000.000053a2.00000004.00000102(c94ad131) sending control sample: END_HISTORIC_SAMPLES (0x0b), Length: 16, Byte order: Little Endian, Sequence: 0x00000000, Timestamp: 1726141260.236420000, Publication: 01030000.000053a2.00000004.00000102(c94ad131) .
2024-09-12 08:41:00.236@LM_DEBUG@(16976|10964) DataWriterImpl::create_control_message: from publication 01030000.000053a2.00000004.00000102(c94ad131) sending control sample: INSTANCE_REGISTRATION (0x02), Length: 4, Byte order: Little Endian, Key Fields Only, Sequence: 0x00000001, Timestamp: 1726141260.236420000, Publication: 01030000.000053a2.00000004.00000102(c94ad131) .
2024-09-12 08:41:00.237@LM_DEBUG@(16976|10964) WriteDataContainer::data_delivered 000001C03BDB6AC0
2024-09-12 08:41:00.238@LM_DEBUG@(16976|10964) DataWriterImpl::create_sample_data_message: from publication 01030000.000053a2.00000004.00000102(c94ad131) sending data sample: SAMPLE_DATA (0x00), Length: 51, Byte order: Little Endian, Sequence: 0x00000002, Timestamp: 1726141260.236420000, Publication: 01030000.000053a2.00000004.00000102(c94ad131) .
2024-09-12 08:41:00.238@LM_DEBUG@(16976|10964) WriteDataContainer::data_delivered 000001C03BDB6AC0
2024-09-12 08:41:00.238@LM_DEBUG@(16976|10964) DomainParticipantImpl::enable: enabled participant 01030000.000053a2.00000005.000001c1(f6476b8b) in domain 0
2024-09-12 08:41:00.252@LM_DEBUG@(16976|10964) DDS::ParticipantBuiltinTopicDataDataReaderImpl::enable_specific-data Cached_Allocator_With_Overflow 3bd8b5b0 with 20 chunks
2024-09-12 08:41:00.252@LM_DEBUG@(16976|10964) DataReaderImpl::enable Cached_Allocator_With_Overflow 3bd8c6c0 with 20 chunks
2024-09-12 08:41:00.254@LM_DEBUG@(16976|10964) DataReaderImpl::setup_deserialization: Setup successfully with the following data representations: CDR/XCDR1, XCDR2, Unaligned CDR
2024-09-12 08:41:00.262@LM_DEBUG@(16976|3296) DataReaderImpl::add_association - bit 1 local 01030000.000053a2.00000005.000001c7(1f24cebe) remote 01030000.000053a2.00000001.000001c2(9ace9cf1)
2024-09-12 08:41:00.262@LM_DEBUG@(16976|10964) DataReaderImpl::enable: got GUID 01030000.000053a2.00000005.000001c7(1f24cebe), subscribed to topic name "DCPSParticipant" type "PARTICIPANT_BUILT_IN_TOPIC_TYPE"
2024-09-12 08:41:00.262@LM_DEBUG@(16976|10964) SubscriberImpl::reader_enabled, datareader(topic_name=DCPSParticipant) enabled
2024-09-12 08:41:00.262@LM_DEBUG@(16976|3296) TransportClient::associate added PendingAssoc between 01030000.000053a2.00000005.000001c7(1f24cebe) and remote 01030000.000053a2.00000001.000001c2(9ace9cf1)
2024-09-12 08:41:00.262@LM_DEBUG@(16976|10964) DDS::TopicBuiltinTopicDataDataReaderImpl::enable_specific-data Cached_Allocator_With_Overflow 3bd8ba90 with 20 chunks
2024-09-12 08:41:00.262@LM_DEBUG@(16976|10964) DataReaderImpl::enable Cached_Allocator_With_Overflow 3bd8bdd0 with 20 chunks
2024-09-12 08:41:00.262@LM_DEBUG@(16976|3296) TcpTransport::accept_datalink found datalink[000001C03BD4CBD0]
2024-09-12 08:41:00.262@LM_DEBUG@(16976|3296) TransportClient::use_datalink_i TransportClient(000001C03C0ADB70) using datalink[000001C03BD4CBD0] from 01030000.000053a2.00000001.000001c2(9ace9cf1)
2024-09-12 08:41:00.262@LM_DEBUG@(16976|3296) TransportClient::use_datalink_i TransportClient(000001C03C0ADB70) about to add_link[000001C03BD4CBD0] to remote: 01030000.000053a2.00000001.000001c2(9ace9cf1)
2024-09-12 08:41:00.262@LM_INFO@(16976|14700) EndHistoricSamplesMissedSweeper::ScheduleCommand::execute() - sweeper 000001C03C15F210 is now scheduled
2024-09-12 08:41:00.262@LM_DEBUG@(16976|10964) DataReaderImpl::setup_deserialization: Setup successfully with the following data representations: CDR/XCDR1, XCDR2, Unaligned CDR
2024-09-12 08:41:00.270@LM_DEBUG@(16976|3296) DataWriterImpl::remove_associations: bit 0 local 01030000.000053a2.00000004.00000102(c94ad131) remote 01030000.000053a2.00000003.00000507(6f6c3caa) num remotes 1
2024-09-12 08:41:00.270@LM_INFO@(16976|14700) EndHistoricSamplesMissedSweeper::CancelCommand::execute() - sweeper 000001C03C15F210 is no longer scheduled
2024-09-12 08:41:00.275@LM_DEBUG@(16976|17736) DataLink::handle_exception() - (delay) scheduling timer for future release
2024-09-12 08:41:00.278@LM_DEBUG@(16976|10964) DataReaderImpl::add_association - bit 1 local 01030000.000053a2.00000005.000002c7(34099d7d) remote 01030000.000053a2.00000001.000002c2(b1e3cf32)
2024-09-12 08:41:00.278@LM_DEBUG@(16976|10964) TransportClient::associate added PendingAssoc between 01030000.000053a2.00000005.000002c7(34099d7d) and remote 01030000.000053a2.00000001.000002c2(b1e3cf32)
2024-09-12 08:41:00.278@LM_DEBUG@(16976|10964) TcpTransport::accept_datalink found datalink[000001C03BD4CBD0]
2024-09-12 08:41:00.278@LM_DEBUG@(16976|10964) TransportClient::use_datalink_i TransportClient(000001C03C15F6F0) using datalink[000001C03BD4CBD0] from 01030000.000053a2.00000001.000002c2(b1e3cf32)
2024-09-12 08:41:00.278@LM_DEBUG@(16976|10964) TransportClient::use_datalink_i TransportClient(000001C03C15F6F0) about to add_link[000001C03BD4CBD0] to remote: 01030000.000053a2.00000001.000002c2(b1e3cf32)
2024-09-12 08:41:00.278@LM_INFO@(16976|14700) EndHistoricSamplesMissedSweeper::ScheduleCommand::execute() - sweeper 000001C03C1674A0 is now scheduled
2024-09-12 08:41:00.278@LM_DEBUG@(16976|10964) DataReaderImpl::enable: got GUID 01030000.000053a2.00000005.000002c7(34099d7d), subscribed to topic name "DCPSTopic" type "TOPIC_BUILT_IN_TOPIC_TYPE"
2024-09-12 08:41:00.278@LM_DEBUG@(16976|10964) SubscriberImpl::reader_enabled, datareader(topic_name=DCPSTopic) enabled
2024-09-12 08:41:00.278@LM_DEBUG@(16976|10964) DDS::PublicationBuiltinTopicDataDataReaderImpl::enable_specific-data Cached_Allocator_With_Overflow 3bd8b8f0 with 20 chunks
2024-09-12 08:41:00.278@LM_DEBUG@(16976|10964) DataReaderImpl::enable Cached_Allocator_With_Overflow 3bd8b680 with 20 chunks
2024-09-12 08:41:00.286@LM_DEBUG@(16976|10964) DataReaderImpl::setup_deserialization: Setup successfully with the following data representations: CDR/XCDR1, XCDR2, Unaligned CDR
2024-09-12 08:41:00.286@LM_INFO@(16976|14700) EndHistoricSamplesMissedSweeper::CancelCommand::execute() - sweeper 000001C03C1674A0 is no longer scheduled
2024-09-12 08:41:00.289@LM_DEBUG@(16976|3296) DataReaderImpl::add_association - bit 1 local 01030000.000053a2.00000005.000003c7(2d12ac3c) remote 01030000.000053a2.00000001.000004c2(e7b968b4)
2024-09-12 08:41:00.289@LM_DEBUG@(16976|10964) DataReaderImpl::enable: got GUID 01030000.000053a2.00000005.000003c7(2d12ac3c), subscribed to topic name "DCPSPublication" type "PUBLICATION_BUILT_IN_TOPIC_TYPE"
2024-09-12 08:41:00.289@LM_DEBUG@(16976|10964) SubscriberImpl::reader_enabled, datareader(topic_name=DCPSPublication) enabled
2024-09-12 08:41:00.289@LM_DEBUG@(16976|3296) TransportClient::associate added PendingAssoc between 01030000.000053a2.00000005.000003c7(2d12ac3c) and remote 01030000.000053a2.00000001.000004c2(e7b968b4)
2024-09-12 08:41:00.294@LM_DEBUG@(16976|10964) DDS::SubscriptionBuiltinTopicDataDataReaderImpl::enable_specific-data Cached_Allocator_With_Overflow 3bd8c520 with 20 chunks
2024-09-12 08:41:00.294@LM_DEBUG@(16976|10964) DataReaderImpl::enable Cached_Allocator_With_Overflow 3bd8bea0 with 20 chunks
2024-09-12 08:41:00.294@LM_DEBUG@(16976|3296) TcpTransport::accept_datalink found datalink[000001C03BD4CBD0]
2024-09-12 08:41:00.294@LM_DEBUG@(16976|3296) TransportClient::use_datalink_i TransportClient(000001C03C16B730) using datalink[000001C03BD4CBD0] from 01030000.000053a2.00000001.000004c2(e7b968b4)
2024-09-12 08:41:00.294@LM_DEBUG@(16976|3296) TransportClient::use_datalink_i TransportClient(000001C03C16B730) about to add_link[000001C03BD4CBD0] to remote: 01030000.000053a2.00000001.000004c2(e7b968b4)
2024-09-12 08:41:00.294@LM_INFO@(16976|14700) EndHistoricSamplesMissedSweeper::ScheduleCommand::execute() - sweeper 000001C03C16A1F0 is now scheduled
2024-09-12 08:41:00.295@LM_DEBUG@(16976|10964) DataReaderImpl::setup_deserialization: Setup successfully with the following data representations: CDR/XCDR1, XCDR2, Unaligned CDR
2024-09-12 08:41:00.295@LM_INFO@(16976|14700) EndHistoricSamplesMissedSweeper::CancelCommand::execute() - sweeper 000001C03C16A1F0 is no longer scheduled
2024-09-12 08:41:00.300@LM_DEBUG@(16976|3296) DataReaderImpl::add_association - bit 1 local 01030000.000053a2.00000005.000004c7(62533afb) remote 01030000.000053a2.00000001.000003c2(a8f8fe73)
2024-09-12 08:41:00.300@LM_DEBUG@(16976|10964) DataReaderImpl::enable: got GUID 01030000.000053a2.00000005.000004c7(62533afb), subscribed to topic name "DCPSSubscription" type "SUBSCRIPTION_BUILT_IN_TOPIC_TYPE"
2024-09-12 08:41:00.302@LM_DEBUG@(16976|10964) SubscriberImpl::reader_enabled, datareader(topic_name=DCPSSubscription) enabled
2024-09-12 08:41:00.302@LM_DEBUG@(16976|3296) TransportClient::associate added PendingAssoc between 01030000.000053a2.00000005.000004c7(62533afb) and remote 01030000.000053a2.00000001.000003c2(a8f8fe73)
2024-09-12 08:41:00.302@LM_DEBUG@(16976|3296) TcpTransport::accept_datalink found datalink[000001C03BD4CBD0]
2024-09-12 08:41:00.304@LM_DEBUG@(16976|3296) TransportClient::use_datalink_i TransportClient(000001C03C1804D0) using datalink[000001C03BD4CBD0] from 01030000.000053a2.00000001.000003c2(a8f8fe73)
2024-09-12 08:41:00.304@LM_DEBUG@(16976|3296) TransportClient::use_datalink_i TransportClient(000001C03C1804D0) about to add_link[000001C03BD4CBD0] to remote: 01030000.000053a2.00000001.000003c2(a8f8fe73)
2024-09-12 08:41:00.304@LM_INFO@(16976|14700) EndHistoricSamplesMissedSweeper::ScheduleCommand::execute() - sweeper 000001C03C183D10 is now scheduled
2024-09-12 08:41:00.304@LM_DEBUG@(16976|10964) WriteDataContainer sample_list_element_allocator 3c191ad0 with 20 chunks
2024-09-12 08:41:00.306@LM_DEBUG@(16976|10964) DataWriterImpl::enable-mb Cached_Allocator_With_Overflow 3bd8c930 with 20 chunks
2024-09-12 08:41:00.306@LM_DEBUG@(16976|10964) DataWriterImpl::enable-db Cached_Allocator_With_Overflow 3bd8b750 with 20 chunks
2024-09-12 08:41:00.306@LM_DEBUG@(16976|10964) DataWriterImpl::enable-header Cached_Allocator_With_Overflow 3bbe4a60 with 20 chunks
2024-09-12 08:41:00.306@LM_DEBUG@(16976|10964) WriterImpl::setup_serialization: Setup successfully with Unaligned CDR data representation.
2024-09-12 08:41:00.306@LM_DEBUG@(16976|10964) DataWriterImpl::setup_serialization: using data allocator at 3c19cf20 with 20 38 byte chunks
2024-09-12 08:41:00.306@LM_INFO@(16976|14700) EndHistoricSamplesMissedSweeper::CancelCommand::execute() - sweeper 000001C03C183D10 is no longer scheduled
2024-09-12 08:41:00.310@LM_DEBUG@(16976|3296) DataWriterImpl::add_association - bit 0 local 01030000.000053a2.00000005.00000102(f42af881) remote 01030000.000053a2.00000002.00000507(520c151a)
2024-09-12 08:41:00.310@LM_DEBUG@(16976|3296) TransportClient::associate added PendingAssoc between 01030000.000053a2.00000005.00000102(f42af881) and remote 01030000.000053a2.00000002.00000507(520c151a)
2024-09-12 08:41:00.310@LM_DEBUG@(16976|3296) PendingAssoc::initiate_connect - between 01030000.000053a2.00000005.00000102(f42af881) and remote 01030000.000053a2.00000002.00000507(520c151a)
2024-09-12 08:41:00.310@LM_DEBUG@(16976|10964) DataWriterImpl::enable: got GUID 01030000.000053a2.00000005.00000102(f42af881), publishing to topic name "flightAuthorizationRequest" type "UATM::flightAuthorizationRequest"
2024-09-12 08:41:00.310@LM_DEBUG@(16976|3296) TransportClient::initiate_connect_i - attempt to connect_datalink between local 01030000.000053a2.00000005.00000102(f42af881) and remote 01030000.000053a2.00000002.00000507(520c151a)
2024-09-12 08:41:00.310@LM_DEBUG@(16976|3296) TcpTransport::connect_datalink PriorityKey prio=0, addr=192.168.1.110:59483, is_loopback=0, is_active=1
2024-09-12 08:41:00.310@LM_DEBUG@(16976|3296) TcpTransport::connect_datalink create new link[000001C03C1A01C0]
2024-09-12 08:41:00.310@LM_DEBUG@(16976|3296) TcpConnection::on_active_connection_established: Sending public address <LAPTOP-NQKUMCC4:59509> to remote side
2024-09-12 08:41:00.318@LM_DEBUG@(16976|3296) TransportReceiveStrategy-mb Cached_Allocator_With_Overflow 000001C03C1A3830 with 1000 chunks
2024-09-12 08:41:00.318@LM_DEBUG@(16976|3296) TransportReceiveStrategy-db Cached_Allocator_With_Overflow 000001C03C1A38B8 with 100 chunks
2024-09-12 08:41:00.318@LM_DEBUG@(16976|3296) TransportReceiveStrategy-data Cached_Allocator_With_Overflow 000001C03C1A3940 with 32 chunks
2024-09-12 08:41:00.318@LM_DEBUG@(16976|3296) TcpTransport::connect_datalink completed synchronously.
2024-09-12 08:41:00.318@LM_DEBUG@(16976|3296) TransportClient::initiate_connect_i - connection between local 01030000.000053a2.00000005.00000102(f42af881) and remote 01030000.000053a2.00000002.00000507(520c151a) initiation successful
2024-09-12 08:41:00.318@LM_DEBUG@(16976|3296) PendingAssoc::intiate_connect - resulting link from initiate_connect_i (local: 01030000.000053a2.00000005.00000102(f42af881) to remote: 01030000.000053a2.00000002.00000507(520c151a)) was nil
2024-09-12 08:41:00.318@LM_DEBUG@(16976|17736) TransportClient::use_datalink_i TransportClient(000001C03C192B18) using datalink[000001C03C1A01C0] from 01030000.000053a2.00000002.00000507(520c151a)
2024-09-12 08:41:00.318@LM_DEBUG@(16976|17736) TransportClient::use_datalink_i TransportClient(000001C03C192B18) about to add_link[000001C03C1A01C0] to remote: 01030000.000053a2.00000002.00000507(520c151a)
2024-09-12 08:41:00.318@LM_INFO@(16976|17736) DataWriterImpl::transport_assoc_done: writer 01030000.000053a2.00000005.00000102(f42af881) succeeded in associating with reader 01030000.000053a2.00000002.00000507(520c151a)
2024-09-12 08:41:00.318@LM_DEBUG@(16976|17736) DataWriterImpl::transport_assoc_done: writer 01030000.000053a2.00000005.00000102(f42af881) reader 01030000.000053a2.00000002.00000507(520c151a) calling association_complete_i
2024-09-12 08:41:00.318@LM_DEBUG@(16976|17736) DataWriterImpl::association_complete_i - bit 0 local 01030000.000053a2.00000005.00000102(f42af881) remote 01030000.000053a2.00000002.00000507(520c151a)
2024-09-12 08:41:00.318@LM_INFO@(16976|17736) Sending historic samples
2024-09-12 08:41:00.318@LM_DEBUG@(16976|17736) DataWriterImpl::create_control_message: from publication 01030000.000053a2.00000005.00000102(f42af881) sending control sample: END_HISTORIC_SAMPLES (0x0b), Length: 16, Byte order: Little Endian, Sequence: 0x00000000, Timestamp: 1726141260.318814000, Publication: 01030000.000053a2.00000005.00000102(f42af881) .
2024-09-12 08:41:00.318@LM_DEBUG@(16976|10964) DataWriterImpl::create_control_message: from publication 01030000.000053a2.00000005.00000102(f42af881) sending control sample: INSTANCE_REGISTRATION (0x02), Length: 4, Byte order: Little Endian, Key Fields Only, Sequence: 0x00000001, Timestamp: 1726141260.318814000, Publication: 01030000.000053a2.00000005.00000102(f42af881) .
2024-09-12 08:41:00.318@LM_DEBUG@(16976|10964) WriteDataContainer::data_delivered 000001C03C197550
2024-09-12 08:41:00.318@LM_DEBUG@(16976|10964) DataWriterImpl::create_sample_data_message: from publication 01030000.000053a2.00000005.00000102(f42af881) sending data sample: SAMPLE_DATA (0x00), Length: 24, Byte order: Little Endian, Sequence: 0x00000002, Timestamp: 1726141260.318814000, Publication: 01030000.000053a2.00000005.00000102(f42af881) .
2024-09-12 08:41:00.318@LM_DEBUG@(16976|10964) WriteDataContainer::data_delivered 000001C03C197550
2024-09-12 08:41:00.318@LM_DEBUG@(16976|10964) DataWriterImpl::create_control_message: from publication 01030000.000053a2.00000005.00000102(f42af881) sending control sample: REQUEST_ACK (0x06), Length: 0, Byte order: Little Endian, Key Fields Only, Sequence: 0x00000003, Timestamp: 1726141260.318814000, Publication: 01030000.000053a2.00000005.00000102(f42af881) .
2024-09-12 08:41:00.318@LM_DEBUG@(16976|10964) TcpDataLink::handle_send_request_ack(000001C03C19C9E0) sequence number 3, publication_id=01030000.000053a2.00000005.00000102(f42af881)
2024-09-12 08:41:00.318@LM_DEBUG@(16976|10964) DataWriterImpl::create_ack_token() - for sequence 3
2024-09-12 08:41:00.318@LM_DEBUG@(16976|10964) DataWriterImpl::wait_for_acknowledgments waiting for acknowledgment of sequence 3 at 08:41:00.318814
2024-09-12 08:41:00.334@LM_DEBUG@(16976|17736) TcpDataLink::ack_received() received sequence number 3, publiction_id=01030000.000053a2.00000005.00000102(f42af881)
2024-09-12 08:41:00.334@LM_DEBUG@(16976|17736) TcpDataLink::ack_received() found matching element 000001C03C19C9E0
2024-09-12 08:41:00.334@LM_DEBUG@(16976|17736) WriteDataContainer::data_delivered 000001C03C197410
2024-09-12 08:41:00.335@LM_DEBUG@(16976|10964) DataWriterImpl::create_control_message: from publication 01030000.000053a2.00000004.00000102(c94ad131) sending control sample: REQUEST_ACK (0x06), Length: 0, Byte order: Little Endian, Key Fields Only, Sequence: 0x00000003, Timestamp: 1726141260.335653000, Publication: 01030000.000053a2.00000004.00000102(c94ad131) .
2024-09-12 08:41:00.336@LM_DEBUG@(16976|10964) WriteDataContainer::data_delivered 000001C03BDB6980
2024-09-12 08:41:00.336@LM_DEBUG@(16976|10964) DataWriterImpl::create_ack_token() - for sequence 3
2024-09-12 08:41:00.336@LM_DEBUG@(16976|10964) DataWriterImpl::wait_for_acknowledgments waiting for acknowledgment of sequence 3 at 08:41:00.336185
2024-09-12 08:41:00.336@LM_DEBUG@(16976|10964) DataWriterImpl::create_control_message: from publication 01030000.000053a2.00000005.00000102(f42af881) sending control sample: DISPOSE_UNREGISTER_INSTANCE (0x0a), Length: 4, Byte order: Little Endian, Key Fields Only, Sequence: 0x00000004, Timestamp: 1726141260.336185000, Publication: 01030000.000053a2.00000005.00000102(f42af881) .
2024-09-12 08:41:00.336@LM_DEBUG@(16976|10964) WriteDataContainer::data_delivered 000001C03C197550
2024-09-12 08:41:00.336@LM_DEBUG@(16976|14700) DataWriterImpl::remove_associations: bit 0 local 01030000.000053a2.00000005.00000102(f42af881) remote 01030000.000053a2.00000002.00000507(520c151a) num remotes 1
2024-09-12 08:41:00.336@LM_DEBUG@(16976|17736) DataLink::handle_exception() - (delay) scheduling timer for future release
2024-09-12 08:41:00.343@LM_DEBUG@(16976|14700) DataReaderImpl::remove_associations: bit 1 local 01030000.000053a2.00000005.000001c7(1f24cebe) remote 01030000.000053a2.00000001.000001c2(9ace9cf1) num remotes 1
2024-09-12 08:41:00.344@LM_DEBUG@(16976|14700) DataReaderImpl::remove_associations_i: bit 1 local 01030000.000053a2.00000005.000001c7(1f24cebe) remote 01030000.000053a2.00000001.000001c2(9ace9cf1) num remotes 1
2024-09-12 08:41:00.344@LM_DEBUG@(16976|14700) InstanceState::unregister_was_received on 01030000.000053a2.00000001.000001c2(9ace9cf1)
2024-09-12 08:41:00.345@LM_DEBUG@(16976|14700) InstanceState::unregister_was_received on 01030000.000053a2.00000001.000001c2(9ace9cf1)
2024-09-12 08:41:00.345@LM_DEBUG@(16976|14700) InstanceState::unregister_was_received on 01030000.000053a2.00000001.000001c2(9ace9cf1)
2024-09-12 08:41:00.346@LM_DEBUG@(16976|14700) DataReaderImpl::remove_associations: bit 1 local 01030000.000053a2.00000005.000003c7(2d12ac3c) remote 01030000.000053a2.00000001.000004c2(e7b968b4) num remotes 1
2024-09-12 08:41:00.346@LM_DEBUG@(16976|14700) DataReaderImpl::remove_associations_i: bit 1 local 01030000.000053a2.00000005.000003c7(2d12ac3c) remote 01030000.000053a2.00000001.000004c2(e7b968b4) num remotes 1
2024-09-12 08:41:00.346@LM_DEBUG@(16976|14700) InstanceState::unregister_was_received on 01030000.000053a2.00000001.000004c2(e7b968b4)
2024-09-12 08:41:00.352@LM_DEBUG@(16976|14700) DataReaderImpl::remove_associations: bit 1 local 01030000.000053a2.00000005.000004c7(62533afb) remote 01030000.000053a2.00000001.000003c2(a8f8fe73) num remotes 1
2024-09-12 08:41:00.352@LM_DEBUG@(16976|14700) DataReaderImpl::remove_associations_i: bit 1 local 01030000.000053a2.00000005.000004c7(62533afb) remote 01030000.000053a2.00000001.000003c2(a8f8fe73) num remotes 1
2024-09-12 08:41:00.352@LM_DEBUG@(16976|14700) InstanceState::unregister_was_received on 01030000.000053a2.00000001.000003c2(a8f8fe73)
2024-09-12 08:41:00.354@LM_DEBUG@(16976|14700) DataReaderImpl::remove_associations: bit 1 local 01030000.000053a2.00000005.000002c7(34099d7d) remote 01030000.000053a2.00000001.000002c2(b1e3cf32) num remotes 1
2024-09-12 08:41:00.354@LM_DEBUG@(16976|14700) DataReaderImpl::remove_associations_i: bit 1 local 01030000.000053a2.00000005.000002c7(34099d7d) remote 01030000.000053a2.00000001.000002c2(b1e3cf32) num remotes 1
2024-09-12 08:41:00.354@LM_DEBUG@(16976|14700) InstanceState::unregister_was_received on 01030000.000053a2.00000001.000002c2(b1e3cf32)
2024-09-12 08:41:00.359@LM_DEBUG@(16976|14700) InstanceState::unregister_was_received on 01030000.000053a2.00000001.000002c2(b1e3cf32)
2024-09-12 08:41:00.359@LM_DEBUG@(16976|14700) InstanceState::unregister_was_received on 01030000.000053a2.00000001.000002c2(b1e3cf32)
2024-09-12 08:41:00.375@LM_DEBUG@(16976|10964) DataWriterImpl::create_control_message: from publication 01030000.000053a2.00000004.00000102(c94ad131) sending control sample: DISPOSE_UNREGISTER_INSTANCE (0x0a), Length: 4, Byte order: Little Endian, Key Fields Only, Sequence: 0x00000004, Timestamp: 1726141260.375736000, Publication: 01030000.000053a2.00000004.00000102(c94ad131) .
2024-09-12 08:41:00.375@LM_DEBUG@(16976|10964) WriteDataContainer::data_delivered 000001C03BDB6AC0
2024-09-12 08:41:00.380@LM_DEBUG@(16976|14700) DataReaderImpl::remove_associations: bit 1 local 01030000.000053a2.00000004.000001c7(2244e70e) remote 01030000.000053a2.00000001.000001c2(9ace9cf1) num remotes 1
2024-09-12 08:41:00.380@LM_DEBUG@(16976|17736) Peer has gracefully disconnected.
2024-09-12 08:41:00.380@LM_DEBUG@(16976|14700) DataReaderImpl::remove_associations_i: bit 1 local 01030000.000053a2.00000004.000001c7(2244e70e) remote 01030000.000053a2.00000001.000001c2(9ace9cf1) num remotes 1
2024-09-12 08:41:00.380@LM_DEBUG@(16976|17736) TcpConnection::handle_close() called on transport: _OPENDDS_0500_TCP to 192.168.1.110:59483 , reconnect_state = INIT_STATE.
2024-09-12 08:41:00.380@LM_DEBUG@(16976|14700) InstanceState::unregister_was_received on 01030000.000053a2.00000001.000001c2(9ace9cf1)
2024-09-12 08:41:00.387@LM_DEBUG@(16976|14700) DataReaderImpl::remove_associations: bit 1 local 01030000.000053a2.00000004.000003c7(1072858c) remote 01030000.000053a2.00000001.000004c2(e7b968b4) num remotes 1
2024-09-12 08:41:00.387@LM_DEBUG@(16976|14700) DataReaderImpl::remove_associations_i: bit 1 local 01030000.000053a2.00000004.000003c7(1072858c) remote 01030000.000053a2.00000001.000004c2(e7b968b4) num remotes 1
2024-09-12 08:41:00.390@LM_DEBUG@(16976|14700) DataReaderImpl::remove_associations: bit 1 local 01030000.000053a2.00000004.000004c7(5f33134b) remote 01030000.000053a2.00000001.000003c2(a8f8fe73) num remotes 1
2024-09-12 08:41:00.390@LM_DEBUG@(16976|14700) DataReaderImpl::remove_associations_i: bit 1 local 01030000.000053a2.00000004.000004c7(5f33134b) remote 01030000.000053a2.00000001.000003c2(a8f8fe73) num remotes 1
2024-09-12 08:41:00.394@LM_DEBUG@(16976|16924) Peer has gracefully disconnected.
2024-09-12 08:41:00.394@LM_DEBUG@(16976|14700) DataReaderImpl::remove_associations: bit 1 local 01030000.000053a2.00000004.000002c7(0969b4cd) remote 01030000.000053a2.00000001.000002c2(b1e3cf32) num remotes 1
2024-09-12 08:41:00.394@LM_DEBUG@(16976|16924) TcpConnection::handle_close() called on transport: _OPENDDS__BITTCPTransportInst_DEFAULT_REPO to 192.168.1.110:59476 , reconnect_state = INIT_STATE.
2024-09-12 08:41:00.394@LM_DEBUG@(16976|14700) DataReaderImpl::remove_associations_i: bit 1 local 01030000.000053a2.00000004.000002c7(0969b4cd) remote 01030000.000053a2.00000001.000002c2(b1e3cf32) num remotes 1
2024-09-12 08:41:00.394@LM_DEBUG@(16976|16924) DataLink::notify: notify sub 01030000.000053a2.00000004.000002c7(0969b4cd) DISCONNECTED.
2024-09-12 08:41:00.394@LM_DEBUG@(16976|14700) InstanceState::unregister_was_received on 01030000.000053a2.00000001.000002c2(b1e3cf32)
2024-09-12 08:41:00.394@LM_DEBUG@(16976|16924) DataLink::handle_exception() - delay already elapsed so handle_timeout now
2024-09-12 08:41:00.421@LM_DEBUG@(16976|10964) Service_Participant::shutdown
2024-09-12 08:41:00.435@LM_DEBUG@(16976|10964) DomainParticipantFactoryImpl::~DomainParticipantFactoryImpl()
2024-09-12 08:41:00.435@LM_DEBUG@TAO (16976|10964) - Connection_Handler[676]::close_connection_eh, purging entry from cache
2024-09-12 08:41:00.435@LM_DEBUG@TAO (16976|10964) - Connection_Handler[676]::close_connection_eh, removing from the reactor
2024-09-12 08:41:00.435@LM_DEBUG@TAO (16976|10964) - Connection_Handler[676]::close_connection_eh, cancel all timers
2024-09-12 08:41:00.435@LM_DEBUG@TAO (16976|10964) - Connection_Handler[676]::close_connection_eh end
2024-09-12 08:41:00.443@LM_DEBUG@(16976|10964) Service_Participant::~Service_Participant
2024-09-12 08:41:00.443@LM_DEBUG@(16976|10964) Service_Participant::shutdown
